[35m[1mConsolidate compiler generated dependencies of target scan_sub_pub_node[0m
[ 50%] [32mBuilding CXX object CMakeFiles/scan_sub_pub_node.dir/src/scanSubPub.cpp.o[0m
[100%] [32m[1mLinking CXX executable scan_sub_pub_node[0m
[100%] Built target scan_sub_pub_node
-- Install configuration: ""
-- Installing: /home/martin/ros2_ws/install/scan_sub_pub/lib/scan_sub_pub/scan_sub_pub_node
-- Set runtime path of "/home/martin/ros2_ws/install/scan_sub_pub/lib/scan_sub_pub/scan_sub_pub_node" to ""
-- Up-to-date: /home/martin/ros2_ws/install/scan_sub_pub/include
-- Up-to-date: /home/martin/ros2_ws/install/scan_sub_pub/include/scanSubPub.h
-- Up-to-date: /home/martin/ros2_ws/install/scan_sub_pub/share/ament_index/resource_index/package_run_dependencies/scan_sub_pub
-- Up-to-date: /home/martin/ros2_ws/install/scan_sub_pub/share/ament_index/resource_index/parent_prefix_path/scan_sub_pub
-- Up-to-date: /home/martin/ros2_ws/install/scan_sub_pub/share/scan_sub_pub/environment/ament_prefix_path.sh
-- Up-to-date: /home/martin/ros2_ws/install/scan_sub_pub/share/scan_sub_pub/environment/ament_prefix_path.dsv
-- Up-to-date: /home/martin/ros2_ws/install/scan_sub_pub/share/scan_sub_pub/environment/path.sh
-- Up-to-date: /home/martin/ros2_ws/install/scan_sub_pub/share/scan_sub_pub/environment/path.dsv
-- Up-to-date: /home/martin/ros2_ws/install/scan_sub_pub/share/scan_sub_pub/local_setup.bash
-- Up-to-date: /home/martin/ros2_ws/install/scan_sub_pub/share/scan_sub_pub/local_setup.sh
-- Up-to-date: /home/martin/ros2_ws/install/scan_sub_pub/share/scan_sub_pub/local_setup.zsh
-- Up-to-date: /home/martin/ros2_ws/install/scan_sub_pub/share/scan_sub_pub/local_setup.dsv
-- Installing: /home/martin/ros2_ws/install/scan_sub_pub/share/scan_sub_pub/package.dsv
-- Up-to-date: /home/martin/ros2_ws/install/scan_sub_pub/share/ament_index/resource_index/packages/scan_sub_pub
-- Up-to-date: /home/martin/ros2_ws/install/scan_sub_pub/share/scan_sub_pub/cmake/scan_sub_pubConfig.cmake
-- Up-to-date: /home/martin/ros2_ws/install/scan_sub_pub/share/scan_sub_pub/cmake/scan_sub_pubConfig-version.cmake
-- Up-to-date: /home/martin/ros2_ws/install/scan_sub_pub/share/scan_sub_pub/package.xml
