[ 25%] Built target sprint1
[ 50%] Built target sprint2
[ 75%] Built target sprint3
[ 87%] [32mBuilding CXX object CMakeFiles/sprint3part2.dir/src/sprint3part2.cpp.o[0m
In file included from [01m[K/home/martin/ros2_ws/src/package/src/sprint3part2.cpp:12[m[K:
[01m[K/opt/ros/humble/include/tf2_geometry_msgs/tf2_geometry_msgs/tf2_geometry_msgs.h:35:2:[m[K [01;35m[Kwarning: [m[K#warning This header is obsolete, please include tf2_geometry_msgs/tf2_geometry_msgs.hpp instead [[01;35m[K]8;;https://gcc.gnu.org/onlinedocs/gcc/Warning-Options.html#index-Wcpp-Wcpp]8;;[m[K]
   35 | #[01;35m[Kwarning[m[K This header is obsolete, please include tf2_geometry_msgs/tf2_geometry_msgs.hpp instead
      |  [01;35m[K^~~~~~~[m[K
[100%] [32m[1mLinking CXX executable sprint3part2[0m
[100%] Built target sprint3part2
-- Install configuration: ""
-- Up-to-date: /home/martin/ros2_ws/install/robotics_studio_1/lib/robotics_studio_1/sprint1
-- Up-to-date: /home/martin/ros2_ws/install/robotics_studio_1/lib/robotics_studio_1/sprint2
-- Up-to-date: /home/martin/ros2_ws/install/robotics_studio_1/lib/robotics_studio_1/sprint3
-- Installing: /home/martin/ros2_ws/install/robotics_studio_1/lib/robotics_studio_1/sprint3part2
-- Set runtime path of "/home/martin/ros2_ws/install/robotics_studio_1/lib/robotics_studio_1/sprint3part2" to ""
-- Up-to-date: /home/martin/ros2_ws/install/robotics_studio_1/share/ament_index/resource_index/package_run_dependencies/robotics_studio_1
-- Up-to-date: /home/martin/ros2_ws/install/robotics_studio_1/share/ament_index/resource_index/parent_prefix_path/robotics_studio_1
-- Up-to-date: /home/martin/ros2_ws/install/robotics_studio_1/share/robotics_studio_1/environment/ament_prefix_path.sh
-- Up-to-date: /home/martin/ros2_ws/install/robotics_studio_1/share/robotics_studio_1/environment/ament_prefix_path.dsv
-- Up-to-date: /home/martin/ros2_ws/install/robotics_studio_1/share/robotics_studio_1/environment/path.sh
-- Up-to-date: /home/martin/ros2_ws/install/robotics_studio_1/share/robotics_studio_1/environment/path.dsv
-- Up-to-date: /home/martin/ros2_ws/install/robotics_studio_1/share/robotics_studio_1/local_setup.bash
-- Up-to-date: /home/martin/ros2_ws/install/robotics_studio_1/share/robotics_studio_1/local_setup.sh
-- Up-to-date: /home/martin/ros2_ws/install/robotics_studio_1/share/robotics_studio_1/local_setup.zsh
-- Up-to-date: /home/martin/ros2_ws/install/robotics_studio_1/share/robotics_studio_1/local_setup.dsv
-- Installing: /home/martin/ros2_ws/install/robotics_studio_1/share/robotics_studio_1/package.dsv
-- Up-to-date: /home/martin/ros2_ws/install/robotics_studio_1/share/ament_index/resource_index/packages/robotics_studio_1
-- Up-to-date: /home/martin/ros2_ws/install/robotics_studio_1/share/robotics_studio_1/cmake/robotics_studio_1Config.cmake
-- Up-to-date: /home/martin/ros2_ws/install/robotics_studio_1/share/robotics_studio_1/cmake/robotics_studio_1Config-version.cmake
-- Up-to-date: /home/martin/ros2_ws/install/robotics_studio_1/share/robotics_studio_1/package.xml
