[0.040s] Invoking command in '/home/martin/ros2_ws/build/dynamixel_sdk': CMAKE_PREFIX_PATH=${CMAKE_PREFIX_PATH}:/home/martin/ros2_ws/install/turtlebot3_teleop:/home/martin/ros2_ws/install/turtlebot3_example:/opt/ros/humble /usr/bin/cmake --build /home/martin/ros2_ws/build/dynamixel_sdk -- -j8 -l8
[0.494s] [100%] Built target dynamixel_sdk
[0.502s] Invoked command in '/home/martin/ros2_ws/build/dynamixel_sdk' returned '0': CMAKE_PREFIX_PATH=${CMAKE_PREFIX_PATH}:/home/martin/ros2_ws/install/turtlebot3_teleop:/home/martin/ros2_ws/install/turtlebot3_example:/opt/ros/humble /usr/bin/cmake --build /home/martin/ros2_ws/build/dynamixel_sdk -- -j8 -l8
[0.567s] Invoking command in '/home/martin/ros2_ws/build/dynamixel_sdk': CMAKE_PREFIX_PATH=${CMAKE_PREFIX_PATH}:/home/martin/ros2_ws/install/turtlebot3_teleop:/home/martin/ros2_ws/install/turtlebot3_example:/opt/ros/humble /usr/bin/cmake --install /home/martin/ros2_ws/build/dynamixel_sdk
[0.594s] -- Install configuration: ""
[0.594s] -- Execute custom install script
[0.594s] -- Up-to-date symlink: /home/martin/ros2_ws/install/dynamixel_sdk/include//dynamixel_sdk/dynamixel_sdk.h
[0.594s] -- Up-to-date symlink: /home/martin/ros2_ws/install/dynamixel_sdk/include//dynamixel_sdk/group_bulk_read.h
[0.595s] -- Up-to-date symlink: /home/martin/ros2_ws/install/dynamixel_sdk/include//dynamixel_sdk/group_bulk_write.h
[0.595s] -- Up-to-date symlink: /home/martin/ros2_ws/install/dynamixel_sdk/include//dynamixel_sdk/group_sync_read.h
[0.595s] -- Up-to-date symlink: /home/martin/ros2_ws/install/dynamixel_sdk/include//dynamixel_sdk/group_sync_write.h
[0.595s] -- Up-to-date symlink: /home/martin/ros2_ws/install/dynamixel_sdk/include//dynamixel_sdk/packet_handler.h
[0.595s] -- Up-to-date symlink: /home/martin/ros2_ws/install/dynamixel_sdk/include//dynamixel_sdk/port_handler.h
[0.595s] -- Up-to-date symlink: /home/martin/ros2_ws/install/dynamixel_sdk/include//dynamixel_sdk/port_handler_arduino.h
[0.595s] -- Up-to-date symlink: /home/martin/ros2_ws/install/dynamixel_sdk/include//dynamixel_sdk/port_handler_linux.h
[0.595s] -- Up-to-date symlink: /home/martin/ros2_ws/install/dynamixel_sdk/include//dynamixel_sdk/port_handler_mac.h
[0.595s] -- Up-to-date symlink: /home/martin/ros2_ws/install/dynamixel_sdk/include//dynamixel_sdk/port_handler_windows.h
[0.596s] -- Up-to-date symlink: /home/martin/ros2_ws/install/dynamixel_sdk/include//dynamixel_sdk/protocol1_packet_handler.h
[0.596s] -- Up-to-date symlink: /home/martin/ros2_ws/install/dynamixel_sdk/include//dynamixel_sdk/protocol2_packet_handler.h
[0.596s] -- Up-to-date symlink: /home/martin/ros2_ws/install/dynamixel_sdk/lib/libdynamixel_sdk.so
[0.596s] -- Up-to-date symlink: /home/martin/ros2_ws/install/dynamixel_sdk/share/dynamixel_sdk/environment/library_path.sh
[0.596s] -- Up-to-date symlink: /home/martin/ros2_ws/install/dynamixel_sdk/share/dynamixel_sdk/environment/library_path.dsv
[0.596s] -- Up-to-date symlink: /home/martin/ros2_ws/install/dynamixel_sdk/share/ament_index/resource_index/package_run_dependencies/dynamixel_sdk
[0.596s] -- Up-to-date symlink: /home/martin/ros2_ws/install/dynamixel_sdk/share/ament_index/resource_index/parent_prefix_path/dynamixel_sdk
[0.596s] -- Up-to-date symlink: /home/martin/ros2_ws/install/dynamixel_sdk/share/dynamixel_sdk/environment/ament_prefix_path.sh
[0.596s] -- Up-to-date symlink: /home/martin/ros2_ws/install/dynamixel_sdk/share/dynamixel_sdk/environment/ament_prefix_path.dsv
[0.596s] -- Up-to-date symlink: /home/martin/ros2_ws/install/dynamixel_sdk/share/dynamixel_sdk/environment/path.sh
[0.596s] -- Up-to-date symlink: /home/martin/ros2_ws/install/dynamixel_sdk/share/dynamixel_sdk/environment/path.dsv
[0.596s] -- Up-to-date symlink: /home/martin/ros2_ws/install/dynamixel_sdk/share/dynamixel_sdk/local_setup.bash
[0.596s] -- Up-to-date symlink: /home/martin/ros2_ws/install/dynamixel_sdk/share/dynamixel_sdk/local_setup.sh
[0.597s] -- Up-to-date symlink: /home/martin/ros2_ws/install/dynamixel_sdk/share/dynamixel_sdk/local_setup.zsh
[0.597s] -- Up-to-date symlink: /home/martin/ros2_ws/install/dynamixel_sdk/share/dynamixel_sdk/local_setup.dsv
[0.597s] -- Symlinking: /home/martin/ros2_ws/install/dynamixel_sdk/share/dynamixel_sdk/package.dsv
[0.602s] -- Up-to-date symlink: /home/martin/ros2_ws/install/dynamixel_sdk/share/ament_index/resource_index/packages/dynamixel_sdk
[0.603s] -- Up-to-date symlink: /home/martin/ros2_ws/install/dynamixel_sdk/share/dynamixel_sdk/cmake/ament_cmake_export_include_directories-extras.cmake
[0.603s] -- Up-to-date symlink: /home/martin/ros2_ws/install/dynamixel_sdk/share/dynamixel_sdk/cmake/ament_cmake_export_libraries-extras.cmake
[0.603s] -- Up-to-date symlink: /home/martin/ros2_ws/install/dynamixel_sdk/share/dynamixel_sdk/cmake/dynamixel_sdkConfig.cmake
[0.604s] -- Up-to-date symlink: /home/martin/ros2_ws/install/dynamixel_sdk/share/dynamixel_sdk/cmake/dynamixel_sdkConfig-version.cmake
[0.604s] -- Up-to-date symlink: /home/martin/ros2_ws/install/dynamixel_sdk/share/dynamixel_sdk/package.xml
[0.651s] Invoked command in '/home/martin/ros2_ws/build/dynamixel_sdk' returned '0': CMAKE_PREFIX_PATH=${CMAKE_PREFIX_PATH}:/home/martin/ros2_ws/install/turtlebot3_teleop:/home/martin/ros2_ws/install/turtlebot3_example:/opt/ros/humble /usr/bin/cmake --install /home/martin/ros2_ws/build/dynamixel_sdk
