[0.000000] (-) TimerEvent: {}
[0.000740] (-) JobUnselected: {'identifier': 'SimpleLocalizer'}
[0.000770] (-) JobUnselected: {'identifier': 'cylinder_detection'}
[0.000788] (-) JobUnselected: {'identifier': 'dynamixel_sdk'}
[0.000809] (-) JobUnselected: {'identifier': 'dynamixel_sdk_custom_interfaces'}
[0.000826] (-) JobUnselected: {'identifier': 'dynamixel_sdk_examples'}
[0.000839] (-) JobUnselected: {'identifier': 'localization_error_calculator'}
[0.000852] (-) JobUnselected: {'identifier': 'robotics_studio_1'}
[0.000865] (-) JobUnselected: {'identifier': 'scan_sub_pub'}
[0.000878] (-) JobUnselected: {'identifier': 'turtlebot3'}
[0.000890] (-) JobUnselected: {'identifier': 'turtlebot3_bringup'}
[0.000903] (-) JobUnselected: {'identifier': 'turtlebot3_cartographer'}
[0.000915] (-) JobUnselected: {'identifier': 'turtlebot3_description'}
[0.000940] (-) JobUnselected: {'identifier': 'turtlebot3_example'}
[0.000952] (-) JobUnselected: {'identifier': 'turtlebot3_fake_node'}
[0.000963] (-) JobUnselected: {'identifier': 'turtlebot3_gazebo'}
[0.000974] (-) JobUnselected: {'identifier': 'turtlebot3_msgs'}
[0.000986] (-) JobUnselected: {'identifier': 'turtlebot3_navigation2'}
[0.000997] (-) JobUnselected: {'identifier': 'turtlebot3_node'}
[0.001008] (-) JobUnselected: {'identifier': 'turtlebot3_simulations'}
[0.001020] (-) JobUnselected: {'identifier': 'turtlebot3_teleop'}
[0.001032] (-) JobUnselected: {'identifier': 'turtlesim'}
[0.001044] (-) EventReactorShutdown: {}
