[0.011s] Invoking command in '/home/martin/ros2_ws/build/Sprint3': CMAKE_PREFIX_PATH=/home/martin/ros2_ws/install/Sprint3:/home/martin/ros2_ws/install/turtlesim:/home/martin/ros2_ws/install/turtlebot3:/home/martin/ros2_ws/install/turtlebot3_simulations:/home/martin/ros2_ws/install/turtlebot3_bringup:/home/martin/ros2_ws/install/turtlebot3_node:/home/martin/ros2_ws/install/turtlebot3_navigation2:/home/martin/ros2_ws/install/turtlebot3_fake_node:/home/martin/ros2_ws/install/turtlebot3_msgs:/home/martin/ros2_ws/install/turtlebot3_gazebo:/home/martin/ros2_ws/install/turtlebot3_description:/home/martin/ros2_ws/install/turtlebot3_cartographer:/home/martin/ros2_ws/install/scan_sub_pub:/home/martin/ros2_ws/install/turtlebot3_teleop:/home/martin/ros2_ws/install/turtlebot3_example:/opt/ros/humble:/home/martin/ros2_ws/install/localization_error_calculator:/home/martin/ros2_ws/install/dynamixel_sdk_examples:/home/martin/ros2_ws/install/dynamixel_sdk_custom_interfaces:/home/martin/ros2_ws/install/dynamixel_sdk:/home/martin/ros2_ws/install/cylinder_detector_spawner:/home/martin/ros2_ws/install/SimpleLocalizer:/home/martin/install/turtlebot3_navigation2:/home/martin/install/turtlebot3_description:/home/martin/install/turtlebot3_cartographer:/home/martin/install/robotics_studio_1:/home/martin/install/localization_error_calculator:/home/martin/install/SimpleLocalizer /usr/bin/cmake --build /home/martin/ros2_ws/build/Sprint3 -- -j8 -l8
[0.058s] [ 50%] Built target cylinder_detector
[0.058s] [100%] Built target map_overlay
[0.069s] Invoked command in '/home/martin/ros2_ws/build/Sprint3' returned '0': CMAKE_PREFIX_PATH=/home/martin/ros2_ws/install/Sprint3:/home/martin/ros2_ws/install/turtlesim:/home/martin/ros2_ws/install/turtlebot3:/home/martin/ros2_ws/install/turtlebot3_simulations:/home/martin/ros2_ws/install/turtlebot3_bringup:/home/martin/ros2_ws/install/turtlebot3_node:/home/martin/ros2_ws/install/turtlebot3_navigation2:/home/martin/ros2_ws/install/turtlebot3_fake_node:/home/martin/ros2_ws/install/turtlebot3_msgs:/home/martin/ros2_ws/install/turtlebot3_gazebo:/home/martin/ros2_ws/install/turtlebot3_description:/home/martin/ros2_ws/install/turtlebot3_cartographer:/home/martin/ros2_ws/install/scan_sub_pub:/home/martin/ros2_ws/install/turtlebot3_teleop:/home/martin/ros2_ws/install/turtlebot3_example:/opt/ros/humble:/home/martin/ros2_ws/install/localization_error_calculator:/home/martin/ros2_ws/install/dynamixel_sdk_examples:/home/martin/ros2_ws/install/dynamixel_sdk_custom_interfaces:/home/martin/ros2_ws/install/dynamixel_sdk:/home/martin/ros2_ws/install/cylinder_detector_spawner:/home/martin/ros2_ws/install/SimpleLocalizer:/home/martin/install/turtlebot3_navigation2:/home/martin/install/turtlebot3_description:/home/martin/install/turtlebot3_cartographer:/home/martin/install/robotics_studio_1:/home/martin/install/localization_error_calculator:/home/martin/install/SimpleLocalizer /usr/bin/cmake --build /home/martin/ros2_ws/build/Sprint3 -- -j8 -l8
[0.097s] Invoking command in '/home/martin/ros2_ws/build/Sprint3': CMAKE_PREFIX_PATH=/home/martin/ros2_ws/install/Sprint3:/home/martin/ros2_ws/install/turtlesim:/home/martin/ros2_ws/install/turtlebot3:/home/martin/ros2_ws/install/turtlebot3_simulations:/home/martin/ros2_ws/install/turtlebot3_bringup:/home/martin/ros2_ws/install/turtlebot3_node:/home/martin/ros2_ws/install/turtlebot3_navigation2:/home/martin/ros2_ws/install/turtlebot3_fake_node:/home/martin/ros2_ws/install/turtlebot3_msgs:/home/martin/ros2_ws/install/turtlebot3_gazebo:/home/martin/ros2_ws/install/turtlebot3_description:/home/martin/ros2_ws/install/turtlebot3_cartographer:/home/martin/ros2_ws/install/scan_sub_pub:/home/martin/ros2_ws/install/turtlebot3_teleop:/home/martin/ros2_ws/install/turtlebot3_example:/opt/ros/humble:/home/martin/ros2_ws/install/localization_error_calculator:/home/martin/ros2_ws/install/dynamixel_sdk_examples:/home/martin/ros2_ws/install/dynamixel_sdk_custom_interfaces:/home/martin/ros2_ws/install/dynamixel_sdk:/home/martin/ros2_ws/install/cylinder_detector_spawner:/home/martin/ros2_ws/install/SimpleLocalizer:/home/martin/install/turtlebot3_navigation2:/home/martin/install/turtlebot3_description:/home/martin/install/turtlebot3_cartographer:/home/martin/install/robotics_studio_1:/home/martin/install/localization_error_calculator:/home/martin/install/SimpleLocalizer /usr/bin/cmake --install /home/martin/ros2_ws/build/Sprint3
[0.103s] -- Install configuration: ""
[0.104s] -- Up-to-date: /home/martin/ros2_ws/install/Sprint3/lib/Sprint3/cylinder_detector
[0.104s] -- Up-to-date: /home/martin/ros2_ws/install/Sprint3/lib/Sprint3/map_overlay
[0.104s] -- Up-to-date: /home/martin/ros2_ws/install/Sprint3/share/Sprint3/launch
[0.104s] -- Up-to-date: /home/martin/ros2_ws/install/Sprint3/share/Sprint3/launch/map_launch.py
[0.104s] -- Up-to-date: /home/martin/ros2_ws/install/Sprint3/share/ament_index/resource_index/package_run_dependencies/Sprint3
[0.104s] -- Up-to-date: /home/martin/ros2_ws/install/Sprint3/share/ament_index/resource_index/parent_prefix_path/Sprint3
[0.104s] -- Up-to-date: /home/martin/ros2_ws/install/Sprint3/share/Sprint3/environment/ament_prefix_path.sh
[0.104s] -- Up-to-date: /home/martin/ros2_ws/install/Sprint3/share/Sprint3/environment/ament_prefix_path.dsv
[0.105s] -- Up-to-date: /home/martin/ros2_ws/install/Sprint3/share/Sprint3/environment/path.sh
[0.105s] -- Up-to-date: /home/martin/ros2_ws/install/Sprint3/share/Sprint3/environment/path.dsv
[0.105s] -- Up-to-date: /home/martin/ros2_ws/install/Sprint3/share/Sprint3/local_setup.bash
[0.105s] -- Up-to-date: /home/martin/ros2_ws/install/Sprint3/share/Sprint3/local_setup.sh
[0.105s] -- Up-to-date: /home/martin/ros2_ws/install/Sprint3/share/Sprint3/local_setup.zsh
[0.105s] -- Up-to-date: /home/martin/ros2_ws/install/Sprint3/share/Sprint3/local_setup.dsv
[0.105s] -- Installing: /home/martin/ros2_ws/install/Sprint3/share/Sprint3/package.dsv
[0.105s] -- Up-to-date: /home/martin/ros2_ws/install/Sprint3/share/ament_index/resource_index/packages/Sprint3
[0.105s] -- Up-to-date: /home/martin/ros2_ws/install/Sprint3/share/Sprint3/cmake/Sprint3Config.cmake
[0.105s] -- Up-to-date: /home/martin/ros2_ws/install/Sprint3/share/Sprint3/cmake/Sprint3Config-version.cmake
[0.105s] -- Up-to-date: /home/martin/ros2_ws/install/Sprint3/share/Sprint3/package.xml
[0.106s] Invoked command in '/home/martin/ros2_ws/build/Sprint3' returned '0': CMAKE_PREFIX_PATH=/home/martin/ros2_ws/install/Sprint3:/home/martin/ros2_ws/install/turtlesim:/home/martin/ros2_ws/install/turtlebot3:/home/martin/ros2_ws/install/turtlebot3_simulations:/home/martin/ros2_ws/install/turtlebot3_bringup:/home/martin/ros2_ws/install/turtlebot3_node:/home/martin/ros2_ws/install/turtlebot3_navigation2:/home/martin/ros2_ws/install/turtlebot3_fake_node:/home/martin/ros2_ws/install/turtlebot3_msgs:/home/martin/ros2_ws/install/turtlebot3_gazebo:/home/martin/ros2_ws/install/turtlebot3_description:/home/martin/ros2_ws/install/turtlebot3_cartographer:/home/martin/ros2_ws/install/scan_sub_pub:/home/martin/ros2_ws/install/turtlebot3_teleop:/home/martin/ros2_ws/install/turtlebot3_example:/opt/ros/humble:/home/martin/ros2_ws/install/localization_error_calculator:/home/martin/ros2_ws/install/dynamixel_sdk_examples:/home/martin/ros2_ws/install/dynamixel_sdk_custom_interfaces:/home/martin/ros2_ws/install/dynamixel_sdk:/home/martin/ros2_ws/install/cylinder_detector_spawner:/home/martin/ros2_ws/install/SimpleLocalizer:/home/martin/install/turtlebot3_navigation2:/home/martin/install/turtlebot3_description:/home/martin/install/turtlebot3_cartographer:/home/martin/install/robotics_studio_1:/home/martin/install/localization_error_calculator:/home/martin/install/SimpleLocalizer /usr/bin/cmake --install /home/martin/ros2_ws/build/Sprint3
