[0.047s] Invoking command in '/home/martin/ros2_ws/build/turtlebot3_cartographer': CMAKE_PREFIX_PATH=${CMAKE_PREFIX_PATH}:/home/martin/ros2_ws/install/turtlebot3_teleop:/home/martin/ros2_ws/install/turtlebot3_example:/opt/ros/humble /usr/bin/cmake --build /home/martin/ros2_ws/build/turtlebot3_cartographer -- -j8 -l8
[0.765s] Invoked command in '/home/martin/ros2_ws/build/turtlebot3_cartographer' returned '0': CMAKE_PREFIX_PATH=${CMAKE_PREFIX_PATH}:/home/martin/ros2_ws/install/turtlebot3_teleop:/home/martin/ros2_ws/install/turtlebot3_example:/opt/ros/humble /usr/bin/cmake --build /home/martin/ros2_ws/build/turtlebot3_cartographer -- -j8 -l8
[0.832s] Invoking command in '/home/martin/ros2_ws/build/turtlebot3_cartographer': CMAKE_PREFIX_PATH=${CMAKE_PREFIX_PATH}:/home/martin/ros2_ws/install/turtlebot3_teleop:/home/martin/ros2_ws/install/turtlebot3_example:/opt/ros/humble /usr/bin/cmake --install /home/martin/ros2_ws/build/turtlebot3_cartographer
[0.843s] -- Install configuration: ""
[0.866s] -- Execute custom install script
[0.872s] -- Up-to-date symlink: /home/martin/ros2_ws/install/turtlebot3_cartographer/share/turtlebot3_cartographer/config/turtlebot3_lds_2d.lua
[0.872s] -- Up-to-date symlink: /home/martin/ros2_ws/install/turtlebot3_cartographer/share/turtlebot3_cartographer/launch/cartographer.launch.py
[0.872s] -- Up-to-date symlink: /home/martin/ros2_ws/install/turtlebot3_cartographer/share/turtlebot3_cartographer/launch/occupancy_grid.launch.py
[0.873s] -- Up-to-date symlink: /home/martin/ros2_ws/install/turtlebot3_cartographer/share/turtlebot3_cartographer/rviz/tb3_cartographer.rviz
[0.873s] -- Up-to-date symlink: /home/martin/ros2_ws/install/turtlebot3_cartographer/share/ament_index/resource_index/package_run_dependencies/turtlebot3_cartographer
[0.879s] -- Up-to-date symlink: /home/martin/ros2_ws/install/turtlebot3_cartographer/share/ament_index/resource_index/parent_prefix_path/turtlebot3_cartographer
[0.879s] -- Up-to-date symlink: /home/martin/ros2_ws/install/turtlebot3_cartographer/share/turtlebot3_cartographer/environment/ament_prefix_path.sh
[0.880s] -- Up-to-date symlink: /home/martin/ros2_ws/install/turtlebot3_cartographer/share/turtlebot3_cartographer/environment/ament_prefix_path.dsv
[0.881s] -- Up-to-date symlink: /home/martin/ros2_ws/install/turtlebot3_cartographer/share/turtlebot3_cartographer/environment/path.sh
[0.881s] -- Up-to-date symlink: /home/martin/ros2_ws/install/turtlebot3_cartographer/share/turtlebot3_cartographer/environment/path.dsv
[0.883s] -- Up-to-date symlink: /home/martin/ros2_ws/install/turtlebot3_cartographer/share/turtlebot3_cartographer/local_setup.bash
[0.885s] -- Up-to-date symlink: /home/martin/ros2_ws/install/turtlebot3_cartographer/share/turtlebot3_cartographer/local_setup.sh
[0.886s] -- Up-to-date symlink: /home/martin/ros2_ws/install/turtlebot3_cartographer/share/turtlebot3_cartographer/local_setup.zsh
[0.886s] -- Up-to-date symlink: /home/martin/ros2_ws/install/turtlebot3_cartographer/share/turtlebot3_cartographer/local_setup.dsv
[0.887s] -- Symlinking: /home/martin/ros2_ws/install/turtlebot3_cartographer/share/turtlebot3_cartographer/package.dsv
[0.894s] -- Up-to-date symlink: /home/martin/ros2_ws/install/turtlebot3_cartographer/share/ament_index/resource_index/packages/turtlebot3_cartographer
[0.896s] -- Up-to-date symlink: /home/martin/ros2_ws/install/turtlebot3_cartographer/share/turtlebot3_cartographer/cmake/turtlebot3_cartographerConfig.cmake
[0.896s] -- Up-to-date symlink: /home/martin/ros2_ws/install/turtlebot3_cartographer/share/turtlebot3_cartographer/cmake/turtlebot3_cartographerConfig-version.cmake
[0.897s] -- Up-to-date symlink: /home/martin/ros2_ws/install/turtlebot3_cartographer/share/turtlebot3_cartographer/package.xml
[0.947s] Invoked command in '/home/martin/ros2_ws/build/turtlebot3_cartographer' returned '0': CMAKE_PREFIX_PATH=${CMAKE_PREFIX_PATH}:/home/martin/ros2_ws/install/turtlebot3_teleop:/home/martin/ros2_ws/install/turtlebot3_example:/opt/ros/humble /usr/bin/cmake --install /home/martin/ros2_ws/build/turtlebot3_cartographer
