[0.030s] Invoking command in '/home/martin/ros2_ws/build/scan_sub_pub': CMAKE_PREFIX_PATH=${CMAKE_PREFIX_PATH}:/home/martin/ros2_ws/install/turtlebot3_teleop:/home/martin/ros2_ws/install/turtlebot3_example:/opt/ros/humble /usr/bin/cmake /home/martin/ros2_ws/src/scan_sub_pub -DCMAKE_INSTALL_PREFIX=/home/martin/ros2_ws/install/scan_sub_pub
[0.132s] -- The C compiler identification is GNU 11.4.0
[0.243s] -- The CXX compiler identification is GNU 11.4.0
[0.264s] -- Detecting C compiler ABI info
[0.378s] -- Detecting C compiler ABI info - done
[0.401s] -- Check for working C compiler: /usr/bin/cc - skipped
[0.401s] -- Detecting C compile features
[0.402s] -- Detecting C compile features - done
[0.406s] -- Detecting CXX compiler ABI info
[0.555s] -- Detecting CXX compiler ABI info - done
[0.576s] -- Check for working CXX compiler: /usr/bin/c++ - skipped
[0.576s] -- Detecting CXX compile features
[0.577s] -- Detecting CXX compile features - done
[0.581s] -- Found ament_cmake: 1.3.10 (/opt/ros/humble/share/ament_cmake/cmake)
[0.898s] -- Found Python3: /usr/bin/python3 (found version "3.10.12") found components: Interpreter 
[1.093s] -- Found rclcpp: 16.0.10 (/opt/ros/humble/share/rclcpp/cmake)
[1.172s] -- Found rosidl_generator_c: 3.1.5 (/opt/ros/humble/share/rosidl_generator_c/cmake)
[1.191s] -- Found rosidl_adapter: 3.1.5 (/opt/ros/humble/share/rosidl_adapter/cmake)
[1.203s] -- Found rosidl_generator_cpp: 3.1.5 (/opt/ros/humble/share/rosidl_generator_cpp/cmake)
[1.229s] -- Using all available rosidl_typesupport_c: rosidl_typesupport_fastrtps_c;rosidl_typesupport_introspection_c
[1.262s] -- Using all available rosidl_typesupport_cpp: rosidl_typesupport_fastrtps_cpp;rosidl_typesupport_introspection_cpp
[1.347s] -- Found rmw_implementation_cmake: 6.1.2 (/opt/ros/humble/share/rmw_implementation_cmake/cmake)
[1.357s] -- Found rmw_fastrtps_cpp: 6.2.7 (/opt/ros/humble/share/rmw_fastrtps_cpp/cmake)
[1.507s] -- Found OpenSSL: /usr/lib/x86_64-linux-gnu/libcrypto.so (found version "3.0.2")  
[1.556s] -- Found FastRTPS: /opt/ros/humble/include  
[1.628s] -- Using RMW implementation 'rmw_fastrtps_cpp' as default
[1.641s] -- Looking for pthread.h
[1.747s] -- Looking for pthread.h - found
[1.747s] -- Performing Test CMAKE_HAVE_LIBC_PTHREAD
[1.874s] -- Performing Test CMAKE_HAVE_LIBC_PTHREAD - Success
[1.876s] -- Found Threads: TRUE  
[1.984s] -- Found sensor_msgs: 4.2.4 (/opt/ros/humble/share/sensor_msgs/cmake)
[2.180s] -- Configuring done
[2.191s] -- Generating done
[2.193s] -- Build files have been written to: /home/martin/ros2_ws/build/scan_sub_pub
[2.216s] Invoked command in '/home/martin/ros2_ws/build/scan_sub_pub' returned '0': CMAKE_PREFIX_PATH=${CMAKE_PREFIX_PATH}:/home/martin/ros2_ws/install/turtlebot3_teleop:/home/martin/ros2_ws/install/turtlebot3_example:/opt/ros/humble /usr/bin/cmake /home/martin/ros2_ws/src/scan_sub_pub -DCMAKE_INSTALL_PREFIX=/home/martin/ros2_ws/install/scan_sub_pub
[2.219s] Invoking command in '/home/martin/ros2_ws/build/scan_sub_pub': CMAKE_PREFIX_PATH=${CMAKE_PREFIX_PATH}:/home/martin/ros2_ws/install/turtlebot3_teleop:/home/martin/ros2_ws/install/turtlebot3_example:/opt/ros/humble /usr/bin/cmake --build /home/martin/ros2_ws/build/scan_sub_pub -- -j8 -l8
[2.311s] [ 50%] [32mBuilding CXX object CMakeFiles/scan_sub_pub_node.dir/src/scanSubPub.cpp.o[0m
[18.860s] [100%] [32m[1mLinking CXX executable scan_sub_pub_node[0m
[19.633s] [100%] Built target scan_sub_pub_node
[19.645s] Invoked command in '/home/martin/ros2_ws/build/scan_sub_pub' returned '0': CMAKE_PREFIX_PATH=${CMAKE_PREFIX_PATH}:/home/martin/ros2_ws/install/turtlebot3_teleop:/home/martin/ros2_ws/install/turtlebot3_example:/opt/ros/humble /usr/bin/cmake --build /home/martin/ros2_ws/build/scan_sub_pub -- -j8 -l8
[19.706s] Invoking command in '/home/martin/ros2_ws/build/scan_sub_pub': CMAKE_PREFIX_PATH=${CMAKE_PREFIX_PATH}:/home/martin/ros2_ws/install/turtlebot3_teleop:/home/martin/ros2_ws/install/turtlebot3_example:/opt/ros/humble /usr/bin/cmake --install /home/martin/ros2_ws/build/scan_sub_pub
[19.716s] -- Install configuration: ""
[19.717s] -- Installing: /home/martin/ros2_ws/install/scan_sub_pub/lib/scan_sub_pub/scan_sub_pub_node
[19.727s] -- Set runtime path of "/home/martin/ros2_ws/install/scan_sub_pub/lib/scan_sub_pub/scan_sub_pub_node" to ""
[19.728s] -- Installing: /home/martin/ros2_ws/install/scan_sub_pub/include
[19.728s] -- Installing: /home/martin/ros2_ws/install/scan_sub_pub/include/scanSubPub.h
[19.728s] -- Installing: /home/martin/ros2_ws/install/scan_sub_pub/share/ament_index/resource_index/package_run_dependencies/scan_sub_pub
[19.728s] -- Installing: /home/martin/ros2_ws/install/scan_sub_pub/share/ament_index/resource_index/parent_prefix_path/scan_sub_pub
[19.729s] -- Installing: /home/martin/ros2_ws/install/scan_sub_pub/share/scan_sub_pub/environment/ament_prefix_path.sh
[19.729s] -- Installing: /home/martin/ros2_ws/install/scan_sub_pub/share/scan_sub_pub/environment/ament_prefix_path.dsv
[19.729s] -- Installing: /home/martin/ros2_ws/install/scan_sub_pub/share/scan_sub_pub/environment/path.sh
[19.730s] -- Installing: /home/martin/ros2_ws/install/scan_sub_pub/share/scan_sub_pub/environment/path.dsv
[19.730s] -- Installing: /home/martin/ros2_ws/install/scan_sub_pub/share/scan_sub_pub/local_setup.bash
[19.731s] -- Installing: /home/martin/ros2_ws/install/scan_sub_pub/share/scan_sub_pub/local_setup.sh
[19.731s] -- Installing: /home/martin/ros2_ws/install/scan_sub_pub/share/scan_sub_pub/local_setup.zsh
[19.732s] -- Installing: /home/martin/ros2_ws/install/scan_sub_pub/share/scan_sub_pub/local_setup.dsv
[19.734s] -- Installing: /home/martin/ros2_ws/install/scan_sub_pub/share/scan_sub_pub/package.dsv
[19.735s] -- Installing: /home/martin/ros2_ws/install/scan_sub_pub/share/ament_index/resource_index/packages/scan_sub_pub
[19.736s] -- Installing: /home/martin/ros2_ws/install/scan_sub_pub/share/scan_sub_pub/cmake/scan_sub_pubConfig.cmake
[19.736s] -- Installing: /home/martin/ros2_ws/install/scan_sub_pub/share/scan_sub_pub/cmake/scan_sub_pubConfig-version.cmake
[19.736s] -- Installing: /home/martin/ros2_ws/install/scan_sub_pub/share/scan_sub_pub/package.xml
[19.738s] Invoked command in '/home/martin/ros2_ws/build/scan_sub_pub' returned '0': CMAKE_PREFIX_PATH=${CMAKE_PREFIX_PATH}:/home/martin/ros2_ws/install/turtlebot3_teleop:/home/martin/ros2_ws/install/turtlebot3_example:/opt/ros/humble /usr/bin/cmake --install /home/martin/ros2_ws/build/scan_sub_pub
