[0.012s] Invoking command in '/home/martin/ros2_ws/build/robotics_studio_1': CMAKE_PREFIX_PATH=/home/martin/ros2_ws/install/turtlesim:/home/martin/ros2_ws/install/turtlebot3:/home/martin/ros2_ws/install/turtlebot3_simulations:/home/martin/ros2_ws/install/turtlebot3_bringup:/home/martin/ros2_ws/install/turtlebot3_node:/home/martin/ros2_ws/install/turtlebot3_navigation2:/home/martin/ros2_ws/install/turtlebot3_fake_node:/home/martin/ros2_ws/install/turtlebot3_msgs:/home/martin/ros2_ws/install/turtlebot3_gazebo:/home/martin/ros2_ws/install/turtlebot3_description:/home/martin/ros2_ws/install/turtlebot3_cartographer:/home/martin/ros2_ws/install/scan_sub_pub:/home/martin/ros2_ws/install/robotics_studio_1:/home/martin/ros2_ws/install/turtlebot3_teleop:/home/martin/ros2_ws/install/turtlebot3_example:/opt/ros/humble:/home/martin/ros2_ws/install/localization_error_calculator:/home/martin/ros2_ws/install/dynamixel_sdk_examples:/home/martin/ros2_ws/install/dynamixel_sdk_custom_interfaces:/home/martin/ros2_ws/install/dynamixel_sdk:/home/martin/ros2_ws/install/Sprint3:/home/martin/ros2_ws/install/SimpleLocalizer:/home/martin/install/turtlebot3_navigation2:/home/martin/install/turtlebot3_description:/home/martin/install/turtlebot3_cartographer:/home/martin/install/robotics_studio_1:/home/martin/install/localization_error_calculator:/home/martin/install/SimpleLocalizer /usr/bin/cmake --build /home/martin/ros2_ws/build/robotics_studio_1 -- -j8 -l8
[0.100s] [35m[1mConsolidate compiler generated dependencies of target sprint3part2[0m
[0.156s] [ 25%] Built target sprint1
[0.164s] [ 37%] [32mBuilding CXX object CMakeFiles/sprint3.dir/src/sprint3.cpp.o[0m
[0.165s] [ 50%] [32mBuilding CXX object CMakeFiles/sprint2.dir/src/sprint2.cpp.o[0m
[0.170s] [ 62%] [32mBuilding CXX object CMakeFiles/sprint3part2.dir/src/sprint3part2.cpp.o[0m
[0.528s] In file included from [01m[K/home/martin/ros2_ws/src/package/src/sprint3part2.cpp:12[m[K:
[0.530s] [01m[K/opt/ros/humble/include/tf2_geometry_msgs/tf2_geometry_msgs/tf2_geometry_msgs.h:35:2:[m[K [01;35m[Kwarning: [m[K#warning This header is obsolete, please include tf2_geometry_msgs/tf2_geometry_msgs.hpp instead [[01;35m[K]8;;https://gcc.gnu.org/onlinedocs/gcc/Warning-Options.html#index-Wcpp-Wcpp]8;;[m[K]
[0.531s]    35 | #[01;35m[Kwarning[m[K This header is obsolete, please include tf2_geometry_msgs/tf2_geometry_msgs.hpp instead
[0.532s]       |  [01;35m[K^~~~~~~[m[K
[13.917s] [ 75%] [32m[1mLinking CXX executable sprint3[0m
[15.059s] [ 75%] Built target sprint3
[16.079s] [ 87%] [32m[1mLinking CXX executable sprint3part2[0m
[17.028s] [ 87%] Built target sprint3part2
[17.986s] [100%] [32m[1mLinking CXX executable sprint2[0m
[18.764s] [100%] Built target sprint2
[18.772s] Invoked command in '/home/martin/ros2_ws/build/robotics_studio_1' returned '0': CMAKE_PREFIX_PATH=/home/martin/ros2_ws/install/turtlesim:/home/martin/ros2_ws/install/turtlebot3:/home/martin/ros2_ws/install/turtlebot3_simulations:/home/martin/ros2_ws/install/turtlebot3_bringup:/home/martin/ros2_ws/install/turtlebot3_node:/home/martin/ros2_ws/install/turtlebot3_navigation2:/home/martin/ros2_ws/install/turtlebot3_fake_node:/home/martin/ros2_ws/install/turtlebot3_msgs:/home/martin/ros2_ws/install/turtlebot3_gazebo:/home/martin/ros2_ws/install/turtlebot3_description:/home/martin/ros2_ws/install/turtlebot3_cartographer:/home/martin/ros2_ws/install/scan_sub_pub:/home/martin/ros2_ws/install/robotics_studio_1:/home/martin/ros2_ws/install/turtlebot3_teleop:/home/martin/ros2_ws/install/turtlebot3_example:/opt/ros/humble:/home/martin/ros2_ws/install/localization_error_calculator:/home/martin/ros2_ws/install/dynamixel_sdk_examples:/home/martin/ros2_ws/install/dynamixel_sdk_custom_interfaces:/home/martin/ros2_ws/install/dynamixel_sdk:/home/martin/ros2_ws/install/Sprint3:/home/martin/ros2_ws/install/SimpleLocalizer:/home/martin/install/turtlebot3_navigation2:/home/martin/install/turtlebot3_description:/home/martin/install/turtlebot3_cartographer:/home/martin/install/robotics_studio_1:/home/martin/install/localization_error_calculator:/home/martin/install/SimpleLocalizer /usr/bin/cmake --build /home/martin/ros2_ws/build/robotics_studio_1 -- -j8 -l8
[18.805s] Invoking command in '/home/martin/ros2_ws/build/robotics_studio_1': CMAKE_PREFIX_PATH=/home/martin/ros2_ws/install/turtlesim:/home/martin/ros2_ws/install/turtlebot3:/home/martin/ros2_ws/install/turtlebot3_simulations:/home/martin/ros2_ws/install/turtlebot3_bringup:/home/martin/ros2_ws/install/turtlebot3_node:/home/martin/ros2_ws/install/turtlebot3_navigation2:/home/martin/ros2_ws/install/turtlebot3_fake_node:/home/martin/ros2_ws/install/turtlebot3_msgs:/home/martin/ros2_ws/install/turtlebot3_gazebo:/home/martin/ros2_ws/install/turtlebot3_description:/home/martin/ros2_ws/install/turtlebot3_cartographer:/home/martin/ros2_ws/install/scan_sub_pub:/home/martin/ros2_ws/install/robotics_studio_1:/home/martin/ros2_ws/install/turtlebot3_teleop:/home/martin/ros2_ws/install/turtlebot3_example:/opt/ros/humble:/home/martin/ros2_ws/install/localization_error_calculator:/home/martin/ros2_ws/install/dynamixel_sdk_examples:/home/martin/ros2_ws/install/dynamixel_sdk_custom_interfaces:/home/martin/ros2_ws/install/dynamixel_sdk:/home/martin/ros2_ws/install/Sprint3:/home/martin/ros2_ws/install/SimpleLocalizer:/home/martin/install/turtlebot3_navigation2:/home/martin/install/turtlebot3_description:/home/martin/install/turtlebot3_cartographer:/home/martin/install/robotics_studio_1:/home/martin/install/localization_error_calculator:/home/martin/install/SimpleLocalizer /usr/bin/cmake --install /home/martin/ros2_ws/build/robotics_studio_1
[18.812s] -- Install configuration: ""
[18.812s] -- Up-to-date: /home/martin/ros2_ws/install/robotics_studio_1/lib/robotics_studio_1/sprint1
[18.812s] -- Installing: /home/martin/ros2_ws/install/robotics_studio_1/lib/robotics_studio_1/sprint2
[18.816s] -- Set runtime path of "/home/martin/ros2_ws/install/robotics_studio_1/lib/robotics_studio_1/sprint2" to ""
[18.816s] -- Installing: /home/martin/ros2_ws/install/robotics_studio_1/lib/robotics_studio_1/sprint3
[18.818s] -- Set runtime path of "/home/martin/ros2_ws/install/robotics_studio_1/lib/robotics_studio_1/sprint3" to ""
[18.819s] -- Installing: /home/martin/ros2_ws/install/robotics_studio_1/lib/robotics_studio_1/sprint3part2
[18.821s] -- Set runtime path of "/home/martin/ros2_ws/install/robotics_studio_1/lib/robotics_studio_1/sprint3part2" to ""
[18.821s] -- Up-to-date: /home/martin/ros2_ws/install/robotics_studio_1/share/ament_index/resource_index/package_run_dependencies/robotics_studio_1
[18.822s] -- Up-to-date: /home/martin/ros2_ws/install/robotics_studio_1/share/ament_index/resource_index/parent_prefix_path/robotics_studio_1
[18.822s] -- Up-to-date: /home/martin/ros2_ws/install/robotics_studio_1/share/robotics_studio_1/environment/ament_prefix_path.sh
[18.822s] -- Up-to-date: /home/martin/ros2_ws/install/robotics_studio_1/share/robotics_studio_1/environment/ament_prefix_path.dsv
[18.822s] -- Up-to-date: /home/martin/ros2_ws/install/robotics_studio_1/share/robotics_studio_1/environment/path.sh
[18.822s] -- Up-to-date: /home/martin/ros2_ws/install/robotics_studio_1/share/robotics_studio_1/environment/path.dsv
[18.822s] -- Up-to-date: /home/martin/ros2_ws/install/robotics_studio_1/share/robotics_studio_1/local_setup.bash
[18.822s] -- Up-to-date: /home/martin/ros2_ws/install/robotics_studio_1/share/robotics_studio_1/local_setup.sh
[18.822s] -- Up-to-date: /home/martin/ros2_ws/install/robotics_studio_1/share/robotics_studio_1/local_setup.zsh
[18.822s] -- Up-to-date: /home/martin/ros2_ws/install/robotics_studio_1/share/robotics_studio_1/local_setup.dsv
[18.822s] -- Installing: /home/martin/ros2_ws/install/robotics_studio_1/share/robotics_studio_1/package.dsv
[18.822s] -- Up-to-date: /home/martin/ros2_ws/install/robotics_studio_1/share/ament_index/resource_index/packages/robotics_studio_1
[18.822s] -- Up-to-date: /home/martin/ros2_ws/install/robotics_studio_1/share/robotics_studio_1/cmake/robotics_studio_1Config.cmake
[18.822s] -- Up-to-date: /home/martin/ros2_ws/install/robotics_studio_1/share/robotics_studio_1/cmake/robotics_studio_1Config-version.cmake
[18.822s] -- Up-to-date: /home/martin/ros2_ws/install/robotics_studio_1/share/robotics_studio_1/package.xml
[18.823s] Invoked command in '/home/martin/ros2_ws/build/robotics_studio_1' returned '0': CMAKE_PREFIX_PATH=/home/martin/ros2_ws/install/turtlesim:/home/martin/ros2_ws/install/turtlebot3:/home/martin/ros2_ws/install/turtlebot3_simulations:/home/martin/ros2_ws/install/turtlebot3_bringup:/home/martin/ros2_ws/install/turtlebot3_node:/home/martin/ros2_ws/install/turtlebot3_navigation2:/home/martin/ros2_ws/install/turtlebot3_fake_node:/home/martin/ros2_ws/install/turtlebot3_msgs:/home/martin/ros2_ws/install/turtlebot3_gazebo:/home/martin/ros2_ws/install/turtlebot3_description:/home/martin/ros2_ws/install/turtlebot3_cartographer:/home/martin/ros2_ws/install/scan_sub_pub:/home/martin/ros2_ws/install/robotics_studio_1:/home/martin/ros2_ws/install/turtlebot3_teleop:/home/martin/ros2_ws/install/turtlebot3_example:/opt/ros/humble:/home/martin/ros2_ws/install/localization_error_calculator:/home/martin/ros2_ws/install/dynamixel_sdk_examples:/home/martin/ros2_ws/install/dynamixel_sdk_custom_interfaces:/home/martin/ros2_ws/install/dynamixel_sdk:/home/martin/ros2_ws/install/Sprint3:/home/martin/ros2_ws/install/SimpleLocalizer:/home/martin/install/turtlebot3_navigation2:/home/martin/install/turtlebot3_description:/home/martin/install/turtlebot3_cartographer:/home/martin/install/robotics_studio_1:/home/martin/install/localization_error_calculator:/home/martin/install/SimpleLocalizer /usr/bin/cmake --install /home/martin/ros2_ws/build/robotics_studio_1
