-- Found ament_cmake: 1.3.10 (/opt/ros/humble/share/ament_cmake/cmake)
-- Found rclcpp: 16.0.10 (/opt/ros/humble/share/rclcpp/cmake)
-- Found rosidl_generator_c: 3.1.5 (/opt/ros/humble/share/rosidl_generator_c/cmake)
-- Found rosidl_adapter: 3.1.5 (/opt/ros/humble/share/rosidl_adapter/cmake)
-- Found rosidl_generator_cpp: 3.1.5 (/opt/ros/humble/share/rosidl_generator_cpp/cmake)
-- Using all available rosidl_typesupport_c: rosidl_typesupport_fastrtps_c;rosidl_typesupport_introspection_c
-- Using all available rosidl_typesupport_cpp: rosidl_typesupport_fastrtps_cpp;rosidl_typesupport_introspection_cpp
-- Found rmw_implementation_cmake: 6.1.2 (/opt/ros/humble/share/rmw_implementation_cmake/cmake)
-- Found rmw_fastrtps_cpp: 6.2.7 (/opt/ros/humble/share/rmw_fastrtps_cpp/cmake)
-- Using RMW implementation 'rmw_fastrtps_cpp' as default
-- Found sensor_msgs: 4.2.4 (/opt/ros/humble/share/sensor_msgs/cmake)
-- Found visualization_msgs: 4.2.4 (/opt/ros/humble/share/visualization_msgs/cmake)
-- Found tf2_ros: 0.25.7 (/opt/ros/humble/share/tf2_ros/cmake)
-- Found tf2_geometry_msgs: 0.25.7 (/opt/ros/humble/share/tf2_geometry_msgs/cmake)
-- Found eigen3_cmake_module: 0.1.1 (/opt/ros/humble/share/eigen3_cmake_module/cmake)
-- Ensuring Eigen3 include directory is part of orocos-kdl CMake target
-- Found gazebo_msgs: 3.7.0 (/opt/ros/humble/share/gazebo_msgs/cmake)
-- Found OpenCV: /usr (found version "4.5.4") 
-- Configuring done
-- Generating done
-- Build files have been written to: /home/martin/ros2_ws/build/cylinder_detector_spawner
[35m[1mConsolidate compiler generated dependencies of target cylinder_spawner[0m
[35m[1mConsolidate compiler generated dependencies of target cylinder_detector[0m
[ 25%] [32mBuilding CXX object CMakeFiles/cylinder_spawner.dir/src/cylinder_spawner.cpp.o[0m
[ 50%] [32mBuilding CXX object CMakeFiles/cylinder_detector.dir/src/cylinder_detector.cpp.o[0m
[ 75%] [32m[1mLinking CXX executable cylinder_spawner[0m
[ 75%] Built target cylinder_spawner
[100%] [32m[1mLinking CXX executable cylinder_detector[0m
[100%] Built target cylinder_detector
-- Install configuration: ""
-- Installing: /home/martin/ros2_ws/install/cylinder_detector_spawner/lib/cylinder_detector_spawner/cylinder_detector
-- Set runtime path of "/home/martin/ros2_ws/install/cylinder_detector_spawner/lib/cylinder_detector_spawner/cylinder_detector" to ""
-- Installing: /home/martin/ros2_ws/install/cylinder_detector_spawner/lib/cylinder_detector_spawner/cylinder_spawner
-- Set runtime path of "/home/martin/ros2_ws/install/cylinder_detector_spawner/lib/cylinder_detector_spawner/cylinder_spawner" to ""
-- Installing: /home/martin/ros2_ws/install/cylinder_detector_spawner/share/ament_index/resource_index/package_run_dependencies/cylinder_detector_spawner
-- Installing: /home/martin/ros2_ws/install/cylinder_detector_spawner/share/ament_index/resource_index/parent_prefix_path/cylinder_detector_spawner
-- Up-to-date: /home/martin/ros2_ws/install/cylinder_detector_spawner/share/cylinder_detector_spawner/environment/ament_prefix_path.sh
-- Installing: /home/martin/ros2_ws/install/cylinder_detector_spawner/share/cylinder_detector_spawner/environment/ament_prefix_path.dsv
-- Up-to-date: /home/martin/ros2_ws/install/cylinder_detector_spawner/share/cylinder_detector_spawner/environment/path.sh
-- Installing: /home/martin/ros2_ws/install/cylinder_detector_spawner/share/cylinder_detector_spawner/environment/path.dsv
-- Up-to-date: /home/martin/ros2_ws/install/cylinder_detector_spawner/share/cylinder_detector_spawner/local_setup.bash
-- Up-to-date: /home/martin/ros2_ws/install/cylinder_detector_spawner/share/cylinder_detector_spawner/local_setup.sh
-- Up-to-date: /home/martin/ros2_ws/install/cylinder_detector_spawner/share/cylinder_detector_spawner/local_setup.zsh
-- Installing: /home/martin/ros2_ws/install/cylinder_detector_spawner/share/cylinder_detector_spawner/local_setup.dsv
-- Installing: /home/martin/ros2_ws/install/cylinder_detector_spawner/share/cylinder_detector_spawner/package.dsv
-- Up-to-date: /home/martin/ros2_ws/install/cylinder_detector_spawner/share/ament_index/resource_index/packages/cylinder_detector_spawner
-- Up-to-date: /home/martin/ros2_ws/install/cylinder_detector_spawner/share/cylinder_detector_spawner/cmake/cylinder_detector_spawnerConfig.cmake
-- Up-to-date: /home/martin/ros2_ws/install/cylinder_detector_spawner/share/cylinder_detector_spawner/cmake/cylinder_detector_spawnerConfig-version.cmake
-- Installing: /home/martin/ros2_ws/install/cylinder_detector_spawner/share/cylinder_detector_spawner/package.xml
