[0.019s] Invoking command in '/home/martin/ros2_ws/build/cylinder_detector_spawner': CMAKE_PREFIX_PATH=/home/martin/ros2_ws/install/turtlesim:/home/martin/ros2_ws/install/turtlebot3:/home/martin/ros2_ws/install/turtlebot3_simulations:/home/martin/ros2_ws/install/turtlebot3_bringup:/home/martin/ros2_ws/install/turtlebot3_node:/home/martin/ros2_ws/install/turtlebot3_navigation2:/home/martin/ros2_ws/install/turtlebot3_fake_node:/home/martin/ros2_ws/install/turtlebot3_msgs:/home/martin/ros2_ws/install/turtlebot3_gazebo:/home/martin/ros2_ws/install/turtlebot3_description:/home/martin/ros2_ws/install/turtlebot3_cartographer:/home/martin/ros2_ws/install/scan_sub_pub:/home/martin/ros2_ws/install/turtlebot3_teleop:/home/martin/ros2_ws/install/turtlebot3_example:/opt/ros/humble:/home/martin/ros2_ws/install/localization_error_calculator:/home/martin/ros2_ws/install/dynamixel_sdk_examples:/home/martin/ros2_ws/install/dynamixel_sdk_custom_interfaces:/home/martin/ros2_ws/install/dynamixel_sdk:/home/martin/ros2_ws/install/cylinder_detector_spawner:/home/martin/ros2_ws/install/SimpleLocalizer:/home/martin/install/turtlebot3_navigation2:/home/martin/install/turtlebot3_description:/home/martin/install/turtlebot3_cartographer:/home/martin/install/robotics_studio_1:/home/martin/install/localization_error_calculator:/home/martin/install/SimpleLocalizer /usr/bin/cmake --build /home/martin/ros2_ws/build/cylinder_detector_spawner -- -j8 -l8
[0.048s] -- Found ament_cmake: 1.3.10 (/opt/ros/humble/share/ament_cmake/cmake)
[0.194s] -- Found rclcpp: 16.0.10 (/opt/ros/humble/share/rclcpp/cmake)
[0.249s] -- Found rosidl_generator_c: 3.1.5 (/opt/ros/humble/share/rosidl_generator_c/cmake)
[0.255s] -- Found rosidl_adapter: 3.1.5 (/opt/ros/humble/share/rosidl_adapter/cmake)
[0.268s] -- Found rosidl_generator_cpp: 3.1.5 (/opt/ros/humble/share/rosidl_generator_cpp/cmake)
[0.291s] -- Using all available rosidl_typesupport_c: rosidl_typesupport_fastrtps_c;rosidl_typesupport_introspection_c
[0.315s] -- Using all available rosidl_typesupport_cpp: rosidl_typesupport_fastrtps_cpp;rosidl_typesupport_introspection_cpp
[0.381s] -- Found rmw_implementation_cmake: 6.1.2 (/opt/ros/humble/share/rmw_implementation_cmake/cmake)
[0.386s] -- Found rmw_fastrtps_cpp: 6.2.7 (/opt/ros/humble/share/rmw_fastrtps_cpp/cmake)
[0.518s] -- Using RMW implementation 'rmw_fastrtps_cpp' as default
[0.599s] -- Found sensor_msgs: 4.2.4 (/opt/ros/humble/share/sensor_msgs/cmake)
[0.643s] -- Found visualization_msgs: 4.2.4 (/opt/ros/humble/share/visualization_msgs/cmake)
[0.668s] -- Found tf2_ros: 0.25.7 (/opt/ros/humble/share/tf2_ros/cmake)
[0.913s] -- Found tf2_geometry_msgs: 0.25.7 (/opt/ros/humble/share/tf2_geometry_msgs/cmake)
[0.923s] -- Found eigen3_cmake_module: 0.1.1 (/opt/ros/humble/share/eigen3_cmake_module/cmake)
[0.924s] -- Ensuring Eigen3 include directory is part of orocos-kdl CMake target
[0.927s] -- Found gazebo_msgs: 3.7.0 (/opt/ros/humble/share/gazebo_msgs/cmake)
[0.994s] -- Found OpenCV: /usr (found version "4.5.4") 
[1.068s] -- Configuring done
[1.086s] -- Generating done
[1.088s] -- Build files have been written to: /home/martin/ros2_ws/build/cylinder_detector_spawner
[1.111s] [35m[1mConsolidate compiler generated dependencies of target cylinder_spawner[0m
[1.111s] [35m[1mConsolidate compiler generated dependencies of target cylinder_detector[0m
[1.123s] [ 25%] [32mBuilding CXX object CMakeFiles/cylinder_spawner.dir/src/cylinder_spawner.cpp.o[0m
[1.124s] [ 50%] [32mBuilding CXX object CMakeFiles/cylinder_detector.dir/src/cylinder_detector.cpp.o[0m
[1.430s] In file included from [01m[K/home/martin/ros2_ws/src/cylinder_detector_spawner/src/cylinder_detector.cpp:14[m[K:
[1.430s] [01m[K/opt/ros/humble/include/tf2_geometry_msgs/tf2_geometry_msgs/tf2_geometry_msgs.h:35:2:[m[K [01;35m[Kwarning: [m[K#warning This header is obsolete, please include tf2_geometry_msgs/tf2_geometry_msgs.hpp instead [[01;35m[K]8;;https://gcc.gnu.org/onlinedocs/gcc/Warning-Options.html#index-Wcpp-Wcpp]8;;[m[K]
[1.430s]    35 | #[01;35m[Kwarning[m[K This header is obsolete, please include tf2_geometry_msgs/tf2_geometry_msgs.hpp instead
[1.430s]       |  [01;35m[K^~~~~~~[m[K
[9.958s] [ 75%] [32m[1mLinking CXX executable cylinder_spawner[0m
[10.410s] [ 75%] Built target cylinder_spawner
[11.383s] [100%] [32m[1mLinking CXX executable cylinder_detector[0m
[12.201s] [100%] Built target cylinder_detector
[12.210s] Invoked command in '/home/martin/ros2_ws/build/cylinder_detector_spawner' returned '0': CMAKE_PREFIX_PATH=/home/martin/ros2_ws/install/turtlesim:/home/martin/ros2_ws/install/turtlebot3:/home/martin/ros2_ws/install/turtlebot3_simulations:/home/martin/ros2_ws/install/turtlebot3_bringup:/home/martin/ros2_ws/install/turtlebot3_node:/home/martin/ros2_ws/install/turtlebot3_navigation2:/home/martin/ros2_ws/install/turtlebot3_fake_node:/home/martin/ros2_ws/install/turtlebot3_msgs:/home/martin/ros2_ws/install/turtlebot3_gazebo:/home/martin/ros2_ws/install/turtlebot3_description:/home/martin/ros2_ws/install/turtlebot3_cartographer:/home/martin/ros2_ws/install/scan_sub_pub:/home/martin/ros2_ws/install/turtlebot3_teleop:/home/martin/ros2_ws/install/turtlebot3_example:/opt/ros/humble:/home/martin/ros2_ws/install/localization_error_calculator:/home/martin/ros2_ws/install/dynamixel_sdk_examples:/home/martin/ros2_ws/install/dynamixel_sdk_custom_interfaces:/home/martin/ros2_ws/install/dynamixel_sdk:/home/martin/ros2_ws/install/cylinder_detector_spawner:/home/martin/ros2_ws/install/SimpleLocalizer:/home/martin/install/turtlebot3_navigation2:/home/martin/install/turtlebot3_description:/home/martin/install/turtlebot3_cartographer:/home/martin/install/robotics_studio_1:/home/martin/install/localization_error_calculator:/home/martin/install/SimpleLocalizer /usr/bin/cmake --build /home/martin/ros2_ws/build/cylinder_detector_spawner -- -j8 -l8
[12.238s] Invoking command in '/home/martin/ros2_ws/build/cylinder_detector_spawner': CMAKE_PREFIX_PATH=/home/martin/ros2_ws/install/turtlesim:/home/martin/ros2_ws/install/turtlebot3:/home/martin/ros2_ws/install/turtlebot3_simulations:/home/martin/ros2_ws/install/turtlebot3_bringup:/home/martin/ros2_ws/install/turtlebot3_node:/home/martin/ros2_ws/install/turtlebot3_navigation2:/home/martin/ros2_ws/install/turtlebot3_fake_node:/home/martin/ros2_ws/install/turtlebot3_msgs:/home/martin/ros2_ws/install/turtlebot3_gazebo:/home/martin/ros2_ws/install/turtlebot3_description:/home/martin/ros2_ws/install/turtlebot3_cartographer:/home/martin/ros2_ws/install/scan_sub_pub:/home/martin/ros2_ws/install/turtlebot3_teleop:/home/martin/ros2_ws/install/turtlebot3_example:/opt/ros/humble:/home/martin/ros2_ws/install/localization_error_calculator:/home/martin/ros2_ws/install/dynamixel_sdk_examples:/home/martin/ros2_ws/install/dynamixel_sdk_custom_interfaces:/home/martin/ros2_ws/install/dynamixel_sdk:/home/martin/ros2_ws/install/cylinder_detector_spawner:/home/martin/ros2_ws/install/SimpleLocalizer:/home/martin/install/turtlebot3_navigation2:/home/martin/install/turtlebot3_description:/home/martin/install/turtlebot3_cartographer:/home/martin/install/robotics_studio_1:/home/martin/install/localization_error_calculator:/home/martin/install/SimpleLocalizer /usr/bin/cmake --install /home/martin/ros2_ws/build/cylinder_detector_spawner
[12.244s] -- Install configuration: ""
[12.244s] -- Installing: /home/martin/ros2_ws/install/cylinder_detector_spawner/lib/cylinder_detector_spawner/cylinder_detector
[12.247s] -- Set runtime path of "/home/martin/ros2_ws/install/cylinder_detector_spawner/lib/cylinder_detector_spawner/cylinder_detector" to ""
[12.247s] -- Installing: /home/martin/ros2_ws/install/cylinder_detector_spawner/lib/cylinder_detector_spawner/cylinder_spawner
[12.249s] -- Set runtime path of "/home/martin/ros2_ws/install/cylinder_detector_spawner/lib/cylinder_detector_spawner/cylinder_spawner" to ""
[12.249s] -- Installing: /home/martin/ros2_ws/install/cylinder_detector_spawner/share/ament_index/resource_index/package_run_dependencies/cylinder_detector_spawner
[12.250s] -- Installing: /home/martin/ros2_ws/install/cylinder_detector_spawner/share/ament_index/resource_index/parent_prefix_path/cylinder_detector_spawner
[12.250s] -- Up-to-date: /home/martin/ros2_ws/install/cylinder_detector_spawner/share/cylinder_detector_spawner/environment/ament_prefix_path.sh
[12.250s] -- Installing: /home/martin/ros2_ws/install/cylinder_detector_spawner/share/cylinder_detector_spawner/environment/ament_prefix_path.dsv
[12.250s] -- Up-to-date: /home/martin/ros2_ws/install/cylinder_detector_spawner/share/cylinder_detector_spawner/environment/path.sh
[12.250s] -- Installing: /home/martin/ros2_ws/install/cylinder_detector_spawner/share/cylinder_detector_spawner/environment/path.dsv
[12.250s] -- Up-to-date: /home/martin/ros2_ws/install/cylinder_detector_spawner/share/cylinder_detector_spawner/local_setup.bash
[12.250s] -- Up-to-date: /home/martin/ros2_ws/install/cylinder_detector_spawner/share/cylinder_detector_spawner/local_setup.sh
[12.250s] -- Up-to-date: /home/martin/ros2_ws/install/cylinder_detector_spawner/share/cylinder_detector_spawner/local_setup.zsh
[12.250s] -- Installing: /home/martin/ros2_ws/install/cylinder_detector_spawner/share/cylinder_detector_spawner/local_setup.dsv
[12.251s] -- Installing: /home/martin/ros2_ws/install/cylinder_detector_spawner/share/cylinder_detector_spawner/package.dsv
[12.251s] -- Up-to-date: /home/martin/ros2_ws/install/cylinder_detector_spawner/share/ament_index/resource_index/packages/cylinder_detector_spawner
[12.251s] -- Up-to-date: /home/martin/ros2_ws/install/cylinder_detector_spawner/share/cylinder_detector_spawner/cmake/cylinder_detector_spawnerConfig.cmake
[12.251s] -- Up-to-date: /home/martin/ros2_ws/install/cylinder_detector_spawner/share/cylinder_detector_spawner/cmake/cylinder_detector_spawnerConfig-version.cmake
[12.251s] -- Installing: /home/martin/ros2_ws/install/cylinder_detector_spawner/share/cylinder_detector_spawner/package.xml
[12.252s] Invoked command in '/home/martin/ros2_ws/build/cylinder_detector_spawner' returned '0': CMAKE_PREFIX_PATH=/home/martin/ros2_ws/install/turtlesim:/home/martin/ros2_ws/install/turtlebot3:/home/martin/ros2_ws/install/turtlebot3_simulations:/home/martin/ros2_ws/install/turtlebot3_bringup:/home/martin/ros2_ws/install/turtlebot3_node:/home/martin/ros2_ws/install/turtlebot3_navigation2:/home/martin/ros2_ws/install/turtlebot3_fake_node:/home/martin/ros2_ws/install/turtlebot3_msgs:/home/martin/ros2_ws/install/turtlebot3_gazebo:/home/martin/ros2_ws/install/turtlebot3_description:/home/martin/ros2_ws/install/turtlebot3_cartographer:/home/martin/ros2_ws/install/scan_sub_pub:/home/martin/ros2_ws/install/turtlebot3_teleop:/home/martin/ros2_ws/install/turtlebot3_example:/opt/ros/humble:/home/martin/ros2_ws/install/localization_error_calculator:/home/martin/ros2_ws/install/dynamixel_sdk_examples:/home/martin/ros2_ws/install/dynamixel_sdk_custom_interfaces:/home/martin/ros2_ws/install/dynamixel_sdk:/home/martin/ros2_ws/install/cylinder_detector_spawner:/home/martin/ros2_ws/install/SimpleLocalizer:/home/martin/install/turtlebot3_navigation2:/home/martin/install/turtlebot3_description:/home/martin/install/turtlebot3_cartographer:/home/martin/install/robotics_studio_1:/home/martin/install/localization_error_calculator:/home/martin/install/SimpleLocalizer /usr/bin/cmake --install /home/martin/ros2_ws/build/cylinder_detector_spawner
