[0.044s] Invoking command in '/home/martin/ros2_ws/build/turtlesim': CMAKE_PREFIX_PATH=${CMAKE_PREFIX_PATH}:/home/martin/ros2_ws/install/turtlebot3_teleop:/home/martin/ros2_ws/install/turtlebot3_example:/opt/ros/humble /usr/bin/cmake --build /home/martin/ros2_ws/build/turtlesim -- -j8 -l8
[0.106s] [  1%] Built target turtlesim__cpp
[0.109s] [ 11%] Built target turtlesim__rosidl_generator_c
[0.123s] [ 11%] Built target ament_cmake_python_symlink_turtlesim
[0.149s] [ 21%] Built target turtlesim__rosidl_typesupport_cpp
[0.149s] [ 31%] Built target turtlesim__rosidl_typesupport_introspection_cpp
[0.149s] [ 41%] Built target turtlesim__rosidl_typesupport_fastrtps_cpp
[0.153s] [ 59%] Built target turtlesim__rosidl_typesupport_introspection_c
[0.154s] [ 61%] Built target turtlesim__rosidl_typesupport_fastrtps_c
[0.156s] [ 71%] Built target turtlesim__rosidl_typesupport_c
[0.185s] [ 73%] Built target draw_square
[0.186s] [ 79%] Built target turtlesim_node
[0.187s] [ 79%] Built target turtlesim
[0.188s] [ 81%] Built target mimic
[0.189s] [ 83%] Built target turtle_teleop_key
[0.208s] [ 84%] Built target turtlesim__py
[0.232s] [ 93%] Built target turtlesim__rosidl_generator_py
[0.256s] [ 95%] Built target turtlesim__rosidl_typesupport_introspection_c__pyext
[0.257s] [ 97%] Built target turtlesim__rosidl_typesupport_c__pyext
[0.262s] [100%] Built target turtlesim__rosidl_typesupport_fastrtps_c__pyext
[0.425s] running egg_info
[0.426s] writing turtlesim.egg-info/PKG-INFO
[0.426s] writing dependency_links to turtlesim.egg-info/dependency_links.txt
[0.426s] writing top-level names to turtlesim.egg-info/top_level.txt
[0.428s] reading manifest file 'turtlesim.egg-info/SOURCES.txt'
[0.429s] writing manifest file 'turtlesim.egg-info/SOURCES.txt'
[0.454s] [100%] Built target ament_cmake_python_build_turtlesim_egg
