[0.011s] Invoking command in '/home/martin/ros2_ws/build/turtlebot3_node': AMENT_PREFIX_PATH=/home/martin/ros2_ws/install/turtlebot3_msgs:/home/martin/ros2_ws/install/dynamixel_sdk:${AMENT_PREFIX_PATH} CMAKE_PREFIX_PATH=/home/martin/ros2_ws/install/turtlebot3_msgs:/home/martin/ros2_ws/install/dynamixel_sdk:/opt/ros/humble LD_LIBRARY_PATH=/home/martin/ros2_ws/install/turtlebot3_msgs/lib:/home/martin/ros2_ws/install/dynamixel_sdk/lib:${LD_LIBRARY_PATH} PYTHONPATH=/home/martin/ros2_ws/install/turtlebot3_msgs/local/lib/python3.10/dist-packages:${PYTHONPATH} /usr/bin/cmake /home/martin/ros2_ws/src/turtlebot3/turtlebot3_node -DAMENT_CMAKE_SYMLINK_INSTALL=1 -DCMAKE_INSTALL_PREFIX=/home/martin/ros2_ws/install/turtlebot3_node
[0.055s] -- The C compiler identification is GNU 11.4.0
[0.127s] -- The CXX compiler identification is GNU 11.4.0
[0.136s] -- Detecting C compiler ABI info
[0.201s] -- Detecting C compiler ABI info - done
[0.209s] -- Check for working C compiler: /usr/bin/cc - skipped
[0.209s] -- Detecting C compile features
[0.210s] -- Detecting C compile features - done
[0.213s] -- Detecting CXX compiler ABI info
[0.280s] -- Detecting CXX compiler ABI info - done
[0.288s] -- Check for working CXX compiler: /usr/bin/c++ - skipped
[0.288s] -- Detecting CXX compile features
[0.288s] -- Detecting CXX compile features - done
[0.291s] -- Found ament_cmake: 1.3.10 (/opt/ros/humble/share/ament_cmake/cmake)
[0.433s] -- Found Python3: /usr/bin/python3 (found version "3.10.12") found components: Interpreter 
[0.489s] -- Override CMake install command with custom implementation using symlinks instead of copying resources
[0.530s] -- Found dynamixel_sdk: 3.7.60 (/home/martin/ros2_ws/install/dynamixel_sdk/share/dynamixel_sdk/cmake)
[0.534s] -- Found geometry_msgs: 4.2.4 (/opt/ros/humble/share/geometry_msgs/cmake)
[0.576s] -- Found rosidl_generator_c: 3.1.5 (/opt/ros/humble/share/rosidl_generator_c/cmake)
[0.581s] -- Found rosidl_adapter: 3.1.5 (/opt/ros/humble/share/rosidl_adapter/cmake)
[0.589s] -- Found rosidl_generator_cpp: 3.1.5 (/opt/ros/humble/share/rosidl_generator_cpp/cmake)
[0.601s] -- Using all available rosidl_typesupport_c: rosidl_typesupport_fastrtps_c;rosidl_typesupport_introspection_c
[0.617s] -- Using all available rosidl_typesupport_cpp: rosidl_typesupport_fastrtps_cpp;rosidl_typesupport_introspection_cpp
[0.658s] -- Found message_filters: 4.3.4 (/opt/ros/humble/share/message_filters/cmake)
[0.704s] -- Found rmw_implementation_cmake: 6.1.2 (/opt/ros/humble/share/rmw_implementation_cmake/cmake)
[0.707s] -- Found rmw_fastrtps_cpp: 6.2.7 (/opt/ros/humble/share/rmw_fastrtps_cpp/cmake)
[0.790s] -- Found OpenSSL: /usr/lib/x86_64-linux-gnu/libcrypto.so (found version "3.0.2")  
[0.818s] -- Found FastRTPS: /opt/ros/humble/include  
[0.861s] -- Using RMW implementation 'rmw_fastrtps_cpp' as default
[0.870s] -- Looking for pthread.h
[0.945s] -- Looking for pthread.h - found
[0.945s] -- Performing Test CMAKE_HAVE_LIBC_PTHREAD
[1.014s] -- Performing Test CMAKE_HAVE_LIBC_PTHREAD - Success
[1.015s] -- Found Threads: TRUE  
[1.055s] -- Found nav_msgs: 4.2.4 (/opt/ros/humble/share/nav_msgs/cmake)
[1.075s] -- Found sensor_msgs: 4.2.4 (/opt/ros/humble/share/sensor_msgs/cmake)
[1.095s] -- Found std_srvs: 4.2.4 (/opt/ros/humble/share/std_srvs/cmake)
[1.107s] -- Found tf2: 0.25.7 (/opt/ros/humble/share/tf2/cmake)
[1.117s] -- Found tf2_ros: 0.25.7 (/opt/ros/humble/share/tf2_ros/cmake)
[1.212s] -- Found turtlebot3_msgs: 2.2.3 (/home/martin/ros2_ws/install/turtlebot3_msgs/share/turtlebot3_msgs/cmake)
[1.301s] -- Configuring done
[1.319s] -- Generating done
[1.321s] -- Build files have been written to: /home/martin/ros2_ws/build/turtlebot3_node
[1.331s] Invoked command in '/home/martin/ros2_ws/build/turtlebot3_node' returned '0': AMENT_PREFIX_PATH=/home/martin/ros2_ws/install/turtlebot3_msgs:/home/martin/ros2_ws/install/dynamixel_sdk:${AMENT_PREFIX_PATH} CMAKE_PREFIX_PATH=/home/martin/ros2_ws/install/turtlebot3_msgs:/home/martin/ros2_ws/install/dynamixel_sdk:/opt/ros/humble LD_LIBRARY_PATH=/home/martin/ros2_ws/install/turtlebot3_msgs/lib:/home/martin/ros2_ws/install/dynamixel_sdk/lib:${LD_LIBRARY_PATH} PYTHONPATH=/home/martin/ros2_ws/install/turtlebot3_msgs/local/lib/python3.10/dist-packages:${PYTHONPATH} /usr/bin/cmake /home/martin/ros2_ws/src/turtlebot3/turtlebot3_node -DAMENT_CMAKE_SYMLINK_INSTALL=1 -DCMAKE_INSTALL_PREFIX=/home/martin/ros2_ws/install/turtlebot3_node
[1.332s] Invoking command in '/home/martin/ros2_ws/build/turtlebot3_node': AMENT_PREFIX_PATH=/home/martin/ros2_ws/install/turtlebot3_msgs:/home/martin/ros2_ws/install/dynamixel_sdk:${AMENT_PREFIX_PATH} CMAKE_PREFIX_PATH=/home/martin/ros2_ws/install/turtlebot3_msgs:/home/martin/ros2_ws/install/dynamixel_sdk:/opt/ros/humble LD_LIBRARY_PATH=/home/martin/ros2_ws/install/turtlebot3_msgs/lib:/home/martin/ros2_ws/install/dynamixel_sdk/lib:${LD_LIBRARY_PATH} PYTHONPATH=/home/martin/ros2_ws/install/turtlebot3_msgs/local/lib/python3.10/dist-packages:${PYTHONPATH} /usr/bin/cmake --build /home/martin/ros2_ws/build/turtlebot3_node -- -j8 -l8
[1.384s] [  7%] [32mBuilding CXX object CMakeFiles/turtlebot3_node_lib.dir/src/devices/motor_power.cpp.o[0m
[1.384s] [ 14%] [32mBuilding CXX object CMakeFiles/turtlebot3_node_lib.dir/src/devices/sound.cpp.o[0m
[1.384s] [ 21%] [32mBuilding CXX object CMakeFiles/turtlebot3_node_lib.dir/src/diff_drive_controller.cpp.o[0m
[1.384s] [ 28%] [32mBuilding CXX object CMakeFiles/turtlebot3_node_lib.dir/src/dynamixel_sdk_wrapper.cpp.o[0m
[1.384s] [ 35%] [32mBuilding CXX object CMakeFiles/turtlebot3_node_lib.dir/src/odometry.cpp.o[0m
[1.386s] [ 42%] [32mBuilding CXX object CMakeFiles/turtlebot3_node_lib.dir/src/sensors/battery_state.cpp.o[0m
[1.387s] [ 50%] [32mBuilding CXX object CMakeFiles/turtlebot3_node_lib.dir/src/devices/reset.cpp.o[0m
[1.393s] [ 57%] [32mBuilding CXX object CMakeFiles/turtlebot3_node_lib.dir/src/turtlebot3.cpp.o[0m
[2.847s] [ 64%] [32mBuilding CXX object CMakeFiles/turtlebot3_node_lib.dir/src/sensors/imu.cpp.o[0m
[7.659s] [ 71%] [32mBuilding CXX object CMakeFiles/turtlebot3_node_lib.dir/src/sensors/joint_state.cpp.o[0m
[9.584s] [ 78%] [32mBuilding CXX object CMakeFiles/turtlebot3_node_lib.dir/src/sensors/sensor_state.cpp.o[0m
[22.169s] [ 85%] [32m[1mLinking CXX static library libturtlebot3_node_lib.a[0m
[22.650s] [ 85%] Built target turtlebot3_node_lib
[22.665s] [ 92%] [32mBuilding CXX object CMakeFiles/turtlebot3_ros.dir/src/node_main.cpp.o[0m
[25.908s] [100%] [32m[1mLinking CXX executable turtlebot3_ros[0m
[27.947s] [100%] Built target turtlebot3_ros
[27.957s] Invoked command in '/home/martin/ros2_ws/build/turtlebot3_node' returned '0': AMENT_PREFIX_PATH=/home/martin/ros2_ws/install/turtlebot3_msgs:/home/martin/ros2_ws/install/dynamixel_sdk:${AMENT_PREFIX_PATH} CMAKE_PREFIX_PATH=/home/martin/ros2_ws/install/turtlebot3_msgs:/home/martin/ros2_ws/install/dynamixel_sdk:/opt/ros/humble LD_LIBRARY_PATH=/home/martin/ros2_ws/install/turtlebot3_msgs/lib:/home/martin/ros2_ws/install/dynamixel_sdk/lib:${LD_LIBRARY_PATH} PYTHONPATH=/home/martin/ros2_ws/install/turtlebot3_msgs/local/lib/python3.10/dist-packages:${PYTHONPATH} /usr/bin/cmake --build /home/martin/ros2_ws/build/turtlebot3_node -- -j8 -l8
[27.995s] Invoking command in '/home/martin/ros2_ws/build/turtlebot3_node': AMENT_PREFIX_PATH=/home/martin/ros2_ws/install/turtlebot3_msgs:/home/martin/ros2_ws/install/dynamixel_sdk:${AMENT_PREFIX_PATH} CMAKE_PREFIX_PATH=/home/martin/ros2_ws/install/turtlebot3_msgs:/home/martin/ros2_ws/install/dynamixel_sdk:/opt/ros/humble LD_LIBRARY_PATH=/home/martin/ros2_ws/install/turtlebot3_msgs/lib:/home/martin/ros2_ws/install/dynamixel_sdk/lib:${LD_LIBRARY_PATH} PYTHONPATH=/home/martin/ros2_ws/install/turtlebot3_msgs/local/lib/python3.10/dist-packages:${PYTHONPATH} /usr/bin/cmake --install /home/martin/ros2_ws/build/turtlebot3_node
[28.000s] -- Install configuration: ""
[28.001s] -- Execute custom install script
[28.001s] -- Symlinking: /home/martin/ros2_ws/install/turtlebot3_node/share/turtlebot3_node/param/burger.yaml
[28.008s] -- Symlinking: /home/martin/ros2_ws/install/turtlebot3_node/share/turtlebot3_node/param/waffle.yaml
[28.015s] -- Symlinking: /home/martin/ros2_ws/install/turtlebot3_node/share/turtlebot3_node/param/waffle_pi.yaml
[28.022s] -- Symlinking: /home/martin/ros2_ws/install/turtlebot3_node/lib/turtlebot3_node/turtlebot3_ros
[28.029s] -- Symlinking: /home/martin/ros2_ws/install/turtlebot3_node/share/ament_index/resource_index/package_run_dependencies/turtlebot3_node
[28.036s] -- Symlinking: /home/martin/ros2_ws/install/turtlebot3_node/share/ament_index/resource_index/parent_prefix_path/turtlebot3_node
[28.044s] -- Symlinking: /home/martin/ros2_ws/install/turtlebot3_node/share/turtlebot3_node/environment/ament_prefix_path.sh
[28.051s] -- Symlinking: /home/martin/ros2_ws/install/turtlebot3_node/share/turtlebot3_node/environment/ament_prefix_path.dsv
[28.058s] -- Symlinking: /home/martin/ros2_ws/install/turtlebot3_node/share/turtlebot3_node/environment/path.sh
[28.065s] -- Symlinking: /home/martin/ros2_ws/install/turtlebot3_node/share/turtlebot3_node/environment/path.dsv
[28.073s] -- Symlinking: /home/martin/ros2_ws/install/turtlebot3_node/share/turtlebot3_node/local_setup.bash
[28.080s] -- Symlinking: /home/martin/ros2_ws/install/turtlebot3_node/share/turtlebot3_node/local_setup.sh
[28.087s] -- Symlinking: /home/martin/ros2_ws/install/turtlebot3_node/share/turtlebot3_node/local_setup.zsh
[28.095s] -- Symlinking: /home/martin/ros2_ws/install/turtlebot3_node/share/turtlebot3_node/local_setup.dsv
[28.102s] -- Symlinking: /home/martin/ros2_ws/install/turtlebot3_node/share/turtlebot3_node/package.dsv
[28.110s] -- Symlinking: /home/martin/ros2_ws/install/turtlebot3_node/share/ament_index/resource_index/packages/turtlebot3_node
[28.117s] -- Symlinking: /home/martin/ros2_ws/install/turtlebot3_node/share/turtlebot3_node/cmake/ament_cmake_export_include_directories-extras.cmake
[28.124s] -- Symlinking: /home/martin/ros2_ws/install/turtlebot3_node/share/turtlebot3_node/cmake/turtlebot3_nodeConfig.cmake
[28.132s] -- Symlinking: /home/martin/ros2_ws/install/turtlebot3_node/share/turtlebot3_node/cmake/turtlebot3_nodeConfig-version.cmake
[28.139s] -- Symlinking: /home/martin/ros2_ws/install/turtlebot3_node/share/turtlebot3_node/package.xml
[28.148s] Invoked command in '/home/martin/ros2_ws/build/turtlebot3_node' returned '0': AMENT_PREFIX_PATH=/home/martin/ros2_ws/install/turtlebot3_msgs:/home/martin/ros2_ws/install/dynamixel_sdk:${AMENT_PREFIX_PATH} CMAKE_PREFIX_PATH=/home/martin/ros2_ws/install/turtlebot3_msgs:/home/martin/ros2_ws/install/dynamixel_sdk:/opt/ros/humble LD_LIBRARY_PATH=/home/martin/ros2_ws/install/turtlebot3_msgs/lib:/home/martin/ros2_ws/install/dynamixel_sdk/lib:${LD_LIBRARY_PATH} PYTHONPATH=/home/martin/ros2_ws/install/turtlebot3_msgs/local/lib/python3.10/dist-packages:${PYTHONPATH} /usr/bin/cmake --install /home/martin/ros2_ws/build/turtlebot3_node
