[0.726s] Invoking command in '/home/martin/ros2_ws/build/turtlesim': CMAKE_PREFIX_PATH=/opt/ros/humble /usr/bin/cmake --build /home/martin/ros2_ws/build/turtlesim -- -j8 -l8
[1.475s] [35m[1mConsolidate compiler generated dependencies of target turtlesim__rosidl_generator_c[0m
[1.475s] [  1%] Built target turtlesim__cpp
[1.475s] [  1%] Built target ament_cmake_python_symlink_turtlesim
[1.475s] [ 11%] Built target turtlesim__rosidl_generator_c
[1.475s] [35m[1mConsolidate compiler generated dependencies of target turtlesim__rosidl_typesupport_fastrtps_cpp[0m
[1.476s] [35m[1mConsolidate compiler generated dependencies of target turtlesim__rosidl_typesupport_cpp[0m
[1.476s] [35m[1mConsolidate compiler generated dependencies of target turtlesim__rosidl_typesupport_introspection_cpp[0m
[1.480s] [35m[1mConsolidate compiler generated dependencies of target turtlesim__rosidl_typesupport_c[0m
[1.480s] [35m[1mConsolidate compiler generated dependencies of target turtlesim__rosidl_typesupport_introspection_c[0m
[1.480s] [35m[1mConsolidate compiler generated dependencies of target turtlesim__rosidl_typesupport_fastrtps_c[0m
[1.480s] [ 21%] Built target turtlesim__rosidl_typesupport_cpp
[1.480s] [ 31%] Built target turtlesim__rosidl_typesupport_fastrtps_cpp
[1.481s] [ 41%] Built target turtlesim__rosidl_typesupport_introspection_cpp
[1.481s] [ 51%] Built target turtlesim__rosidl_typesupport_c
[1.481s] [35m[1mConsolidate compiler generated dependencies of target turtle_teleop_key[0m
[1.481s] [35m[1mConsolidate compiler generated dependencies of target draw_square[0m
[1.481s] [ 61%] Built target turtlesim__rosidl_typesupport_introspection_c
[1.481s] [35m[1mConsolidate compiler generated dependencies of target turtlesim_node[0m
[1.482s] [35m[1mConsolidate compiler generated dependencies of target mimic[0m
[1.487s] [ 71%] Built target turtlesim__rosidl_typesupport_fastrtps_c
[1.487s] [ 73%] Built target draw_square
[1.488s] [ 75%] Built target turtle_teleop_key
[1.489s] [ 77%] Built target mimic
[1.490s] [ 83%] Built target turtlesim_node
[1.501s] [ 83%] Built target turtlesim
[1.501s] [ 84%] Built target turtlesim__py
[1.502s] [35m[1mConsolidate compiler generated dependencies of target turtlesim__rosidl_generator_py[0m
[1.502s] [ 93%] Built target turtlesim__rosidl_generator_py
[1.503s] [35m[1mConsolidate compiler generated dependencies of target turtlesim__rosidl_typesupport_introspection_c__pyext[0m
[1.503s] [35m[1mConsolidate compiler generated dependencies of target turtlesim__rosidl_typesupport_c__pyext[0m
[1.503s] [35m[1mConsolidate compiler generated dependencies of target turtlesim__rosidl_typesupport_fastrtps_c__pyext[0m
[1.510s] [ 95%] Built target turtlesim__rosidl_typesupport_introspection_c__pyext
[1.510s] [ 97%] Built target turtlesim__rosidl_typesupport_c__pyext
[1.511s] [100%] Built target turtlesim__rosidl_typesupport_fastrtps_c__pyext
[1.791s] running egg_info
[1.794s] writing turtlesim.egg-info/PKG-INFO
[1.799s] writing dependency_links to turtlesim.egg-info/dependency_links.txt
[1.804s] writing top-level names to turtlesim.egg-info/top_level.txt
[1.823s] reading manifest file 'turtlesim.egg-info/SOURCES.txt'
[1.836s] writing manifest file 'turtlesim.egg-info/SOURCES.txt'
[1.979s] [100%] Built target ament_cmake_python_build_turtlesim_egg
[2.037s] Invoked command in '/home/martin/ros2_ws/build/turtlesim' returned '0': CMAKE_PREFIX_PATH=/opt/ros/humble /usr/bin/cmake --build /home/martin/ros2_ws/build/turtlesim -- -j8 -l8
[2.705s] Invoking command in '/home/martin/ros2_ws/build/turtlesim': CMAKE_PREFIX_PATH=/opt/ros/humble /usr/bin/cmake --install /home/martin/ros2_ws/build/turtlesim
[2.722s] -- Install configuration: ""
[2.723s] -- Execute custom install script
[2.724s] -- Up-to-date symlink: /home/martin/ros2_ws/install/turtlesim/share/ament_index/resource_index/rosidl_interfaces/turtlesim
[2.725s] -- Up-to-date symlink: /home/martin/ros2_ws/install/turtlesim/include/turtlesim/turtlesim/action/detail/rotate_absolute__functions.h
[2.726s] -- Up-to-date symlink: /home/martin/ros2_ws/install/turtlesim/include/turtlesim/turtlesim/action/detail/rotate_absolute__struct.h
[2.727s] -- Up-to-date symlink: /home/martin/ros2_ws/install/turtlesim/include/turtlesim/turtlesim/action/detail/rotate_absolute__type_support.h
[2.727s] -- Up-to-date symlink: /home/martin/ros2_ws/install/turtlesim/include/turtlesim/turtlesim/action/rotate_absolute.h
[2.728s] -- Up-to-date symlink: /home/martin/ros2_ws/install/turtlesim/include/turtlesim/turtlesim/msg/color.h
[2.729s] -- Up-to-date symlink: /home/martin/ros2_ws/install/turtlesim/include/turtlesim/turtlesim/msg/detail/color__functions.h
[2.729s] -- Up-to-date symlink: /home/martin/ros2_ws/install/turtlesim/include/turtlesim/turtlesim/msg/detail/color__struct.h
[2.731s] -- Up-to-date symlink: /home/martin/ros2_ws/install/turtlesim/include/turtlesim/turtlesim/msg/detail/color__type_support.h
[2.731s] -- Up-to-date symlink: /home/martin/ros2_ws/install/turtlesim/include/turtlesim/turtlesim/msg/detail/pose__functions.h
[2.732s] -- Up-to-date symlink: /home/martin/ros2_ws/install/turtlesim/include/turtlesim/turtlesim/msg/detail/pose__struct.h
[2.732s] -- Up-to-date symlink: /home/martin/ros2_ws/install/turtlesim/include/turtlesim/turtlesim/msg/detail/pose__type_support.h
[2.733s] -- Up-to-date symlink: /home/martin/ros2_ws/install/turtlesim/include/turtlesim/turtlesim/msg/pose.h
[2.733s] -- Up-to-date symlink: /home/martin/ros2_ws/install/turtlesim/include/turtlesim/turtlesim/msg/rosidl_generator_c__visibility_control.h
[2.734s] -- Up-to-date symlink: /home/martin/ros2_ws/install/turtlesim/include/turtlesim/turtlesim/srv/detail/kill__functions.h
[2.734s] -- Up-to-date symlink: /home/martin/ros2_ws/install/turtlesim/include/turtlesim/turtlesim/srv/detail/kill__struct.h
[2.735s] -- Up-to-date symlink: /home/martin/ros2_ws/install/turtlesim/include/turtlesim/turtlesim/srv/detail/kill__type_support.h
[2.735s] -- Up-to-date symlink: /home/martin/ros2_ws/install/turtlesim/include/turtlesim/turtlesim/srv/detail/set_pen__functions.h
[2.736s] -- Up-to-date symlink: /home/martin/ros2_ws/install/turtlesim/include/turtlesim/turtlesim/srv/detail/set_pen__struct.h
[2.736s] -- Up-to-date symlink: /home/martin/ros2_ws/install/turtlesim/include/turtlesim/turtlesim/srv/detail/set_pen__type_support.h
[2.737s] -- Up-to-date symlink: /home/martin/ros2_ws/install/turtlesim/include/turtlesim/turtlesim/srv/detail/spawn__functions.h
[2.737s] -- Up-to-date symlink: /home/martin/ros2_ws/install/turtlesim/include/turtlesim/turtlesim/srv/detail/spawn__struct.h
[2.738s] -- Up-to-date symlink: /home/martin/ros2_ws/install/turtlesim/include/turtlesim/turtlesim/srv/detail/spawn__type_support.h
[2.738s] -- Up-to-date symlink: /home/martin/ros2_ws/install/turtlesim/include/turtlesim/turtlesim/srv/detail/teleport_absolute__functions.h
[2.738s] -- Up-to-date symlink: /home/martin/ros2_ws/install/turtlesim/include/turtlesim/turtlesim/srv/detail/teleport_absolute__struct.h
[2.739s] -- Up-to-date symlink: /home/martin/ros2_ws/install/turtlesim/include/turtlesim/turtlesim/srv/detail/teleport_absolute__type_support.h
[2.740s] -- Up-to-date symlink: /home/martin/ros2_ws/install/turtlesim/include/turtlesim/turtlesim/srv/detail/teleport_relative__functions.h
[2.740s] -- Up-to-date symlink: /home/martin/ros2_ws/install/turtlesim/include/turtlesim/turtlesim/srv/detail/teleport_relative__struct.h
[2.741s] -- Up-to-date symlink: /home/martin/ros2_ws/install/turtlesim/include/turtlesim/turtlesim/srv/detail/teleport_relative__type_support.h
[2.741s] -- Up-to-date symlink: /home/martin/ros2_ws/install/turtlesim/include/turtlesim/turtlesim/srv/kill.h
[2.746s] -- Up-to-date symlink: /home/martin/ros2_ws/install/turtlesim/include/turtlesim/turtlesim/srv/set_pen.h
[2.748s] -- Up-to-date symlink: /home/martin/ros2_ws/install/turtlesim/include/turtlesim/turtlesim/srv/spawn.h
[2.749s] -- Up-to-date symlink: /home/martin/ros2_ws/install/turtlesim/include/turtlesim/turtlesim/srv/teleport_absolute.h
[2.756s] -- Up-to-date symlink: /home/martin/ros2_ws/install/turtlesim/include/turtlesim/turtlesim/srv/teleport_relative.h
[2.757s] -- Up-to-date symlink: /home/martin/ros2_ws/install/turtlesim/share/turtlesim/environment/library_path.sh
[2.757s] -- Up-to-date symlink: /home/martin/ros2_ws/install/turtlesim/share/turtlesim/environment/library_path.dsv
[2.758s] -- Up-to-date symlink: /home/martin/ros2_ws/install/turtlesim/include/turtlesim/turtlesim/action/detail/rotate_absolute__rosidl_typesupport_fastrtps_c.h
[2.758s] -- Up-to-date symlink: /home/martin/ros2_ws/install/turtlesim/include/turtlesim/turtlesim/msg/detail/color__rosidl_typesupport_fastrtps_c.h
[2.762s] -- Up-to-date symlink: /home/martin/ros2_ws/install/turtlesim/include/turtlesim/turtlesim/msg/detail/pose__rosidl_typesupport_fastrtps_c.h
[2.763s] -- Up-to-date symlink: /home/martin/ros2_ws/install/turtlesim/include/turtlesim/turtlesim/msg/rosidl_typesupport_fastrtps_c__visibility_control.h
[2.763s] -- Up-to-date symlink: /home/martin/ros2_ws/install/turtlesim/include/turtlesim/turtlesim/srv/detail/kill__rosidl_typesupport_fastrtps_c.h
[2.764s] -- Up-to-date symlink: /home/martin/ros2_ws/install/turtlesim/include/turtlesim/turtlesim/srv/detail/set_pen__rosidl_typesupport_fastrtps_c.h
[2.764s] -- Up-to-date symlink: /home/martin/ros2_ws/install/turtlesim/include/turtlesim/turtlesim/srv/detail/spawn__rosidl_typesupport_fastrtps_c.h
[2.764s] -- Up-to-date symlink: /home/martin/ros2_ws/install/turtlesim/include/turtlesim/turtlesim/srv/detail/teleport_absolute__rosidl_typesupport_fastrtps_c.h
[2.765s] -- Up-to-date symlink: /home/martin/ros2_ws/install/turtlesim/include/turtlesim/turtlesim/srv/detail/teleport_relative__rosidl_typesupport_fastrtps_c.h
[2.765s] -- Up-to-date symlink: /home/martin/ros2_ws/install/turtlesim/include/turtlesim/turtlesim/action/detail/rotate_absolute__builder.hpp
[2.766s] -- Up-to-date symlink: /home/martin/ros2_ws/install/turtlesim/include/turtlesim/turtlesim/action/detail/rotate_absolute__struct.hpp
[2.769s] -- Up-to-date symlink: /home/martin/ros2_ws/install/turtlesim/include/turtlesim/turtlesim/action/detail/rotate_absolute__traits.hpp
[2.769s] -- Up-to-date symlink: /home/martin/ros2_ws/install/turtlesim/include/turtlesim/turtlesim/action/rotate_absolute.hpp
[2.770s] -- Up-to-date symlink: /home/martin/ros2_ws/install/turtlesim/include/turtlesim/turtlesim/msg/color.hpp
[2.770s] -- Up-to-date symlink: /home/martin/ros2_ws/install/turtlesim/include/turtlesim/turtlesim/msg/detail/color__builder.hpp
[2.771s] -- Up-to-date symlink: /home/martin/ros2_ws/install/turtlesim/include/turtlesim/turtlesim/msg/detail/color__struct.hpp
[2.775s] -- Up-to-date symlink: /home/martin/ros2_ws/install/turtlesim/include/turtlesim/turtlesim/msg/detail/color__traits.hpp
[2.776s] -- Up-to-date symlink: /home/martin/ros2_ws/install/turtlesim/include/turtlesim/turtlesim/msg/detail/pose__builder.hpp
[2.776s] -- Up-to-date symlink: /home/martin/ros2_ws/install/turtlesim/include/turtlesim/turtlesim/msg/detail/pose__struct.hpp
[2.776s] -- Up-to-date symlink: /home/martin/ros2_ws/install/turtlesim/include/turtlesim/turtlesim/msg/detail/pose__traits.hpp
[2.776s] -- Up-to-date symlink: /home/martin/ros2_ws/install/turtlesim/include/turtlesim/turtlesim/msg/pose.hpp
[2.777s] -- Up-to-date symlink: /home/martin/ros2_ws/install/turtlesim/include/turtlesim/turtlesim/srv/detail/kill__builder.hpp
[2.777s] -- Up-to-date symlink: /home/martin/ros2_ws/install/turtlesim/include/turtlesim/turtlesim/srv/detail/kill__struct.hpp
[2.777s] -- Up-to-date symlink: /home/martin/ros2_ws/install/turtlesim/include/turtlesim/turtlesim/srv/detail/kill__traits.hpp
[2.778s] -- Up-to-date symlink: /home/martin/ros2_ws/install/turtlesim/include/turtlesim/turtlesim/srv/detail/set_pen__builder.hpp
[2.778s] -- Up-to-date symlink: /home/martin/ros2_ws/install/turtlesim/include/turtlesim/turtlesim/srv/detail/set_pen__struct.hpp
[2.778s] -- Up-to-date symlink: /home/martin/ros2_ws/install/turtlesim/include/turtlesim/turtlesim/srv/detail/set_pen__traits.hpp
[2.778s] -- Up-to-date symlink: /home/martin/ros2_ws/install/turtlesim/include/turtlesim/turtlesim/srv/detail/spawn__builder.hpp
[2.779s] -- Up-to-date symlink: /home/martin/ros2_ws/install/turtlesim/include/turtlesim/turtlesim/srv/detail/spawn__struct.hpp
[2.782s] -- Up-to-date symlink: /home/martin/ros2_ws/install/turtlesim/include/turtlesim/turtlesim/srv/detail/spawn__traits.hpp
[2.782s] -- Up-to-date symlink: /home/martin/ros2_ws/install/turtlesim/include/turtlesim/turtlesim/srv/detail/teleport_absolute__builder.hpp
[2.782s] -- Up-to-date symlink: /home/martin/ros2_ws/install/turtlesim/include/turtlesim/turtlesim/srv/detail/teleport_absolute__struct.hpp
[2.783s] -- Up-to-date symlink: /home/martin/ros2_ws/install/turtlesim/include/turtlesim/turtlesim/srv/detail/teleport_absolute__traits.hpp
[2.783s] -- Up-to-date symlink: /home/martin/ros2_ws/install/turtlesim/include/turtlesim/turtlesim/srv/detail/teleport_relative__builder.hpp
[2.783s] -- Up-to-date symlink: /home/martin/ros2_ws/install/turtlesim/include/turtlesim/turtlesim/srv/detail/teleport_relative__struct.hpp
[2.783s] -- Up-to-date symlink: /home/martin/ros2_ws/install/turtlesim/include/turtlesim/turtlesim/srv/detail/teleport_relative__traits.hpp
[2.783s] -- Up-to-date symlink: /home/martin/ros2_ws/install/turtlesim/include/turtlesim/turtlesim/srv/kill.hpp
[2.783s] -- Up-to-date symlink: /home/martin/ros2_ws/install/turtlesim/include/turtlesim/turtlesim/srv/set_pen.hpp
[2.784s] -- Up-to-date symlink: /home/martin/ros2_ws/install/turtlesim/include/turtlesim/turtlesim/srv/spawn.hpp
[2.784s] -- Up-to-date symlink: /home/martin/ros2_ws/install/turtlesim/include/turtlesim/turtlesim/srv/teleport_absolute.hpp
[2.784s] -- Up-to-date symlink: /home/martin/ros2_ws/install/turtlesim/include/turtlesim/turtlesim/srv/teleport_relative.hpp
[2.784s] -- Up-to-date symlink: /home/martin/ros2_ws/install/turtlesim/include/turtlesim/turtlesim/action/detail/rotate_absolute__rosidl_typesupport_fastrtps_cpp.hpp
[2.784s] -- Up-to-date symlink: /home/martin/ros2_ws/install/turtlesim/include/turtlesim/turtlesim/msg/detail/color__rosidl_typesupport_fastrtps_cpp.hpp
[2.784s] -- Up-to-date symlink: /home/martin/ros2_ws/install/turtlesim/include/turtlesim/turtlesim/msg/detail/pose__rosidl_typesupport_fastrtps_cpp.hpp
[2.784s] -- Up-to-date symlink: /home/martin/ros2_ws/install/turtlesim/include/turtlesim/turtlesim/msg/rosidl_typesupport_fastrtps_cpp__visibility_control.h
[2.785s] -- Up-to-date symlink: /home/martin/ros2_ws/install/turtlesim/include/turtlesim/turtlesim/srv/detail/kill__rosidl_typesupport_fastrtps_cpp.hpp
[2.787s] -- Up-to-date symlink: /home/martin/ros2_ws/install/turtlesim/include/turtlesim/turtlesim/srv/detail/set_pen__rosidl_typesupport_fastrtps_cpp.hpp
[2.787s] -- Up-to-date symlink: /home/martin/ros2_ws/install/turtlesim/include/turtlesim/turtlesim/srv/detail/spawn__rosidl_typesupport_fastrtps_cpp.hpp
[2.788s] -- Up-to-date symlink: /home/martin/ros2_ws/install/turtlesim/include/turtlesim/turtlesim/srv/detail/teleport_absolute__rosidl_typesupport_fastrtps_cpp.hpp
[2.788s] -- Up-to-date symlink: /home/martin/ros2_ws/install/turtlesim/include/turtlesim/turtlesim/srv/detail/teleport_relative__rosidl_typesupport_fastrtps_cpp.hpp
[2.790s] -- Up-to-date symlink: /home/martin/ros2_ws/install/turtlesim/include/turtlesim/turtlesim/action/detail/rotate_absolute__rosidl_typesupport_introspection_c.h
[2.791s] -- Up-to-date symlink: /home/martin/ros2_ws/install/turtlesim/include/turtlesim/turtlesim/msg/detail/color__rosidl_typesupport_introspection_c.h
[2.791s] -- Up-to-date symlink: /home/martin/ros2_ws/install/turtlesim/include/turtlesim/turtlesim/msg/detail/pose__rosidl_typesupport_introspection_c.h
[2.791s] -- Up-to-date symlink: /home/martin/ros2_ws/install/turtlesim/include/turtlesim/turtlesim/msg/rosidl_typesupport_introspection_c__visibility_control.h
[2.791s] -- Up-to-date symlink: /home/martin/ros2_ws/install/turtlesim/include/turtlesim/turtlesim/srv/detail/kill__rosidl_typesupport_introspection_c.h
[2.794s] -- Up-to-date symlink: /home/martin/ros2_ws/install/turtlesim/include/turtlesim/turtlesim/srv/detail/set_pen__rosidl_typesupport_introspection_c.h
[2.794s] -- Up-to-date symlink: /home/martin/ros2_ws/install/turtlesim/include/turtlesim/turtlesim/srv/detail/spawn__rosidl_typesupport_introspection_c.h
[2.794s] -- Up-to-date symlink: /home/martin/ros2_ws/install/turtlesim/include/turtlesim/turtlesim/srv/detail/teleport_absolute__rosidl_typesupport_introspection_c.h
[2.794s] -- Up-to-date symlink: /home/martin/ros2_ws/install/turtlesim/include/turtlesim/turtlesim/srv/detail/teleport_relative__rosidl_typesupport_introspection_c.h
[2.795s] -- Up-to-date symlink: /home/martin/ros2_ws/install/turtlesim/include/turtlesim/turtlesim/action/detail/rotate_absolute__rosidl_typesupport_introspection_cpp.hpp
[2.795s] -- Up-to-date symlink: /home/martin/ros2_ws/install/turtlesim/include/turtlesim/turtlesim/msg/detail/color__rosidl_typesupport_introspection_cpp.hpp
[2.795s] -- Up-to-date symlink: /home/martin/ros2_ws/install/turtlesim/include/turtlesim/turtlesim/msg/detail/pose__rosidl_typesupport_introspection_cpp.hpp
[2.795s] -- Up-to-date symlink: /home/martin/ros2_ws/install/turtlesim/include/turtlesim/turtlesim/srv/detail/kill__rosidl_typesupport_introspection_cpp.hpp
[2.795s] -- Up-to-date symlink: /home/martin/ros2_ws/install/turtlesim/include/turtlesim/turtlesim/srv/detail/set_pen__rosidl_typesupport_introspection_cpp.hpp
[2.796s] -- Up-to-date symlink: /home/martin/ros2_ws/install/turtlesim/include/turtlesim/turtlesim/srv/detail/spawn__rosidl_typesupport_introspection_cpp.hpp
[2.796s] -- Up-to-date symlink: /home/martin/ros2_ws/install/turtlesim/include/turtlesim/turtlesim/srv/detail/teleport_absolute__rosidl_typesupport_introspection_cpp.hpp
[2.796s] -- Up-to-date symlink: /home/martin/ros2_ws/install/turtlesim/include/turtlesim/turtlesim/srv/detail/teleport_relative__rosidl_typesupport_introspection_cpp.hpp
[2.796s] -- Up-to-date symlink: /home/martin/ros2_ws/install/turtlesim/share/turtlesim/environment/pythonpath.sh
[2.800s] -- Up-to-date symlink: /home/martin/ros2_ws/install/turtlesim/share/turtlesim/environment/pythonpath.dsv
[2.800s] -- Up-to-date symlink: /home/martin/ros2_ws/install/turtlesim/local/lib/python3.10/dist-packages/turtlesim-1.4.2-py3.10.egg-info/PKG-INFO
[2.800s] -- Up-to-date symlink: /home/martin/ros2_ws/install/turtlesim/local/lib/python3.10/dist-packages/turtlesim-1.4.2-py3.10.egg-info/SOURCES.txt
[2.800s] -- Up-to-date symlink: /home/martin/ros2_ws/install/turtlesim/local/lib/python3.10/dist-packages/turtlesim-1.4.2-py3.10.egg-info/dependency_links.txt
[2.801s] -- Up-to-date symlink: /home/martin/ros2_ws/install/turtlesim/local/lib/python3.10/dist-packages/turtlesim-1.4.2-py3.10.egg-info/top_level.txt
[2.801s] -- Up-to-date symlink: /home/martin/ros2_ws/install/turtlesim/local/lib/python3.10/dist-packages/turtlesim/__init__.py
[2.801s] -- Up-to-date symlink: /home/martin/ros2_ws/install/turtlesim/local/lib/python3.10/dist-packages/turtlesim/_turtlesim_s.ep.rosidl_typesupport_c.c
[2.801s] -- Up-to-date symlink: /home/martin/ros2_ws/install/turtlesim/local/lib/python3.10/dist-packages/turtlesim/_turtlesim_s.ep.rosidl_typesupport_fastrtps_c.c
[2.801s] -- Up-to-date symlink: /home/martin/ros2_ws/install/turtlesim/local/lib/python3.10/dist-packages/turtlesim/_turtlesim_s.ep.rosidl_typesupport_introspection_c.c
[2.801s] -- Up-to-date symlink: /home/martin/ros2_ws/install/turtlesim/local/lib/python3.10/dist-packages/turtlesim/action/__init__.py
[2.801s] -- Up-to-date symlink: /home/martin/ros2_ws/install/turtlesim/local/lib/python3.10/dist-packages/turtlesim/action/_rotate_absolute.py
[2.802s] -- Up-to-date symlink: /home/martin/ros2_ws/install/turtlesim/local/lib/python3.10/dist-packages/turtlesim/action/_rotate_absolute_s.c
[2.802s] -- Up-to-date symlink: /home/martin/ros2_ws/install/turtlesim/local/lib/python3.10/dist-packages/turtlesim/libturtlesim__rosidl_generator_py.so
[2.802s] -- Up-to-date symlink: /home/martin/ros2_ws/install/turtlesim/local/lib/python3.10/dist-packages/turtlesim/msg/__init__.py
[2.802s] -- Up-to-date symlink: /home/martin/ros2_ws/install/turtlesim/local/lib/python3.10/dist-packages/turtlesim/msg/_color.py
[2.802s] -- Up-to-date symlink: /home/martin/ros2_ws/install/turtlesim/local/lib/python3.10/dist-packages/turtlesim/msg/_color_s.c
[2.802s] -- Up-to-date symlink: /home/martin/ros2_ws/install/turtlesim/local/lib/python3.10/dist-packages/turtlesim/msg/_pose.py
[2.802s] -- Up-to-date symlink: /home/martin/ros2_ws/install/turtlesim/local/lib/python3.10/dist-packages/turtlesim/msg/_pose_s.c
[2.802s] -- Up-to-date symlink: /home/martin/ros2_ws/install/turtlesim/local/lib/python3.10/dist-packages/turtlesim/srv/__init__.py
[2.803s] -- Up-to-date symlink: /home/martin/ros2_ws/install/turtlesim/local/lib/python3.10/dist-packages/turtlesim/srv/_kill.py
[2.807s] -- Up-to-date symlink: /home/martin/ros2_ws/install/turtlesim/local/lib/python3.10/dist-packages/turtlesim/srv/_kill_s.c
[2.807s] -- Up-to-date symlink: /home/martin/ros2_ws/install/turtlesim/local/lib/python3.10/dist-packages/turtlesim/srv/_set_pen.py
[2.807s] -- Up-to-date symlink: /home/martin/ros2_ws/install/turtlesim/local/lib/python3.10/dist-packages/turtlesim/srv/_set_pen_s.c
[2.807s] -- Up-to-date symlink: /home/martin/ros2_ws/install/turtlesim/local/lib/python3.10/dist-packages/turtlesim/srv/_spawn.py
[2.807s] -- Up-to-date symlink: /home/martin/ros2_ws/install/turtlesim/local/lib/python3.10/dist-packages/turtlesim/srv/_spawn_s.c
[2.808s] -- Up-to-date symlink: /home/martin/ros2_ws/install/turtlesim/local/lib/python3.10/dist-packages/turtlesim/srv/_teleport_absolute.py
[2.808s] -- Up-to-date symlink: /home/martin/ros2_ws/install/turtlesim/local/lib/python3.10/dist-packages/turtlesim/srv/_teleport_absolute_s.c
[2.808s] -- Up-to-date symlink: /home/martin/ros2_ws/install/turtlesim/local/lib/python3.10/dist-packages/turtlesim/srv/_teleport_relative.py
[2.808s] -- Up-to-date symlink: /home/martin/ros2_ws/install/turtlesim/local/lib/python3.10/dist-packages/turtlesim/srv/_teleport_relative_s.c
[2.808s] -- Up-to-date symlink: /home/martin/ros2_ws/install/turtlesim/local/lib/python3.10/dist-packages/turtlesim/turtlesim_s__rosidl_typesupport_c.cpython-310-x86_64-linux-gnu.so
[2.808s] -- Up-to-date symlink: /home/martin/ros2_ws/install/turtlesim/local/lib/python3.10/dist-packages/turtlesim/turtlesim_s__rosidl_typesupport_fastrtps_c.cpython-310-x86_64-linux-gnu.so
[2.808s] -- Up-to-date symlink: /home/martin/ros2_ws/install/turtlesim/local/lib/python3.10/dist-packages/turtlesim/turtlesim_s__rosidl_typesupport_introspection_c.cpython-310-x86_64-linux-gnu.so
[2.809s] -- Up-to-date symlink: /home/martin/ros2_ws/install/turtlesim/local/lib/python3.10/dist-packages/turtlesim/turtlesim_s__rosidl_typesupport_fastrtps_c.cpython-310-x86_64-linux-gnu.so
[2.809s] -- Up-to-date symlink: /home/martin/ros2_ws/install/turtlesim/local/lib/python3.10/dist-packages/turtlesim/turtlesim_s__rosidl_typesupport_introspection_c.cpython-310-x86_64-linux-gnu.so
[2.809s] -- Up-to-date symlink: /home/martin/ros2_ws/install/turtlesim/local/lib/python3.10/dist-packages/turtlesim/turtlesim_s__rosidl_typesupport_c.cpython-310-x86_64-linux-gnu.so
[2.809s] -- Up-to-date symlink: /home/martin/ros2_ws/install/turtlesim/share/turtlesim/action/RotateAbsolute.idl
[2.809s] -- Up-to-date symlink: /home/martin/ros2_ws/install/turtlesim/share/turtlesim/msg/Color.idl
[2.809s] -- Up-to-date symlink: /home/martin/ros2_ws/install/turtlesim/share/turtlesim/msg/Pose.idl
[2.809s] -- Up-to-date symlink: /home/martin/ros2_ws/install/turtlesim/share/turtlesim/srv/Kill.idl
[2.809s] -- Up-to-date symlink: /home/martin/ros2_ws/install/turtlesim/share/turtlesim/srv/SetPen.idl
[2.810s] -- Up-to-date symlink: /home/martin/ros2_ws/install/turtlesim/share/turtlesim/srv/Spawn.idl
[2.810s] -- Up-to-date symlink: /home/martin/ros2_ws/install/turtlesim/share/turtlesim/srv/TeleportAbsolute.idl
[2.810s] -- Up-to-date symlink: /home/martin/ros2_ws/install/turtlesim/share/turtlesim/srv/TeleportRelative.idl
[2.810s] -- Up-to-date symlink: /home/martin/ros2_ws/install/turtlesim/share/turtlesim/action/RotateAbsolute.action
[2.810s] -- Up-to-date symlink: /home/martin/ros2_ws/install/turtlesim/share/turtlesim/msg/Color.msg
[2.810s] -- Up-to-date symlink: /home/martin/ros2_ws/install/turtlesim/share/turtlesim/msg/Pose.msg
[2.811s] -- Up-to-date symlink: /home/martin/ros2_ws/install/turtlesim/share/turtlesim/srv/Kill.srv
[2.813s] -- Up-to-date symlink: /home/martin/ros2_ws/install/turtlesim/share/turtlesim/srv/Kill_Request.msg
[2.813s] -- Up-to-date symlink: /home/martin/ros2_ws/install/turtlesim/share/turtlesim/srv/Kill_Response.msg
[2.813s] -- Up-to-date symlink: /home/martin/ros2_ws/install/turtlesim/share/turtlesim/srv/SetPen.srv
[2.813s] -- Up-to-date symlink: /home/martin/ros2_ws/install/turtlesim/share/turtlesim/srv/SetPen_Request.msg
[2.813s] -- Up-to-date symlink: /home/martin/ros2_ws/install/turtlesim/share/turtlesim/srv/SetPen_Response.msg
[2.813s] -- Up-to-date symlink: /home/martin/ros2_ws/install/turtlesim/share/turtlesim/srv/Spawn.srv
[2.814s] -- Up-to-date symlink: /home/martin/ros2_ws/install/turtlesim/share/turtlesim/srv/Spawn_Request.msg
[2.814s] -- Up-to-date symlink: /home/martin/ros2_ws/install/turtlesim/share/turtlesim/srv/Spawn_Response.msg
[2.814s] -- Up-to-date symlink: /home/martin/ros2_ws/install/turtlesim/share/turtlesim/srv/TeleportAbsolute.srv
[2.814s] -- Up-to-date symlink: /home/martin/ros2_ws/install/turtlesim/share/turtlesim/srv/TeleportAbsolute_Request.msg
[2.814s] -- Up-to-date symlink: /home/martin/ros2_ws/install/turtlesim/share/turtlesim/srv/TeleportAbsolute_Response.msg
[2.814s] -- Up-to-date symlink: /home/martin/ros2_ws/install/turtlesim/share/turtlesim/srv/TeleportRelative.srv
[2.814s] -- Up-to-date symlink: /home/martin/ros2_ws/install/turtlesim/share/turtlesim/srv/TeleportRelative_Request.msg
[2.814s] -- Up-to-date symlink: /home/martin/ros2_ws/install/turtlesim/share/turtlesim/srv/TeleportRelative_Response.msg
[2.814s] -- Up-to-date symlink: /home/martin/ros2_ws/install/turtlesim/lib/turtlesim/turtlesim_node
[2.815s] -- Up-to-date symlink: /home/martin/ros2_ws/install/turtlesim/lib/turtlesim/turtle_teleop_key
[2.815s] -- Up-to-date symlink: /home/martin/ros2_ws/install/turtlesim/lib/turtlesim/draw_square
[2.815s] -- Up-to-date symlink: /home/martin/ros2_ws/install/turtlesim/lib/turtlesim/mimic
[2.815s] -- Up-to-date symlink: /home/martin/ros2_ws/install/turtlesim/share/turtlesim/launch/multisim.launch.py
[2.815s] -- Up-to-date symlink: /home/martin/ros2_ws/install/turtlesim/share/ament_index/resource_index/package_run_dependencies/turtlesim
[2.815s] -- Up-to-date symlink: /home/martin/ros2_ws/install/turtlesim/share/ament_index/resource_index/parent_prefix_path/turtlesim
[2.815s] -- Up-to-date symlink: /home/martin/ros2_ws/install/turtlesim/share/turtlesim/environment/ament_prefix_path.sh
[2.815s] -- Up-to-date symlink: /home/martin/ros2_ws/install/turtlesim/share/turtlesim/environment/ament_prefix_path.dsv
[2.815s] -- Up-to-date symlink: /home/martin/ros2_ws/install/turtlesim/share/turtlesim/environment/path.sh
[2.815s] -- Up-to-date symlink: /home/martin/ros2_ws/install/turtlesim/share/turtlesim/environment/path.dsv
[2.816s] -- Up-to-date symlink: /home/martin/ros2_ws/install/turtlesim/share/turtlesim/local_setup.bash
[2.816s] -- Up-to-date symlink: /home/martin/ros2_ws/install/turtlesim/share/turtlesim/local_setup.sh
[2.816s] -- Up-to-date symlink: /home/martin/ros2_ws/install/turtlesim/share/turtlesim/local_setup.zsh
[2.816s] -- Up-to-date symlink: /home/martin/ros2_ws/install/turtlesim/share/turtlesim/local_setup.dsv
[2.816s] -- Symlinking: /home/martin/ros2_ws/install/turtlesim/share/turtlesim/package.dsv
[2.841s] -- Up-to-date symlink: /home/martin/ros2_ws/install/turtlesim/share/ament_index/resource_index/packages/turtlesim
[2.842s] -- Up-to-date symlink: /home/martin/ros2_ws/install/turtlesim/share/turtlesim/cmake/rosidl_cmake-extras.cmake
[2.843s] -- Up-to-date symlink: /home/martin/ros2_ws/install/turtlesim/share/turtlesim/cmake/ament_cmake_export_dependencies-extras.cmake
[2.843s] -- Up-to-date symlink: /home/martin/ros2_ws/install/turtlesim/share/turtlesim/cmake/ament_cmake_export_include_directories-extras.cmake
[2.844s] -- Up-to-date symlink: /home/martin/ros2_ws/install/turtlesim/share/turtlesim/cmake/ament_cmake_export_libraries-extras.cmake
[2.845s] -- Up-to-date symlink: /home/martin/ros2_ws/install/turtlesim/share/turtlesim/cmake/ament_cmake_export_targets-extras.cmake
[2.848s] -- Up-to-date symlink: /home/martin/ros2_ws/install/turtlesim/share/turtlesim/cmake/rosidl_cmake_export_typesupport_targets-extras.cmake
[2.848s] -- Up-to-date symlink: /home/martin/ros2_ws/install/turtlesim/share/turtlesim/cmake/rosidl_cmake_export_typesupport_libraries-extras.cmake
[2.849s] -- Up-to-date symlink: /home/martin/ros2_ws/install/turtlesim/share/turtlesim/cmake/turtlesimConfig.cmake
[2.849s] -- Up-to-date symlink: /home/martin/ros2_ws/install/turtlesim/share/turtlesim/cmake/turtlesimConfig-version.cmake
[2.849s] -- Up-to-date symlink: /home/martin/ros2_ws/install/turtlesim/share/turtlesim/package.xml
[2.849s] -- Up-to-date: /home/martin/ros2_ws/install/turtlesim/lib/libturtlesim__rosidl_generator_c.so
[2.850s] -- Up-to-date: /home/martin/ros2_ws/install/turtlesim/lib/libturtlesim__rosidl_typesupport_fastrtps_c.so
[2.850s] -- Up-to-date: /home/martin/ros2_ws/install/turtlesim/lib/libturtlesim__rosidl_typesupport_fastrtps_cpp.so
[2.851s] -- Up-to-date: /home/martin/ros2_ws/install/turtlesim/lib/libturtlesim__rosidl_typesupport_introspection_c.so
[2.852s] -- Up-to-date: /home/martin/ros2_ws/install/turtlesim/lib/libturtlesim__rosidl_typesupport_c.so
[2.854s] -- Up-to-date: /home/martin/ros2_ws/install/turtlesim/lib/libturtlesim__rosidl_typesupport_introspection_cpp.so
[2.854s] -- Up-to-date: /home/martin/ros2_ws/install/turtlesim/lib/libturtlesim__rosidl_typesupport_cpp.so
[2.936s] Listing '/home/martin/ros2_ws/install/turtlesim/local/lib/python3.10/dist-packages/turtlesim'...
[2.936s] Listing '/home/martin/ros2_ws/install/turtlesim/local/lib/python3.10/dist-packages/turtlesim/action'...
[2.936s] Listing '/home/martin/ros2_ws/install/turtlesim/local/lib/python3.10/dist-packages/turtlesim/msg'...
[2.936s] Listing '/home/martin/ros2_ws/install/turtlesim/local/lib/python3.10/dist-packages/turtlesim/srv'...
[2.945s] -- Up-to-date: /home/martin/ros2_ws/install/turtlesim/lib/libturtlesim__rosidl_generator_py.so
[2.945s] -- Up-to-date: /home/martin/ros2_ws/install/turtlesim/share/turtlesim/images
[2.946s] -- Up-to-date: /home/martin/ros2_ws/install/turtlesim/share/turtlesim/images/ardent.png
[2.946s] -- Up-to-date: /home/martin/ros2_ws/install/turtlesim/share/turtlesim/images/eloquent.png
[2.946s] -- Up-to-date: /home/martin/ros2_ws/install/turtlesim/share/turtlesim/images/galactic.png
[2.946s] -- Up-to-date: /home/martin/ros2_ws/install/turtlesim/share/turtlesim/images/crystal.png
[2.946s] -- Up-to-date: /home/martin/ros2_ws/install/turtlesim/share/turtlesim/images/dashing.png
[2.946s] -- Up-to-date: /home/martin/ros2_ws/install/turtlesim/share/turtlesim/images/rolling.png
[2.946s] -- Up-to-date: /home/martin/ros2_ws/install/turtlesim/share/turtlesim/images/bouncy.png
[2.947s] -- Up-to-date: /home/martin/ros2_ws/install/turtlesim/share/turtlesim/images/humble.png
[2.947s] -- Up-to-date: /home/martin/ros2_ws/install/turtlesim/share/turtlesim/images/foxy.png
[2.947s] -- Up-to-date: /home/martin/ros2_ws/install/turtlesim/share/turtlesim/cmake/export_turtlesim__rosidl_generator_cExport.cmake
[2.947s] -- Up-to-date: /home/martin/ros2_ws/install/turtlesim/share/turtlesim/cmake/export_turtlesim__rosidl_generator_cExport-noconfig.cmake
[2.947s] -- Up-to-date: /home/martin/ros2_ws/install/turtlesim/share/turtlesim/cmake/export_turtlesim__rosidl_typesupport_fastrtps_cExport.cmake
[2.948s] -- Up-to-date: /home/martin/ros2_ws/install/turtlesim/share/turtlesim/cmake/export_turtlesim__rosidl_typesupport_fastrtps_cExport-noconfig.cmake
[2.948s] -- Up-to-date: /home/martin/ros2_ws/install/turtlesim/share/turtlesim/cmake/export_turtlesim__rosidl_generator_cppExport.cmake
[2.948s] -- Up-to-date: /home/martin/ros2_ws/install/turtlesim/share/turtlesim/cmake/export_turtlesim__rosidl_typesupport_fastrtps_cppExport.cmake
[2.948s] -- Up-to-date: /home/martin/ros2_ws/install/turtlesim/share/turtlesim/cmake/export_turtlesim__rosidl_typesupport_fastrtps_cppExport-noconfig.cmake
[2.948s] -- Up-to-date: /home/martin/ros2_ws/install/turtlesim/share/turtlesim/cmake/turtlesim__rosidl_typesupport_introspection_cExport.cmake
[2.948s] -- Up-to-date: /home/martin/ros2_ws/install/turtlesim/share/turtlesim/cmake/turtlesim__rosidl_typesupport_introspection_cExport-noconfig.cmake
[2.948s] -- Up-to-date: /home/martin/ros2_ws/install/turtlesim/share/turtlesim/cmake/turtlesim__rosidl_typesupport_cExport.cmake
[2.948s] -- Up-to-date: /home/martin/ros2_ws/install/turtlesim/share/turtlesim/cmake/turtlesim__rosidl_typesupport_cExport-noconfig.cmake
[2.948s] -- Up-to-date: /home/martin/ros2_ws/install/turtlesim/share/turtlesim/cmake/turtlesim__rosidl_typesupport_introspection_cppExport.cmake
[2.948s] -- Up-to-date: /home/martin/ros2_ws/install/turtlesim/share/turtlesim/cmake/turtlesim__rosidl_typesupport_introspection_cppExport-noconfig.cmake
[2.948s] -- Up-to-date: /home/martin/ros2_ws/install/turtlesim/share/turtlesim/cmake/turtlesim__rosidl_typesupport_cppExport.cmake
[2.949s] -- Up-to-date: /home/martin/ros2_ws/install/turtlesim/share/turtlesim/cmake/turtlesim__rosidl_typesupport_cppExport-noconfig.cmake
[2.949s] -- Up-to-date: /home/martin/ros2_ws/install/turtlesim/share/turtlesim/cmake/export_turtlesim__rosidl_generator_pyExport.cmake
[2.949s] -- Up-to-date: /home/martin/ros2_ws/install/turtlesim/share/turtlesim/cmake/export_turtlesim__rosidl_generator_pyExport-noconfig.cmake
[2.953s] Invoked command in '/home/martin/ros2_ws/build/turtlesim' returned '0': CMAKE_PREFIX_PATH=/opt/ros/humble /usr/bin/cmake --install /home/martin/ros2_ws/build/turtlesim
