[0.013s] Invoking command in '/home/martin/ros2_ws/build/SimpleLocalizer': CMAKE_PREFIX_PATH=/home/martin/ros2_ws/install/turtlesim:/home/martin/ros2_ws/install/turtlebot3:/home/martin/ros2_ws/install/turtlebot3_simulations:/home/martin/ros2_ws/install/turtlebot3_bringup:/home/martin/ros2_ws/install/turtlebot3_node:/home/martin/ros2_ws/install/turtlebot3_navigation2:/home/martin/ros2_ws/install/turtlebot3_fake_node:/home/martin/ros2_ws/install/turtlebot3_msgs:/home/martin/ros2_ws/install/turtlebot3_gazebo:/home/martin/ros2_ws/install/turtlebot3_description:/home/martin/ros2_ws/install/turtlebot3_cartographer:/home/martin/ros2_ws/install/scan_sub_pub:/home/martin/ros2_ws/install/turtlebot3_teleop:/home/martin/ros2_ws/install/turtlebot3_example:/opt/ros/humble:/home/martin/ros2_ws/install/localization_error_calculator:/home/martin/ros2_ws/install/dynamixel_sdk_examples:/home/martin/ros2_ws/install/dynamixel_sdk_custom_interfaces:/home/martin/ros2_ws/install/dynamixel_sdk:/home/martin/ros2_ws/install/SimpleLocalizer /usr/bin/cmake --build /home/martin/ros2_ws/build/SimpleLocalizer -- -j8 -l8
[0.072s] [ 50%] [32mBuilding CXX object CMakeFiles/simplelocalizer.dir/src/simplelocalizer.cpp.o[0m
[21.348s] [100%] [32m[1mLinking CXX executable simplelocalizer[0m
[23.037s] [100%] Built target simplelocalizer
[23.048s] Invoked command in '/home/martin/ros2_ws/build/SimpleLocalizer' returned '0': CMAKE_PREFIX_PATH=/home/martin/ros2_ws/install/turtlesim:/home/martin/ros2_ws/install/turtlebot3:/home/martin/ros2_ws/install/turtlebot3_simulations:/home/martin/ros2_ws/install/turtlebot3_bringup:/home/martin/ros2_ws/install/turtlebot3_node:/home/martin/ros2_ws/install/turtlebot3_navigation2:/home/martin/ros2_ws/install/turtlebot3_fake_node:/home/martin/ros2_ws/install/turtlebot3_msgs:/home/martin/ros2_ws/install/turtlebot3_gazebo:/home/martin/ros2_ws/install/turtlebot3_description:/home/martin/ros2_ws/install/turtlebot3_cartographer:/home/martin/ros2_ws/install/scan_sub_pub:/home/martin/ros2_ws/install/turtlebot3_teleop:/home/martin/ros2_ws/install/turtlebot3_example:/opt/ros/humble:/home/martin/ros2_ws/install/localization_error_calculator:/home/martin/ros2_ws/install/dynamixel_sdk_examples:/home/martin/ros2_ws/install/dynamixel_sdk_custom_interfaces:/home/martin/ros2_ws/install/dynamixel_sdk:/home/martin/ros2_ws/install/SimpleLocalizer /usr/bin/cmake --build /home/martin/ros2_ws/build/SimpleLocalizer -- -j8 -l8
[23.079s] Invoking command in '/home/martin/ros2_ws/build/SimpleLocalizer': CMAKE_PREFIX_PATH=/home/martin/ros2_ws/install/turtlesim:/home/martin/ros2_ws/install/turtlebot3:/home/martin/ros2_ws/install/turtlebot3_simulations:/home/martin/ros2_ws/install/turtlebot3_bringup:/home/martin/ros2_ws/install/turtlebot3_node:/home/martin/ros2_ws/install/turtlebot3_navigation2:/home/martin/ros2_ws/install/turtlebot3_fake_node:/home/martin/ros2_ws/install/turtlebot3_msgs:/home/martin/ros2_ws/install/turtlebot3_gazebo:/home/martin/ros2_ws/install/turtlebot3_description:/home/martin/ros2_ws/install/turtlebot3_cartographer:/home/martin/ros2_ws/install/scan_sub_pub:/home/martin/ros2_ws/install/turtlebot3_teleop:/home/martin/ros2_ws/install/turtlebot3_example:/opt/ros/humble:/home/martin/ros2_ws/install/localization_error_calculator:/home/martin/ros2_ws/install/dynamixel_sdk_examples:/home/martin/ros2_ws/install/dynamixel_sdk_custom_interfaces:/home/martin/ros2_ws/install/dynamixel_sdk:/home/martin/ros2_ws/install/SimpleLocalizer /usr/bin/cmake --install /home/martin/ros2_ws/build/SimpleLocalizer
[23.085s] -- Install configuration: ""
[23.085s] -- Installing: /home/martin/ros2_ws/install/SimpleLocalizer/lib/SimpleLocalizer/simplelocalizer
[23.091s] -- Set runtime path of "/home/martin/ros2_ws/install/SimpleLocalizer/lib/SimpleLocalizer/simplelocalizer" to ""
[23.091s] -- Up-to-date: /home/martin/ros2_ws/install/SimpleLocalizer/share/ament_index/resource_index/package_run_dependencies/SimpleLocalizer
[23.091s] -- Up-to-date: /home/martin/ros2_ws/install/SimpleLocalizer/share/ament_index/resource_index/parent_prefix_path/SimpleLocalizer
[23.092s] -- Up-to-date: /home/martin/ros2_ws/install/SimpleLocalizer/share/SimpleLocalizer/environment/ament_prefix_path.sh
[23.092s] -- Up-to-date: /home/martin/ros2_ws/install/SimpleLocalizer/share/SimpleLocalizer/environment/ament_prefix_path.dsv
[23.092s] -- Up-to-date: /home/martin/ros2_ws/install/SimpleLocalizer/share/SimpleLocalizer/environment/path.sh
[23.092s] -- Up-to-date: /home/martin/ros2_ws/install/SimpleLocalizer/share/SimpleLocalizer/environment/path.dsv
[23.092s] -- Up-to-date: /home/martin/ros2_ws/install/SimpleLocalizer/share/SimpleLocalizer/local_setup.bash
[23.092s] -- Up-to-date: /home/martin/ros2_ws/install/SimpleLocalizer/share/SimpleLocalizer/local_setup.sh
[23.092s] -- Up-to-date: /home/martin/ros2_ws/install/SimpleLocalizer/share/SimpleLocalizer/local_setup.zsh
[23.092s] -- Up-to-date: /home/martin/ros2_ws/install/SimpleLocalizer/share/SimpleLocalizer/local_setup.dsv
[23.092s] -- Installing: /home/martin/ros2_ws/install/SimpleLocalizer/share/SimpleLocalizer/package.dsv
[23.092s] -- Up-to-date: /home/martin/ros2_ws/install/SimpleLocalizer/share/ament_index/resource_index/packages/SimpleLocalizer
[23.092s] -- Up-to-date: /home/martin/ros2_ws/install/SimpleLocalizer/share/SimpleLocalizer/cmake/SimpleLocalizerConfig.cmake
[23.092s] -- Up-to-date: /home/martin/ros2_ws/install/SimpleLocalizer/share/SimpleLocalizer/cmake/SimpleLocalizerConfig-version.cmake
[23.092s] -- Up-to-date: /home/martin/ros2_ws/install/SimpleLocalizer/share/SimpleLocalizer/package.xml
[23.093s] Invoked command in '/home/martin/ros2_ws/build/SimpleLocalizer' returned '0': CMAKE_PREFIX_PATH=/home/martin/ros2_ws/install/turtlesim:/home/martin/ros2_ws/install/turtlebot3:/home/martin/ros2_ws/install/turtlebot3_simulations:/home/martin/ros2_ws/install/turtlebot3_bringup:/home/martin/ros2_ws/install/turtlebot3_node:/home/martin/ros2_ws/install/turtlebot3_navigation2:/home/martin/ros2_ws/install/turtlebot3_fake_node:/home/martin/ros2_ws/install/turtlebot3_msgs:/home/martin/ros2_ws/install/turtlebot3_gazebo:/home/martin/ros2_ws/install/turtlebot3_description:/home/martin/ros2_ws/install/turtlebot3_cartographer:/home/martin/ros2_ws/install/scan_sub_pub:/home/martin/ros2_ws/install/turtlebot3_teleop:/home/martin/ros2_ws/install/turtlebot3_example:/opt/ros/humble:/home/martin/ros2_ws/install/localization_error_calculator:/home/martin/ros2_ws/install/dynamixel_sdk_examples:/home/martin/ros2_ws/install/dynamixel_sdk_custom_interfaces:/home/martin/ros2_ws/install/dynamixel_sdk:/home/martin/ros2_ws/install/SimpleLocalizer /usr/bin/cmake --install /home/martin/ros2_ws/build/SimpleLocalizer
