[0.013s] Invoking command in '/home/martin/ros2_ws/build/robotics_studio_1': CMAKE_PREFIX_PATH=/home/martin/ros2_ws/install/turtlesim:/home/martin/ros2_ws/install/turtlebot3:/home/martin/ros2_ws/install/turtlebot3_simulations:/home/martin/ros2_ws/install/turtlebot3_bringup:/home/martin/ros2_ws/install/turtlebot3_node:/home/martin/ros2_ws/install/turtlebot3_navigation2:/home/martin/ros2_ws/install/turtlebot3_fake_node:/home/martin/ros2_ws/install/turtlebot3_msgs:/home/martin/ros2_ws/install/turtlebot3_gazebo:/home/martin/ros2_ws/install/turtlebot3_description:/home/martin/ros2_ws/install/turtlebot3_cartographer:/home/martin/ros2_ws/install/scan_sub_pub:/home/martin/ros2_ws/install/robotics_studio_1:/home/martin/ros2_ws/install/turtlebot3_teleop:/home/martin/ros2_ws/install/turtlebot3_example:/opt/ros/humble:/home/martin/ros2_ws/install/localization_error_calculator:/home/martin/ros2_ws/install/dynamixel_sdk_examples:/home/martin/ros2_ws/install/dynamixel_sdk_custom_interfaces:/home/martin/ros2_ws/install/dynamixel_sdk:/home/martin/ros2_ws/install/Sprint3:/home/martin/ros2_ws/install/SimpleLocalizer:/home/martin/install/turtlebot3_navigation2:/home/martin/install/turtlebot3_description:/home/martin/install/turtlebot3_cartographer:/home/martin/install/robotics_studio_1:/home/martin/install/localization_error_calculator:/home/martin/install/SimpleLocalizer /usr/bin/cmake --build /home/martin/ros2_ws/build/robotics_studio_1 -- -j8 -l8
[0.049s] [35m[1mConsolidate compiler generated dependencies of target sprint3part2[0m
[0.060s] [ 75%] Built target sprint3
[0.060s] [ 75%] Built target sprint2
[0.060s] [ 75%] Built target sprint1
[0.065s] [ 87%] [32mBuilding CXX object CMakeFiles/sprint3part2.dir/src/sprint3part2.cpp.o[0m
[0.319s] In file included from [01m[K/home/martin/ros2_ws/src/package/src/sprint3part2.cpp:12[m[K:
[0.319s] [01m[K/opt/ros/humble/include/tf2_geometry_msgs/tf2_geometry_msgs/tf2_geometry_msgs.h:35:2:[m[K [01;35m[Kwarning: [m[K#warning This header is obsolete, please include tf2_geometry_msgs/tf2_geometry_msgs.hpp instead [[01;35m[K]8;;https://gcc.gnu.org/onlinedocs/gcc/Warning-Options.html#index-Wcpp-Wcpp]8;;[m[K]
[0.319s]    35 | #[01;35m[Kwarning[m[K This header is obsolete, please include tf2_geometry_msgs/tf2_geometry_msgs.hpp instead
[0.320s]       |  [01;35m[K^~~~~~~[m[K
[13.174s] [100%] [32m[1mLinking CXX executable sprint3part2[0m
[14.178s] [100%] Built target sprint3part2
[14.187s] Invoked command in '/home/martin/ros2_ws/build/robotics_studio_1' returned '0': CMAKE_PREFIX_PATH=/home/martin/ros2_ws/install/turtlesim:/home/martin/ros2_ws/install/turtlebot3:/home/martin/ros2_ws/install/turtlebot3_simulations:/home/martin/ros2_ws/install/turtlebot3_bringup:/home/martin/ros2_ws/install/turtlebot3_node:/home/martin/ros2_ws/install/turtlebot3_navigation2:/home/martin/ros2_ws/install/turtlebot3_fake_node:/home/martin/ros2_ws/install/turtlebot3_msgs:/home/martin/ros2_ws/install/turtlebot3_gazebo:/home/martin/ros2_ws/install/turtlebot3_description:/home/martin/ros2_ws/install/turtlebot3_cartographer:/home/martin/ros2_ws/install/scan_sub_pub:/home/martin/ros2_ws/install/robotics_studio_1:/home/martin/ros2_ws/install/turtlebot3_teleop:/home/martin/ros2_ws/install/turtlebot3_example:/opt/ros/humble:/home/martin/ros2_ws/install/localization_error_calculator:/home/martin/ros2_ws/install/dynamixel_sdk_examples:/home/martin/ros2_ws/install/dynamixel_sdk_custom_interfaces:/home/martin/ros2_ws/install/dynamixel_sdk:/home/martin/ros2_ws/install/Sprint3:/home/martin/ros2_ws/install/SimpleLocalizer:/home/martin/install/turtlebot3_navigation2:/home/martin/install/turtlebot3_description:/home/martin/install/turtlebot3_cartographer:/home/martin/install/robotics_studio_1:/home/martin/install/localization_error_calculator:/home/martin/install/SimpleLocalizer /usr/bin/cmake --build /home/martin/ros2_ws/build/robotics_studio_1 -- -j8 -l8
[14.222s] Invoking command in '/home/martin/ros2_ws/build/robotics_studio_1': CMAKE_PREFIX_PATH=/home/martin/ros2_ws/install/turtlesim:/home/martin/ros2_ws/install/turtlebot3:/home/martin/ros2_ws/install/turtlebot3_simulations:/home/martin/ros2_ws/install/turtlebot3_bringup:/home/martin/ros2_ws/install/turtlebot3_node:/home/martin/ros2_ws/install/turtlebot3_navigation2:/home/martin/ros2_ws/install/turtlebot3_fake_node:/home/martin/ros2_ws/install/turtlebot3_msgs:/home/martin/ros2_ws/install/turtlebot3_gazebo:/home/martin/ros2_ws/install/turtlebot3_description:/home/martin/ros2_ws/install/turtlebot3_cartographer:/home/martin/ros2_ws/install/scan_sub_pub:/home/martin/ros2_ws/install/robotics_studio_1:/home/martin/ros2_ws/install/turtlebot3_teleop:/home/martin/ros2_ws/install/turtlebot3_example:/opt/ros/humble:/home/martin/ros2_ws/install/localization_error_calculator:/home/martin/ros2_ws/install/dynamixel_sdk_examples:/home/martin/ros2_ws/install/dynamixel_sdk_custom_interfaces:/home/martin/ros2_ws/install/dynamixel_sdk:/home/martin/ros2_ws/install/Sprint3:/home/martin/ros2_ws/install/SimpleLocalizer:/home/martin/install/turtlebot3_navigation2:/home/martin/install/turtlebot3_description:/home/martin/install/turtlebot3_cartographer:/home/martin/install/robotics_studio_1:/home/martin/install/localization_error_calculator:/home/martin/install/SimpleLocalizer /usr/bin/cmake --install /home/martin/ros2_ws/build/robotics_studio_1
[14.228s] -- Install configuration: ""
[14.228s] -- Up-to-date: /home/martin/ros2_ws/install/robotics_studio_1/lib/robotics_studio_1/sprint1
[14.228s] -- Up-to-date: /home/martin/ros2_ws/install/robotics_studio_1/lib/robotics_studio_1/sprint2
[14.228s] -- Up-to-date: /home/martin/ros2_ws/install/robotics_studio_1/lib/robotics_studio_1/sprint3
[14.229s] -- Installing: /home/martin/ros2_ws/install/robotics_studio_1/lib/robotics_studio_1/sprint3part2
[14.232s] -- Set runtime path of "/home/martin/ros2_ws/install/robotics_studio_1/lib/robotics_studio_1/sprint3part2" to ""
[14.233s] -- Up-to-date: /home/martin/ros2_ws/install/robotics_studio_1/share/ament_index/resource_index/package_run_dependencies/robotics_studio_1
[14.233s] -- Up-to-date: /home/martin/ros2_ws/install/robotics_studio_1/share/ament_index/resource_index/parent_prefix_path/robotics_studio_1
[14.233s] -- Up-to-date: /home/martin/ros2_ws/install/robotics_studio_1/share/robotics_studio_1/environment/ament_prefix_path.sh
[14.233s] -- Up-to-date: /home/martin/ros2_ws/install/robotics_studio_1/share/robotics_studio_1/environment/ament_prefix_path.dsv
[14.233s] -- Up-to-date: /home/martin/ros2_ws/install/robotics_studio_1/share/robotics_studio_1/environment/path.sh
[14.233s] -- Up-to-date: /home/martin/ros2_ws/install/robotics_studio_1/share/robotics_studio_1/environment/path.dsv
[14.233s] -- Up-to-date: /home/martin/ros2_ws/install/robotics_studio_1/share/robotics_studio_1/local_setup.bash
[14.233s] -- Up-to-date: /home/martin/ros2_ws/install/robotics_studio_1/share/robotics_studio_1/local_setup.sh
[14.233s] -- Up-to-date: /home/martin/ros2_ws/install/robotics_studio_1/share/robotics_studio_1/local_setup.zsh
[14.233s] -- Up-to-date: /home/martin/ros2_ws/install/robotics_studio_1/share/robotics_studio_1/local_setup.dsv
[14.233s] -- Installing: /home/martin/ros2_ws/install/robotics_studio_1/share/robotics_studio_1/package.dsv
[14.233s] -- Up-to-date: /home/martin/ros2_ws/install/robotics_studio_1/share/ament_index/resource_index/packages/robotics_studio_1
[14.233s] -- Up-to-date: /home/martin/ros2_ws/install/robotics_studio_1/share/robotics_studio_1/cmake/robotics_studio_1Config.cmake
[14.233s] -- Up-to-date: /home/martin/ros2_ws/install/robotics_studio_1/share/robotics_studio_1/cmake/robotics_studio_1Config-version.cmake
[14.233s] -- Up-to-date: /home/martin/ros2_ws/install/robotics_studio_1/share/robotics_studio_1/package.xml
[14.235s] Invoked command in '/home/martin/ros2_ws/build/robotics_studio_1' returned '0': CMAKE_PREFIX_PATH=/home/martin/ros2_ws/install/turtlesim:/home/martin/ros2_ws/install/turtlebot3:/home/martin/ros2_ws/install/turtlebot3_simulations:/home/martin/ros2_ws/install/turtlebot3_bringup:/home/martin/ros2_ws/install/turtlebot3_node:/home/martin/ros2_ws/install/turtlebot3_navigation2:/home/martin/ros2_ws/install/turtlebot3_fake_node:/home/martin/ros2_ws/install/turtlebot3_msgs:/home/martin/ros2_ws/install/turtlebot3_gazebo:/home/martin/ros2_ws/install/turtlebot3_description:/home/martin/ros2_ws/install/turtlebot3_cartographer:/home/martin/ros2_ws/install/scan_sub_pub:/home/martin/ros2_ws/install/robotics_studio_1:/home/martin/ros2_ws/install/turtlebot3_teleop:/home/martin/ros2_ws/install/turtlebot3_example:/opt/ros/humble:/home/martin/ros2_ws/install/localization_error_calculator:/home/martin/ros2_ws/install/dynamixel_sdk_examples:/home/martin/ros2_ws/install/dynamixel_sdk_custom_interfaces:/home/martin/ros2_ws/install/dynamixel_sdk:/home/martin/ros2_ws/install/Sprint3:/home/martin/ros2_ws/install/SimpleLocalizer:/home/martin/install/turtlebot3_navigation2:/home/martin/install/turtlebot3_description:/home/martin/install/turtlebot3_cartographer:/home/martin/install/robotics_studio_1:/home/martin/install/localization_error_calculator:/home/martin/install/SimpleLocalizer /usr/bin/cmake --install /home/martin/ros2_ws/build/robotics_studio_1
