[0.037s] Invoking command in '/home/martin/ros2_ws/build/scan_sub_pub': CMAKE_PREFIX_PATH=${CMAKE_PREFIX_PATH}:/home/martin/ros2_ws/install/turtlebot3_teleop:/home/martin/ros2_ws/install/turtlebot3_example:/opt/ros/humble /usr/bin/cmake --build /home/martin/ros2_ws/build/scan_sub_pub -- -j8 -l8
[0.151s] [35m[1mConsolidate compiler generated dependencies of target scan_sub_pub_node[0m
[0.192s] [ 50%] [32mBuilding CXX object CMakeFiles/scan_sub_pub_node.dir/src/scanSubPub.cpp.o[0m
[28.114s] [100%] [32m[1mLinking CXX executable scan_sub_pub_node[0m
[29.357s] [100%] Built target scan_sub_pub_node
[29.388s] Invoked command in '/home/martin/ros2_ws/build/scan_sub_pub' returned '0': CMAKE_PREFIX_PATH=${CMAKE_PREFIX_PATH}:/home/martin/ros2_ws/install/turtlebot3_teleop:/home/martin/ros2_ws/install/turtlebot3_example:/opt/ros/humble /usr/bin/cmake --build /home/martin/ros2_ws/build/scan_sub_pub -- -j8 -l8
[29.477s] Invoking command in '/home/martin/ros2_ws/build/scan_sub_pub': CMAKE_PREFIX_PATH=${CMAKE_PREFIX_PATH}:/home/martin/ros2_ws/install/turtlebot3_teleop:/home/martin/ros2_ws/install/turtlebot3_example:/opt/ros/humble /usr/bin/cmake --install /home/martin/ros2_ws/build/scan_sub_pub
[29.504s] -- Install configuration: ""
[29.505s] -- Installing: /home/martin/ros2_ws/install/scan_sub_pub/lib/scan_sub_pub/scan_sub_pub_node
[29.511s] -- Set runtime path of "/home/martin/ros2_ws/install/scan_sub_pub/lib/scan_sub_pub/scan_sub_pub_node" to ""
[29.511s] -- Up-to-date: /home/martin/ros2_ws/install/scan_sub_pub/include
[29.512s] -- Up-to-date: /home/martin/ros2_ws/install/scan_sub_pub/include/scanSubPub.h
[29.512s] -- Up-to-date: /home/martin/ros2_ws/install/scan_sub_pub/share/ament_index/resource_index/package_run_dependencies/scan_sub_pub
[29.512s] -- Up-to-date: /home/martin/ros2_ws/install/scan_sub_pub/share/ament_index/resource_index/parent_prefix_path/scan_sub_pub
[29.512s] -- Up-to-date: /home/martin/ros2_ws/install/scan_sub_pub/share/scan_sub_pub/environment/ament_prefix_path.sh
[29.512s] -- Up-to-date: /home/martin/ros2_ws/install/scan_sub_pub/share/scan_sub_pub/environment/ament_prefix_path.dsv
[29.513s] -- Up-to-date: /home/martin/ros2_ws/install/scan_sub_pub/share/scan_sub_pub/environment/path.sh
[29.513s] -- Up-to-date: /home/martin/ros2_ws/install/scan_sub_pub/share/scan_sub_pub/environment/path.dsv
[29.513s] -- Up-to-date: /home/martin/ros2_ws/install/scan_sub_pub/share/scan_sub_pub/local_setup.bash
[29.513s] -- Up-to-date: /home/martin/ros2_ws/install/scan_sub_pub/share/scan_sub_pub/local_setup.sh
[29.513s] -- Up-to-date: /home/martin/ros2_ws/install/scan_sub_pub/share/scan_sub_pub/local_setup.zsh
[29.514s] -- Up-to-date: /home/martin/ros2_ws/install/scan_sub_pub/share/scan_sub_pub/local_setup.dsv
[29.514s] -- Installing: /home/martin/ros2_ws/install/scan_sub_pub/share/scan_sub_pub/package.dsv
[29.514s] -- Up-to-date: /home/martin/ros2_ws/install/scan_sub_pub/share/ament_index/resource_index/packages/scan_sub_pub
[29.514s] -- Up-to-date: /home/martin/ros2_ws/install/scan_sub_pub/share/scan_sub_pub/cmake/scan_sub_pubConfig.cmake
[29.514s] -- Up-to-date: /home/martin/ros2_ws/install/scan_sub_pub/share/scan_sub_pub/cmake/scan_sub_pubConfig-version.cmake
[29.514s] -- Up-to-date: /home/martin/ros2_ws/install/scan_sub_pub/share/scan_sub_pub/package.xml
[29.516s] Invoked command in '/home/martin/ros2_ws/build/scan_sub_pub' returned '0': CMAKE_PREFIX_PATH=${CMAKE_PREFIX_PATH}:/home/martin/ros2_ws/install/turtlebot3_teleop:/home/martin/ros2_ws/install/turtlebot3_example:/opt/ros/humble /usr/bin/cmake --install /home/martin/ros2_ws/build/scan_sub_pub
