[0.014s] Invoking command in '/home/martin/ros2_ws/build/SimpleLocalizer': CMAKE_PREFIX_PATH=/home/martin/install/turtlebot3_navigation2:/home/martin/install/turtlebot3_description:/home/martin/install/turtlebot3_cartographer:/home/martin/ros2_ws/install/turtlebot3_teleop:/home/martin/ros2_ws/install/turtlebot3_example:/opt/ros/humble:/home/martin/install/localization_error_calculator:/home/martin/install/SimpleLocalizer:/home/martin/ros2_ws/install/turtlesim:/home/martin/ros2_ws/install/turtlebot3:/home/martin/ros2_ws/install/turtlebot3_simulations:/home/martin/ros2_ws/install/turtlebot3_bringup:/home/martin/ros2_ws/install/turtlebot3_node:/home/martin/ros2_ws/install/turtlebot3_navigation2:/home/martin/ros2_ws/install/turtlebot3_fake_node:/home/martin/ros2_ws/install/turtlebot3_msgs:/home/martin/ros2_ws/install/turtlebot3_gazebo:/home/martin/ros2_ws/install/turtlebot3_description:/home/martin/ros2_ws/install/turtlebot3_cartographer:/home/martin/ros2_ws/install/scan_sub_pub:/home/martin/ros2_ws/install/localization_error_calculator:/home/martin/ros2_ws/install/dynamixel_sdk_examples:/home/martin/ros2_ws/install/dynamixel_sdk_custom_interfaces:/home/martin/ros2_ws/install/dynamixel_sdk:/home/martin/ros2_ws/install/SimpleLocalizer /usr/bin/cmake --build /home/martin/ros2_ws/build/SimpleLocalizer -- -j8 -l8
[0.053s] [35m[1mConsolidate compiler generated dependencies of target simplelocalizer[0m
[0.067s] [ 50%] [32mBuilding CXX object CMakeFiles/simplelocalizer.dir/src/simplelocalizer.cpp.o[0m
[13.134s] [100%] [32m[1mLinking CXX executable simplelocalizer[0m
[14.254s] [100%] Built target simplelocalizer
[14.264s] Invoked command in '/home/martin/ros2_ws/build/SimpleLocalizer' returned '0': CMAKE_PREFIX_PATH=/home/martin/install/turtlebot3_navigation2:/home/martin/install/turtlebot3_description:/home/martin/install/turtlebot3_cartographer:/home/martin/ros2_ws/install/turtlebot3_teleop:/home/martin/ros2_ws/install/turtlebot3_example:/opt/ros/humble:/home/martin/install/localization_error_calculator:/home/martin/install/SimpleLocalizer:/home/martin/ros2_ws/install/turtlesim:/home/martin/ros2_ws/install/turtlebot3:/home/martin/ros2_ws/install/turtlebot3_simulations:/home/martin/ros2_ws/install/turtlebot3_bringup:/home/martin/ros2_ws/install/turtlebot3_node:/home/martin/ros2_ws/install/turtlebot3_navigation2:/home/martin/ros2_ws/install/turtlebot3_fake_node:/home/martin/ros2_ws/install/turtlebot3_msgs:/home/martin/ros2_ws/install/turtlebot3_gazebo:/home/martin/ros2_ws/install/turtlebot3_description:/home/martin/ros2_ws/install/turtlebot3_cartographer:/home/martin/ros2_ws/install/scan_sub_pub:/home/martin/ros2_ws/install/localization_error_calculator:/home/martin/ros2_ws/install/dynamixel_sdk_examples:/home/martin/ros2_ws/install/dynamixel_sdk_custom_interfaces:/home/martin/ros2_ws/install/dynamixel_sdk:/home/martin/ros2_ws/install/SimpleLocalizer /usr/bin/cmake --build /home/martin/ros2_ws/build/SimpleLocalizer -- -j8 -l8
[14.292s] Invoking command in '/home/martin/ros2_ws/build/SimpleLocalizer': CMAKE_PREFIX_PATH=/home/martin/install/turtlebot3_navigation2:/home/martin/install/turtlebot3_description:/home/martin/install/turtlebot3_cartographer:/home/martin/ros2_ws/install/turtlebot3_teleop:/home/martin/ros2_ws/install/turtlebot3_example:/opt/ros/humble:/home/martin/install/localization_error_calculator:/home/martin/install/SimpleLocalizer:/home/martin/ros2_ws/install/turtlesim:/home/martin/ros2_ws/install/turtlebot3:/home/martin/ros2_ws/install/turtlebot3_simulations:/home/martin/ros2_ws/install/turtlebot3_bringup:/home/martin/ros2_ws/install/turtlebot3_node:/home/martin/ros2_ws/install/turtlebot3_navigation2:/home/martin/ros2_ws/install/turtlebot3_fake_node:/home/martin/ros2_ws/install/turtlebot3_msgs:/home/martin/ros2_ws/install/turtlebot3_gazebo:/home/martin/ros2_ws/install/turtlebot3_description:/home/martin/ros2_ws/install/turtlebot3_cartographer:/home/martin/ros2_ws/install/scan_sub_pub:/home/martin/ros2_ws/install/localization_error_calculator:/home/martin/ros2_ws/install/dynamixel_sdk_examples:/home/martin/ros2_ws/install/dynamixel_sdk_custom_interfaces:/home/martin/ros2_ws/install/dynamixel_sdk:/home/martin/ros2_ws/install/SimpleLocalizer /usr/bin/cmake --install /home/martin/ros2_ws/build/SimpleLocalizer
[14.298s] -- Install configuration: ""
[14.298s] -- Installing: /home/martin/ros2_ws/install/SimpleLocalizer/lib/SimpleLocalizer/simplelocalizer
[14.303s] -- Set runtime path of "/home/martin/ros2_ws/install/SimpleLocalizer/lib/SimpleLocalizer/simplelocalizer" to ""
[14.303s] -- Up-to-date: /home/martin/ros2_ws/install/SimpleLocalizer/share/ament_index/resource_index/package_run_dependencies/SimpleLocalizer
[14.303s] -- Up-to-date: /home/martin/ros2_ws/install/SimpleLocalizer/share/ament_index/resource_index/parent_prefix_path/SimpleLocalizer
[14.303s] -- Up-to-date: /home/martin/ros2_ws/install/SimpleLocalizer/share/SimpleLocalizer/environment/ament_prefix_path.sh
[14.303s] -- Up-to-date: /home/martin/ros2_ws/install/SimpleLocalizer/share/SimpleLocalizer/environment/ament_prefix_path.dsv
[14.303s] -- Up-to-date: /home/martin/ros2_ws/install/SimpleLocalizer/share/SimpleLocalizer/environment/path.sh
[14.303s] -- Up-to-date: /home/martin/ros2_ws/install/SimpleLocalizer/share/SimpleLocalizer/environment/path.dsv
[14.303s] -- Up-to-date: /home/martin/ros2_ws/install/SimpleLocalizer/share/SimpleLocalizer/local_setup.bash
[14.304s] -- Up-to-date: /home/martin/ros2_ws/install/SimpleLocalizer/share/SimpleLocalizer/local_setup.sh
[14.304s] -- Up-to-date: /home/martin/ros2_ws/install/SimpleLocalizer/share/SimpleLocalizer/local_setup.zsh
[14.304s] -- Up-to-date: /home/martin/ros2_ws/install/SimpleLocalizer/share/SimpleLocalizer/local_setup.dsv
[14.304s] -- Installing: /home/martin/ros2_ws/install/SimpleLocalizer/share/SimpleLocalizer/package.dsv
[14.304s] -- Up-to-date: /home/martin/ros2_ws/install/SimpleLocalizer/share/ament_index/resource_index/packages/SimpleLocalizer
[14.304s] -- Up-to-date: /home/martin/ros2_ws/install/SimpleLocalizer/share/SimpleLocalizer/cmake/SimpleLocalizerConfig.cmake
[14.304s] -- Up-to-date: /home/martin/ros2_ws/install/SimpleLocalizer/share/SimpleLocalizer/cmake/SimpleLocalizerConfig-version.cmake
[14.304s] -- Up-to-date: /home/martin/ros2_ws/install/SimpleLocalizer/share/SimpleLocalizer/package.xml
[14.305s] Invoked command in '/home/martin/ros2_ws/build/SimpleLocalizer' returned '0': CMAKE_PREFIX_PATH=/home/martin/install/turtlebot3_navigation2:/home/martin/install/turtlebot3_description:/home/martin/install/turtlebot3_cartographer:/home/martin/ros2_ws/install/turtlebot3_teleop:/home/martin/ros2_ws/install/turtlebot3_example:/opt/ros/humble:/home/martin/install/localization_error_calculator:/home/martin/install/SimpleLocalizer:/home/martin/ros2_ws/install/turtlesim:/home/martin/ros2_ws/install/turtlebot3:/home/martin/ros2_ws/install/turtlebot3_simulations:/home/martin/ros2_ws/install/turtlebot3_bringup:/home/martin/ros2_ws/install/turtlebot3_node:/home/martin/ros2_ws/install/turtlebot3_navigation2:/home/martin/ros2_ws/install/turtlebot3_fake_node:/home/martin/ros2_ws/install/turtlebot3_msgs:/home/martin/ros2_ws/install/turtlebot3_gazebo:/home/martin/ros2_ws/install/turtlebot3_description:/home/martin/ros2_ws/install/turtlebot3_cartographer:/home/martin/ros2_ws/install/scan_sub_pub:/home/martin/ros2_ws/install/localization_error_calculator:/home/martin/ros2_ws/install/dynamixel_sdk_examples:/home/martin/ros2_ws/install/dynamixel_sdk_custom_interfaces:/home/martin/ros2_ws/install/dynamixel_sdk:/home/martin/ros2_ws/install/SimpleLocalizer /usr/bin/cmake --install /home/martin/ros2_ws/build/SimpleLocalizer
