[0.009s] Invoking command in '/home/martin/ros2_ws/build/cylinder_detector_spawner': CMAKE_PREFIX_PATH=/home/martin/ros2_ws/install/turtlesim:/home/martin/ros2_ws/install/turtlebot3:/home/martin/ros2_ws/install/turtlebot3_simulations:/home/martin/ros2_ws/install/turtlebot3_bringup:/home/martin/ros2_ws/install/turtlebot3_node:/home/martin/ros2_ws/install/turtlebot3_navigation2:/home/martin/ros2_ws/install/turtlebot3_fake_node:/home/martin/ros2_ws/install/turtlebot3_msgs:/home/martin/ros2_ws/install/turtlebot3_gazebo:/home/martin/ros2_ws/install/turtlebot3_description:/home/martin/ros2_ws/install/turtlebot3_cartographer:/home/martin/ros2_ws/install/scan_sub_pub:/home/martin/ros2_ws/install/turtlebot3_teleop:/home/martin/ros2_ws/install/turtlebot3_example:/opt/ros/humble:/home/martin/ros2_ws/install/localization_error_calculator:/home/martin/ros2_ws/install/dynamixel_sdk_examples:/home/martin/ros2_ws/install/dynamixel_sdk_custom_interfaces:/home/martin/ros2_ws/install/dynamixel_sdk:/home/martin/ros2_ws/install/SimpleLocalizer:/home/martin/install/turtlebot3_navigation2:/home/martin/install/turtlebot3_description:/home/martin/install/turtlebot3_cartographer:/home/martin/install/robotics_studio_1:/home/martin/install/localization_error_calculator:/home/martin/install/SimpleLocalizer /usr/bin/cmake /home/martin/ros2_ws/src/cylinder_detector_spawner -DCMAKE_INSTALL_PREFIX=/home/martin/ros2_ws/install/cylinder_detector_spawner
[0.053s] -- The C compiler identification is GNU 11.4.0
[0.095s] -- The CXX compiler identification is GNU 11.4.0
[0.101s] -- Detecting C compiler ABI info
[0.154s] -- Detecting C compiler ABI info - done
[0.160s] -- Check for working C compiler: /usr/bin/cc - skipped
[0.161s] -- Detecting C compile features
[0.161s] -- Detecting C compile features - done
[0.164s] -- Detecting CXX compiler ABI info
[0.226s] -- Detecting CXX compiler ABI info - done
[0.233s] -- Check for working CXX compiler: /usr/bin/c++ - skipped
[0.233s] -- Detecting CXX compile features
[0.234s] -- Detecting CXX compile features - done
[0.237s] -- Found ament_cmake: 1.3.10 (/opt/ros/humble/share/ament_cmake/cmake)
[0.370s] -- Found Python3: /usr/bin/python3 (found version "3.10.12") found components: Interpreter 
[0.460s] -- Found rclcpp: 16.0.10 (/opt/ros/humble/share/rclcpp/cmake)
[0.501s] -- Found rosidl_generator_c: 3.1.5 (/opt/ros/humble/share/rosidl_generator_c/cmake)
[0.506s] -- Found rosidl_adapter: 3.1.5 (/opt/ros/humble/share/rosidl_adapter/cmake)
[0.514s] -- Found rosidl_generator_cpp: 3.1.5 (/opt/ros/humble/share/rosidl_generator_cpp/cmake)
[0.527s] -- Using all available rosidl_typesupport_c: rosidl_typesupport_fastrtps_c;rosidl_typesupport_introspection_c
[0.543s] -- Using all available rosidl_typesupport_cpp: rosidl_typesupport_fastrtps_cpp;rosidl_typesupport_introspection_cpp
[0.588s] -- Found rmw_implementation_cmake: 6.1.2 (/opt/ros/humble/share/rmw_implementation_cmake/cmake)
[0.591s] -- Found rmw_fastrtps_cpp: 6.2.7 (/opt/ros/humble/share/rmw_fastrtps_cpp/cmake)
[0.665s] -- Found OpenSSL: /usr/lib/x86_64-linux-gnu/libcrypto.so (found version "3.0.2")  
[0.687s] -- Found FastRTPS: /opt/ros/humble/include  
[0.724s] -- Using RMW implementation 'rmw_fastrtps_cpp' as default
[0.734s] -- Looking for pthread.h
[0.793s] -- Looking for pthread.h - found
[0.793s] -- Performing Test CMAKE_HAVE_LIBC_PTHREAD
[0.851s] -- Performing Test CMAKE_HAVE_LIBC_PTHREAD - Success
[0.852s] -- Found Threads: TRUE  
[0.901s] -- Found sensor_msgs: 4.2.4 (/opt/ros/humble/share/sensor_msgs/cmake)
[0.930s] -- Found visualization_msgs: 4.2.4 (/opt/ros/humble/share/visualization_msgs/cmake)
[0.950s] -- Found tf2_ros: 0.25.7 (/opt/ros/humble/share/tf2_ros/cmake)
[1.045s] -- Found tf2_geometry_msgs: 0.25.7 (/opt/ros/humble/share/tf2_geometry_msgs/cmake)
[1.060s] -- Found eigen3_cmake_module: 0.1.1 (/opt/ros/humble/share/eigen3_cmake_module/cmake)
[1.061s] -- Found Eigen3: TRUE (found version "3.4.0") 
[1.061s] -- Ensuring Eigen3 include directory is part of orocos-kdl CMake target
[1.064s] -- Found gazebo_msgs: 3.7.0 (/opt/ros/humble/share/gazebo_msgs/cmake)
[1.161s] -- Configuring done
[1.173s] -- Generating done
[1.175s] -- Build files have been written to: /home/martin/ros2_ws/build/cylinder_detector_spawner
[1.185s] Invoked command in '/home/martin/ros2_ws/build/cylinder_detector_spawner' returned '0': CMAKE_PREFIX_PATH=/home/martin/ros2_ws/install/turtlesim:/home/martin/ros2_ws/install/turtlebot3:/home/martin/ros2_ws/install/turtlebot3_simulations:/home/martin/ros2_ws/install/turtlebot3_bringup:/home/martin/ros2_ws/install/turtlebot3_node:/home/martin/ros2_ws/install/turtlebot3_navigation2:/home/martin/ros2_ws/install/turtlebot3_fake_node:/home/martin/ros2_ws/install/turtlebot3_msgs:/home/martin/ros2_ws/install/turtlebot3_gazebo:/home/martin/ros2_ws/install/turtlebot3_description:/home/martin/ros2_ws/install/turtlebot3_cartographer:/home/martin/ros2_ws/install/scan_sub_pub:/home/martin/ros2_ws/install/turtlebot3_teleop:/home/martin/ros2_ws/install/turtlebot3_example:/opt/ros/humble:/home/martin/ros2_ws/install/localization_error_calculator:/home/martin/ros2_ws/install/dynamixel_sdk_examples:/home/martin/ros2_ws/install/dynamixel_sdk_custom_interfaces:/home/martin/ros2_ws/install/dynamixel_sdk:/home/martin/ros2_ws/install/SimpleLocalizer:/home/martin/install/turtlebot3_navigation2:/home/martin/install/turtlebot3_description:/home/martin/install/turtlebot3_cartographer:/home/martin/install/robotics_studio_1:/home/martin/install/localization_error_calculator:/home/martin/install/SimpleLocalizer /usr/bin/cmake /home/martin/ros2_ws/src/cylinder_detector_spawner -DCMAKE_INSTALL_PREFIX=/home/martin/ros2_ws/install/cylinder_detector_spawner
[1.185s] Invoking command in '/home/martin/ros2_ws/build/cylinder_detector_spawner': CMAKE_PREFIX_PATH=/home/martin/ros2_ws/install/turtlesim:/home/martin/ros2_ws/install/turtlebot3:/home/martin/ros2_ws/install/turtlebot3_simulations:/home/martin/ros2_ws/install/turtlebot3_bringup:/home/martin/ros2_ws/install/turtlebot3_node:/home/martin/ros2_ws/install/turtlebot3_navigation2:/home/martin/ros2_ws/install/turtlebot3_fake_node:/home/martin/ros2_ws/install/turtlebot3_msgs:/home/martin/ros2_ws/install/turtlebot3_gazebo:/home/martin/ros2_ws/install/turtlebot3_description:/home/martin/ros2_ws/install/turtlebot3_cartographer:/home/martin/ros2_ws/install/scan_sub_pub:/home/martin/ros2_ws/install/turtlebot3_teleop:/home/martin/ros2_ws/install/turtlebot3_example:/opt/ros/humble:/home/martin/ros2_ws/install/localization_error_calculator:/home/martin/ros2_ws/install/dynamixel_sdk_examples:/home/martin/ros2_ws/install/dynamixel_sdk_custom_interfaces:/home/martin/ros2_ws/install/dynamixel_sdk:/home/martin/ros2_ws/install/SimpleLocalizer:/home/martin/install/turtlebot3_navigation2:/home/martin/install/turtlebot3_description:/home/martin/install/turtlebot3_cartographer:/home/martin/install/robotics_studio_1:/home/martin/install/localization_error_calculator:/home/martin/install/SimpleLocalizer /usr/bin/cmake --build /home/martin/ros2_ws/build/cylinder_detector_spawner -- -j8 -l8
[1.225s] [ 50%] [32mBuilding CXX object CMakeFiles/cylinder_detector.dir/src/cylinder_detector.cpp.o[0m
[1.225s] [ 50%] [32mBuilding CXX object CMakeFiles/cylinder_spawner.dir/src/cylinder_spawner.cpp.o[0m
[1.440s] In file included from [01m[K/home/martin/ros2_ws/src/cylinder_detector_spawner/src/cylinder_detector.cpp:11[m[K:
[1.440s] [01m[K/opt/ros/humble/include/tf2_geometry_msgs/tf2_geometry_msgs/tf2_geometry_msgs.h:35:2:[m[K [01;35m[Kwarning: [m[K#warning This header is obsolete, please include tf2_geometry_msgs/tf2_geometry_msgs.hpp instead [[01;35m[K]8;;https://gcc.gnu.org/onlinedocs/gcc/Warning-Options.html#index-Wcpp-Wcpp]8;;[m[K]
[1.440s]    35 | #[01;35m[Kwarning[m[K This header is obsolete, please include tf2_geometry_msgs/tf2_geometry_msgs.hpp instead
[1.440s]       |  [01;35m[K^~~~~~~[m[K
[9.647s] [ 75%] [32m[1mLinking CXX executable cylinder_spawner[0m
[9.783s] [100%] [32m[1mLinking CXX executable cylinder_detector[0m
[10.152s] [100%] Built target cylinder_spawner
[10.286s] [100%] Built target cylinder_detector
[10.295s] Invoked command in '/home/martin/ros2_ws/build/cylinder_detector_spawner' returned '0': CMAKE_PREFIX_PATH=/home/martin/ros2_ws/install/turtlesim:/home/martin/ros2_ws/install/turtlebot3:/home/martin/ros2_ws/install/turtlebot3_simulations:/home/martin/ros2_ws/install/turtlebot3_bringup:/home/martin/ros2_ws/install/turtlebot3_node:/home/martin/ros2_ws/install/turtlebot3_navigation2:/home/martin/ros2_ws/install/turtlebot3_fake_node:/home/martin/ros2_ws/install/turtlebot3_msgs:/home/martin/ros2_ws/install/turtlebot3_gazebo:/home/martin/ros2_ws/install/turtlebot3_description:/home/martin/ros2_ws/install/turtlebot3_cartographer:/home/martin/ros2_ws/install/scan_sub_pub:/home/martin/ros2_ws/install/turtlebot3_teleop:/home/martin/ros2_ws/install/turtlebot3_example:/opt/ros/humble:/home/martin/ros2_ws/install/localization_error_calculator:/home/martin/ros2_ws/install/dynamixel_sdk_examples:/home/martin/ros2_ws/install/dynamixel_sdk_custom_interfaces:/home/martin/ros2_ws/install/dynamixel_sdk:/home/martin/ros2_ws/install/SimpleLocalizer:/home/martin/install/turtlebot3_navigation2:/home/martin/install/turtlebot3_description:/home/martin/install/turtlebot3_cartographer:/home/martin/install/robotics_studio_1:/home/martin/install/localization_error_calculator:/home/martin/install/SimpleLocalizer /usr/bin/cmake --build /home/martin/ros2_ws/build/cylinder_detector_spawner -- -j8 -l8
[10.323s] Invoking command in '/home/martin/ros2_ws/build/cylinder_detector_spawner': CMAKE_PREFIX_PATH=/home/martin/ros2_ws/install/turtlesim:/home/martin/ros2_ws/install/turtlebot3:/home/martin/ros2_ws/install/turtlebot3_simulations:/home/martin/ros2_ws/install/turtlebot3_bringup:/home/martin/ros2_ws/install/turtlebot3_node:/home/martin/ros2_ws/install/turtlebot3_navigation2:/home/martin/ros2_ws/install/turtlebot3_fake_node:/home/martin/ros2_ws/install/turtlebot3_msgs:/home/martin/ros2_ws/install/turtlebot3_gazebo:/home/martin/ros2_ws/install/turtlebot3_description:/home/martin/ros2_ws/install/turtlebot3_cartographer:/home/martin/ros2_ws/install/scan_sub_pub:/home/martin/ros2_ws/install/turtlebot3_teleop:/home/martin/ros2_ws/install/turtlebot3_example:/opt/ros/humble:/home/martin/ros2_ws/install/localization_error_calculator:/home/martin/ros2_ws/install/dynamixel_sdk_examples:/home/martin/ros2_ws/install/dynamixel_sdk_custom_interfaces:/home/martin/ros2_ws/install/dynamixel_sdk:/home/martin/ros2_ws/install/SimpleLocalizer:/home/martin/install/turtlebot3_navigation2:/home/martin/install/turtlebot3_description:/home/martin/install/turtlebot3_cartographer:/home/martin/install/robotics_studio_1:/home/martin/install/localization_error_calculator:/home/martin/install/SimpleLocalizer /usr/bin/cmake --install /home/martin/ros2_ws/build/cylinder_detector_spawner
[10.330s] -- Install configuration: ""
[10.330s] -- Installing: /home/martin/ros2_ws/install/cylinder_detector_spawner/lib/cylinder_detector_spawner/cylinder_detector
[10.332s] -- Set runtime path of "/home/martin/ros2_ws/install/cylinder_detector_spawner/lib/cylinder_detector_spawner/cylinder_detector" to ""
[10.332s] -- Installing: /home/martin/ros2_ws/install/cylinder_detector_spawner/lib/cylinder_detector_spawner/cylinder_spawner
[10.334s] -- Set runtime path of "/home/martin/ros2_ws/install/cylinder_detector_spawner/lib/cylinder_detector_spawner/cylinder_spawner" to ""
[10.334s] -- Installing: /home/martin/ros2_ws/install/cylinder_detector_spawner/share/ament_index/resource_index/package_run_dependencies/cylinder_detector_spawner
[10.335s] -- Installing: /home/martin/ros2_ws/install/cylinder_detector_spawner/share/ament_index/resource_index/parent_prefix_path/cylinder_detector_spawner
[10.335s] -- Installing: /home/martin/ros2_ws/install/cylinder_detector_spawner/share/cylinder_detector_spawner/environment/ament_prefix_path.sh
[10.335s] -- Installing: /home/martin/ros2_ws/install/cylinder_detector_spawner/share/cylinder_detector_spawner/environment/ament_prefix_path.dsv
[10.335s] -- Installing: /home/martin/ros2_ws/install/cylinder_detector_spawner/share/cylinder_detector_spawner/environment/path.sh
[10.335s] -- Installing: /home/martin/ros2_ws/install/cylinder_detector_spawner/share/cylinder_detector_spawner/environment/path.dsv
[10.335s] -- Installing: /home/martin/ros2_ws/install/cylinder_detector_spawner/share/cylinder_detector_spawner/local_setup.bash
[10.335s] -- Installing: /home/martin/ros2_ws/install/cylinder_detector_spawner/share/cylinder_detector_spawner/local_setup.sh
[10.335s] -- Installing: /home/martin/ros2_ws/install/cylinder_detector_spawner/share/cylinder_detector_spawner/local_setup.zsh
[10.335s] -- Installing: /home/martin/ros2_ws/install/cylinder_detector_spawner/share/cylinder_detector_spawner/local_setup.dsv
[10.335s] -- Installing: /home/martin/ros2_ws/install/cylinder_detector_spawner/share/cylinder_detector_spawner/package.dsv
[10.336s] -- Installing: /home/martin/ros2_ws/install/cylinder_detector_spawner/share/ament_index/resource_index/packages/cylinder_detector_spawner
[10.336s] -- Installing: /home/martin/ros2_ws/install/cylinder_detector_spawner/share/cylinder_detector_spawner/cmake/cylinder_detector_spawnerConfig.cmake
[10.336s] -- Installing: /home/martin/ros2_ws/install/cylinder_detector_spawner/share/cylinder_detector_spawner/cmake/cylinder_detector_spawnerConfig-version.cmake
[10.336s] -- Installing: /home/martin/ros2_ws/install/cylinder_detector_spawner/share/cylinder_detector_spawner/package.xml
[10.338s] Invoked command in '/home/martin/ros2_ws/build/cylinder_detector_spawner' returned '0': CMAKE_PREFIX_PATH=/home/martin/ros2_ws/install/turtlesim:/home/martin/ros2_ws/install/turtlebot3:/home/martin/ros2_ws/install/turtlebot3_simulations:/home/martin/ros2_ws/install/turtlebot3_bringup:/home/martin/ros2_ws/install/turtlebot3_node:/home/martin/ros2_ws/install/turtlebot3_navigation2:/home/martin/ros2_ws/install/turtlebot3_fake_node:/home/martin/ros2_ws/install/turtlebot3_msgs:/home/martin/ros2_ws/install/turtlebot3_gazebo:/home/martin/ros2_ws/install/turtlebot3_description:/home/martin/ros2_ws/install/turtlebot3_cartographer:/home/martin/ros2_ws/install/scan_sub_pub:/home/martin/ros2_ws/install/turtlebot3_teleop:/home/martin/ros2_ws/install/turtlebot3_example:/opt/ros/humble:/home/martin/ros2_ws/install/localization_error_calculator:/home/martin/ros2_ws/install/dynamixel_sdk_examples:/home/martin/ros2_ws/install/dynamixel_sdk_custom_interfaces:/home/martin/ros2_ws/install/dynamixel_sdk:/home/martin/ros2_ws/install/SimpleLocalizer:/home/martin/install/turtlebot3_navigation2:/home/martin/install/turtlebot3_description:/home/martin/install/turtlebot3_cartographer:/home/martin/install/robotics_studio_1:/home/martin/install/localization_error_calculator:/home/martin/install/SimpleLocalizer /usr/bin/cmake --install /home/martin/ros2_ws/build/cylinder_detector_spawner
