[0.037s] Invoking command in '/home/martin/ros2_ws/build/turtlebot3_navigation2': CMAKE_PREFIX_PATH=/opt/ros/humble /usr/bin/cmake /home/martin/ros2_ws/src/turtlebot3/turtlebot3_navigation2 -DAMENT_CMAKE_SYMLINK_INSTALL=1 -DCMAKE_INSTALL_PREFIX=/home/martin/ros2_ws/install/turtlebot3_navigation2
[0.752s] -- The C compiler identification is GNU 11.4.0
[0.753s] -- The CXX compiler identification is GNU 11.4.0
[0.753s] -- Detecting C compiler ABI info
[0.754s] -- Detecting C compiler ABI info - done
[0.755s] -- Check for working C compiler: /usr/bin/cc - skipped
[0.755s] -- Detecting C compile features
[0.755s] -- Detecting C compile features - done
[0.755s] -- Detecting CXX compiler ABI info
[0.761s] -- Detecting CXX compiler ABI info - done
[0.761s] -- Check for working CXX compiler: /usr/bin/c++ - skipped
[0.761s] -- Detecting CXX compile features
[0.761s] -- Detecting CXX compile features - done
[0.761s] -- Found ament_cmake: 1.3.10 (/opt/ros/humble/share/ament_cmake/cmake)
[0.975s] -- Found Python3: /usr/bin/python3 (found version "3.10.12") found components: Interpreter 
[1.194s] -- Override CMake install command with custom implementation using symlinks instead of copying resources
[1.525s] -- Configuring done
[1.532s] -- Generating done
[1.533s] -- Build files have been written to: /home/martin/ros2_ws/build/turtlebot3_navigation2
[1.541s] Invoked command in '/home/martin/ros2_ws/build/turtlebot3_navigation2' returned '0': CMAKE_PREFIX_PATH=/opt/ros/humble /usr/bin/cmake /home/martin/ros2_ws/src/turtlebot3/turtlebot3_navigation2 -DAMENT_CMAKE_SYMLINK_INSTALL=1 -DCMAKE_INSTALL_PREFIX=/home/martin/ros2_ws/install/turtlebot3_navigation2
[1.543s] Invoking command in '/home/martin/ros2_ws/build/turtlebot3_navigation2': CMAKE_PREFIX_PATH=/opt/ros/humble /usr/bin/cmake --build /home/martin/ros2_ws/build/turtlebot3_navigation2 -- -j8 -l8
[1.709s] Invoked command in '/home/martin/ros2_ws/build/turtlebot3_navigation2' returned '0': CMAKE_PREFIX_PATH=/opt/ros/humble /usr/bin/cmake --build /home/martin/ros2_ws/build/turtlebot3_navigation2 -- -j8 -l8
[1.830s] Invoking command in '/home/martin/ros2_ws/build/turtlebot3_navigation2': CMAKE_PREFIX_PATH=/opt/ros/humble /usr/bin/cmake --install /home/martin/ros2_ws/build/turtlebot3_navigation2
[1.850s] -- Install configuration: ""
[1.850s] -- Execute custom install script
[1.851s] -- Symlinking: /home/martin/ros2_ws/install/turtlebot3_navigation2/share/turtlebot3_navigation2/launch/navigation2.launch.py
[1.876s] -- Symlinking: /home/martin/ros2_ws/install/turtlebot3_navigation2/share/turtlebot3_navigation2/map/map.pgm
[1.889s] -- Symlinking: /home/martin/ros2_ws/install/turtlebot3_navigation2/share/turtlebot3_navigation2/map/map.yaml
[1.906s] -- Symlinking: /home/martin/ros2_ws/install/turtlebot3_navigation2/share/turtlebot3_navigation2/param/burger.yaml
[1.932s] -- Symlinking: /home/martin/ros2_ws/install/turtlebot3_navigation2/share/turtlebot3_navigation2/param/waffle.yaml
[1.956s] -- Symlinking: /home/martin/ros2_ws/install/turtlebot3_navigation2/share/turtlebot3_navigation2/param/waffle_pi.yaml
[2.003s] -- Symlinking: /home/martin/ros2_ws/install/turtlebot3_navigation2/share/turtlebot3_navigation2/rviz/tb3_navigation2.rviz
[2.043s] -- Symlinking: /home/martin/ros2_ws/install/turtlebot3_navigation2/share/ament_index/resource_index/package_run_dependencies/turtlebot3_navigation2
[2.073s] -- Symlinking: /home/martin/ros2_ws/install/turtlebot3_navigation2/share/ament_index/resource_index/parent_prefix_path/turtlebot3_navigation2
[2.132s] -- Symlinking: /home/martin/ros2_ws/install/turtlebot3_navigation2/share/turtlebot3_navigation2/environment/ament_prefix_path.sh
[2.162s] -- Symlinking: /home/martin/ros2_ws/install/turtlebot3_navigation2/share/turtlebot3_navigation2/environment/ament_prefix_path.dsv
[2.184s] -- Symlinking: /home/martin/ros2_ws/install/turtlebot3_navigation2/share/turtlebot3_navigation2/environment/path.sh
[2.235s] -- Symlinking: /home/martin/ros2_ws/install/turtlebot3_navigation2/share/turtlebot3_navigation2/environment/path.dsv
[2.252s] -- Symlinking: /home/martin/ros2_ws/install/turtlebot3_navigation2/share/turtlebot3_navigation2/local_setup.bash
[2.276s] -- Symlinking: /home/martin/ros2_ws/install/turtlebot3_navigation2/share/turtlebot3_navigation2/local_setup.sh
[2.297s] -- Symlinking: /home/martin/ros2_ws/install/turtlebot3_navigation2/share/turtlebot3_navigation2/local_setup.zsh
[2.354s] -- Symlinking: /home/martin/ros2_ws/install/turtlebot3_navigation2/share/turtlebot3_navigation2/local_setup.dsv
[2.369s] -- Symlinking: /home/martin/ros2_ws/install/turtlebot3_navigation2/share/turtlebot3_navigation2/package.dsv
[2.404s] -- Symlinking: /home/martin/ros2_ws/install/turtlebot3_navigation2/share/ament_index/resource_index/packages/turtlebot3_navigation2
[2.418s] -- Symlinking: /home/martin/ros2_ws/install/turtlebot3_navigation2/share/turtlebot3_navigation2/cmake/turtlebot3_navigation2Config.cmake
[2.437s] -- Symlinking: /home/martin/ros2_ws/install/turtlebot3_navigation2/share/turtlebot3_navigation2/cmake/turtlebot3_navigation2Config-version.cmake
[2.453s] -- Symlinking: /home/martin/ros2_ws/install/turtlebot3_navigation2/share/turtlebot3_navigation2/package.xml
[2.479s] Invoked command in '/home/martin/ros2_ws/build/turtlebot3_navigation2' returned '0': CMAKE_PREFIX_PATH=/opt/ros/humble /usr/bin/cmake --install /home/martin/ros2_ws/build/turtlebot3_navigation2
