-- The C compiler identification is GNU 11.4.0
-- The CXX compiler identification is GNU 11.4.0
-- Detecting C compiler ABI info
-- Detecting C compiler ABI info - done
-- Check for working C compiler: /usr/bin/cc - skipped
-- Detecting C compile features
-- Detecting C compile features - done
-- Detecting CXX compiler ABI info
-- Detecting CXX compiler ABI info - done
-- Check for working CXX compiler: /usr/bin/c++ - skipped
-- Detecting CXX compile features
-- Detecting CXX compile features - done
-- Found ament_cmake: 1.3.10 (/opt/ros/humble/share/ament_cmake/cmake)
-- Found Python3: /usr/bin/python3 (found version "3.10.12") found components: Interpreter 
-- Found rclcpp: 16.0.10 (/opt/ros/humble/share/rclcpp/cmake)
-- Found rosidl_generator_c: 3.1.5 (/opt/ros/humble/share/rosidl_generator_c/cmake)
-- Found rosidl_adapter: 3.1.5 (/opt/ros/humble/share/rosidl_adapter/cmake)
-- Found rosidl_generator_cpp: 3.1.5 (/opt/ros/humble/share/rosidl_generator_cpp/cmake)
-- Using all available rosidl_typesupport_c: rosidl_typesupport_fastrtps_c;rosidl_typesupport_introspection_c
-- Using all available rosidl_typesupport_cpp: rosidl_typesupport_fastrtps_cpp;rosidl_typesupport_introspection_cpp
-- Found rmw_implementation_cmake: 6.1.2 (/opt/ros/humble/share/rmw_implementation_cmake/cmake)
-- Found rmw_fastrtps_cpp: 6.2.7 (/opt/ros/humble/share/rmw_fastrtps_cpp/cmake)
-- Found OpenSSL: /usr/lib/x86_64-linux-gnu/libcrypto.so (found version "3.0.2")  
-- Found FastRTPS: /opt/ros/humble/include  
-- Using RMW implementation 'rmw_fastrtps_cpp' as default
-- Looking for pthread.h
-- Looking for pthread.h - found
-- Performing Test CMAKE_HAVE_LIBC_PTHREAD
-- Performing Test CMAKE_HAVE_LIBC_PTHREAD - Success
-- Found Threads: TRUE  
-- Found sensor_msgs: 4.2.4 (/opt/ros/humble/share/sensor_msgs/cmake)
-- Found nav_msgs: 4.2.4 (/opt/ros/humble/share/nav_msgs/cmake)
-- Found OpenCV: /usr (found version "4.5.4") 
-- Found visualization_msgs: 4.2.4 (/opt/ros/humble/share/visualization_msgs/cmake)
-- Found gazebo_msgs: 3.7.0 (/opt/ros/humble/share/gazebo_msgs/cmake)
-- Found tf2: 0.25.7 (/opt/ros/humble/share/tf2/cmake)
-- Found tf2_ros: 0.25.7 (/opt/ros/humble/share/tf2_ros/cmake)
-- Found tf2_geometry_msgs: 0.25.7 (/opt/ros/humble/share/tf2_geometry_msgs/cmake)
-- Found eigen3_cmake_module: 0.1.1 (/opt/ros/humble/share/eigen3_cmake_module/cmake)
-- Found Eigen3: TRUE (found version "3.4.0") 
-- Ensuring Eigen3 include directory is part of orocos-kdl CMake target
-- Found ament_lint_auto: 0.12.11 (/opt/ros/humble/share/ament_lint_auto/cmake)
-- Added test 'cppcheck' to perform static code analysis on C / C++ code
-- Configured cppcheck include dirs: /home/martin/ros2_ws/src/package/include
-- Configured cppcheck exclude dirs and/or files: 
-- Added test 'flake8' to check Python code syntax and style conventions
-- Added test 'lint_cmake' to check CMake code style
-- Added test 'pep257' to check Python code against some of the docstring style conventions in PEP 257
-- Added test 'uncrustify' to check C / C++ code style
-- Configured uncrustify additional arguments: 
-- Added test 'xmllint' to check XML markup files
-- Configuring done
-- Generating done
-- Build files have been written to: /home/martin/ros2_ws/build/robotics_studio_1
[ 12%] [32mBuilding CXX object CMakeFiles/sprint1.dir/src/sprint1.cpp.o[0m
[ 25%] [32mBuilding CXX object CMakeFiles/sprint2.dir/src/sprint2.cpp.o[0m
[ 37%] [32mBuilding CXX object CMakeFiles/sprint3.dir/src/sprint3.cpp.o[0m
[ 50%] [32mBuilding CXX object CMakeFiles/sprint3part2.dir/src/sprint3part2.cpp.o[0m
In file included from [01m[K/home/martin/ros2_ws/src/package/src/sprint3part2.cpp:12[m[K:
[01m[K/opt/ros/humble/include/tf2_geometry_msgs/tf2_geometry_msgs/tf2_geometry_msgs.h:35:2:[m[K [01;35m[Kwarning: [m[K#warning This header is obsolete, please include tf2_geometry_msgs/tf2_geometry_msgs.hpp instead [[01;35m[K]8;;https://gcc.gnu.org/onlinedocs/gcc/Warning-Options.html#index-Wcpp-Wcpp]8;;[m[K]
   35 | #[01;35m[Kwarning[m[K This header is obsolete, please include tf2_geometry_msgs/tf2_geometry_msgs.hpp instead
      |  [01;35m[K^~~~~~~[m[K
[ 62%] [32m[1mLinking CXX executable sprint1[0m
[ 62%] Built target sprint1
[ 75%] [32m[1mLinking CXX executable sprint3[0m
[ 75%] Built target sprint3
[ 87%] [32m[1mLinking CXX executable sprint2[0m
[100%] [32m[1mLinking CXX executable sprint3part2[0m
[100%] Built target sprint2
[100%] Built target sprint3part2
-- Install configuration: ""
-- Installing: /home/martin/ros2_ws/install/robotics_studio_1/lib/robotics_studio_1/sprint1
-- Set runtime path of "/home/martin/ros2_ws/install/robotics_studio_1/lib/robotics_studio_1/sprint1" to ""
-- Installing: /home/martin/ros2_ws/install/robotics_studio_1/lib/robotics_studio_1/sprint2
-- Set runtime path of "/home/martin/ros2_ws/install/robotics_studio_1/lib/robotics_studio_1/sprint2" to ""
-- Installing: /home/martin/ros2_ws/install/robotics_studio_1/lib/robotics_studio_1/sprint3
-- Set runtime path of "/home/martin/ros2_ws/install/robotics_studio_1/lib/robotics_studio_1/sprint3" to ""
-- Installing: /home/martin/ros2_ws/install/robotics_studio_1/lib/robotics_studio_1/sprint3part2
-- Set runtime path of "/home/martin/ros2_ws/install/robotics_studio_1/lib/robotics_studio_1/sprint3part2" to ""
-- Installing: /home/martin/ros2_ws/install/robotics_studio_1/share/ament_index/resource_index/package_run_dependencies/robotics_studio_1
-- Installing: /home/martin/ros2_ws/install/robotics_studio_1/share/ament_index/resource_index/parent_prefix_path/robotics_studio_1
-- Installing: /home/martin/ros2_ws/install/robotics_studio_1/share/robotics_studio_1/environment/ament_prefix_path.sh
-- Installing: /home/martin/ros2_ws/install/robotics_studio_1/share/robotics_studio_1/environment/ament_prefix_path.dsv
-- Installing: /home/martin/ros2_ws/install/robotics_studio_1/share/robotics_studio_1/environment/path.sh
-- Installing: /home/martin/ros2_ws/install/robotics_studio_1/share/robotics_studio_1/environment/path.dsv
-- Installing: /home/martin/ros2_ws/install/robotics_studio_1/share/robotics_studio_1/local_setup.bash
-- Installing: /home/martin/ros2_ws/install/robotics_studio_1/share/robotics_studio_1/local_setup.sh
-- Installing: /home/martin/ros2_ws/install/robotics_studio_1/share/robotics_studio_1/local_setup.zsh
-- Installing: /home/martin/ros2_ws/install/robotics_studio_1/share/robotics_studio_1/local_setup.dsv
-- Installing: /home/martin/ros2_ws/install/robotics_studio_1/share/robotics_studio_1/package.dsv
-- Installing: /home/martin/ros2_ws/install/robotics_studio_1/share/ament_index/resource_index/packages/robotics_studio_1
-- Installing: /home/martin/ros2_ws/install/robotics_studio_1/share/robotics_studio_1/cmake/robotics_studio_1Config.cmake
-- Installing: /home/martin/ros2_ws/install/robotics_studio_1/share/robotics_studio_1/cmake/robotics_studio_1Config-version.cmake
-- Installing: /home/martin/ros2_ws/install/robotics_studio_1/share/robotics_studio_1/package.xml
