[0.017s] Invoking command in '/home/martin/ros2_ws/build/SimpleLocalizer': CMAKE_PREFIX_PATH=/home/martin/ros2_ws/install/turtlesim:/home/martin/ros2_ws/install/turtlebot3:/home/martin/ros2_ws/install/turtlebot3_simulations:/home/martin/ros2_ws/install/turtlebot3_bringup:/home/martin/ros2_ws/install/turtlebot3_node:/home/martin/ros2_ws/install/turtlebot3_navigation2:/home/martin/ros2_ws/install/turtlebot3_fake_node:/home/martin/ros2_ws/install/turtlebot3_msgs:/home/martin/ros2_ws/install/turtlebot3_gazebo:/home/martin/ros2_ws/install/turtlebot3_description:/home/martin/ros2_ws/install/turtlebot3_cartographer:/home/martin/ros2_ws/install/scan_sub_pub:/home/martin/ros2_ws/install/turtlebot3_teleop:/home/martin/ros2_ws/install/turtlebot3_example:/opt/ros/humble:/home/martin/ros2_ws/install/localization_error_calculator:/home/martin/ros2_ws/install/dynamixel_sdk_examples:/home/martin/ros2_ws/install/dynamixel_sdk_custom_interfaces:/home/martin/ros2_ws/install/dynamixel_sdk /usr/bin/cmake --build /home/martin/ros2_ws/build/SimpleLocalizer -- -j8 -l8
[0.052s] -- Found ament_cmake: 1.3.10 (/opt/ros/humble/share/ament_cmake/cmake)
[0.187s] -- Found rclcpp: 16.0.10 (/opt/ros/humble/share/rclcpp/cmake)
[0.215s] -- Found rosidl_generator_c: 3.1.5 (/opt/ros/humble/share/rosidl_generator_c/cmake)
[0.217s] -- Found rosidl_adapter: 3.1.5 (/opt/ros/humble/share/rosidl_adapter/cmake)
[0.222s] -- Found rosidl_generator_cpp: 3.1.5 (/opt/ros/humble/share/rosidl_generator_cpp/cmake)
[0.232s] -- Using all available rosidl_typesupport_c: rosidl_typesupport_fastrtps_c;rosidl_typesupport_introspection_c
[0.244s] -- Using all available rosidl_typesupport_cpp: rosidl_typesupport_fastrtps_cpp;rosidl_typesupport_introspection_cpp
[0.275s] -- Found rmw_implementation_cmake: 6.1.2 (/opt/ros/humble/share/rmw_implementation_cmake/cmake)
[0.277s] -- Found rmw_fastrtps_cpp: 6.2.7 (/opt/ros/humble/share/rmw_fastrtps_cpp/cmake)
[0.367s] -- Using RMW implementation 'rmw_fastrtps_cpp' as default
[0.410s] -- Found sensor_msgs: 4.2.4 (/opt/ros/humble/share/sensor_msgs/cmake)
[0.436s] -- Found nav_msgs: 4.2.4 (/opt/ros/humble/share/nav_msgs/cmake)
[0.505s] WARNING: Package name "SimpleLocalizer" does not follow the naming conventions. It should start with a lower case letter and only contain lower case letters, digits, underscores, and dashes.
[0.514s] -- Configuring done
[0.525s] -- Generating done
[0.526s] -- Build files have been written to: /home/martin/ros2_ws/build/SimpleLocalizer
[0.555s] [ 50%] [32mBuilding CXX object CMakeFiles/simplelocalizer.dir/src/simplelocalizer.cpp.o[0m
[12.914s] [100%] [32m[1mLinking CXX executable simplelocalizer[0m
[14.258s] [100%] Built target simplelocalizer
[14.267s] Invoked command in '/home/martin/ros2_ws/build/SimpleLocalizer' returned '0': CMAKE_PREFIX_PATH=/home/martin/ros2_ws/install/turtlesim:/home/martin/ros2_ws/install/turtlebot3:/home/martin/ros2_ws/install/turtlebot3_simulations:/home/martin/ros2_ws/install/turtlebot3_bringup:/home/martin/ros2_ws/install/turtlebot3_node:/home/martin/ros2_ws/install/turtlebot3_navigation2:/home/martin/ros2_ws/install/turtlebot3_fake_node:/home/martin/ros2_ws/install/turtlebot3_msgs:/home/martin/ros2_ws/install/turtlebot3_gazebo:/home/martin/ros2_ws/install/turtlebot3_description:/home/martin/ros2_ws/install/turtlebot3_cartographer:/home/martin/ros2_ws/install/scan_sub_pub:/home/martin/ros2_ws/install/turtlebot3_teleop:/home/martin/ros2_ws/install/turtlebot3_example:/opt/ros/humble:/home/martin/ros2_ws/install/localization_error_calculator:/home/martin/ros2_ws/install/dynamixel_sdk_examples:/home/martin/ros2_ws/install/dynamixel_sdk_custom_interfaces:/home/martin/ros2_ws/install/dynamixel_sdk /usr/bin/cmake --build /home/martin/ros2_ws/build/SimpleLocalizer -- -j8 -l8
[14.294s] Invoking command in '/home/martin/ros2_ws/build/SimpleLocalizer': CMAKE_PREFIX_PATH=/home/martin/ros2_ws/install/turtlesim:/home/martin/ros2_ws/install/turtlebot3:/home/martin/ros2_ws/install/turtlebot3_simulations:/home/martin/ros2_ws/install/turtlebot3_bringup:/home/martin/ros2_ws/install/turtlebot3_node:/home/martin/ros2_ws/install/turtlebot3_navigation2:/home/martin/ros2_ws/install/turtlebot3_fake_node:/home/martin/ros2_ws/install/turtlebot3_msgs:/home/martin/ros2_ws/install/turtlebot3_gazebo:/home/martin/ros2_ws/install/turtlebot3_description:/home/martin/ros2_ws/install/turtlebot3_cartographer:/home/martin/ros2_ws/install/scan_sub_pub:/home/martin/ros2_ws/install/turtlebot3_teleop:/home/martin/ros2_ws/install/turtlebot3_example:/opt/ros/humble:/home/martin/ros2_ws/install/localization_error_calculator:/home/martin/ros2_ws/install/dynamixel_sdk_examples:/home/martin/ros2_ws/install/dynamixel_sdk_custom_interfaces:/home/martin/ros2_ws/install/dynamixel_sdk /usr/bin/cmake --install /home/martin/ros2_ws/build/SimpleLocalizer
[14.300s] -- Install configuration: ""
[14.300s] -- Installing: /home/martin/ros2_ws/install/SimpleLocalizer/lib/SimpleLocalizer/simplelocalizer
[14.303s] -- Set runtime path of "/home/martin/ros2_ws/install/SimpleLocalizer/lib/SimpleLocalizer/simplelocalizer" to ""
[14.303s] -- Installing: /home/martin/ros2_ws/install/SimpleLocalizer/share/ament_index/resource_index/package_run_dependencies/SimpleLocalizer
[14.304s] -- Installing: /home/martin/ros2_ws/install/SimpleLocalizer/share/ament_index/resource_index/parent_prefix_path/SimpleLocalizer
[14.304s] -- Installing: /home/martin/ros2_ws/install/SimpleLocalizer/share/SimpleLocalizer/environment/ament_prefix_path.sh
[14.304s] -- Installing: /home/martin/ros2_ws/install/SimpleLocalizer/share/SimpleLocalizer/environment/ament_prefix_path.dsv
[14.304s] -- Installing: /home/martin/ros2_ws/install/SimpleLocalizer/share/SimpleLocalizer/environment/path.sh
[14.304s] -- Installing: /home/martin/ros2_ws/install/SimpleLocalizer/share/SimpleLocalizer/environment/path.dsv
[14.304s] -- Installing: /home/martin/ros2_ws/install/SimpleLocalizer/share/SimpleLocalizer/local_setup.bash
[14.304s] -- Installing: /home/martin/ros2_ws/install/SimpleLocalizer/share/SimpleLocalizer/local_setup.sh
[14.304s] -- Installing: /home/martin/ros2_ws/install/SimpleLocalizer/share/SimpleLocalizer/local_setup.zsh
[14.304s] -- Installing: /home/martin/ros2_ws/install/SimpleLocalizer/share/SimpleLocalizer/local_setup.dsv
[14.304s] -- Installing: /home/martin/ros2_ws/install/SimpleLocalizer/share/SimpleLocalizer/package.dsv
[14.304s] -- Installing: /home/martin/ros2_ws/install/SimpleLocalizer/share/ament_index/resource_index/packages/SimpleLocalizer
[14.304s] -- Installing: /home/martin/ros2_ws/install/SimpleLocalizer/share/SimpleLocalizer/cmake/SimpleLocalizerConfig.cmake
[14.305s] -- Installing: /home/martin/ros2_ws/install/SimpleLocalizer/share/SimpleLocalizer/cmake/SimpleLocalizerConfig-version.cmake
[14.305s] -- Installing: /home/martin/ros2_ws/install/SimpleLocalizer/share/SimpleLocalizer/package.xml
[14.307s] Invoked command in '/home/martin/ros2_ws/build/SimpleLocalizer' returned '0': CMAKE_PREFIX_PATH=/home/martin/ros2_ws/install/turtlesim:/home/martin/ros2_ws/install/turtlebot3:/home/martin/ros2_ws/install/turtlebot3_simulations:/home/martin/ros2_ws/install/turtlebot3_bringup:/home/martin/ros2_ws/install/turtlebot3_node:/home/martin/ros2_ws/install/turtlebot3_navigation2:/home/martin/ros2_ws/install/turtlebot3_fake_node:/home/martin/ros2_ws/install/turtlebot3_msgs:/home/martin/ros2_ws/install/turtlebot3_gazebo:/home/martin/ros2_ws/install/turtlebot3_description:/home/martin/ros2_ws/install/turtlebot3_cartographer:/home/martin/ros2_ws/install/scan_sub_pub:/home/martin/ros2_ws/install/turtlebot3_teleop:/home/martin/ros2_ws/install/turtlebot3_example:/opt/ros/humble:/home/martin/ros2_ws/install/localization_error_calculator:/home/martin/ros2_ws/install/dynamixel_sdk_examples:/home/martin/ros2_ws/install/dynamixel_sdk_custom_interfaces:/home/martin/ros2_ws/install/dynamixel_sdk /usr/bin/cmake --install /home/martin/ros2_ws/build/SimpleLocalizer
