[0.029s] Invoking command in '/home/martin/ros2_ws/build/turtlebot3_description': CMAKE_PREFIX_PATH=/opt/ros/humble /usr/bin/cmake /home/martin/ros2_ws/src/turtlebot3/turtlebot3_description -DAMENT_CMAKE_SYMLINK_INSTALL=1 -DCMAKE_INSTALL_PREFIX=/home/martin/ros2_ws/install/turtlebot3_description
[0.748s] -- The C compiler identification is GNU 11.4.0
[0.748s] -- The CXX compiler identification is GNU 11.4.0
[0.748s] -- Detecting C compiler ABI info
[0.748s] -- Detecting C compiler ABI info - done
[0.749s] -- Check for working C compiler: /usr/bin/cc - skipped
[0.749s] -- Detecting C compile features
[0.749s] -- Detecting C compile features - done
[0.749s] -- Detecting CXX compiler ABI info
[0.749s] -- Detecting CXX compiler ABI info - done
[0.749s] -- Check for working CXX compiler: /usr/bin/c++ - skipped
[0.749s] -- Detecting CXX compile features
[0.749s] -- Detecting CXX compile features - done
[0.749s] -- Found ament_cmake: 1.3.10 (/opt/ros/humble/share/ament_cmake/cmake)
[1.031s] -- Found Python3: /usr/bin/python3 (found version "3.10.12") found components: Interpreter 
[1.265s] -- Override CMake install command with custom implementation using symlinks instead of copying resources
[1.333s] -- Found urdf: 2.6.0 (/opt/ros/humble/share/urdf/cmake)
[1.782s] -- Configuring done
[1.803s] -- Generating done
[1.819s] -- Build files have been written to: /home/martin/ros2_ws/build/turtlebot3_description
[1.852s] Invoked command in '/home/martin/ros2_ws/build/turtlebot3_description' returned '0': CMAKE_PREFIX_PATH=/opt/ros/humble /usr/bin/cmake /home/martin/ros2_ws/src/turtlebot3/turtlebot3_description -DAMENT_CMAKE_SYMLINK_INSTALL=1 -DCMAKE_INSTALL_PREFIX=/home/martin/ros2_ws/install/turtlebot3_description
[1.853s] Invoking command in '/home/martin/ros2_ws/build/turtlebot3_description': CMAKE_PREFIX_PATH=/opt/ros/humble /usr/bin/cmake --build /home/martin/ros2_ws/build/turtlebot3_description -- -j8 -l8
[2.063s] Invoked command in '/home/martin/ros2_ws/build/turtlebot3_description' returned '0': CMAKE_PREFIX_PATH=/opt/ros/humble /usr/bin/cmake --build /home/martin/ros2_ws/build/turtlebot3_description -- -j8 -l8
[2.148s] Invoking command in '/home/martin/ros2_ws/build/turtlebot3_description': CMAKE_PREFIX_PATH=/opt/ros/humble /usr/bin/cmake --install /home/martin/ros2_ws/build/turtlebot3_description
[2.384s] -- Install configuration: ""
[2.384s] -- Execute custom install script
[2.384s] -- Symlinking: /home/martin/ros2_ws/install/turtlebot3_description/share/turtlebot3_description/meshes/bases/burger_base.stl
[2.384s] -- Symlinking: /home/martin/ros2_ws/install/turtlebot3_description/share/turtlebot3_description/meshes/bases/waffle_base.stl
[2.384s] -- Symlinking: /home/martin/ros2_ws/install/turtlebot3_description/share/turtlebot3_description/meshes/bases/waffle_pi_base.stl
[2.384s] -- Symlinking: /home/martin/ros2_ws/install/turtlebot3_description/share/turtlebot3_description/meshes/sensors/astra.dae
[2.384s] -- Symlinking: /home/martin/ros2_ws/install/turtlebot3_description/share/turtlebot3_description/meshes/sensors/astra.jpg
[2.385s] -- Symlinking: /home/martin/ros2_ws/install/turtlebot3_description/share/turtlebot3_description/meshes/sensors/lds.stl
[2.385s] -- Symlinking: /home/martin/ros2_ws/install/turtlebot3_description/share/turtlebot3_description/meshes/sensors/r200.dae
[2.430s] -- Symlinking: /home/martin/ros2_ws/install/turtlebot3_description/share/turtlebot3_description/meshes/sensors/r200.jpg
[2.457s] -- Symlinking: /home/martin/ros2_ws/install/turtlebot3_description/share/turtlebot3_description/meshes/wheels/left_tire.stl
[2.479s] -- Symlinking: /home/martin/ros2_ws/install/turtlebot3_description/share/turtlebot3_description/meshes/wheels/right_tire.stl
[2.503s] -- Symlinking: /home/martin/ros2_ws/install/turtlebot3_description/share/turtlebot3_description/rviz/model.rviz
[2.573s] -- Symlinking: /home/martin/ros2_ws/install/turtlebot3_description/share/turtlebot3_description/urdf/common_properties.urdf
[2.595s] -- Symlinking: /home/martin/ros2_ws/install/turtlebot3_description/share/turtlebot3_description/urdf/turtlebot3_burger.urdf
[2.613s] -- Symlinking: /home/martin/ros2_ws/install/turtlebot3_description/share/turtlebot3_description/urdf/turtlebot3_waffle.urdf
[2.629s] -- Symlinking: /home/martin/ros2_ws/install/turtlebot3_description/share/turtlebot3_description/urdf/turtlebot3_waffle_pi.urdf
[2.641s] -- Symlinking: /home/martin/ros2_ws/install/turtlebot3_description/share/ament_index/resource_index/package_run_dependencies/turtlebot3_description
[2.657s] -- Symlinking: /home/martin/ros2_ws/install/turtlebot3_description/share/ament_index/resource_index/parent_prefix_path/turtlebot3_description
[2.670s] -- Symlinking: /home/martin/ros2_ws/install/turtlebot3_description/share/turtlebot3_description/environment/ament_prefix_path.sh
[2.689s] -- Symlinking: /home/martin/ros2_ws/install/turtlebot3_description/share/turtlebot3_description/environment/ament_prefix_path.dsv
[2.740s] -- Symlinking: /home/martin/ros2_ws/install/turtlebot3_description/share/turtlebot3_description/environment/path.sh
[2.758s] -- Symlinking: /home/martin/ros2_ws/install/turtlebot3_description/share/turtlebot3_description/environment/path.dsv
[2.817s] -- Symlinking: /home/martin/ros2_ws/install/turtlebot3_description/share/turtlebot3_description/local_setup.bash
[2.840s] -- Symlinking: /home/martin/ros2_ws/install/turtlebot3_description/share/turtlebot3_description/local_setup.sh
[2.872s] -- Symlinking: /home/martin/ros2_ws/install/turtlebot3_description/share/turtlebot3_description/local_setup.zsh
[2.887s] -- Symlinking: /home/martin/ros2_ws/install/turtlebot3_description/share/turtlebot3_description/local_setup.dsv
[2.900s] -- Symlinking: /home/martin/ros2_ws/install/turtlebot3_description/share/turtlebot3_description/package.dsv
[2.930s] -- Symlinking: /home/martin/ros2_ws/install/turtlebot3_description/share/ament_index/resource_index/packages/turtlebot3_description
[2.950s] -- Symlinking: /home/martin/ros2_ws/install/turtlebot3_description/share/turtlebot3_description/cmake/turtlebot3_descriptionConfig.cmake
[2.965s] -- Symlinking: /home/martin/ros2_ws/install/turtlebot3_description/share/turtlebot3_description/cmake/turtlebot3_descriptionConfig-version.cmake
[2.976s] -- Symlinking: /home/martin/ros2_ws/install/turtlebot3_description/share/turtlebot3_description/package.xml
[2.988s] Invoked command in '/home/martin/ros2_ws/build/turtlebot3_description' returned '0': CMAKE_PREFIX_PATH=/opt/ros/humble /usr/bin/cmake --install /home/martin/ros2_ws/build/turtlebot3_description
