[0.046s] Invoking command in '/home/martin/ros2_ws/build/aws_robomaker_small_warehouse_world': /usr/bin/cmake /home/martin/ros2_ws/src/aws-robomaker-small-warehouse-world -DCATKIN_INSTALL_INTO_PREFIX_ROOT=0 -DCATKIN_SYMLINK_INSTALL=ON -DCMAKE_INSTALL_PREFIX=/home/martin/ros2_ws/install/aws_robomaker_small_warehouse_world
[0.056s] [0mCMake Deprecation Warning at CMakeLists.txt:1 (cmake_minimum_required):
[0.056s]   Compatibility with CMake < 2.8.12 will be removed from a future version of
[0.056s]   CMake.
[0.056s] 
[0.057s]   Update the VERSION argument <min> value or use a ...<max> suffix to tell
[0.057s]   CMake that the project does not need compatibility with older versions.
[0.057s] 
[0.057s] [0m
[0.081s] [31mCMake Error at CMakeLists.txt:4 (find_package):
[0.081s]   By not providing "Findcatkin.cmake" in CMAKE_MODULE_PATH this project has
[0.081s]   asked CMake to find a package configuration file provided by "catkin", but
[0.081s]   CMake did not find one.
[0.081s] 
[0.081s]   Could not find a package configuration file provided by "catkin" with any
[0.081s]   of the following names:
[0.081s] 
[0.082s]     catkinConfig.cmake
[0.082s]     catkin-config.cmake
[0.082s] 
[0.082s]   Add the installation prefix of "catkin" to CMAKE_PREFIX_PATH or set
[0.082s]   "catkin_DIR" to a directory containing one of the above files.  If "catkin"
[0.082s]   provides a separate development package or SDK, be sure it has been
[0.082s]   installed.
[0.082s] 
[0.082s] [0m
[0.083s] -- Configuring incomplete, errors occurred!
[0.083s] See also "/home/martin/ros2_ws/build/aws_robomaker_small_warehouse_world/CMakeFiles/CMakeOutput.log".
[0.087s] Invoked command in '/home/martin/ros2_ws/build/aws_robomaker_small_warehouse_world' returned '1': /usr/bin/cmake /home/martin/ros2_ws/src/aws-robomaker-small-warehouse-world -DCATKIN_INSTALL_INTO_PREFIX_ROOT=0 -DCATKIN_SYMLINK_INSTALL=ON -DCMAKE_INSTALL_PREFIX=/home/martin/ros2_ws/install/aws_robomaker_small_warehouse_world
