[1.140s] DEBUG:colcon:Command line arguments: ['/usr/bin/colcon', 'list', '-p', '--base-paths', '/home/martin/ros2_ws']
[1.141s] DEBUG:colcon:Parsed command line arguments: Namespace(log_base=None, log_level=None, verb_name='list', build_base='build', ignore_user_meta=False, metas=['./colcon.meta'], base_paths=['/home/martin/ros2_ws'], packages_ignore=None, packages_ignore_regex=None, paths=None, packages_up_to=None, packages_up_to_regex=None, packages_above=None, packages_above_and_dependencies=None, packages_above_depth=None, packages_select_by_dep=None, packages_skip_by_dep=None, packages_skip_up_to=None, packages_select_build_failed=False, packages_skip_build_finished=False, packages_select_test_failures=False, packages_skip_test_passed=False, packages_select=None, packages_skip=None, packages_select_regex=None, packages_skip_regex=None, packages_start=None, packages_end=None, allow_overriding=[], topological_order=False, names_only=False, paths_only=True, topological_graph=False, topological_graph_dot=False, topological_graph_density=False, topological_graph_legend=False, topological_graph_dot_cluster=False, topological_graph_dot_include_skipped=False, mixin_files=None, mixin=None, verb_parser=<colcon_mixin.mixin.mixin_argument.MixinArgumentDecorator object at 0x7afeab5743d0>, verb_extension=<colcon_package_information.verb.list.ListVerb object at 0x7afeab53b370>, main=<bound method ListVerb.main of <colcon_package_information.verb.list.ListVerb object at 0x7afeab53b370>>, mixin_verb=('list',))
[3.681s] Level 1:colcon.colcon_core.package_discovery:discover_packages(colcon_meta) check parameters
[3.682s] Level 1:colcon.colcon_core.package_discovery:discover_packages(recursive) check parameters
[3.682s] Level 1:colcon.colcon_core.package_discovery:discover_packages(ignore) check parameters
[3.682s] Level 1:colcon.colcon_core.package_discovery:discover_packages(path) check parameters
[3.683s] Level 1:colcon.colcon_core.package_discovery:discover_packages(recursive) discover
[3.683s] INFO:colcon.colcon_core.package_discovery:Crawling recursively for packages in '/home/martin/ros2_ws'
[3.685s] Level 1:colcon.colcon_core.package_identification:_identify(/home/martin/ros2_ws) by extensions ['ignore', 'ignore_ament_install']
[3.687s] Level 1:colcon.colcon_core.package_identification:_identify(/home/martin/ros2_ws) by extension 'ignore'
[3.688s] Level 1:colcon.colcon_core.package_identification:_identify(/home/martin/ros2_ws) by extension 'ignore_ament_install'
[3.689s] Level 1:colcon.colcon_core.package_identification:_identify(/home/martin/ros2_ws) by extensions ['colcon_pkg']
[3.690s] Level 1:colcon.colcon_core.package_identification:_identify(/home/martin/ros2_ws) by extension 'colcon_pkg'
[3.690s] Level 1:colcon.colcon_core.package_identification:_identify(/home/martin/ros2_ws) by extensions ['colcon_meta']
[3.691s] Level 1:colcon.colcon_core.package_identification:_identify(/home/martin/ros2_ws) by extension 'colcon_meta'
[3.692s] Level 1:colcon.colcon_core.package_identification:_identify(/home/martin/ros2_ws) by extensions ['ros']
[3.692s] Level 1:colcon.colcon_core.package_identification:_identify(/home/martin/ros2_ws) by extension 'ros'
[3.835s] Level 1:colcon.colcon_core.package_identification:_identify(/home/martin/ros2_ws) by extensions ['cmake', 'python']
[3.836s] Level 1:colcon.colcon_core.package_identification:_identify(/home/martin/ros2_ws) by extension 'cmake'
[3.836s] Level 1:colcon.colcon_core.package_identification:_identify(/home/martin/ros2_ws) by extension 'python'
[3.836s] Level 1:colcon.colcon_core.package_identification:_identify(/home/martin/ros2_ws) by extensions ['python_setup_py']
[3.836s] Level 1:colcon.colcon_core.package_identification:_identify(/home/martin/ros2_ws) by extension 'python_setup_py'
[3.838s] Level 1:colcon.colcon_core.package_identification:_identify(/home/martin/ros2_ws/build) by extensions ['ignore', 'ignore_ament_install']
[3.840s] Level 1:colcon.colcon_core.package_identification:_identify(/home/martin/ros2_ws/build) by extension 'ignore'
[3.840s] Level 1:colcon.colcon_core.package_identification:_identify(/home/martin/ros2_ws/build) ignored
[3.842s] Level 1:colcon.colcon_core.package_identification:_identify(/home/martin/ros2_ws/install) by extensions ['ignore', 'ignore_ament_install']
[3.844s] Level 1:colcon.colcon_core.package_identification:_identify(/home/martin/ros2_ws/install) by extension 'ignore'
[3.845s] Level 1:colcon.colcon_core.package_identification:_identify(/home/martin/ros2_ws/install) ignored
[3.846s] Level 1:colcon.colcon_core.package_identification:_identify(/home/martin/ros2_ws/log) by extensions ['ignore', 'ignore_ament_install']
[3.848s] Level 1:colcon.colcon_core.package_identification:_identify(/home/martin/ros2_ws/log) by extension 'ignore'
[3.849s] Level 1:colcon.colcon_core.package_identification:_identify(/home/martin/ros2_ws/log) ignored
[3.850s] Level 1:colcon.colcon_core.package_identification:_identify(/home/martin/ros2_ws/src) by extensions ['ignore', 'ignore_ament_install']
[3.851s] Level 1:colcon.colcon_core.package_identification:_identify(/home/martin/ros2_ws/src) by extension 'ignore'
[3.852s] Level 1:colcon.colcon_core.package_identification:_identify(/home/martin/ros2_ws/src) by extension 'ignore_ament_install'
[3.853s] Level 1:colcon.colcon_core.package_identification:_identify(/home/martin/ros2_ws/src) by extensions ['colcon_pkg']
[3.854s] Level 1:colcon.colcon_core.package_identification:_identify(/home/martin/ros2_ws/src) by extension 'colcon_pkg'
[3.854s] Level 1:colcon.colcon_core.package_identification:_identify(/home/martin/ros2_ws/src) by extensions ['colcon_meta']
[3.855s] Level 1:colcon.colcon_core.package_identification:_identify(/home/martin/ros2_ws/src) by extension 'colcon_meta'
[3.856s] Level 1:colcon.colcon_core.package_identification:_identify(/home/martin/ros2_ws/src) by extensions ['ros']
[3.856s] Level 1:colcon.colcon_core.package_identification:_identify(/home/martin/ros2_ws/src) by extension 'ros'
[3.857s] Level 1:colcon.colcon_core.package_identification:_identify(/home/martin/ros2_ws/src) by extensions ['cmake', 'python']
[3.857s] Level 1:colcon.colcon_core.package_identification:_identify(/home/martin/ros2_ws/src) by extension 'cmake'
[3.857s] Level 1:colcon.colcon_core.package_identification:_identify(/home/martin/ros2_ws/src) by extension 'python'
[3.857s] Level 1:colcon.colcon_core.package_identification:_identify(/home/martin/ros2_ws/src) by extensions ['python_setup_py']
[3.858s] Level 1:colcon.colcon_core.package_identification:_identify(/home/martin/ros2_ws/src) by extension 'python_setup_py'
[3.859s] Level 1:colcon.colcon_core.package_identification:_identify(/home/martin/ros2_ws/src/DynamixelSDK) by extensions ['ignore', 'ignore_ament_install']
[3.861s] Level 1:colcon.colcon_core.package_identification:_identify(/home/martin/ros2_ws/src/DynamixelSDK) by extension 'ignore'
[3.862s] Level 1:colcon.colcon_core.package_identification:_identify(/home/martin/ros2_ws/src/DynamixelSDK) by extension 'ignore_ament_install'
[3.863s] Level 1:colcon.colcon_core.package_identification:_identify(/home/martin/ros2_ws/src/DynamixelSDK) by extensions ['colcon_pkg']
[3.863s] Level 1:colcon.colcon_core.package_identification:_identify(/home/martin/ros2_ws/src/DynamixelSDK) by extension 'colcon_pkg'
[3.864s] Level 1:colcon.colcon_core.package_identification:_identify(/home/martin/ros2_ws/src/DynamixelSDK) by extensions ['colcon_meta']
[3.864s] Level 1:colcon.colcon_core.package_identification:_identify(/home/martin/ros2_ws/src/DynamixelSDK) by extension 'colcon_meta'
[3.865s] Level 1:colcon.colcon_core.package_identification:_identify(/home/martin/ros2_ws/src/DynamixelSDK) by extensions ['ros']
[3.866s] Level 1:colcon.colcon_core.package_identification:_identify(/home/martin/ros2_ws/src/DynamixelSDK) by extension 'ros'
[3.867s] Level 1:colcon.colcon_core.package_identification:_identify(/home/martin/ros2_ws/src/DynamixelSDK) by extensions ['cmake', 'python']
[3.867s] Level 1:colcon.colcon_core.package_identification:_identify(/home/martin/ros2_ws/src/DynamixelSDK) by extension 'cmake'
[3.867s] Level 1:colcon.colcon_core.package_identification:_identify(/home/martin/ros2_ws/src/DynamixelSDK) by extension 'python'
[3.867s] Level 1:colcon.colcon_core.package_identification:_identify(/home/martin/ros2_ws/src/DynamixelSDK) by extensions ['python_setup_py']
[3.867s] Level 1:colcon.colcon_core.package_identification:_identify(/home/martin/ros2_ws/src/DynamixelSDK) by extension 'python_setup_py'
[3.869s] Level 1:colcon.colcon_core.package_identification:_identify(/home/martin/ros2_ws/src/DynamixelSDK/dynamixel_sdk) by extensions ['ignore', 'ignore_ament_install']
[3.871s] Level 1:colcon.colcon_core.package_identification:_identify(/home/martin/ros2_ws/src/DynamixelSDK/dynamixel_sdk) by extension 'ignore'
[3.871s] Level 1:colcon.colcon_core.package_identification:_identify(/home/martin/ros2_ws/src/DynamixelSDK/dynamixel_sdk) by extension 'ignore_ament_install'
[3.872s] Level 1:colcon.colcon_core.package_identification:_identify(/home/martin/ros2_ws/src/DynamixelSDK/dynamixel_sdk) by extensions ['colcon_pkg']
[3.873s] Level 1:colcon.colcon_core.package_identification:_identify(/home/martin/ros2_ws/src/DynamixelSDK/dynamixel_sdk) by extension 'colcon_pkg'
[3.873s] Level 1:colcon.colcon_core.package_identification:_identify(/home/martin/ros2_ws/src/DynamixelSDK/dynamixel_sdk) by extensions ['colcon_meta']
[3.874s] Level 1:colcon.colcon_core.package_identification:_identify(/home/martin/ros2_ws/src/DynamixelSDK/dynamixel_sdk) by extension 'colcon_meta'
[3.875s] Level 1:colcon.colcon_core.package_identification:_identify(/home/martin/ros2_ws/src/DynamixelSDK/dynamixel_sdk) by extensions ['ros']
[3.875s] Level 1:colcon.colcon_core.package_identification:_identify(/home/martin/ros2_ws/src/DynamixelSDK/dynamixel_sdk) by extension 'ros'
[3.902s] DEBUG:colcon.colcon_core.package_identification:Package '/home/martin/ros2_ws/src/DynamixelSDK/dynamixel_sdk' with type 'ros.ament_cmake' and name 'dynamixel_sdk'
[3.904s] Level 1:colcon.colcon_core.package_identification:_identify(/home/martin/ros2_ws/src/DynamixelSDK/dynamixel_sdk_custom_interfaces) by extensions ['ignore', 'ignore_ament_install']
[3.905s] Level 1:colcon.colcon_core.package_identification:_identify(/home/martin/ros2_ws/src/DynamixelSDK/dynamixel_sdk_custom_interfaces) by extension 'ignore'
[3.906s] Level 1:colcon.colcon_core.package_identification:_identify(/home/martin/ros2_ws/src/DynamixelSDK/dynamixel_sdk_custom_interfaces) by extension 'ignore_ament_install'
[3.907s] Level 1:colcon.colcon_core.package_identification:_identify(/home/martin/ros2_ws/src/DynamixelSDK/dynamixel_sdk_custom_interfaces) by extensions ['colcon_pkg']
[3.908s] Level 1:colcon.colcon_core.package_identification:_identify(/home/martin/ros2_ws/src/DynamixelSDK/dynamixel_sdk_custom_interfaces) by extension 'colcon_pkg'
[3.908s] Level 1:colcon.colcon_core.package_identification:_identify(/home/martin/ros2_ws/src/DynamixelSDK/dynamixel_sdk_custom_interfaces) by extensions ['colcon_meta']
[3.908s] Level 1:colcon.colcon_core.package_identification:_identify(/home/martin/ros2_ws/src/DynamixelSDK/dynamixel_sdk_custom_interfaces) by extension 'colcon_meta'
[3.908s] Level 1:colcon.colcon_core.package_identification:_identify(/home/martin/ros2_ws/src/DynamixelSDK/dynamixel_sdk_custom_interfaces) by extensions ['ros']
[3.908s] Level 1:colcon.colcon_core.package_identification:_identify(/home/martin/ros2_ws/src/DynamixelSDK/dynamixel_sdk_custom_interfaces) by extension 'ros'
[3.917s] DEBUG:colcon.colcon_core.package_identification:Package '/home/martin/ros2_ws/src/DynamixelSDK/dynamixel_sdk_custom_interfaces' with type 'ros.ament_cmake' and name 'dynamixel_sdk_custom_interfaces'
[3.918s] Level 1:colcon.colcon_core.package_identification:_identify(/home/martin/ros2_ws/src/DynamixelSDK/dynamixel_sdk_examples) by extensions ['ignore', 'ignore_ament_install']
[3.918s] Level 1:colcon.colcon_core.package_identification:_identify(/home/martin/ros2_ws/src/DynamixelSDK/dynamixel_sdk_examples) by extension 'ignore'
[3.919s] Level 1:colcon.colcon_core.package_identification:_identify(/home/martin/ros2_ws/src/DynamixelSDK/dynamixel_sdk_examples) by extension 'ignore_ament_install'
[3.919s] Level 1:colcon.colcon_core.package_identification:_identify(/home/martin/ros2_ws/src/DynamixelSDK/dynamixel_sdk_examples) by extensions ['colcon_pkg']
[3.920s] Level 1:colcon.colcon_core.package_identification:_identify(/home/martin/ros2_ws/src/DynamixelSDK/dynamixel_sdk_examples) by extension 'colcon_pkg'
[3.920s] Level 1:colcon.colcon_core.package_identification:_identify(/home/martin/ros2_ws/src/DynamixelSDK/dynamixel_sdk_examples) by extensions ['colcon_meta']
[3.921s] Level 1:colcon.colcon_core.package_identification:_identify(/home/martin/ros2_ws/src/DynamixelSDK/dynamixel_sdk_examples) by extension 'colcon_meta'
[3.922s] Level 1:colcon.colcon_core.package_identification:_identify(/home/martin/ros2_ws/src/DynamixelSDK/dynamixel_sdk_examples) by extensions ['ros']
[3.922s] Level 1:colcon.colcon_core.package_identification:_identify(/home/martin/ros2_ws/src/DynamixelSDK/dynamixel_sdk_examples) by extension 'ros'
[3.932s] DEBUG:colcon.colcon_core.package_identification:Package '/home/martin/ros2_ws/src/DynamixelSDK/dynamixel_sdk_examples' with type 'ros.ament_cmake' and name 'dynamixel_sdk_examples'
[3.933s] Level 1:colcon.colcon_core.package_identification:_identify(/home/martin/ros2_ws/src/SimpleLocalizer) by extensions ['ignore', 'ignore_ament_install']
[3.935s] Level 1:colcon.colcon_core.package_identification:_identify(/home/martin/ros2_ws/src/SimpleLocalizer) by extension 'ignore'
[3.935s] Level 1:colcon.colcon_core.package_identification:_identify(/home/martin/ros2_ws/src/SimpleLocalizer) by extension 'ignore_ament_install'
[3.936s] Level 1:colcon.colcon_core.package_identification:_identify(/home/martin/ros2_ws/src/SimpleLocalizer) by extensions ['colcon_pkg']
[3.937s] Level 1:colcon.colcon_core.package_identification:_identify(/home/martin/ros2_ws/src/SimpleLocalizer) by extension 'colcon_pkg'
[3.938s] Level 1:colcon.colcon_core.package_identification:_identify(/home/martin/ros2_ws/src/SimpleLocalizer) by extensions ['colcon_meta']
[3.938s] Level 1:colcon.colcon_core.package_identification:_identify(/home/martin/ros2_ws/src/SimpleLocalizer) by extension 'colcon_meta'
[3.939s] Level 1:colcon.colcon_core.package_identification:_identify(/home/martin/ros2_ws/src/SimpleLocalizer) by extensions ['ros']
[3.939s] Level 1:colcon.colcon_core.package_identification:_identify(/home/martin/ros2_ws/src/SimpleLocalizer) by extension 'ros'
[3.951s] DEBUG:colcon.colcon_core.package_identification:Package '/home/martin/ros2_ws/src/SimpleLocalizer' with type 'ros.ament_cmake' and name 'SimpleLocalizer'
[3.953s] Level 1:colcon.colcon_core.package_identification:_identify(/home/martin/ros2_ws/src/Sprint3) by extensions ['ignore', 'ignore_ament_install']
[3.954s] Level 1:colcon.colcon_core.package_identification:_identify(/home/martin/ros2_ws/src/Sprint3) by extension 'ignore'
[3.955s] Level 1:colcon.colcon_core.package_identification:_identify(/home/martin/ros2_ws/src/Sprint3) by extension 'ignore_ament_install'
[3.956s] Level 1:colcon.colcon_core.package_identification:_identify(/home/martin/ros2_ws/src/Sprint3) by extensions ['colcon_pkg']
[3.956s] Level 1:colcon.colcon_core.package_identification:_identify(/home/martin/ros2_ws/src/Sprint3) by extension 'colcon_pkg'
[3.957s] Level 1:colcon.colcon_core.package_identification:_identify(/home/martin/ros2_ws/src/Sprint3) by extensions ['colcon_meta']
[3.958s] Level 1:colcon.colcon_core.package_identification:_identify(/home/martin/ros2_ws/src/Sprint3) by extension 'colcon_meta'
[3.959s] Level 1:colcon.colcon_core.package_identification:_identify(/home/martin/ros2_ws/src/Sprint3) by extensions ['ros']
[3.959s] Level 1:colcon.colcon_core.package_identification:_identify(/home/martin/ros2_ws/src/Sprint3) by extension 'ros'
[3.971s] DEBUG:colcon.colcon_core.package_identification:Package '/home/martin/ros2_ws/src/Sprint3' with type 'ros.ament_cmake' and name 'Sprint3'
[3.972s] Level 1:colcon.colcon_core.package_identification:_identify(/home/martin/ros2_ws/src/cylinder_detection) by extensions ['ignore', 'ignore_ament_install']
[3.973s] Level 1:colcon.colcon_core.package_identification:_identify(/home/martin/ros2_ws/src/cylinder_detection) by extension 'ignore'
[3.974s] Level 1:colcon.colcon_core.package_identification:_identify(/home/martin/ros2_ws/src/cylinder_detection) by extension 'ignore_ament_install'
[3.975s] Level 1:colcon.colcon_core.package_identification:_identify(/home/martin/ros2_ws/src/cylinder_detection) by extensions ['colcon_pkg']
[3.976s] Level 1:colcon.colcon_core.package_identification:_identify(/home/martin/ros2_ws/src/cylinder_detection) by extension 'colcon_pkg'
[3.976s] Level 1:colcon.colcon_core.package_identification:_identify(/home/martin/ros2_ws/src/cylinder_detection) by extensions ['colcon_meta']
[3.977s] Level 1:colcon.colcon_core.package_identification:_identify(/home/martin/ros2_ws/src/cylinder_detection) by extension 'colcon_meta'
[3.978s] Level 1:colcon.colcon_core.package_identification:_identify(/home/martin/ros2_ws/src/cylinder_detection) by extensions ['ros']
[3.978s] Level 1:colcon.colcon_core.package_identification:_identify(/home/martin/ros2_ws/src/cylinder_detection) by extension 'ros'
[3.980s] Level 1:colcon.colcon_core.package_identification:_identify(/home/martin/ros2_ws/src/cylinder_detection) by extensions ['cmake', 'python']
[3.980s] Level 1:colcon.colcon_core.package_identification:_identify(/home/martin/ros2_ws/src/cylinder_detection) by extension 'cmake'
[3.980s] Level 1:colcon.colcon_core.package_identification:_identify(/home/martin/ros2_ws/src/cylinder_detection) by extension 'python'
[3.980s] Level 1:colcon.colcon_core.package_identification:_identify(/home/martin/ros2_ws/src/cylinder_detection) by extensions ['python_setup_py']
[3.980s] Level 1:colcon.colcon_core.package_identification:_identify(/home/martin/ros2_ws/src/cylinder_detection) by extension 'python_setup_py'
[3.981s] Level 1:colcon.colcon_core.package_identification:_identify(/home/martin/ros2_ws/src/localization_error_calculator) by extensions ['ignore', 'ignore_ament_install']
[3.982s] Level 1:colcon.colcon_core.package_identification:_identify(/home/martin/ros2_ws/src/localization_error_calculator) by extension 'ignore'
[3.983s] Level 1:colcon.colcon_core.package_identification:_identify(/home/martin/ros2_ws/src/localization_error_calculator) by extension 'ignore_ament_install'
[3.984s] Level 1:colcon.colcon_core.package_identification:_identify(/home/martin/ros2_ws/src/localization_error_calculator) by extensions ['colcon_pkg']
[3.985s] Level 1:colcon.colcon_core.package_identification:_identify(/home/martin/ros2_ws/src/localization_error_calculator) by extension 'colcon_pkg'
[3.985s] Level 1:colcon.colcon_core.package_identification:_identify(/home/martin/ros2_ws/src/localization_error_calculator) by extensions ['colcon_meta']
[3.986s] Level 1:colcon.colcon_core.package_identification:_identify(/home/martin/ros2_ws/src/localization_error_calculator) by extension 'colcon_meta'
[3.987s] Level 1:colcon.colcon_core.package_identification:_identify(/home/martin/ros2_ws/src/localization_error_calculator) by extensions ['ros']
[3.987s] Level 1:colcon.colcon_core.package_identification:_identify(/home/martin/ros2_ws/src/localization_error_calculator) by extension 'ros'
[3.995s] DEBUG:colcon.colcon_core.package_identification:Package '/home/martin/ros2_ws/src/localization_error_calculator' with type 'ros.ament_cmake' and name 'localization_error_calculator'
[3.997s] Level 1:colcon.colcon_core.package_identification:_identify(/home/martin/ros2_ws/src/package) by extensions ['ignore', 'ignore_ament_install']
[3.998s] Level 1:colcon.colcon_core.package_identification:_identify(/home/martin/ros2_ws/src/package) by extension 'ignore'
[3.999s] Level 1:colcon.colcon_core.package_identification:_identify(/home/martin/ros2_ws/src/package) by extension 'ignore_ament_install'
[4.000s] Level 1:colcon.colcon_core.package_identification:_identify(/home/martin/ros2_ws/src/package) by extensions ['colcon_pkg']
[4.001s] Level 1:colcon.colcon_core.package_identification:_identify(/home/martin/ros2_ws/src/package) by extension 'colcon_pkg'
[4.001s] Level 1:colcon.colcon_core.package_identification:_identify(/home/martin/ros2_ws/src/package) by extensions ['colcon_meta']
[4.001s] Level 1:colcon.colcon_core.package_identification:_identify(/home/martin/ros2_ws/src/package) by extension 'colcon_meta'
[4.001s] Level 1:colcon.colcon_core.package_identification:_identify(/home/martin/ros2_ws/src/package) by extensions ['ros']
[4.002s] Level 1:colcon.colcon_core.package_identification:_identify(/home/martin/ros2_ws/src/package) by extension 'ros'
[4.011s] DEBUG:colcon.colcon_core.package_identification:Package '/home/martin/ros2_ws/src/package' with type 'ros.ament_cmake' and name 'robotics_studio_1'
[4.012s] Level 1:colcon.colcon_core.package_identification:_identify(/home/martin/ros2_ws/src/ros_tutorials) by extensions ['ignore', 'ignore_ament_install']
[4.013s] Level 1:colcon.colcon_core.package_identification:_identify(/home/martin/ros2_ws/src/ros_tutorials) by extension 'ignore'
[4.014s] Level 1:colcon.colcon_core.package_identification:_identify(/home/martin/ros2_ws/src/ros_tutorials) by extension 'ignore_ament_install'
[4.015s] Level 1:colcon.colcon_core.package_identification:_identify(/home/martin/ros2_ws/src/ros_tutorials) by extensions ['colcon_pkg']
[4.016s] Level 1:colcon.colcon_core.package_identification:_identify(/home/martin/ros2_ws/src/ros_tutorials) by extension 'colcon_pkg'
[4.016s] Level 1:colcon.colcon_core.package_identification:_identify(/home/martin/ros2_ws/src/ros_tutorials) by extensions ['colcon_meta']
[4.017s] Level 1:colcon.colcon_core.package_identification:_identify(/home/martin/ros2_ws/src/ros_tutorials) by extension 'colcon_meta'
[4.018s] Level 1:colcon.colcon_core.package_identification:_identify(/home/martin/ros2_ws/src/ros_tutorials) by extensions ['ros']
[4.018s] Level 1:colcon.colcon_core.package_identification:_identify(/home/martin/ros2_ws/src/ros_tutorials) by extension 'ros'
[4.019s] Level 1:colcon.colcon_core.package_identification:_identify(/home/martin/ros2_ws/src/ros_tutorials) by extensions ['cmake', 'python']
[4.020s] Level 1:colcon.colcon_core.package_identification:_identify(/home/martin/ros2_ws/src/ros_tutorials) by extension 'cmake'
[4.020s] Level 1:colcon.colcon_core.package_identification:_identify(/home/martin/ros2_ws/src/ros_tutorials) by extension 'python'
[4.021s] Level 1:colcon.colcon_core.package_identification:_identify(/home/martin/ros2_ws/src/ros_tutorials) by extensions ['python_setup_py']
[4.021s] Level 1:colcon.colcon_core.package_identification:_identify(/home/martin/ros2_ws/src/ros_tutorials) by extension 'python_setup_py'
[4.021s] Level 1:colcon.colcon_core.package_identification:_identify(/home/martin/ros2_ws/src/ros_tutorials/ros_tutorials) by extensions ['ignore', 'ignore_ament_install']
[4.022s] Level 1:colcon.colcon_core.package_identification:_identify(/home/martin/ros2_ws/src/ros_tutorials/ros_tutorials) by extension 'ignore'
[4.022s] Level 1:colcon.colcon_core.package_identification:_identify(/home/martin/ros2_ws/src/ros_tutorials/ros_tutorials) ignored
[4.024s] Level 1:colcon.colcon_core.package_identification:_identify(/home/martin/ros2_ws/src/ros_tutorials/roscpp_tutorials) by extensions ['ignore', 'ignore_ament_install']
[4.025s] Level 1:colcon.colcon_core.package_identification:_identify(/home/martin/ros2_ws/src/ros_tutorials/roscpp_tutorials) by extension 'ignore'
[4.026s] Level 1:colcon.colcon_core.package_identification:_identify(/home/martin/ros2_ws/src/ros_tutorials/roscpp_tutorials) ignored
[4.027s] Level 1:colcon.colcon_core.package_identification:_identify(/home/martin/ros2_ws/src/ros_tutorials/rospy_tutorials) by extensions ['ignore', 'ignore_ament_install']
[4.029s] Level 1:colcon.colcon_core.package_identification:_identify(/home/martin/ros2_ws/src/ros_tutorials/rospy_tutorials) by extension 'ignore'
[4.029s] Level 1:colcon.colcon_core.package_identification:_identify(/home/martin/ros2_ws/src/ros_tutorials/rospy_tutorials) ignored
[4.031s] Level 1:colcon.colcon_core.package_identification:_identify(/home/martin/ros2_ws/src/ros_tutorials/turtlesim) by extensions ['ignore', 'ignore_ament_install']
[4.032s] Level 1:colcon.colcon_core.package_identification:_identify(/home/martin/ros2_ws/src/ros_tutorials/turtlesim) by extension 'ignore'
[4.032s] Level 1:colcon.colcon_core.package_identification:_identify(/home/martin/ros2_ws/src/ros_tutorials/turtlesim) by extension 'ignore_ament_install'
[4.032s] Level 1:colcon.colcon_core.package_identification:_identify(/home/martin/ros2_ws/src/ros_tutorials/turtlesim) by extensions ['colcon_pkg']
[4.033s] Level 1:colcon.colcon_core.package_identification:_identify(/home/martin/ros2_ws/src/ros_tutorials/turtlesim) by extension 'colcon_pkg'
[4.033s] Level 1:colcon.colcon_core.package_identification:_identify(/home/martin/ros2_ws/src/ros_tutorials/turtlesim) by extensions ['colcon_meta']
[4.034s] Level 1:colcon.colcon_core.package_identification:_identify(/home/martin/ros2_ws/src/ros_tutorials/turtlesim) by extension 'colcon_meta'
[4.035s] Level 1:colcon.colcon_core.package_identification:_identify(/home/martin/ros2_ws/src/ros_tutorials/turtlesim) by extensions ['ros']
[4.035s] Level 1:colcon.colcon_core.package_identification:_identify(/home/martin/ros2_ws/src/ros_tutorials/turtlesim) by extension 'ros'
[4.051s] DEBUG:colcon.colcon_core.package_identification:Package '/home/martin/ros2_ws/src/ros_tutorials/turtlesim' with type 'ros.ament_cmake' and name 'turtlesim'
[4.052s] Level 1:colcon.colcon_core.package_identification:_identify(/home/martin/ros2_ws/src/scan_sub_pub) by extensions ['ignore', 'ignore_ament_install']
[4.053s] Level 1:colcon.colcon_core.package_identification:_identify(/home/martin/ros2_ws/src/scan_sub_pub) by extension 'ignore'
[4.054s] Level 1:colcon.colcon_core.package_identification:_identify(/home/martin/ros2_ws/src/scan_sub_pub) by extension 'ignore_ament_install'
[4.055s] Level 1:colcon.colcon_core.package_identification:_identify(/home/martin/ros2_ws/src/scan_sub_pub) by extensions ['colcon_pkg']
[4.055s] Level 1:colcon.colcon_core.package_identification:_identify(/home/martin/ros2_ws/src/scan_sub_pub) by extension 'colcon_pkg'
[4.056s] Level 1:colcon.colcon_core.package_identification:_identify(/home/martin/ros2_ws/src/scan_sub_pub) by extensions ['colcon_meta']
[4.056s] Level 1:colcon.colcon_core.package_identification:_identify(/home/martin/ros2_ws/src/scan_sub_pub) by extension 'colcon_meta'
[4.057s] Level 1:colcon.colcon_core.package_identification:_identify(/home/martin/ros2_ws/src/scan_sub_pub) by extensions ['ros']
[4.058s] Level 1:colcon.colcon_core.package_identification:_identify(/home/martin/ros2_ws/src/scan_sub_pub) by extension 'ros'
[4.065s] DEBUG:colcon.colcon_core.package_identification:Package '/home/martin/ros2_ws/src/scan_sub_pub' with type 'ros.ament_cmake' and name 'scan_sub_pub'
[4.067s] Level 1:colcon.colcon_core.package_identification:_identify(/home/martin/ros2_ws/src/turtlebot3) by extensions ['ignore', 'ignore_ament_install']
[4.068s] Level 1:colcon.colcon_core.package_identification:_identify(/home/martin/ros2_ws/src/turtlebot3) by extension 'ignore'
[4.069s] Level 1:colcon.colcon_core.package_identification:_identify(/home/martin/ros2_ws/src/turtlebot3) by extension 'ignore_ament_install'
[4.070s] Level 1:colcon.colcon_core.package_identification:_identify(/home/martin/ros2_ws/src/turtlebot3) by extensions ['colcon_pkg']
[4.071s] Level 1:colcon.colcon_core.package_identification:_identify(/home/martin/ros2_ws/src/turtlebot3) by extension 'colcon_pkg'
[4.071s] Level 1:colcon.colcon_core.package_identification:_identify(/home/martin/ros2_ws/src/turtlebot3) by extensions ['colcon_meta']
[4.072s] Level 1:colcon.colcon_core.package_identification:_identify(/home/martin/ros2_ws/src/turtlebot3) by extension 'colcon_meta'
[4.073s] Level 1:colcon.colcon_core.package_identification:_identify(/home/martin/ros2_ws/src/turtlebot3) by extensions ['ros']
[4.073s] Level 1:colcon.colcon_core.package_identification:_identify(/home/martin/ros2_ws/src/turtlebot3) by extension 'ros'
[4.073s] Level 1:colcon.colcon_core.package_identification:_identify(/home/martin/ros2_ws/src/turtlebot3) by extensions ['cmake', 'python']
[4.073s] Level 1:colcon.colcon_core.package_identification:_identify(/home/martin/ros2_ws/src/turtlebot3) by extension 'cmake'
[4.073s] Level 1:colcon.colcon_core.package_identification:_identify(/home/martin/ros2_ws/src/turtlebot3) by extension 'python'
[4.074s] Level 1:colcon.colcon_core.package_identification:_identify(/home/martin/ros2_ws/src/turtlebot3) by extensions ['python_setup_py']
[4.074s] Level 1:colcon.colcon_core.package_identification:_identify(/home/martin/ros2_ws/src/turtlebot3) by extension 'python_setup_py'
[4.076s] Level 1:colcon.colcon_core.package_identification:_identify(/home/martin/ros2_ws/src/turtlebot3/turtlebot3) by extensions ['ignore', 'ignore_ament_install']
[4.077s] Level 1:colcon.colcon_core.package_identification:_identify(/home/martin/ros2_ws/src/turtlebot3/turtlebot3) by extension 'ignore'
[4.078s] Level 1:colcon.colcon_core.package_identification:_identify(/home/martin/ros2_ws/src/turtlebot3/turtlebot3) by extension 'ignore_ament_install'
[4.079s] Level 1:colcon.colcon_core.package_identification:_identify(/home/martin/ros2_ws/src/turtlebot3/turtlebot3) by extensions ['colcon_pkg']
[4.079s] Level 1:colcon.colcon_core.package_identification:_identify(/home/martin/ros2_ws/src/turtlebot3/turtlebot3) by extension 'colcon_pkg'
[4.080s] Level 1:colcon.colcon_core.package_identification:_identify(/home/martin/ros2_ws/src/turtlebot3/turtlebot3) by extensions ['colcon_meta']
[4.080s] Level 1:colcon.colcon_core.package_identification:_identify(/home/martin/ros2_ws/src/turtlebot3/turtlebot3) by extension 'colcon_meta'
[4.081s] Level 1:colcon.colcon_core.package_identification:_identify(/home/martin/ros2_ws/src/turtlebot3/turtlebot3) by extensions ['ros']
[4.082s] Level 1:colcon.colcon_core.package_identification:_identify(/home/martin/ros2_ws/src/turtlebot3/turtlebot3) by extension 'ros'
[4.089s] DEBUG:colcon.colcon_core.package_identification:Package '/home/martin/ros2_ws/src/turtlebot3/turtlebot3' with type 'ros.ament_cmake' and name 'turtlebot3'
[4.091s] Level 1:colcon.colcon_core.package_identification:_identify(/home/martin/ros2_ws/src/turtlebot3/turtlebot3_bringup) by extensions ['ignore', 'ignore_ament_install']
[4.092s] Level 1:colcon.colcon_core.package_identification:_identify(/home/martin/ros2_ws/src/turtlebot3/turtlebot3_bringup) by extension 'ignore'
[4.093s] Level 1:colcon.colcon_core.package_identification:_identify(/home/martin/ros2_ws/src/turtlebot3/turtlebot3_bringup) by extension 'ignore_ament_install'
[4.093s] Level 1:colcon.colcon_core.package_identification:_identify(/home/martin/ros2_ws/src/turtlebot3/turtlebot3_bringup) by extensions ['colcon_pkg']
[4.094s] Level 1:colcon.colcon_core.package_identification:_identify(/home/martin/ros2_ws/src/turtlebot3/turtlebot3_bringup) by extension 'colcon_pkg'
[4.094s] Level 1:colcon.colcon_core.package_identification:_identify(/home/martin/ros2_ws/src/turtlebot3/turtlebot3_bringup) by extensions ['colcon_meta']
[4.094s] Level 1:colcon.colcon_core.package_identification:_identify(/home/martin/ros2_ws/src/turtlebot3/turtlebot3_bringup) by extension 'colcon_meta'
[4.095s] Level 1:colcon.colcon_core.package_identification:_identify(/home/martin/ros2_ws/src/turtlebot3/turtlebot3_bringup) by extensions ['ros']
[4.096s] Level 1:colcon.colcon_core.package_identification:_identify(/home/martin/ros2_ws/src/turtlebot3/turtlebot3_bringup) by extension 'ros'
[4.104s] DEBUG:colcon.colcon_core.package_identification:Package '/home/martin/ros2_ws/src/turtlebot3/turtlebot3_bringup' with type 'ros.ament_cmake' and name 'turtlebot3_bringup'
[4.105s] Level 1:colcon.colcon_core.package_identification:_identify(/home/martin/ros2_ws/src/turtlebot3/turtlebot3_cartographer) by extensions ['ignore', 'ignore_ament_install']
[4.107s] Level 1:colcon.colcon_core.package_identification:_identify(/home/martin/ros2_ws/src/turtlebot3/turtlebot3_cartographer) by extension 'ignore'
[4.108s] Level 1:colcon.colcon_core.package_identification:_identify(/home/martin/ros2_ws/src/turtlebot3/turtlebot3_cartographer) by extension 'ignore_ament_install'
[4.109s] Level 1:colcon.colcon_core.package_identification:_identify(/home/martin/ros2_ws/src/turtlebot3/turtlebot3_cartographer) by extensions ['colcon_pkg']
[4.109s] Level 1:colcon.colcon_core.package_identification:_identify(/home/martin/ros2_ws/src/turtlebot3/turtlebot3_cartographer) by extension 'colcon_pkg'
[4.110s] Level 1:colcon.colcon_core.package_identification:_identify(/home/martin/ros2_ws/src/turtlebot3/turtlebot3_cartographer) by extensions ['colcon_meta']
[4.111s] Level 1:colcon.colcon_core.package_identification:_identify(/home/martin/ros2_ws/src/turtlebot3/turtlebot3_cartographer) by extension 'colcon_meta'
[4.112s] Level 1:colcon.colcon_core.package_identification:_identify(/home/martin/ros2_ws/src/turtlebot3/turtlebot3_cartographer) by extensions ['ros']
[4.112s] Level 1:colcon.colcon_core.package_identification:_identify(/home/martin/ros2_ws/src/turtlebot3/turtlebot3_cartographer) by extension 'ros'
[4.119s] DEBUG:colcon.colcon_core.package_identification:Package '/home/martin/ros2_ws/src/turtlebot3/turtlebot3_cartographer' with type 'ros.ament_cmake' and name 'turtlebot3_cartographer'
[4.120s] Level 1:colcon.colcon_core.package_identification:_identify(/home/martin/ros2_ws/src/turtlebot3/turtlebot3_description) by extensions ['ignore', 'ignore_ament_install']
[4.122s] Level 1:colcon.colcon_core.package_identification:_identify(/home/martin/ros2_ws/src/turtlebot3/turtlebot3_description) by extension 'ignore'
[4.123s] Level 1:colcon.colcon_core.package_identification:_identify(/home/martin/ros2_ws/src/turtlebot3/turtlebot3_description) by extension 'ignore_ament_install'
[4.123s] Level 1:colcon.colcon_core.package_identification:_identify(/home/martin/ros2_ws/src/turtlebot3/turtlebot3_description) by extensions ['colcon_pkg']
[4.124s] Level 1:colcon.colcon_core.package_identification:_identify(/home/martin/ros2_ws/src/turtlebot3/turtlebot3_description) by extension 'colcon_pkg'
[4.124s] Level 1:colcon.colcon_core.package_identification:_identify(/home/martin/ros2_ws/src/turtlebot3/turtlebot3_description) by extensions ['colcon_meta']
[4.124s] Level 1:colcon.colcon_core.package_identification:_identify(/home/martin/ros2_ws/src/turtlebot3/turtlebot3_description) by extension 'colcon_meta'
[4.124s] Level 1:colcon.colcon_core.package_identification:_identify(/home/martin/ros2_ws/src/turtlebot3/turtlebot3_description) by extensions ['ros']
[4.125s] Level 1:colcon.colcon_core.package_identification:_identify(/home/martin/ros2_ws/src/turtlebot3/turtlebot3_description) by extension 'ros'
[4.134s] DEBUG:colcon.colcon_core.package_identification:Package '/home/martin/ros2_ws/src/turtlebot3/turtlebot3_description' with type 'ros.ament_cmake' and name 'turtlebot3_description'
[4.135s] Level 1:colcon.colcon_core.package_identification:_identify(/home/martin/ros2_ws/src/turtlebot3/turtlebot3_example) by extensions ['ignore', 'ignore_ament_install']
[4.135s] Level 1:colcon.colcon_core.package_identification:_identify(/home/martin/ros2_ws/src/turtlebot3/turtlebot3_example) by extension 'ignore'
[4.136s] Level 1:colcon.colcon_core.package_identification:_identify(/home/martin/ros2_ws/src/turtlebot3/turtlebot3_example) by extension 'ignore_ament_install'
[4.137s] Level 1:colcon.colcon_core.package_identification:_identify(/home/martin/ros2_ws/src/turtlebot3/turtlebot3_example) by extensions ['colcon_pkg']
[4.137s] Level 1:colcon.colcon_core.package_identification:_identify(/home/martin/ros2_ws/src/turtlebot3/turtlebot3_example) by extension 'colcon_pkg'
[4.138s] Level 1:colcon.colcon_core.package_identification:_identify(/home/martin/ros2_ws/src/turtlebot3/turtlebot3_example) by extensions ['colcon_meta']
[4.139s] Level 1:colcon.colcon_core.package_identification:_identify(/home/martin/ros2_ws/src/turtlebot3/turtlebot3_example) by extension 'colcon_meta'
[4.140s] Level 1:colcon.colcon_core.package_identification:_identify(/home/martin/ros2_ws/src/turtlebot3/turtlebot3_example) by extensions ['ros']
[4.140s] Level 1:colcon.colcon_core.package_identification:_identify(/home/martin/ros2_ws/src/turtlebot3/turtlebot3_example) by extension 'ros'
[4.153s] DEBUG:colcon.colcon_core.package_identification:Package '/home/martin/ros2_ws/src/turtlebot3/turtlebot3_example' with type 'ros.ament_python' and name 'turtlebot3_example'
[4.155s] Level 1:colcon.colcon_core.package_identification:_identify(/home/martin/ros2_ws/src/turtlebot3/turtlebot3_navigation2) by extensions ['ignore', 'ignore_ament_install']
[4.155s] Level 1:colcon.colcon_core.package_identification:_identify(/home/martin/ros2_ws/src/turtlebot3/turtlebot3_navigation2) by extension 'ignore'
[4.156s] Level 1:colcon.colcon_core.package_identification:_identify(/home/martin/ros2_ws/src/turtlebot3/turtlebot3_navigation2) by extension 'ignore_ament_install'
[4.157s] Level 1:colcon.colcon_core.package_identification:_identify(/home/martin/ros2_ws/src/turtlebot3/turtlebot3_navigation2) by extensions ['colcon_pkg']
[4.157s] Level 1:colcon.colcon_core.package_identification:_identify(/home/martin/ros2_ws/src/turtlebot3/turtlebot3_navigation2) by extension 'colcon_pkg'
[4.158s] Level 1:colcon.colcon_core.package_identification:_identify(/home/martin/ros2_ws/src/turtlebot3/turtlebot3_navigation2) by extensions ['colcon_meta']
[4.159s] Level 1:colcon.colcon_core.package_identification:_identify(/home/martin/ros2_ws/src/turtlebot3/turtlebot3_navigation2) by extension 'colcon_meta'
[4.160s] Level 1:colcon.colcon_core.package_identification:_identify(/home/martin/ros2_ws/src/turtlebot3/turtlebot3_navigation2) by extensions ['ros']
[4.160s] Level 1:colcon.colcon_core.package_identification:_identify(/home/martin/ros2_ws/src/turtlebot3/turtlebot3_navigation2) by extension 'ros'
[4.166s] DEBUG:colcon.colcon_core.package_identification:Package '/home/martin/ros2_ws/src/turtlebot3/turtlebot3_navigation2' with type 'ros.ament_cmake' and name 'turtlebot3_navigation2'
[4.168s] Level 1:colcon.colcon_core.package_identification:_identify(/home/martin/ros2_ws/src/turtlebot3/turtlebot3_node) by extensions ['ignore', 'ignore_ament_install']
[4.169s] Level 1:colcon.colcon_core.package_identification:_identify(/home/martin/ros2_ws/src/turtlebot3/turtlebot3_node) by extension 'ignore'
[4.170s] Level 1:colcon.colcon_core.package_identification:_identify(/home/martin/ros2_ws/src/turtlebot3/turtlebot3_node) by extension 'ignore_ament_install'
[4.171s] Level 1:colcon.colcon_core.package_identification:_identify(/home/martin/ros2_ws/src/turtlebot3/turtlebot3_node) by extensions ['colcon_pkg']
[4.171s] Level 1:colcon.colcon_core.package_identification:_identify(/home/martin/ros2_ws/src/turtlebot3/turtlebot3_node) by extension 'colcon_pkg'
[4.172s] Level 1:colcon.colcon_core.package_identification:_identify(/home/martin/ros2_ws/src/turtlebot3/turtlebot3_node) by extensions ['colcon_meta']
[4.173s] Level 1:colcon.colcon_core.package_identification:_identify(/home/martin/ros2_ws/src/turtlebot3/turtlebot3_node) by extension 'colcon_meta'
[4.174s] Level 1:colcon.colcon_core.package_identification:_identify(/home/martin/ros2_ws/src/turtlebot3/turtlebot3_node) by extensions ['ros']
[4.174s] Level 1:colcon.colcon_core.package_identification:_identify(/home/martin/ros2_ws/src/turtlebot3/turtlebot3_node) by extension 'ros'
[4.193s] DEBUG:colcon.colcon_core.package_identification:Package '/home/martin/ros2_ws/src/turtlebot3/turtlebot3_node' with type 'ros.ament_cmake' and name 'turtlebot3_node'
[4.195s] Level 1:colcon.colcon_core.package_identification:_identify(/home/martin/ros2_ws/src/turtlebot3/turtlebot3_teleop) by extensions ['ignore', 'ignore_ament_install']
[4.196s] Level 1:colcon.colcon_core.package_identification:_identify(/home/martin/ros2_ws/src/turtlebot3/turtlebot3_teleop) by extension 'ignore'
[4.196s] Level 1:colcon.colcon_core.package_identification:_identify(/home/martin/ros2_ws/src/turtlebot3/turtlebot3_teleop) by extension 'ignore_ament_install'
[4.196s] Level 1:colcon.colcon_core.package_identification:_identify(/home/martin/ros2_ws/src/turtlebot3/turtlebot3_teleop) by extensions ['colcon_pkg']
[4.197s] Level 1:colcon.colcon_core.package_identification:_identify(/home/martin/ros2_ws/src/turtlebot3/turtlebot3_teleop) by extension 'colcon_pkg'
[4.198s] Level 1:colcon.colcon_core.package_identification:_identify(/home/martin/ros2_ws/src/turtlebot3/turtlebot3_teleop) by extensions ['colcon_meta']
[4.198s] Level 1:colcon.colcon_core.package_identification:_identify(/home/martin/ros2_ws/src/turtlebot3/turtlebot3_teleop) by extension 'colcon_meta'
[4.199s] Level 1:colcon.colcon_core.package_identification:_identify(/home/martin/ros2_ws/src/turtlebot3/turtlebot3_teleop) by extensions ['ros']
[4.200s] Level 1:colcon.colcon_core.package_identification:_identify(/home/martin/ros2_ws/src/turtlebot3/turtlebot3_teleop) by extension 'ros'
[4.207s] DEBUG:colcon.colcon_core.package_identification:Package '/home/martin/ros2_ws/src/turtlebot3/turtlebot3_teleop' with type 'ros.ament_python' and name 'turtlebot3_teleop'
[4.208s] Level 1:colcon.colcon_core.package_identification:_identify(/home/martin/ros2_ws/src/turtlebot3_msgs) by extensions ['ignore', 'ignore_ament_install']
[4.210s] Level 1:colcon.colcon_core.package_identification:_identify(/home/martin/ros2_ws/src/turtlebot3_msgs) by extension 'ignore'
[4.210s] Level 1:colcon.colcon_core.package_identification:_identify(/home/martin/ros2_ws/src/turtlebot3_msgs) by extension 'ignore_ament_install'
[4.213s] Level 1:colcon.colcon_core.package_identification:_identify(/home/martin/ros2_ws/src/turtlebot3_msgs) by extensions ['colcon_pkg']
[4.214s] Level 1:colcon.colcon_core.package_identification:_identify(/home/martin/ros2_ws/src/turtlebot3_msgs) by extension 'colcon_pkg'
[4.214s] Level 1:colcon.colcon_core.package_identification:_identify(/home/martin/ros2_ws/src/turtlebot3_msgs) by extensions ['colcon_meta']
[4.215s] Level 1:colcon.colcon_core.package_identification:_identify(/home/martin/ros2_ws/src/turtlebot3_msgs) by extension 'colcon_meta'
[4.216s] Level 1:colcon.colcon_core.package_identification:_identify(/home/martin/ros2_ws/src/turtlebot3_msgs) by extensions ['ros']
[4.216s] Level 1:colcon.colcon_core.package_identification:_identify(/home/martin/ros2_ws/src/turtlebot3_msgs) by extension 'ros'
[4.227s] DEBUG:colcon.colcon_core.package_identification:Package '/home/martin/ros2_ws/src/turtlebot3_msgs' with type 'ros.ament_cmake' and name 'turtlebot3_msgs'
[4.227s] Level 1:colcon.colcon_core.package_identification:_identify(/home/martin/ros2_ws/src/turtlebot3_simulations) by extensions ['ignore', 'ignore_ament_install']
[4.228s] Level 1:colcon.colcon_core.package_identification:_identify(/home/martin/ros2_ws/src/turtlebot3_simulations) by extension 'ignore'
[4.230s] Level 1:colcon.colcon_core.package_identification:_identify(/home/martin/ros2_ws/src/turtlebot3_simulations) by extension 'ignore_ament_install'
[4.231s] Level 1:colcon.colcon_core.package_identification:_identify(/home/martin/ros2_ws/src/turtlebot3_simulations) by extensions ['colcon_pkg']
[4.231s] Level 1:colcon.colcon_core.package_identification:_identify(/home/martin/ros2_ws/src/turtlebot3_simulations) by extension 'colcon_pkg'
[4.233s] Level 1:colcon.colcon_core.package_identification:_identify(/home/martin/ros2_ws/src/turtlebot3_simulations) by extensions ['colcon_meta']
[4.234s] Level 1:colcon.colcon_core.package_identification:_identify(/home/martin/ros2_ws/src/turtlebot3_simulations) by extension 'colcon_meta'
[4.235s] Level 1:colcon.colcon_core.package_identification:_identify(/home/martin/ros2_ws/src/turtlebot3_simulations) by extensions ['ros']
[4.235s] Level 1:colcon.colcon_core.package_identification:_identify(/home/martin/ros2_ws/src/turtlebot3_simulations) by extension 'ros'
[4.236s] Level 1:colcon.colcon_core.package_identification:_identify(/home/martin/ros2_ws/src/turtlebot3_simulations) by extensions ['cmake', 'python']
[4.237s] Level 1:colcon.colcon_core.package_identification:_identify(/home/martin/ros2_ws/src/turtlebot3_simulations) by extension 'cmake'
[4.237s] Level 1:colcon.colcon_core.package_identification:_identify(/home/martin/ros2_ws/src/turtlebot3_simulations) by extension 'python'
[4.237s] Level 1:colcon.colcon_core.package_identification:_identify(/home/martin/ros2_ws/src/turtlebot3_simulations) by extensions ['python_setup_py']
[4.237s] Level 1:colcon.colcon_core.package_identification:_identify(/home/martin/ros2_ws/src/turtlebot3_simulations) by extension 'python_setup_py'
[4.238s] Level 1:colcon.colcon_core.package_identification:_identify(/home/martin/ros2_ws/src/turtlebot3_simulations/turtlebot3_fake_node) by extensions ['ignore', 'ignore_ament_install']
[4.240s] Level 1:colcon.colcon_core.package_identification:_identify(/home/martin/ros2_ws/src/turtlebot3_simulations/turtlebot3_fake_node) by extension 'ignore'
[4.240s] Level 1:colcon.colcon_core.package_identification:_identify(/home/martin/ros2_ws/src/turtlebot3_simulations/turtlebot3_fake_node) by extension 'ignore_ament_install'
[4.241s] Level 1:colcon.colcon_core.package_identification:_identify(/home/martin/ros2_ws/src/turtlebot3_simulations/turtlebot3_fake_node) by extensions ['colcon_pkg']
[4.242s] Level 1:colcon.colcon_core.package_identification:_identify(/home/martin/ros2_ws/src/turtlebot3_simulations/turtlebot3_fake_node) by extension 'colcon_pkg'
[4.242s] Level 1:colcon.colcon_core.package_identification:_identify(/home/martin/ros2_ws/src/turtlebot3_simulations/turtlebot3_fake_node) by extensions ['colcon_meta']
[4.243s] Level 1:colcon.colcon_core.package_identification:_identify(/home/martin/ros2_ws/src/turtlebot3_simulations/turtlebot3_fake_node) by extension 'colcon_meta'
[4.244s] Level 1:colcon.colcon_core.package_identification:_identify(/home/martin/ros2_ws/src/turtlebot3_simulations/turtlebot3_fake_node) by extensions ['ros']
[4.244s] Level 1:colcon.colcon_core.package_identification:_identify(/home/martin/ros2_ws/src/turtlebot3_simulations/turtlebot3_fake_node) by extension 'ros'
[4.258s] DEBUG:colcon.colcon_core.package_identification:Package '/home/martin/ros2_ws/src/turtlebot3_simulations/turtlebot3_fake_node' with type 'ros.ament_cmake' and name 'turtlebot3_fake_node'
[4.260s] Level 1:colcon.colcon_core.package_identification:_identify(/home/martin/ros2_ws/src/turtlebot3_simulations/turtlebot3_gazebo) by extensions ['ignore', 'ignore_ament_install']
[4.261s] Level 1:colcon.colcon_core.package_identification:_identify(/home/martin/ros2_ws/src/turtlebot3_simulations/turtlebot3_gazebo) by extension 'ignore'
[4.262s] Level 1:colcon.colcon_core.package_identification:_identify(/home/martin/ros2_ws/src/turtlebot3_simulations/turtlebot3_gazebo) by extension 'ignore_ament_install'
[4.263s] Level 1:colcon.colcon_core.package_identification:_identify(/home/martin/ros2_ws/src/turtlebot3_simulations/turtlebot3_gazebo) by extensions ['colcon_pkg']
[4.263s] Level 1:colcon.colcon_core.package_identification:_identify(/home/martin/ros2_ws/src/turtlebot3_simulations/turtlebot3_gazebo) by extension 'colcon_pkg'
[4.264s] Level 1:colcon.colcon_core.package_identification:_identify(/home/martin/ros2_ws/src/turtlebot3_simulations/turtlebot3_gazebo) by extensions ['colcon_meta']
[4.264s] Level 1:colcon.colcon_core.package_identification:_identify(/home/martin/ros2_ws/src/turtlebot3_simulations/turtlebot3_gazebo) by extension 'colcon_meta'
[4.265s] Level 1:colcon.colcon_core.package_identification:_identify(/home/martin/ros2_ws/src/turtlebot3_simulations/turtlebot3_gazebo) by extensions ['ros']
[4.266s] Level 1:colcon.colcon_core.package_identification:_identify(/home/martin/ros2_ws/src/turtlebot3_simulations/turtlebot3_gazebo) by extension 'ros'
[4.283s] DEBUG:colcon.colcon_core.package_identification:Package '/home/martin/ros2_ws/src/turtlebot3_simulations/turtlebot3_gazebo' with type 'ros.ament_cmake' and name 'turtlebot3_gazebo'
[4.291s] Level 1:colcon.colcon_core.package_identification:_identify(/home/martin/ros2_ws/src/turtlebot3_simulations/turtlebot3_simulations) by extensions ['ignore', 'ignore_ament_install']
[4.293s] Level 1:colcon.colcon_core.package_identification:_identify(/home/martin/ros2_ws/src/turtlebot3_simulations/turtlebot3_simulations) by extension 'ignore'
[4.294s] Level 1:colcon.colcon_core.package_identification:_identify(/home/martin/ros2_ws/src/turtlebot3_simulations/turtlebot3_simulations) by extension 'ignore_ament_install'
[4.298s] Level 1:colcon.colcon_core.package_identification:_identify(/home/martin/ros2_ws/src/turtlebot3_simulations/turtlebot3_simulations) by extensions ['colcon_pkg']
[4.298s] Level 1:colcon.colcon_core.package_identification:_identify(/home/martin/ros2_ws/src/turtlebot3_simulations/turtlebot3_simulations) by extension 'colcon_pkg'
[4.299s] Level 1:colcon.colcon_core.package_identification:_identify(/home/martin/ros2_ws/src/turtlebot3_simulations/turtlebot3_simulations) by extensions ['colcon_meta']
[4.299s] Level 1:colcon.colcon_core.package_identification:_identify(/home/martin/ros2_ws/src/turtlebot3_simulations/turtlebot3_simulations) by extension 'colcon_meta'
[4.300s] Level 1:colcon.colcon_core.package_identification:_identify(/home/martin/ros2_ws/src/turtlebot3_simulations/turtlebot3_simulations) by extensions ['ros']
[4.301s] Level 1:colcon.colcon_core.package_identification:_identify(/home/martin/ros2_ws/src/turtlebot3_simulations/turtlebot3_simulations) by extension 'ros'
[4.311s] DEBUG:colcon.colcon_core.package_identification:Package '/home/martin/ros2_ws/src/turtlebot3_simulations/turtlebot3_simulations' with type 'ros.ament_cmake' and name 'turtlebot3_simulations'
[4.312s] Level 1:colcon.colcon_core.package_discovery:discover_packages(recursive) using defaults
