[0.000000] (-) TimerEvent: {}
[0.000345] (-) JobUnselected: {'identifier': 'SimpleLocalizer'}
[0.000370] (-) JobUnselected: {'identifier': 'cylinder_detection'}
[0.000386] (-) JobUnselected: {'identifier': 'dynamixel_sdk'}
[0.000400] (-) JobUnselected: {'identifier': 'dynamixel_sdk_custom_interfaces'}
[0.000413] (-) JobUnselected: {'identifier': 'dynamixel_sdk_examples'}
[0.000426] (-) JobUnselected: {'identifier': 'localization_error_calculator'}
[0.000439] (-) JobUnselected: {'identifier': 'robotics_studio_1'}
[0.000451] (-) JobUnselected: {'identifier': 'scan_sub_pub'}
[0.000463] (-) JobUnselected: {'identifier': 'turtlebot3'}
[0.000476] (-) JobUnselected: {'identifier': 'turtlebot3_bringup'}
[0.000488] (-) JobUnselected: {'identifier': 'turtlebot3_cartographer'}
[0.000500] (-) JobUnselected: {'identifier': 'turtlebot3_description'}
[0.000512] (-) JobUnselected: {'identifier': 'turtlebot3_example'}
[0.000524] (-) JobUnselected: {'identifier': 'turtlebot3_fake_node'}
[0.000536] (-) JobUnselected: {'identifier': 'turtlebot3_gazebo'}
[0.000548] (-) JobUnselected: {'identifier': 'turtlebot3_msgs'}
[0.000560] (-) JobUnselected: {'identifier': 'turtlebot3_navigation2'}
[0.000572] (-) JobUnselected: {'identifier': 'turtlebot3_node'}
[0.000584] (-) JobUnselected: {'identifier': 'turtlebot3_simulations'}
[0.000597] (-) JobUnselected: {'identifier': 'turtlebot3_teleop'}
[0.000609] (-) JobUnselected: {'identifier': 'turtlesim'}
[0.000622] (-) EventReactorShutdown: {}
