[100%] Built target map_overlay
[100%] Built target cylinder_detector
-- Install configuration: ""
-- Up-to-date: /home/martin/ros2_ws/install/Sprint3/lib/Sprint3/cylinder_detector
-- Up-to-date: /home/martin/ros2_ws/install/Sprint3/lib/Sprint3/map_overlay
-- Installing: /home/martin/ros2_ws/install/Sprint3/share/Sprint3/launch
-- Installing: /home/martin/ros2_ws/install/Sprint3/share/Sprint3/launch/map_launch.py
-- Installing: /home/martin/ros2_ws/install/Sprint3/share/ament_index/resource_index/package_run_dependencies/Sprint3
-- Installing: /home/martin/ros2_ws/install/Sprint3/share/ament_index/resource_index/parent_prefix_path/Sprint3
-- Installing: /home/martin/ros2_ws/install/Sprint3/share/Sprint3/environment/ament_prefix_path.sh
-- Installing: /home/martin/ros2_ws/install/Sprint3/share/Sprint3/environment/ament_prefix_path.dsv
-- Installing: /home/martin/ros2_ws/install/Sprint3/share/Sprint3/environment/path.sh
-- Installing: /home/martin/ros2_ws/install/Sprint3/share/Sprint3/environment/path.dsv
-- Installing: /home/martin/ros2_ws/install/Sprint3/share/Sprint3/local_setup.bash
-- Installing: /home/martin/ros2_ws/install/Sprint3/share/Sprint3/local_setup.sh
-- Installing: /home/martin/ros2_ws/install/Sprint3/share/Sprint3/local_setup.zsh
-- Installing: /home/martin/ros2_ws/install/Sprint3/share/Sprint3/local_setup.dsv
-- Installing: /home/martin/ros2_ws/install/Sprint3/share/Sprint3/package.dsv
-- Installing: /home/martin/ros2_ws/install/Sprint3/share/ament_index/resource_index/packages/Sprint3
-- Installing: /home/martin/ros2_ws/install/Sprint3/share/Sprint3/cmake/Sprint3Config.cmake
-- Installing: /home/martin/ros2_ws/install/Sprint3/share/Sprint3/cmake/Sprint3Config-version.cmake
-- Installing: /home/martin/ros2_ws/install/Sprint3/share/Sprint3/package.xml
