-- Found ament_cmake: 1.3.10 (/opt/ros/humble/share/ament_cmake/cmake)
-- Found rclcpp: 16.0.10 (/opt/ros/humble/share/rclcpp/cmake)
-- Found rosidl_generator_c: 3.1.5 (/opt/ros/humble/share/rosidl_generator_c/cmake)
-- Found rosidl_adapter: 3.1.5 (/opt/ros/humble/share/rosidl_adapter/cmake)
-- Found rosidl_generator_cpp: 3.1.5 (/opt/ros/humble/share/rosidl_generator_cpp/cmake)
-- Using all available rosidl_typesupport_c: rosidl_typesupport_fastrtps_c;rosidl_typesupport_introspection_c
-- Using all available rosidl_typesupport_cpp: rosidl_typesupport_fastrtps_cpp;rosidl_typesupport_introspection_cpp
-- Found rmw_implementation_cmake: 6.1.2 (/opt/ros/humble/share/rmw_implementation_cmake/cmake)
-- Found rmw_fastrtps_cpp: 6.2.7 (/opt/ros/humble/share/rmw_fastrtps_cpp/cmake)
-- Using RMW implementation 'rmw_fastrtps_cpp' as default
-- Found geometry_msgs: 4.2.4 (/opt/ros/humble/share/geometry_msgs/cmake)
-- Found gazebo_msgs: 3.7.0 (/opt/ros/humble/share/gazebo_msgs/cmake)
-- Configuring done
-- Generating done
-- Build files have been written to: /home/martin/ros2_ws/build/localization_error_calculator
[35m[1mConsolidate compiler generated dependencies of target localization_error_calculator[0m
[ 50%] [32mBuilding CXX object CMakeFiles/localization_error_calculator.dir/src/errorcalc.cpp.o[0m
[100%] [32m[1mLinking CXX executable localization_error_calculator[0m
[100%] Built target localization_error_calculator
-- Install configuration: ""
-- Installing: /home/martin/ros2_ws/install/localization_error_calculator/lib/localization_error_calculator/localization_error_calculator
-- Set runtime path of "/home/martin/ros2_ws/install/localization_error_calculator/lib/localization_error_calculator/localization_error_calculator" to ""
-- Up-to-date: /home/martin/ros2_ws/install/localization_error_calculator/share/ament_index/resource_index/package_run_dependencies/localization_error_calculator
-- Up-to-date: /home/martin/ros2_ws/install/localization_error_calculator/share/ament_index/resource_index/parent_prefix_path/localization_error_calculator
-- Up-to-date: /home/martin/ros2_ws/install/localization_error_calculator/share/localization_error_calculator/environment/ament_prefix_path.sh
-- Installing: /home/martin/ros2_ws/install/localization_error_calculator/share/localization_error_calculator/environment/ament_prefix_path.dsv
-- Up-to-date: /home/martin/ros2_ws/install/localization_error_calculator/share/localization_error_calculator/environment/path.sh
-- Installing: /home/martin/ros2_ws/install/localization_error_calculator/share/localization_error_calculator/environment/path.dsv
-- Up-to-date: /home/martin/ros2_ws/install/localization_error_calculator/share/localization_error_calculator/local_setup.bash
-- Up-to-date: /home/martin/ros2_ws/install/localization_error_calculator/share/localization_error_calculator/local_setup.sh
-- Up-to-date: /home/martin/ros2_ws/install/localization_error_calculator/share/localization_error_calculator/local_setup.zsh
-- Installing: /home/martin/ros2_ws/install/localization_error_calculator/share/localization_error_calculator/local_setup.dsv
-- Installing: /home/martin/ros2_ws/install/localization_error_calculator/share/localization_error_calculator/package.dsv
-- Up-to-date: /home/martin/ros2_ws/install/localization_error_calculator/share/ament_index/resource_index/packages/localization_error_calculator
-- Up-to-date: /home/martin/ros2_ws/install/localization_error_calculator/share/localization_error_calculator/cmake/localization_error_calculatorConfig.cmake
-- Up-to-date: /home/martin/ros2_ws/install/localization_error_calculator/share/localization_error_calculator/cmake/localization_error_calculatorConfig-version.cmake
-- Installing: /home/martin/ros2_ws/install/localization_error_calculator/share/localization_error_calculator/package.xml
