[0.014s] Invoking command in '/home/martin/ros2_ws/build/localization_error_calculator': CMAKE_PREFIX_PATH=/home/martin/ros2_ws/install/turtlesim:/home/martin/ros2_ws/install/turtlebot3:/home/martin/ros2_ws/install/turtlebot3_simulations:/home/martin/ros2_ws/install/turtlebot3_bringup:/home/martin/ros2_ws/install/turtlebot3_node:/home/martin/ros2_ws/install/turtlebot3_navigation2:/home/martin/ros2_ws/install/turtlebot3_fake_node:/home/martin/ros2_ws/install/turtlebot3_msgs:/home/martin/ros2_ws/install/turtlebot3_gazebo:/home/martin/ros2_ws/install/turtlebot3_description:/home/martin/ros2_ws/install/turtlebot3_cartographer:/home/martin/ros2_ws/install/scan_sub_pub:/home/martin/ros2_ws/install/turtlebot3_teleop:/home/martin/ros2_ws/install/turtlebot3_example:/opt/ros/humble:/home/martin/ros2_ws/install/localization_error_calculator:/home/martin/ros2_ws/install/dynamixel_sdk_examples:/home/martin/ros2_ws/install/dynamixel_sdk_custom_interfaces:/home/martin/ros2_ws/install/dynamixel_sdk /usr/bin/cmake /home/martin/ros2_ws/src/localization_error_calculator -DCMAKE_INSTALL_PREFIX=/home/martin/ros2_ws/install/localization_error_calculator
[0.028s] -- Found ament_cmake: 1.3.10 (/opt/ros/humble/share/ament_cmake/cmake)
[0.142s] -- Found rclcpp: 16.0.10 (/opt/ros/humble/share/rclcpp/cmake)
[0.166s] -- Found rosidl_generator_c: 3.1.5 (/opt/ros/humble/share/rosidl_generator_c/cmake)
[0.168s] -- Found rosidl_adapter: 3.1.5 (/opt/ros/humble/share/rosidl_adapter/cmake)
[0.173s] -- Found rosidl_generator_cpp: 3.1.5 (/opt/ros/humble/share/rosidl_generator_cpp/cmake)
[0.184s] -- Using all available rosidl_typesupport_c: rosidl_typesupport_fastrtps_c;rosidl_typesupport_introspection_c
[0.195s] -- Using all available rosidl_typesupport_cpp: rosidl_typesupport_fastrtps_cpp;rosidl_typesupport_introspection_cpp
[0.223s] -- Found rmw_implementation_cmake: 6.1.2 (/opt/ros/humble/share/rmw_implementation_cmake/cmake)
[0.224s] -- Found rmw_fastrtps_cpp: 6.2.7 (/opt/ros/humble/share/rmw_fastrtps_cpp/cmake)
[0.311s] -- Using RMW implementation 'rmw_fastrtps_cpp' as default
[0.360s] -- Found geometry_msgs: 4.2.4 (/opt/ros/humble/share/geometry_msgs/cmake)
[0.370s] -- Found gazebo_msgs: 3.7.0 (/opt/ros/humble/share/gazebo_msgs/cmake)
[0.467s] -- Configuring done
[0.478s] -- Generating done
[0.479s] -- Build files have been written to: /home/martin/ros2_ws/build/localization_error_calculator
[0.485s] Invoked command in '/home/martin/ros2_ws/build/localization_error_calculator' returned '0': CMAKE_PREFIX_PATH=/home/martin/ros2_ws/install/turtlesim:/home/martin/ros2_ws/install/turtlebot3:/home/martin/ros2_ws/install/turtlebot3_simulations:/home/martin/ros2_ws/install/turtlebot3_bringup:/home/martin/ros2_ws/install/turtlebot3_node:/home/martin/ros2_ws/install/turtlebot3_navigation2:/home/martin/ros2_ws/install/turtlebot3_fake_node:/home/martin/ros2_ws/install/turtlebot3_msgs:/home/martin/ros2_ws/install/turtlebot3_gazebo:/home/martin/ros2_ws/install/turtlebot3_description:/home/martin/ros2_ws/install/turtlebot3_cartographer:/home/martin/ros2_ws/install/scan_sub_pub:/home/martin/ros2_ws/install/turtlebot3_teleop:/home/martin/ros2_ws/install/turtlebot3_example:/opt/ros/humble:/home/martin/ros2_ws/install/localization_error_calculator:/home/martin/ros2_ws/install/dynamixel_sdk_examples:/home/martin/ros2_ws/install/dynamixel_sdk_custom_interfaces:/home/martin/ros2_ws/install/dynamixel_sdk /usr/bin/cmake /home/martin/ros2_ws/src/localization_error_calculator -DCMAKE_INSTALL_PREFIX=/home/martin/ros2_ws/install/localization_error_calculator
[0.486s] Invoking command in '/home/martin/ros2_ws/build/localization_error_calculator': CMAKE_PREFIX_PATH=/home/martin/ros2_ws/install/turtlesim:/home/martin/ros2_ws/install/turtlebot3:/home/martin/ros2_ws/install/turtlebot3_simulations:/home/martin/ros2_ws/install/turtlebot3_bringup:/home/martin/ros2_ws/install/turtlebot3_node:/home/martin/ros2_ws/install/turtlebot3_navigation2:/home/martin/ros2_ws/install/turtlebot3_fake_node:/home/martin/ros2_ws/install/turtlebot3_msgs:/home/martin/ros2_ws/install/turtlebot3_gazebo:/home/martin/ros2_ws/install/turtlebot3_description:/home/martin/ros2_ws/install/turtlebot3_cartographer:/home/martin/ros2_ws/install/scan_sub_pub:/home/martin/ros2_ws/install/turtlebot3_teleop:/home/martin/ros2_ws/install/turtlebot3_example:/opt/ros/humble:/home/martin/ros2_ws/install/localization_error_calculator:/home/martin/ros2_ws/install/dynamixel_sdk_examples:/home/martin/ros2_ws/install/dynamixel_sdk_custom_interfaces:/home/martin/ros2_ws/install/dynamixel_sdk /usr/bin/cmake --build /home/martin/ros2_ws/build/localization_error_calculator -- -j8 -l8
[0.519s] [35m[1mConsolidate compiler generated dependencies of target localization_error_calculator[0m
[0.532s] [ 50%] [32mBuilding CXX object CMakeFiles/localization_error_calculator.dir/src/errorcalc.cpp.o[0m
[9.305s] [100%] [32m[1mLinking CXX executable localization_error_calculator[0m
[9.744s] [100%] Built target localization_error_calculator
[9.752s] Invoked command in '/home/martin/ros2_ws/build/localization_error_calculator' returned '0': CMAKE_PREFIX_PATH=/home/martin/ros2_ws/install/turtlesim:/home/martin/ros2_ws/install/turtlebot3:/home/martin/ros2_ws/install/turtlebot3_simulations:/home/martin/ros2_ws/install/turtlebot3_bringup:/home/martin/ros2_ws/install/turtlebot3_node:/home/martin/ros2_ws/install/turtlebot3_navigation2:/home/martin/ros2_ws/install/turtlebot3_fake_node:/home/martin/ros2_ws/install/turtlebot3_msgs:/home/martin/ros2_ws/install/turtlebot3_gazebo:/home/martin/ros2_ws/install/turtlebot3_description:/home/martin/ros2_ws/install/turtlebot3_cartographer:/home/martin/ros2_ws/install/scan_sub_pub:/home/martin/ros2_ws/install/turtlebot3_teleop:/home/martin/ros2_ws/install/turtlebot3_example:/opt/ros/humble:/home/martin/ros2_ws/install/localization_error_calculator:/home/martin/ros2_ws/install/dynamixel_sdk_examples:/home/martin/ros2_ws/install/dynamixel_sdk_custom_interfaces:/home/martin/ros2_ws/install/dynamixel_sdk /usr/bin/cmake --build /home/martin/ros2_ws/build/localization_error_calculator -- -j8 -l8
[9.780s] Invoking command in '/home/martin/ros2_ws/build/localization_error_calculator': CMAKE_PREFIX_PATH=/home/martin/ros2_ws/install/turtlesim:/home/martin/ros2_ws/install/turtlebot3:/home/martin/ros2_ws/install/turtlebot3_simulations:/home/martin/ros2_ws/install/turtlebot3_bringup:/home/martin/ros2_ws/install/turtlebot3_node:/home/martin/ros2_ws/install/turtlebot3_navigation2:/home/martin/ros2_ws/install/turtlebot3_fake_node:/home/martin/ros2_ws/install/turtlebot3_msgs:/home/martin/ros2_ws/install/turtlebot3_gazebo:/home/martin/ros2_ws/install/turtlebot3_description:/home/martin/ros2_ws/install/turtlebot3_cartographer:/home/martin/ros2_ws/install/scan_sub_pub:/home/martin/ros2_ws/install/turtlebot3_teleop:/home/martin/ros2_ws/install/turtlebot3_example:/opt/ros/humble:/home/martin/ros2_ws/install/localization_error_calculator:/home/martin/ros2_ws/install/dynamixel_sdk_examples:/home/martin/ros2_ws/install/dynamixel_sdk_custom_interfaces:/home/martin/ros2_ws/install/dynamixel_sdk /usr/bin/cmake --install /home/martin/ros2_ws/build/localization_error_calculator
[9.785s] -- Install configuration: ""
[9.787s] -- Installing: /home/martin/ros2_ws/install/localization_error_calculator/lib/localization_error_calculator/localization_error_calculator
[9.791s] -- Set runtime path of "/home/martin/ros2_ws/install/localization_error_calculator/lib/localization_error_calculator/localization_error_calculator" to ""
[9.791s] -- Up-to-date: /home/martin/ros2_ws/install/localization_error_calculator/share/ament_index/resource_index/package_run_dependencies/localization_error_calculator
[9.791s] -- Up-to-date: /home/martin/ros2_ws/install/localization_error_calculator/share/ament_index/resource_index/parent_prefix_path/localization_error_calculator
[9.791s] -- Up-to-date: /home/martin/ros2_ws/install/localization_error_calculator/share/localization_error_calculator/environment/ament_prefix_path.sh
[9.791s] -- Installing: /home/martin/ros2_ws/install/localization_error_calculator/share/localization_error_calculator/environment/ament_prefix_path.dsv
[9.791s] -- Up-to-date: /home/martin/ros2_ws/install/localization_error_calculator/share/localization_error_calculator/environment/path.sh
[9.792s] -- Installing: /home/martin/ros2_ws/install/localization_error_calculator/share/localization_error_calculator/environment/path.dsv
[9.792s] -- Up-to-date: /home/martin/ros2_ws/install/localization_error_calculator/share/localization_error_calculator/local_setup.bash
[9.792s] -- Up-to-date: /home/martin/ros2_ws/install/localization_error_calculator/share/localization_error_calculator/local_setup.sh
[9.792s] -- Up-to-date: /home/martin/ros2_ws/install/localization_error_calculator/share/localization_error_calculator/local_setup.zsh
[9.792s] -- Installing: /home/martin/ros2_ws/install/localization_error_calculator/share/localization_error_calculator/local_setup.dsv
[9.792s] -- Installing: /home/martin/ros2_ws/install/localization_error_calculator/share/localization_error_calculator/package.dsv
[9.792s] -- Up-to-date: /home/martin/ros2_ws/install/localization_error_calculator/share/ament_index/resource_index/packages/localization_error_calculator
[9.793s] -- Up-to-date: /home/martin/ros2_ws/install/localization_error_calculator/share/localization_error_calculator/cmake/localization_error_calculatorConfig.cmake
[9.793s] -- Up-to-date: /home/martin/ros2_ws/install/localization_error_calculator/share/localization_error_calculator/cmake/localization_error_calculatorConfig-version.cmake
[9.793s] -- Installing: /home/martin/ros2_ws/install/localization_error_calculator/share/localization_error_calculator/package.xml
[9.794s] Invoked command in '/home/martin/ros2_ws/build/localization_error_calculator' returned '0': CMAKE_PREFIX_PATH=/home/martin/ros2_ws/install/turtlesim:/home/martin/ros2_ws/install/turtlebot3:/home/martin/ros2_ws/install/turtlebot3_simulations:/home/martin/ros2_ws/install/turtlebot3_bringup:/home/martin/ros2_ws/install/turtlebot3_node:/home/martin/ros2_ws/install/turtlebot3_navigation2:/home/martin/ros2_ws/install/turtlebot3_fake_node:/home/martin/ros2_ws/install/turtlebot3_msgs:/home/martin/ros2_ws/install/turtlebot3_gazebo:/home/martin/ros2_ws/install/turtlebot3_description:/home/martin/ros2_ws/install/turtlebot3_cartographer:/home/martin/ros2_ws/install/scan_sub_pub:/home/martin/ros2_ws/install/turtlebot3_teleop:/home/martin/ros2_ws/install/turtlebot3_example:/opt/ros/humble:/home/martin/ros2_ws/install/localization_error_calculator:/home/martin/ros2_ws/install/dynamixel_sdk_examples:/home/martin/ros2_ws/install/dynamixel_sdk_custom_interfaces:/home/martin/ros2_ws/install/dynamixel_sdk /usr/bin/cmake --install /home/martin/ros2_ws/build/localization_error_calculator
