[1.980s] DEBUG:colcon:Command line arguments: ['/usr/bin/colcon', 'list', '-p', '--base-paths', '/home/martin/ros2_ws']
[1.981s] DEBUG:colcon:Parsed command line arguments: Namespace(log_base=None, log_level=None, verb_name='list', build_base='build', ignore_user_meta=False, metas=['./colcon.meta'], base_paths=['/home/martin/ros2_ws'], packages_ignore=None, packages_ignore_regex=None, paths=None, packages_up_to=None, packages_up_to_regex=None, packages_above=None, packages_above_and_dependencies=None, packages_above_depth=None, packages_select_by_dep=None, packages_skip_by_dep=None, packages_skip_up_to=None, packages_select_build_failed=False, packages_skip_build_finished=False, packages_select_test_failures=False, packages_skip_test_passed=False, packages_select=None, packages_skip=None, packages_select_regex=None, packages_skip_regex=None, packages_start=None, packages_end=None, allow_overriding=[], topological_order=False, names_only=False, paths_only=True, topological_graph=False, topological_graph_dot=False, topological_graph_density=False, topological_graph_legend=False, topological_graph_dot_cluster=False, topological_graph_dot_include_skipped=False, mixin_files=None, mixin=None, verb_parser=<colcon_mixin.mixin.mixin_argument.MixinArgumentDecorator object at 0x78e7cb454160>, verb_extension=<colcon_package_information.verb.list.ListVerb object at 0x78e7cb4132b0>, main=<bound method ListVerb.main of <colcon_package_information.verb.list.ListVerb object at 0x78e7cb4132b0>>, mixin_verb=('list',))
[6.013s] Level 1:colcon.colcon_core.package_discovery:discover_packages(colcon_meta) check parameters
[6.014s] Level 1:colcon.colcon_core.package_discovery:discover_packages(recursive) check parameters
[6.015s] Level 1:colcon.colcon_core.package_discovery:discover_packages(ignore) check parameters
[6.015s] Level 1:colcon.colcon_core.package_discovery:discover_packages(path) check parameters
[6.016s] Level 1:colcon.colcon_core.package_discovery:discover_packages(recursive) discover
[6.017s] INFO:colcon.colcon_core.package_discovery:Crawling recursively for packages in '/home/martin/ros2_ws'
[6.018s] Level 1:colcon.colcon_core.package_identification:_identify(/home/martin/ros2_ws) by extensions ['ignore', 'ignore_ament_install']
[6.021s] Level 1:colcon.colcon_core.package_identification:_identify(/home/martin/ros2_ws) by extension 'ignore'
[6.022s] Level 1:colcon.colcon_core.package_identification:_identify(/home/martin/ros2_ws) by extension 'ignore_ament_install'
[6.023s] Level 1:colcon.colcon_core.package_identification:_identify(/home/martin/ros2_ws) by extensions ['colcon_pkg']
[6.024s] Level 1:colcon.colcon_core.package_identification:_identify(/home/martin/ros2_ws) by extension 'colcon_pkg'
[6.024s] Level 1:colcon.colcon_core.package_identification:_identify(/home/martin/ros2_ws) by extensions ['colcon_meta']
[6.025s] Level 1:colcon.colcon_core.package_identification:_identify(/home/martin/ros2_ws) by extension 'colcon_meta'
[6.026s] Level 1:colcon.colcon_core.package_identification:_identify(/home/martin/ros2_ws) by extensions ['ros']
[6.026s] Level 1:colcon.colcon_core.package_identification:_identify(/home/martin/ros2_ws) by extension 'ros'
[6.257s] Level 1:colcon.colcon_core.package_identification:_identify(/home/martin/ros2_ws) by extensions ['cmake', 'python']
[6.258s] Level 1:colcon.colcon_core.package_identification:_identify(/home/martin/ros2_ws) by extension 'cmake'
[6.258s] Level 1:colcon.colcon_core.package_identification:_identify(/home/martin/ros2_ws) by extension 'python'
[6.261s] Level 1:colcon.colcon_core.package_identification:_identify(/home/martin/ros2_ws) by extensions ['python_setup_py']
[6.261s] Level 1:colcon.colcon_core.package_identification:_identify(/home/martin/ros2_ws) by extension 'python_setup_py'
[6.263s] Level 1:colcon.colcon_core.package_identification:_identify(/home/martin/ros2_ws/build) by extensions ['ignore', 'ignore_ament_install']
[6.265s] Level 1:colcon.colcon_core.package_identification:_identify(/home/martin/ros2_ws/build) by extension 'ignore'
[6.266s] Level 1:colcon.colcon_core.package_identification:_identify(/home/martin/ros2_ws/build) ignored
[6.268s] Level 1:colcon.colcon_core.package_identification:_identify(/home/martin/ros2_ws/install) by extensions ['ignore', 'ignore_ament_install']
[6.271s] Level 1:colcon.colcon_core.package_identification:_identify(/home/martin/ros2_ws/install) by extension 'ignore'
[6.272s] Level 1:colcon.colcon_core.package_identification:_identify(/home/martin/ros2_ws/install) ignored
[6.273s] Level 1:colcon.colcon_core.package_identification:_identify(/home/martin/ros2_ws/log) by extensions ['ignore', 'ignore_ament_install']
[6.275s] Level 1:colcon.colcon_core.package_identification:_identify(/home/martin/ros2_ws/log) by extension 'ignore'
[6.276s] Level 1:colcon.colcon_core.package_identification:_identify(/home/martin/ros2_ws/log) ignored
[6.277s] Level 1:colcon.colcon_core.package_identification:_identify(/home/martin/ros2_ws/src) by extensions ['ignore', 'ignore_ament_install']
[6.280s] Level 1:colcon.colcon_core.package_identification:_identify(/home/martin/ros2_ws/src) by extension 'ignore'
[6.283s] Level 1:colcon.colcon_core.package_identification:_identify(/home/martin/ros2_ws/src) by extension 'ignore_ament_install'
[6.311s] Level 1:colcon.colcon_core.package_identification:_identify(/home/martin/ros2_ws/src) by extensions ['colcon_pkg']
[6.325s] Level 1:colcon.colcon_core.package_identification:_identify(/home/martin/ros2_ws/src) by extension 'colcon_pkg'
[6.353s] Level 1:colcon.colcon_core.package_identification:_identify(/home/martin/ros2_ws/src) by extensions ['colcon_meta']
[6.354s] Level 1:colcon.colcon_core.package_identification:_identify(/home/martin/ros2_ws/src) by extension 'colcon_meta'
[6.376s] Level 1:colcon.colcon_core.package_identification:_identify(/home/martin/ros2_ws/src) by extensions ['ros']
[6.377s] Level 1:colcon.colcon_core.package_identification:_identify(/home/martin/ros2_ws/src) by extension 'ros'
[6.397s] Level 1:colcon.colcon_core.package_identification:_identify(/home/martin/ros2_ws/src) by extensions ['cmake', 'python']
[6.398s] Level 1:colcon.colcon_core.package_identification:_identify(/home/martin/ros2_ws/src) by extension 'cmake'
[6.399s] Level 1:colcon.colcon_core.package_identification:_identify(/home/martin/ros2_ws/src) by extension 'python'
[6.400s] Level 1:colcon.colcon_core.package_identification:_identify(/home/martin/ros2_ws/src) by extensions ['python_setup_py']
[6.414s] Level 1:colcon.colcon_core.package_identification:_identify(/home/martin/ros2_ws/src) by extension 'python_setup_py'
[6.417s] Level 1:colcon.colcon_core.package_identification:_identify(/home/martin/ros2_ws/src/DynamixelSDK) by extensions ['ignore', 'ignore_ament_install']
[6.419s] Level 1:colcon.colcon_core.package_identification:_identify(/home/martin/ros2_ws/src/DynamixelSDK) by extension 'ignore'
[6.423s] Level 1:colcon.colcon_core.package_identification:_identify(/home/martin/ros2_ws/src/DynamixelSDK) by extension 'ignore_ament_install'
[6.427s] Level 1:colcon.colcon_core.package_identification:_identify(/home/martin/ros2_ws/src/DynamixelSDK) by extensions ['colcon_pkg']
[6.472s] Level 1:colcon.colcon_core.package_identification:_identify(/home/martin/ros2_ws/src/DynamixelSDK) by extension 'colcon_pkg'
[6.480s] Level 1:colcon.colcon_core.package_identification:_identify(/home/martin/ros2_ws/src/DynamixelSDK) by extensions ['colcon_meta']
[6.499s] Level 1:colcon.colcon_core.package_identification:_identify(/home/martin/ros2_ws/src/DynamixelSDK) by extension 'colcon_meta'
[6.501s] Level 1:colcon.colcon_core.package_identification:_identify(/home/martin/ros2_ws/src/DynamixelSDK) by extensions ['ros']
[6.501s] Level 1:colcon.colcon_core.package_identification:_identify(/home/martin/ros2_ws/src/DynamixelSDK) by extension 'ros'
[6.518s] Level 1:colcon.colcon_core.package_identification:_identify(/home/martin/ros2_ws/src/DynamixelSDK) by extensions ['cmake', 'python']
[6.519s] Level 1:colcon.colcon_core.package_identification:_identify(/home/martin/ros2_ws/src/DynamixelSDK) by extension 'cmake'
[6.520s] Level 1:colcon.colcon_core.package_identification:_identify(/home/martin/ros2_ws/src/DynamixelSDK) by extension 'python'
[6.541s] Level 1:colcon.colcon_core.package_identification:_identify(/home/martin/ros2_ws/src/DynamixelSDK) by extensions ['python_setup_py']
[6.547s] Level 1:colcon.colcon_core.package_identification:_identify(/home/martin/ros2_ws/src/DynamixelSDK) by extension 'python_setup_py'
[6.549s] Level 1:colcon.colcon_core.package_identification:_identify(/home/martin/ros2_ws/src/DynamixelSDK/dynamixel_sdk) by extensions ['ignore', 'ignore_ament_install']
[6.553s] Level 1:colcon.colcon_core.package_identification:_identify(/home/martin/ros2_ws/src/DynamixelSDK/dynamixel_sdk) by extension 'ignore'
[6.554s] Level 1:colcon.colcon_core.package_identification:_identify(/home/martin/ros2_ws/src/DynamixelSDK/dynamixel_sdk) by extension 'ignore_ament_install'
[6.556s] Level 1:colcon.colcon_core.package_identification:_identify(/home/martin/ros2_ws/src/DynamixelSDK/dynamixel_sdk) by extensions ['colcon_pkg']
[6.556s] Level 1:colcon.colcon_core.package_identification:_identify(/home/martin/ros2_ws/src/DynamixelSDK/dynamixel_sdk) by extension 'colcon_pkg'
[6.557s] Level 1:colcon.colcon_core.package_identification:_identify(/home/martin/ros2_ws/src/DynamixelSDK/dynamixel_sdk) by extensions ['colcon_meta']
[6.558s] Level 1:colcon.colcon_core.package_identification:_identify(/home/martin/ros2_ws/src/DynamixelSDK/dynamixel_sdk) by extension 'colcon_meta'
[6.560s] Level 1:colcon.colcon_core.package_identification:_identify(/home/martin/ros2_ws/src/DynamixelSDK/dynamixel_sdk) by extensions ['ros']
[6.570s] Level 1:colcon.colcon_core.package_identification:_identify(/home/martin/ros2_ws/src/DynamixelSDK/dynamixel_sdk) by extension 'ros'
[6.656s] DEBUG:colcon.colcon_core.package_identification:Package '/home/martin/ros2_ws/src/DynamixelSDK/dynamixel_sdk' with type 'ros.ament_cmake' and name 'dynamixel_sdk'
[6.658s] Level 1:colcon.colcon_core.package_identification:_identify(/home/martin/ros2_ws/src/DynamixelSDK/dynamixel_sdk_custom_interfaces) by extensions ['ignore', 'ignore_ament_install']
[6.659s] Level 1:colcon.colcon_core.package_identification:_identify(/home/martin/ros2_ws/src/DynamixelSDK/dynamixel_sdk_custom_interfaces) by extension 'ignore'
[6.665s] Level 1:colcon.colcon_core.package_identification:_identify(/home/martin/ros2_ws/src/DynamixelSDK/dynamixel_sdk_custom_interfaces) by extension 'ignore_ament_install'
[6.667s] Level 1:colcon.colcon_core.package_identification:_identify(/home/martin/ros2_ws/src/DynamixelSDK/dynamixel_sdk_custom_interfaces) by extensions ['colcon_pkg']
[6.667s] Level 1:colcon.colcon_core.package_identification:_identify(/home/martin/ros2_ws/src/DynamixelSDK/dynamixel_sdk_custom_interfaces) by extension 'colcon_pkg'
[6.669s] Level 1:colcon.colcon_core.package_identification:_identify(/home/martin/ros2_ws/src/DynamixelSDK/dynamixel_sdk_custom_interfaces) by extensions ['colcon_meta']
[6.669s] Level 1:colcon.colcon_core.package_identification:_identify(/home/martin/ros2_ws/src/DynamixelSDK/dynamixel_sdk_custom_interfaces) by extension 'colcon_meta'
[6.670s] Level 1:colcon.colcon_core.package_identification:_identify(/home/martin/ros2_ws/src/DynamixelSDK/dynamixel_sdk_custom_interfaces) by extensions ['ros']
[6.671s] Level 1:colcon.colcon_core.package_identification:_identify(/home/martin/ros2_ws/src/DynamixelSDK/dynamixel_sdk_custom_interfaces) by extension 'ros'
[6.681s] DEBUG:colcon.colcon_core.package_identification:Package '/home/martin/ros2_ws/src/DynamixelSDK/dynamixel_sdk_custom_interfaces' with type 'ros.ament_cmake' and name 'dynamixel_sdk_custom_interfaces'
[6.683s] Level 1:colcon.colcon_core.package_identification:_identify(/home/martin/ros2_ws/src/DynamixelSDK/dynamixel_sdk_examples) by extensions ['ignore', 'ignore_ament_install']
[6.684s] Level 1:colcon.colcon_core.package_identification:_identify(/home/martin/ros2_ws/src/DynamixelSDK/dynamixel_sdk_examples) by extension 'ignore'
[6.685s] Level 1:colcon.colcon_core.package_identification:_identify(/home/martin/ros2_ws/src/DynamixelSDK/dynamixel_sdk_examples) by extension 'ignore_ament_install'
[6.686s] Level 1:colcon.colcon_core.package_identification:_identify(/home/martin/ros2_ws/src/DynamixelSDK/dynamixel_sdk_examples) by extensions ['colcon_pkg']
[6.687s] Level 1:colcon.colcon_core.package_identification:_identify(/home/martin/ros2_ws/src/DynamixelSDK/dynamixel_sdk_examples) by extension 'colcon_pkg'
[6.688s] Level 1:colcon.colcon_core.package_identification:_identify(/home/martin/ros2_ws/src/DynamixelSDK/dynamixel_sdk_examples) by extensions ['colcon_meta']
[6.688s] Level 1:colcon.colcon_core.package_identification:_identify(/home/martin/ros2_ws/src/DynamixelSDK/dynamixel_sdk_examples) by extension 'colcon_meta'
[6.689s] Level 1:colcon.colcon_core.package_identification:_identify(/home/martin/ros2_ws/src/DynamixelSDK/dynamixel_sdk_examples) by extensions ['ros']
[6.690s] Level 1:colcon.colcon_core.package_identification:_identify(/home/martin/ros2_ws/src/DynamixelSDK/dynamixel_sdk_examples) by extension 'ros'
[6.717s] DEBUG:colcon.colcon_core.package_identification:Package '/home/martin/ros2_ws/src/DynamixelSDK/dynamixel_sdk_examples' with type 'ros.ament_cmake' and name 'dynamixel_sdk_examples'
[6.719s] Level 1:colcon.colcon_core.package_identification:_identify(/home/martin/ros2_ws/src/ros_tutorials) by extensions ['ignore', 'ignore_ament_install']
[6.747s] Level 1:colcon.colcon_core.package_identification:_identify(/home/martin/ros2_ws/src/ros_tutorials) by extension 'ignore'
[6.748s] Level 1:colcon.colcon_core.package_identification:_identify(/home/martin/ros2_ws/src/ros_tutorials) by extension 'ignore_ament_install'
[6.749s] Level 1:colcon.colcon_core.package_identification:_identify(/home/martin/ros2_ws/src/ros_tutorials) by extensions ['colcon_pkg']
[6.750s] Level 1:colcon.colcon_core.package_identification:_identify(/home/martin/ros2_ws/src/ros_tutorials) by extension 'colcon_pkg'
[6.759s] Level 1:colcon.colcon_core.package_identification:_identify(/home/martin/ros2_ws/src/ros_tutorials) by extensions ['colcon_meta']
[6.760s] Level 1:colcon.colcon_core.package_identification:_identify(/home/martin/ros2_ws/src/ros_tutorials) by extension 'colcon_meta'
[6.761s] Level 1:colcon.colcon_core.package_identification:_identify(/home/martin/ros2_ws/src/ros_tutorials) by extensions ['ros']
[6.761s] Level 1:colcon.colcon_core.package_identification:_identify(/home/martin/ros2_ws/src/ros_tutorials) by extension 'ros'
[6.783s] Level 1:colcon.colcon_core.package_identification:_identify(/home/martin/ros2_ws/src/ros_tutorials) by extensions ['cmake', 'python']
[6.784s] Level 1:colcon.colcon_core.package_identification:_identify(/home/martin/ros2_ws/src/ros_tutorials) by extension 'cmake'
[6.784s] Level 1:colcon.colcon_core.package_identification:_identify(/home/martin/ros2_ws/src/ros_tutorials) by extension 'python'
[6.807s] Level 1:colcon.colcon_core.package_identification:_identify(/home/martin/ros2_ws/src/ros_tutorials) by extensions ['python_setup_py']
[6.807s] Level 1:colcon.colcon_core.package_identification:_identify(/home/martin/ros2_ws/src/ros_tutorials) by extension 'python_setup_py'
[6.809s] Level 1:colcon.colcon_core.package_identification:_identify(/home/martin/ros2_ws/src/ros_tutorials/ros_tutorials) by extensions ['ignore', 'ignore_ament_install']
[6.816s] Level 1:colcon.colcon_core.package_identification:_identify(/home/martin/ros2_ws/src/ros_tutorials/ros_tutorials) by extension 'ignore'
[6.861s] Level 1:colcon.colcon_core.package_identification:_identify(/home/martin/ros2_ws/src/ros_tutorials/ros_tutorials) ignored
[6.863s] Level 1:colcon.colcon_core.package_identification:_identify(/home/martin/ros2_ws/src/ros_tutorials/roscpp_tutorials) by extensions ['ignore', 'ignore_ament_install']
[6.875s] Level 1:colcon.colcon_core.package_identification:_identify(/home/martin/ros2_ws/src/ros_tutorials/roscpp_tutorials) by extension 'ignore'
[6.876s] Level 1:colcon.colcon_core.package_identification:_identify(/home/martin/ros2_ws/src/ros_tutorials/roscpp_tutorials) ignored
[6.878s] Level 1:colcon.colcon_core.package_identification:_identify(/home/martin/ros2_ws/src/ros_tutorials/rospy_tutorials) by extensions ['ignore', 'ignore_ament_install']
[6.900s] Level 1:colcon.colcon_core.package_identification:_identify(/home/martin/ros2_ws/src/ros_tutorials/rospy_tutorials) by extension 'ignore'
[6.901s] Level 1:colcon.colcon_core.package_identification:_identify(/home/martin/ros2_ws/src/ros_tutorials/rospy_tutorials) ignored
[6.903s] Level 1:colcon.colcon_core.package_identification:_identify(/home/martin/ros2_ws/src/ros_tutorials/turtlesim) by extensions ['ignore', 'ignore_ament_install']
[6.908s] Level 1:colcon.colcon_core.package_identification:_identify(/home/martin/ros2_ws/src/ros_tutorials/turtlesim) by extension 'ignore'
[6.909s] Level 1:colcon.colcon_core.package_identification:_identify(/home/martin/ros2_ws/src/ros_tutorials/turtlesim) by extension 'ignore_ament_install'
[6.923s] Level 1:colcon.colcon_core.package_identification:_identify(/home/martin/ros2_ws/src/ros_tutorials/turtlesim) by extensions ['colcon_pkg']
[6.924s] Level 1:colcon.colcon_core.package_identification:_identify(/home/martin/ros2_ws/src/ros_tutorials/turtlesim) by extension 'colcon_pkg'
[6.925s] Level 1:colcon.colcon_core.package_identification:_identify(/home/martin/ros2_ws/src/ros_tutorials/turtlesim) by extensions ['colcon_meta']
[6.925s] Level 1:colcon.colcon_core.package_identification:_identify(/home/martin/ros2_ws/src/ros_tutorials/turtlesim) by extension 'colcon_meta'
[6.973s] Level 1:colcon.colcon_core.package_identification:_identify(/home/martin/ros2_ws/src/ros_tutorials/turtlesim) by extensions ['ros']
[6.974s] Level 1:colcon.colcon_core.package_identification:_identify(/home/martin/ros2_ws/src/ros_tutorials/turtlesim) by extension 'ros'
[7.003s] DEBUG:colcon.colcon_core.package_identification:Package '/home/martin/ros2_ws/src/ros_tutorials/turtlesim' with type 'ros.ament_cmake' and name 'turtlesim'
[7.005s] Level 1:colcon.colcon_core.package_identification:_identify(/home/martin/ros2_ws/src/scan_sub_pub) by extensions ['ignore', 'ignore_ament_install']
[7.006s] Level 1:colcon.colcon_core.package_identification:_identify(/home/martin/ros2_ws/src/scan_sub_pub) by extension 'ignore'
[7.007s] Level 1:colcon.colcon_core.package_identification:_identify(/home/martin/ros2_ws/src/scan_sub_pub) by extension 'ignore_ament_install'
[7.008s] Level 1:colcon.colcon_core.package_identification:_identify(/home/martin/ros2_ws/src/scan_sub_pub) by extensions ['colcon_pkg']
[7.008s] Level 1:colcon.colcon_core.package_identification:_identify(/home/martin/ros2_ws/src/scan_sub_pub) by extension 'colcon_pkg'
[7.009s] Level 1:colcon.colcon_core.package_identification:_identify(/home/martin/ros2_ws/src/scan_sub_pub) by extensions ['colcon_meta']
[7.009s] Level 1:colcon.colcon_core.package_identification:_identify(/home/martin/ros2_ws/src/scan_sub_pub) by extension 'colcon_meta'
[7.011s] Level 1:colcon.colcon_core.package_identification:_identify(/home/martin/ros2_ws/src/scan_sub_pub) by extensions ['ros']
[7.012s] Level 1:colcon.colcon_core.package_identification:_identify(/home/martin/ros2_ws/src/scan_sub_pub) by extension 'ros'
[7.045s] DEBUG:colcon.colcon_core.package_identification:Package '/home/martin/ros2_ws/src/scan_sub_pub' with type 'ros.ament_cmake' and name 'scan_sub_pub'
[7.050s] Level 1:colcon.colcon_core.package_identification:_identify(/home/martin/ros2_ws/src/turtlebot3) by extensions ['ignore', 'ignore_ament_install']
[7.052s] Level 1:colcon.colcon_core.package_identification:_identify(/home/martin/ros2_ws/src/turtlebot3) by extension 'ignore'
[7.053s] Level 1:colcon.colcon_core.package_identification:_identify(/home/martin/ros2_ws/src/turtlebot3) by extension 'ignore_ament_install'
[7.054s] Level 1:colcon.colcon_core.package_identification:_identify(/home/martin/ros2_ws/src/turtlebot3) by extensions ['colcon_pkg']
[7.054s] Level 1:colcon.colcon_core.package_identification:_identify(/home/martin/ros2_ws/src/turtlebot3) by extension 'colcon_pkg'
[7.079s] Level 1:colcon.colcon_core.package_identification:_identify(/home/martin/ros2_ws/src/turtlebot3) by extensions ['colcon_meta']
[7.080s] Level 1:colcon.colcon_core.package_identification:_identify(/home/martin/ros2_ws/src/turtlebot3) by extension 'colcon_meta'
[7.081s] Level 1:colcon.colcon_core.package_identification:_identify(/home/martin/ros2_ws/src/turtlebot3) by extensions ['ros']
[7.082s] Level 1:colcon.colcon_core.package_identification:_identify(/home/martin/ros2_ws/src/turtlebot3) by extension 'ros'
[7.101s] Level 1:colcon.colcon_core.package_identification:_identify(/home/martin/ros2_ws/src/turtlebot3) by extensions ['cmake', 'python']
[7.101s] Level 1:colcon.colcon_core.package_identification:_identify(/home/martin/ros2_ws/src/turtlebot3) by extension 'cmake'
[7.113s] Level 1:colcon.colcon_core.package_identification:_identify(/home/martin/ros2_ws/src/turtlebot3) by extension 'python'
[7.121s] Level 1:colcon.colcon_core.package_identification:_identify(/home/martin/ros2_ws/src/turtlebot3) by extensions ['python_setup_py']
[7.142s] Level 1:colcon.colcon_core.package_identification:_identify(/home/martin/ros2_ws/src/turtlebot3) by extension 'python_setup_py'
[7.158s] Level 1:colcon.colcon_core.package_identification:_identify(/home/martin/ros2_ws/src/turtlebot3/turtlebot3) by extensions ['ignore', 'ignore_ament_install']
[7.159s] Level 1:colcon.colcon_core.package_identification:_identify(/home/martin/ros2_ws/src/turtlebot3/turtlebot3) by extension 'ignore'
[7.160s] Level 1:colcon.colcon_core.package_identification:_identify(/home/martin/ros2_ws/src/turtlebot3/turtlebot3) by extension 'ignore_ament_install'
[7.161s] Level 1:colcon.colcon_core.package_identification:_identify(/home/martin/ros2_ws/src/turtlebot3/turtlebot3) by extensions ['colcon_pkg']
[7.162s] Level 1:colcon.colcon_core.package_identification:_identify(/home/martin/ros2_ws/src/turtlebot3/turtlebot3) by extension 'colcon_pkg'
[7.162s] Level 1:colcon.colcon_core.package_identification:_identify(/home/martin/ros2_ws/src/turtlebot3/turtlebot3) by extensions ['colcon_meta']
[7.163s] Level 1:colcon.colcon_core.package_identification:_identify(/home/martin/ros2_ws/src/turtlebot3/turtlebot3) by extension 'colcon_meta'
[7.164s] Level 1:colcon.colcon_core.package_identification:_identify(/home/martin/ros2_ws/src/turtlebot3/turtlebot3) by extensions ['ros']
[7.165s] Level 1:colcon.colcon_core.package_identification:_identify(/home/martin/ros2_ws/src/turtlebot3/turtlebot3) by extension 'ros'
[7.175s] DEBUG:colcon.colcon_core.package_identification:Package '/home/martin/ros2_ws/src/turtlebot3/turtlebot3' with type 'ros.ament_cmake' and name 'turtlebot3'
[7.178s] Level 1:colcon.colcon_core.package_identification:_identify(/home/martin/ros2_ws/src/turtlebot3/turtlebot3_bringup) by extensions ['ignore', 'ignore_ament_install']
[7.179s] Level 1:colcon.colcon_core.package_identification:_identify(/home/martin/ros2_ws/src/turtlebot3/turtlebot3_bringup) by extension 'ignore'
[7.180s] Level 1:colcon.colcon_core.package_identification:_identify(/home/martin/ros2_ws/src/turtlebot3/turtlebot3_bringup) by extension 'ignore_ament_install'
[7.181s] Level 1:colcon.colcon_core.package_identification:_identify(/home/martin/ros2_ws/src/turtlebot3/turtlebot3_bringup) by extensions ['colcon_pkg']
[7.182s] Level 1:colcon.colcon_core.package_identification:_identify(/home/martin/ros2_ws/src/turtlebot3/turtlebot3_bringup) by extension 'colcon_pkg'
[7.183s] Level 1:colcon.colcon_core.package_identification:_identify(/home/martin/ros2_ws/src/turtlebot3/turtlebot3_bringup) by extensions ['colcon_meta']
[7.183s] Level 1:colcon.colcon_core.package_identification:_identify(/home/martin/ros2_ws/src/turtlebot3/turtlebot3_bringup) by extension 'colcon_meta'
[7.184s] Level 1:colcon.colcon_core.package_identification:_identify(/home/martin/ros2_ws/src/turtlebot3/turtlebot3_bringup) by extensions ['ros']
[7.185s] Level 1:colcon.colcon_core.package_identification:_identify(/home/martin/ros2_ws/src/turtlebot3/turtlebot3_bringup) by extension 'ros'
[7.195s] DEBUG:colcon.colcon_core.package_identification:Package '/home/martin/ros2_ws/src/turtlebot3/turtlebot3_bringup' with type 'ros.ament_cmake' and name 'turtlebot3_bringup'
[7.197s] Level 1:colcon.colcon_core.package_identification:_identify(/home/martin/ros2_ws/src/turtlebot3/turtlebot3_cartographer) by extensions ['ignore', 'ignore_ament_install']
[7.198s] Level 1:colcon.colcon_core.package_identification:_identify(/home/martin/ros2_ws/src/turtlebot3/turtlebot3_cartographer) by extension 'ignore'
[7.199s] Level 1:colcon.colcon_core.package_identification:_identify(/home/martin/ros2_ws/src/turtlebot3/turtlebot3_cartographer) by extension 'ignore_ament_install'
[7.200s] Level 1:colcon.colcon_core.package_identification:_identify(/home/martin/ros2_ws/src/turtlebot3/turtlebot3_cartographer) by extensions ['colcon_pkg']
[7.201s] Level 1:colcon.colcon_core.package_identification:_identify(/home/martin/ros2_ws/src/turtlebot3/turtlebot3_cartographer) by extension 'colcon_pkg'
[7.201s] Level 1:colcon.colcon_core.package_identification:_identify(/home/martin/ros2_ws/src/turtlebot3/turtlebot3_cartographer) by extensions ['colcon_meta']
[7.202s] Level 1:colcon.colcon_core.package_identification:_identify(/home/martin/ros2_ws/src/turtlebot3/turtlebot3_cartographer) by extension 'colcon_meta'
[7.203s] Level 1:colcon.colcon_core.package_identification:_identify(/home/martin/ros2_ws/src/turtlebot3/turtlebot3_cartographer) by extensions ['ros']
[7.204s] Level 1:colcon.colcon_core.package_identification:_identify(/home/martin/ros2_ws/src/turtlebot3/turtlebot3_cartographer) by extension 'ros'
[7.212s] DEBUG:colcon.colcon_core.package_identification:Package '/home/martin/ros2_ws/src/turtlebot3/turtlebot3_cartographer' with type 'ros.ament_cmake' and name 'turtlebot3_cartographer'
[7.214s] Level 1:colcon.colcon_core.package_identification:_identify(/home/martin/ros2_ws/src/turtlebot3/turtlebot3_description) by extensions ['ignore', 'ignore_ament_install']
[7.216s] Level 1:colcon.colcon_core.package_identification:_identify(/home/martin/ros2_ws/src/turtlebot3/turtlebot3_description) by extension 'ignore'
[7.217s] Level 1:colcon.colcon_core.package_identification:_identify(/home/martin/ros2_ws/src/turtlebot3/turtlebot3_description) by extension 'ignore_ament_install'
[7.218s] Level 1:colcon.colcon_core.package_identification:_identify(/home/martin/ros2_ws/src/turtlebot3/turtlebot3_description) by extensions ['colcon_pkg']
[7.219s] Level 1:colcon.colcon_core.package_identification:_identify(/home/martin/ros2_ws/src/turtlebot3/turtlebot3_description) by extension 'colcon_pkg'
[7.220s] Level 1:colcon.colcon_core.package_identification:_identify(/home/martin/ros2_ws/src/turtlebot3/turtlebot3_description) by extensions ['colcon_meta']
[7.220s] Level 1:colcon.colcon_core.package_identification:_identify(/home/martin/ros2_ws/src/turtlebot3/turtlebot3_description) by extension 'colcon_meta'
[7.221s] Level 1:colcon.colcon_core.package_identification:_identify(/home/martin/ros2_ws/src/turtlebot3/turtlebot3_description) by extensions ['ros']
[7.222s] Level 1:colcon.colcon_core.package_identification:_identify(/home/martin/ros2_ws/src/turtlebot3/turtlebot3_description) by extension 'ros'
[7.234s] DEBUG:colcon.colcon_core.package_identification:Package '/home/martin/ros2_ws/src/turtlebot3/turtlebot3_description' with type 'ros.ament_cmake' and name 'turtlebot3_description'
[7.236s] Level 1:colcon.colcon_core.package_identification:_identify(/home/martin/ros2_ws/src/turtlebot3/turtlebot3_example) by extensions ['ignore', 'ignore_ament_install']
[7.237s] Level 1:colcon.colcon_core.package_identification:_identify(/home/martin/ros2_ws/src/turtlebot3/turtlebot3_example) by extension 'ignore'
[7.238s] Level 1:colcon.colcon_core.package_identification:_identify(/home/martin/ros2_ws/src/turtlebot3/turtlebot3_example) by extension 'ignore_ament_install'
[7.239s] Level 1:colcon.colcon_core.package_identification:_identify(/home/martin/ros2_ws/src/turtlebot3/turtlebot3_example) by extensions ['colcon_pkg']
[7.240s] Level 1:colcon.colcon_core.package_identification:_identify(/home/martin/ros2_ws/src/turtlebot3/turtlebot3_example) by extension 'colcon_pkg'
[7.241s] Level 1:colcon.colcon_core.package_identification:_identify(/home/martin/ros2_ws/src/turtlebot3/turtlebot3_example) by extensions ['colcon_meta']
[7.241s] Level 1:colcon.colcon_core.package_identification:_identify(/home/martin/ros2_ws/src/turtlebot3/turtlebot3_example) by extension 'colcon_meta'
[7.242s] Level 1:colcon.colcon_core.package_identification:_identify(/home/martin/ros2_ws/src/turtlebot3/turtlebot3_example) by extensions ['ros']
[7.243s] Level 1:colcon.colcon_core.package_identification:_identify(/home/martin/ros2_ws/src/turtlebot3/turtlebot3_example) by extension 'ros'
[7.256s] DEBUG:colcon.colcon_core.package_identification:Package '/home/martin/ros2_ws/src/turtlebot3/turtlebot3_example' with type 'ros.ament_python' and name 'turtlebot3_example'
[7.258s] Level 1:colcon.colcon_core.package_identification:_identify(/home/martin/ros2_ws/src/turtlebot3/turtlebot3_navigation2) by extensions ['ignore', 'ignore_ament_install']
[7.259s] Level 1:colcon.colcon_core.package_identification:_identify(/home/martin/ros2_ws/src/turtlebot3/turtlebot3_navigation2) by extension 'ignore'
[7.260s] Level 1:colcon.colcon_core.package_identification:_identify(/home/martin/ros2_ws/src/turtlebot3/turtlebot3_navigation2) by extension 'ignore_ament_install'
[7.261s] Level 1:colcon.colcon_core.package_identification:_identify(/home/martin/ros2_ws/src/turtlebot3/turtlebot3_navigation2) by extensions ['colcon_pkg']
[7.262s] Level 1:colcon.colcon_core.package_identification:_identify(/home/martin/ros2_ws/src/turtlebot3/turtlebot3_navigation2) by extension 'colcon_pkg'
[7.263s] Level 1:colcon.colcon_core.package_identification:_identify(/home/martin/ros2_ws/src/turtlebot3/turtlebot3_navigation2) by extensions ['colcon_meta']
[7.263s] Level 1:colcon.colcon_core.package_identification:_identify(/home/martin/ros2_ws/src/turtlebot3/turtlebot3_navigation2) by extension 'colcon_meta'
[7.264s] Level 1:colcon.colcon_core.package_identification:_identify(/home/martin/ros2_ws/src/turtlebot3/turtlebot3_navigation2) by extensions ['ros']
[7.265s] Level 1:colcon.colcon_core.package_identification:_identify(/home/martin/ros2_ws/src/turtlebot3/turtlebot3_navigation2) by extension 'ros'
[7.290s] DEBUG:colcon.colcon_core.package_identification:Package '/home/martin/ros2_ws/src/turtlebot3/turtlebot3_navigation2' with type 'ros.ament_cmake' and name 'turtlebot3_navigation2'
[7.292s] Level 1:colcon.colcon_core.package_identification:_identify(/home/martin/ros2_ws/src/turtlebot3/turtlebot3_node) by extensions ['ignore', 'ignore_ament_install']
[7.293s] Level 1:colcon.colcon_core.package_identification:_identify(/home/martin/ros2_ws/src/turtlebot3/turtlebot3_node) by extension 'ignore'
[7.294s] Level 1:colcon.colcon_core.package_identification:_identify(/home/martin/ros2_ws/src/turtlebot3/turtlebot3_node) by extension 'ignore_ament_install'
[7.295s] Level 1:colcon.colcon_core.package_identification:_identify(/home/martin/ros2_ws/src/turtlebot3/turtlebot3_node) by extensions ['colcon_pkg']
[7.296s] Level 1:colcon.colcon_core.package_identification:_identify(/home/martin/ros2_ws/src/turtlebot3/turtlebot3_node) by extension 'colcon_pkg'
[7.296s] Level 1:colcon.colcon_core.package_identification:_identify(/home/martin/ros2_ws/src/turtlebot3/turtlebot3_node) by extensions ['colcon_meta']
[7.297s] Level 1:colcon.colcon_core.package_identification:_identify(/home/martin/ros2_ws/src/turtlebot3/turtlebot3_node) by extension 'colcon_meta'
[7.298s] Level 1:colcon.colcon_core.package_identification:_identify(/home/martin/ros2_ws/src/turtlebot3/turtlebot3_node) by extensions ['ros']
[7.298s] Level 1:colcon.colcon_core.package_identification:_identify(/home/martin/ros2_ws/src/turtlebot3/turtlebot3_node) by extension 'ros'
[7.344s] DEBUG:colcon.colcon_core.package_identification:Package '/home/martin/ros2_ws/src/turtlebot3/turtlebot3_node' with type 'ros.ament_cmake' and name 'turtlebot3_node'
[7.345s] Level 1:colcon.colcon_core.package_identification:_identify(/home/martin/ros2_ws/src/turtlebot3/turtlebot3_teleop) by extensions ['ignore', 'ignore_ament_install']
[7.347s] Level 1:colcon.colcon_core.package_identification:_identify(/home/martin/ros2_ws/src/turtlebot3/turtlebot3_teleop) by extension 'ignore'
[7.348s] Level 1:colcon.colcon_core.package_identification:_identify(/home/martin/ros2_ws/src/turtlebot3/turtlebot3_teleop) by extension 'ignore_ament_install'
[7.349s] Level 1:colcon.colcon_core.package_identification:_identify(/home/martin/ros2_ws/src/turtlebot3/turtlebot3_teleop) by extensions ['colcon_pkg']
[7.349s] Level 1:colcon.colcon_core.package_identification:_identify(/home/martin/ros2_ws/src/turtlebot3/turtlebot3_teleop) by extension 'colcon_pkg'
[7.350s] Level 1:colcon.colcon_core.package_identification:_identify(/home/martin/ros2_ws/src/turtlebot3/turtlebot3_teleop) by extensions ['colcon_meta']
[7.350s] Level 1:colcon.colcon_core.package_identification:_identify(/home/martin/ros2_ws/src/turtlebot3/turtlebot3_teleop) by extension 'colcon_meta'
[7.351s] Level 1:colcon.colcon_core.package_identification:_identify(/home/martin/ros2_ws/src/turtlebot3/turtlebot3_teleop) by extensions ['ros']
[7.352s] Level 1:colcon.colcon_core.package_identification:_identify(/home/martin/ros2_ws/src/turtlebot3/turtlebot3_teleop) by extension 'ros'
[7.361s] DEBUG:colcon.colcon_core.package_identification:Package '/home/martin/ros2_ws/src/turtlebot3/turtlebot3_teleop' with type 'ros.ament_python' and name 'turtlebot3_teleop'
[7.364s] Level 1:colcon.colcon_core.package_identification:_identify(/home/martin/ros2_ws/src/turtlebot3_msgs) by extensions ['ignore', 'ignore_ament_install']
[7.366s] Level 1:colcon.colcon_core.package_identification:_identify(/home/martin/ros2_ws/src/turtlebot3_msgs) by extension 'ignore'
[7.367s] Level 1:colcon.colcon_core.package_identification:_identify(/home/martin/ros2_ws/src/turtlebot3_msgs) by extension 'ignore_ament_install'
[7.368s] Level 1:colcon.colcon_core.package_identification:_identify(/home/martin/ros2_ws/src/turtlebot3_msgs) by extensions ['colcon_pkg']
[7.368s] Level 1:colcon.colcon_core.package_identification:_identify(/home/martin/ros2_ws/src/turtlebot3_msgs) by extension 'colcon_pkg'
[7.373s] Level 1:colcon.colcon_core.package_identification:_identify(/home/martin/ros2_ws/src/turtlebot3_msgs) by extensions ['colcon_meta']
[7.374s] Level 1:colcon.colcon_core.package_identification:_identify(/home/martin/ros2_ws/src/turtlebot3_msgs) by extension 'colcon_meta'
[7.375s] Level 1:colcon.colcon_core.package_identification:_identify(/home/martin/ros2_ws/src/turtlebot3_msgs) by extensions ['ros']
[7.376s] Level 1:colcon.colcon_core.package_identification:_identify(/home/martin/ros2_ws/src/turtlebot3_msgs) by extension 'ros'
[7.394s] DEBUG:colcon.colcon_core.package_identification:Package '/home/martin/ros2_ws/src/turtlebot3_msgs' with type 'ros.ament_cmake' and name 'turtlebot3_msgs'
[7.396s] Level 1:colcon.colcon_core.package_identification:_identify(/home/martin/ros2_ws/src/turtlebot3_simulations) by extensions ['ignore', 'ignore_ament_install']
[7.401s] Level 1:colcon.colcon_core.package_identification:_identify(/home/martin/ros2_ws/src/turtlebot3_simulations) by extension 'ignore'
[7.403s] Level 1:colcon.colcon_core.package_identification:_identify(/home/martin/ros2_ws/src/turtlebot3_simulations) by extension 'ignore_ament_install'
[7.409s] Level 1:colcon.colcon_core.package_identification:_identify(/home/martin/ros2_ws/src/turtlebot3_simulations) by extensions ['colcon_pkg']
[7.418s] Level 1:colcon.colcon_core.package_identification:_identify(/home/martin/ros2_ws/src/turtlebot3_simulations) by extension 'colcon_pkg'
[7.428s] Level 1:colcon.colcon_core.package_identification:_identify(/home/martin/ros2_ws/src/turtlebot3_simulations) by extensions ['colcon_meta']
[7.429s] Level 1:colcon.colcon_core.package_identification:_identify(/home/martin/ros2_ws/src/turtlebot3_simulations) by extension 'colcon_meta'
[7.437s] Level 1:colcon.colcon_core.package_identification:_identify(/home/martin/ros2_ws/src/turtlebot3_simulations) by extensions ['ros']
[7.437s] Level 1:colcon.colcon_core.package_identification:_identify(/home/martin/ros2_ws/src/turtlebot3_simulations) by extension 'ros'
[7.449s] Level 1:colcon.colcon_core.package_identification:_identify(/home/martin/ros2_ws/src/turtlebot3_simulations) by extensions ['cmake', 'python']
[7.450s] Level 1:colcon.colcon_core.package_identification:_identify(/home/martin/ros2_ws/src/turtlebot3_simulations) by extension 'cmake'
[7.481s] Level 1:colcon.colcon_core.package_identification:_identify(/home/martin/ros2_ws/src/turtlebot3_simulations) by extension 'python'
[7.489s] Level 1:colcon.colcon_core.package_identification:_identify(/home/martin/ros2_ws/src/turtlebot3_simulations) by extensions ['python_setup_py']
[7.489s] Level 1:colcon.colcon_core.package_identification:_identify(/home/martin/ros2_ws/src/turtlebot3_simulations) by extension 'python_setup_py'
[7.508s] Level 1:colcon.colcon_core.package_identification:_identify(/home/martin/ros2_ws/src/turtlebot3_simulations/turtlebot3_fake_node) by extensions ['ignore', 'ignore_ament_install']
[7.513s] Level 1:colcon.colcon_core.package_identification:_identify(/home/martin/ros2_ws/src/turtlebot3_simulations/turtlebot3_fake_node) by extension 'ignore'
[7.515s] Level 1:colcon.colcon_core.package_identification:_identify(/home/martin/ros2_ws/src/turtlebot3_simulations/turtlebot3_fake_node) by extension 'ignore_ament_install'
[7.516s] Level 1:colcon.colcon_core.package_identification:_identify(/home/martin/ros2_ws/src/turtlebot3_simulations/turtlebot3_fake_node) by extensions ['colcon_pkg']
[7.517s] Level 1:colcon.colcon_core.package_identification:_identify(/home/martin/ros2_ws/src/turtlebot3_simulations/turtlebot3_fake_node) by extension 'colcon_pkg'
[7.517s] Level 1:colcon.colcon_core.package_identification:_identify(/home/martin/ros2_ws/src/turtlebot3_simulations/turtlebot3_fake_node) by extensions ['colcon_meta']
[7.521s] Level 1:colcon.colcon_core.package_identification:_identify(/home/martin/ros2_ws/src/turtlebot3_simulations/turtlebot3_fake_node) by extension 'colcon_meta'
[7.526s] Level 1:colcon.colcon_core.package_identification:_identify(/home/martin/ros2_ws/src/turtlebot3_simulations/turtlebot3_fake_node) by extensions ['ros']
[7.527s] Level 1:colcon.colcon_core.package_identification:_identify(/home/martin/ros2_ws/src/turtlebot3_simulations/turtlebot3_fake_node) by extension 'ros'
[7.558s] DEBUG:colcon.colcon_core.package_identification:Package '/home/martin/ros2_ws/src/turtlebot3_simulations/turtlebot3_fake_node' with type 'ros.ament_cmake' and name 'turtlebot3_fake_node'
[7.563s] Level 1:colcon.colcon_core.package_identification:_identify(/home/martin/ros2_ws/src/turtlebot3_simulations/turtlebot3_gazebo) by extensions ['ignore', 'ignore_ament_install']
[7.564s] Level 1:colcon.colcon_core.package_identification:_identify(/home/martin/ros2_ws/src/turtlebot3_simulations/turtlebot3_gazebo) by extension 'ignore'
[7.568s] Level 1:colcon.colcon_core.package_identification:_identify(/home/martin/ros2_ws/src/turtlebot3_simulations/turtlebot3_gazebo) by extension 'ignore_ament_install'
[7.569s] Level 1:colcon.colcon_core.package_identification:_identify(/home/martin/ros2_ws/src/turtlebot3_simulations/turtlebot3_gazebo) by extensions ['colcon_pkg']
[7.570s] Level 1:colcon.colcon_core.package_identification:_identify(/home/martin/ros2_ws/src/turtlebot3_simulations/turtlebot3_gazebo) by extension 'colcon_pkg'
[7.574s] Level 1:colcon.colcon_core.package_identification:_identify(/home/martin/ros2_ws/src/turtlebot3_simulations/turtlebot3_gazebo) by extensions ['colcon_meta']
[7.574s] Level 1:colcon.colcon_core.package_identification:_identify(/home/martin/ros2_ws/src/turtlebot3_simulations/turtlebot3_gazebo) by extension 'colcon_meta'
[7.586s] Level 1:colcon.colcon_core.package_identification:_identify(/home/martin/ros2_ws/src/turtlebot3_simulations/turtlebot3_gazebo) by extensions ['ros']
[7.587s] Level 1:colcon.colcon_core.package_identification:_identify(/home/martin/ros2_ws/src/turtlebot3_simulations/turtlebot3_gazebo) by extension 'ros'
[7.611s] DEBUG:colcon.colcon_core.package_identification:Package '/home/martin/ros2_ws/src/turtlebot3_simulations/turtlebot3_gazebo' with type 'ros.ament_cmake' and name 'turtlebot3_gazebo'
[7.613s] Level 1:colcon.colcon_core.package_identification:_identify(/home/martin/ros2_ws/src/turtlebot3_simulations/turtlebot3_simulations) by extensions ['ignore', 'ignore_ament_install']
[7.614s] Level 1:colcon.colcon_core.package_identification:_identify(/home/martin/ros2_ws/src/turtlebot3_simulations/turtlebot3_simulations) by extension 'ignore'
[7.615s] Level 1:colcon.colcon_core.package_identification:_identify(/home/martin/ros2_ws/src/turtlebot3_simulations/turtlebot3_simulations) by extension 'ignore_ament_install'
[7.616s] Level 1:colcon.colcon_core.package_identification:_identify(/home/martin/ros2_ws/src/turtlebot3_simulations/turtlebot3_simulations) by extensions ['colcon_pkg']
[7.617s] Level 1:colcon.colcon_core.package_identification:_identify(/home/martin/ros2_ws/src/turtlebot3_simulations/turtlebot3_simulations) by extension 'colcon_pkg'
[7.618s] Level 1:colcon.colcon_core.package_identification:_identify(/home/martin/ros2_ws/src/turtlebot3_simulations/turtlebot3_simulations) by extensions ['colcon_meta']
[7.618s] Level 1:colcon.colcon_core.package_identification:_identify(/home/martin/ros2_ws/src/turtlebot3_simulations/turtlebot3_simulations) by extension 'colcon_meta'
[7.619s] Level 1:colcon.colcon_core.package_identification:_identify(/home/martin/ros2_ws/src/turtlebot3_simulations/turtlebot3_simulations) by extensions ['ros']
[7.620s] Level 1:colcon.colcon_core.package_identification:_identify(/home/martin/ros2_ws/src/turtlebot3_simulations/turtlebot3_simulations) by extension 'ros'
[7.630s] DEBUG:colcon.colcon_core.package_identification:Package '/home/martin/ros2_ws/src/turtlebot3_simulations/turtlebot3_simulations' with type 'ros.ament_cmake' and name 'turtlebot3_simulations'
[7.631s] Level 1:colcon.colcon_core.package_discovery:discover_packages(recursive) using defaults
