[0.773s] Invoking command in '/home/martin/ros2_ws/build/turtlebot3_example': CMAKE_PREFIX_PATH=/home/martin/ros2_ws/install/turtlebot3_msgs:/home/martin/ros2_ws/install/turtlesim:/home/martin/ros2_ws/install/turtlebot3:/home/martin/ros2_ws/install/turtlebot3_simulations:/home/martin/ros2_ws/install/turtlebot3_bringup:/home/martin/ros2_ws/install/turtlebot3_node:/home/martin/ros2_ws/install/turtlebot3_navigation2:/home/martin/ros2_ws/install/turtlebot3_fake_node:/home/martin/ros2_ws/install/turtlebot3_gazebo:/home/martin/ros2_ws/install/turtlebot3_description:/home/martin/ros2_ws/install/turtlebot3_cartographer:/home/martin/ros2_ws/install/dynamixel_sdk_examples:/home/martin/ros2_ws/install/dynamixel_sdk_custom_interfaces:/home/martin/ros2_ws/install/dynamixel_sdk LD_LIBRARY_PATH=/home/martin/ros2_ws/install/turtlebot3_msgs/lib:/home/martin/ros2_ws/install/turtlesim/lib:/home/martin/ros2_ws/install/dynamixel_sdk_custom_interfaces/lib:/home/martin/ros2_ws/install/dynamixel_sdk/lib:/usr/lib/x86_64-linux-gnu/gazebo-11/plugins:/opt/ros/humble/opt/rviz_ogre_vendor/lib:/opt/ros/humble/lib/x86_64-linux-gnu:/opt/ros/humble/lib:/usr/lib/x86_64-linux-gnu/gazebo-11/plugins:/usr/lib/x86_64-linux-gnu/gazebo-11/plugins:/usr/lib/x86_64-linux-gnu/gazebo-11/plugins:/usr/lib/x86_64-linux-gnu/gazebo-11/plugins:/usr/lib/x86_64-linux-gnu/gazebo-11/plugins:/usr/lib/x86_64-linux-gnu/gazebo-11/plugins PYTHONPATH=/home/martin/ros2_ws/build/turtlebot3_example/prefix_override:/usr/lib/python3/dist-packages/colcon_core/task/python/colcon_distutils_commands:/home/martin/ros2_ws/install/turtlebot3_example/lib/python3.10/site-packages:${PYTHONPATH} /usr/bin/python3 -W ignore:setup.py install is deprecated setup.py develop --editable --build-directory /home/martin/ros2_ws/build/turtlebot3_example/build --no-deps symlink_data
[1.048s] running develop
[1.048s] /usr/lib/python3/dist-packages/setuptools/command/easy_install.py:158: EasyInstallDeprecationWarning: easy_install command is deprecated. Use build and pip and other standards-based tools.
[1.048s]   warnings.warn(
[1.212s] running egg_info
[1.212s] writing turtlebot3_example.egg-info/PKG-INFO
[1.213s] writing dependency_links to turtlebot3_example.egg-info/dependency_links.txt
[1.213s] writing entry points to turtlebot3_example.egg-info/entry_points.txt
[1.213s] writing requirements to turtlebot3_example.egg-info/requires.txt
[1.213s] writing top-level names to turtlebot3_example.egg-info/top_level.txt
[1.215s] reading manifest file 'turtlebot3_example.egg-info/SOURCES.txt'
[1.217s] writing manifest file 'turtlebot3_example.egg-info/SOURCES.txt'
[1.218s] running build_ext
[1.218s] Creating /home/martin/ros2_ws/install/turtlebot3_example/lib/python3.10/site-packages/turtlebot3-example.egg-link (link to .)
[1.219s] Installing turtlebot3_obstacle_detection script to /home/martin/ros2_ws/install/turtlebot3_example/lib/turtlebot3_example
[1.219s] Installing turtlebot3_patrol_client script to /home/martin/ros2_ws/install/turtlebot3_example/lib/turtlebot3_example
[1.219s] Installing turtlebot3_patrol_server script to /home/martin/ros2_ws/install/turtlebot3_example/lib/turtlebot3_example
[1.219s] Installing turtlebot3_position_control script to /home/martin/ros2_ws/install/turtlebot3_example/lib/turtlebot3_example
[1.220s] 
[1.220s] Installed /home/martin/ros2_ws/build/turtlebot3_example
[1.220s] running symlink_data
[1.247s] Invoked command in '/home/martin/ros2_ws/build/turtlebot3_example' returned '0': CMAKE_PREFIX_PATH=/home/martin/ros2_ws/install/turtlebot3_msgs:/home/martin/ros2_ws/install/turtlesim:/home/martin/ros2_ws/install/turtlebot3:/home/martin/ros2_ws/install/turtlebot3_simulations:/home/martin/ros2_ws/install/turtlebot3_bringup:/home/martin/ros2_ws/install/turtlebot3_node:/home/martin/ros2_ws/install/turtlebot3_navigation2:/home/martin/ros2_ws/install/turtlebot3_fake_node:/home/martin/ros2_ws/install/turtlebot3_gazebo:/home/martin/ros2_ws/install/turtlebot3_description:/home/martin/ros2_ws/install/turtlebot3_cartographer:/home/martin/ros2_ws/install/dynamixel_sdk_examples:/home/martin/ros2_ws/install/dynamixel_sdk_custom_interfaces:/home/martin/ros2_ws/install/dynamixel_sdk LD_LIBRARY_PATH=/home/martin/ros2_ws/install/turtlebot3_msgs/lib:/home/martin/ros2_ws/install/turtlesim/lib:/home/martin/ros2_ws/install/dynamixel_sdk_custom_interfaces/lib:/home/martin/ros2_ws/install/dynamixel_sdk/lib:/usr/lib/x86_64-linux-gnu/gazebo-11/plugins:/opt/ros/humble/opt/rviz_ogre_vendor/lib:/opt/ros/humble/lib/x86_64-linux-gnu:/opt/ros/humble/lib:/usr/lib/x86_64-linux-gnu/gazebo-11/plugins:/usr/lib/x86_64-linux-gnu/gazebo-11/plugins:/usr/lib/x86_64-linux-gnu/gazebo-11/plugins:/usr/lib/x86_64-linux-gnu/gazebo-11/plugins:/usr/lib/x86_64-linux-gnu/gazebo-11/plugins:/usr/lib/x86_64-linux-gnu/gazebo-11/plugins PYTHONPATH=/home/martin/ros2_ws/build/turtlebot3_example/prefix_override:/usr/lib/python3/dist-packages/colcon_core/task/python/colcon_distutils_commands:/home/martin/ros2_ws/install/turtlebot3_example/lib/python3.10/site-packages:${PYTHONPATH} /usr/bin/python3 -W ignore:setup.py install is deprecated setup.py develop --editable --build-directory /home/martin/ros2_ws/build/turtlebot3_example/build --no-deps symlink_data
