[0.014s] Invoking command in '/home/martin/ros2_ws/build/robotics_studio_1': CMAKE_PREFIX_PATH=/home/martin/ros2_ws/install/turtlesim:/home/martin/ros2_ws/install/turtlebot3:/home/martin/ros2_ws/install/turtlebot3_simulations:/home/martin/ros2_ws/install/turtlebot3_bringup:/home/martin/ros2_ws/install/turtlebot3_node:/home/martin/ros2_ws/install/turtlebot3_navigation2:/home/martin/ros2_ws/install/turtlebot3_fake_node:/home/martin/ros2_ws/install/turtlebot3_msgs:/home/martin/ros2_ws/install/turtlebot3_gazebo:/home/martin/ros2_ws/install/turtlebot3_description:/home/martin/ros2_ws/install/turtlebot3_cartographer:/home/martin/ros2_ws/install/scan_sub_pub:/home/martin/ros2_ws/install/robotics_studio_1:/home/martin/ros2_ws/install/turtlebot3_teleop:/home/martin/ros2_ws/install/turtlebot3_example:/opt/ros/humble:/home/martin/ros2_ws/install/localization_error_calculator:/home/martin/ros2_ws/install/dynamixel_sdk_examples:/home/martin/ros2_ws/install/dynamixel_sdk_custom_interfaces:/home/martin/ros2_ws/install/dynamixel_sdk:/home/martin/ros2_ws/install/Sprint3:/home/martin/ros2_ws/install/SimpleLocalizer:/home/martin/install/turtlebot3_navigation2:/home/martin/install/turtlebot3_description:/home/martin/install/turtlebot3_cartographer:/home/martin/install/robotics_studio_1:/home/martin/install/localization_error_calculator:/home/martin/install/SimpleLocalizer /usr/bin/cmake --build /home/martin/ros2_ws/build/robotics_studio_1 -- -j8 -l8
[0.059s] [ 25%] Built target sprint1
[0.082s] [ 37%] [32mBuilding CXX object CMakeFiles/sprint3part2.dir/src/sprint3part2.cpp.o[0m
[0.384s] In file included from [01m[K/home/martin/ros2_ws/src/package/src/sprint3part2.cpp:12[m[K:
[0.384s] [01m[K/opt/ros/humble/include/tf2_geometry_msgs/tf2_geometry_msgs/tf2_geometry_msgs.h:35:2:[m[K [01;35m[Kwarning: [m[K#warning This header is obsolete, please include tf2_geometry_msgs/tf2_geometry_msgs.hpp instead [[01;35m[K]8;;https://gcc.gnu.org/onlinedocs/gcc/Warning-Options.html#index-Wcpp-Wcpp]8;;[m[K]
[0.384s]    35 | #[01;35m[Kwarning[m[K This header is obsolete, please include tf2_geometry_msgs/tf2_geometry_msgs.hpp instead
[0.384s]       |  [01;35m[K^~~~~~~[m[K
[14.889s] [ 50%] [32m[1mLinking CXX executable sprint3part2[0m
[15.888s] [ 50%] Built target sprint3part2
[15.911s] [100%] Built target sprint2
[15.911s] [100%] Built target sprint3
[15.920s] Invoked command in '/home/martin/ros2_ws/build/robotics_studio_1' returned '0': CMAKE_PREFIX_PATH=/home/martin/ros2_ws/install/turtlesim:/home/martin/ros2_ws/install/turtlebot3:/home/martin/ros2_ws/install/turtlebot3_simulations:/home/martin/ros2_ws/install/turtlebot3_bringup:/home/martin/ros2_ws/install/turtlebot3_node:/home/martin/ros2_ws/install/turtlebot3_navigation2:/home/martin/ros2_ws/install/turtlebot3_fake_node:/home/martin/ros2_ws/install/turtlebot3_msgs:/home/martin/ros2_ws/install/turtlebot3_gazebo:/home/martin/ros2_ws/install/turtlebot3_description:/home/martin/ros2_ws/install/turtlebot3_cartographer:/home/martin/ros2_ws/install/scan_sub_pub:/home/martin/ros2_ws/install/robotics_studio_1:/home/martin/ros2_ws/install/turtlebot3_teleop:/home/martin/ros2_ws/install/turtlebot3_example:/opt/ros/humble:/home/martin/ros2_ws/install/localization_error_calculator:/home/martin/ros2_ws/install/dynamixel_sdk_examples:/home/martin/ros2_ws/install/dynamixel_sdk_custom_interfaces:/home/martin/ros2_ws/install/dynamixel_sdk:/home/martin/ros2_ws/install/Sprint3:/home/martin/ros2_ws/install/SimpleLocalizer:/home/martin/install/turtlebot3_navigation2:/home/martin/install/turtlebot3_description:/home/martin/install/turtlebot3_cartographer:/home/martin/install/robotics_studio_1:/home/martin/install/localization_error_calculator:/home/martin/install/SimpleLocalizer /usr/bin/cmake --build /home/martin/ros2_ws/build/robotics_studio_1 -- -j8 -l8
[15.954s] Invoking command in '/home/martin/ros2_ws/build/robotics_studio_1': CMAKE_PREFIX_PATH=/home/martin/ros2_ws/install/turtlesim:/home/martin/ros2_ws/install/turtlebot3:/home/martin/ros2_ws/install/turtlebot3_simulations:/home/martin/ros2_ws/install/turtlebot3_bringup:/home/martin/ros2_ws/install/turtlebot3_node:/home/martin/ros2_ws/install/turtlebot3_navigation2:/home/martin/ros2_ws/install/turtlebot3_fake_node:/home/martin/ros2_ws/install/turtlebot3_msgs:/home/martin/ros2_ws/install/turtlebot3_gazebo:/home/martin/ros2_ws/install/turtlebot3_description:/home/martin/ros2_ws/install/turtlebot3_cartographer:/home/martin/ros2_ws/install/scan_sub_pub:/home/martin/ros2_ws/install/robotics_studio_1:/home/martin/ros2_ws/install/turtlebot3_teleop:/home/martin/ros2_ws/install/turtlebot3_example:/opt/ros/humble:/home/martin/ros2_ws/install/localization_error_calculator:/home/martin/ros2_ws/install/dynamixel_sdk_examples:/home/martin/ros2_ws/install/dynamixel_sdk_custom_interfaces:/home/martin/ros2_ws/install/dynamixel_sdk:/home/martin/ros2_ws/install/Sprint3:/home/martin/ros2_ws/install/SimpleLocalizer:/home/martin/install/turtlebot3_navigation2:/home/martin/install/turtlebot3_description:/home/martin/install/turtlebot3_cartographer:/home/martin/install/robotics_studio_1:/home/martin/install/localization_error_calculator:/home/martin/install/SimpleLocalizer /usr/bin/cmake --install /home/martin/ros2_ws/build/robotics_studio_1
[15.959s] -- Install configuration: ""
[15.959s] -- Up-to-date: /home/martin/ros2_ws/install/robotics_studio_1/lib/robotics_studio_1/sprint1
[15.960s] -- Up-to-date: /home/martin/ros2_ws/install/robotics_studio_1/lib/robotics_studio_1/sprint2
[15.960s] -- Up-to-date: /home/martin/ros2_ws/install/robotics_studio_1/lib/robotics_studio_1/sprint3
[15.960s] -- Installing: /home/martin/ros2_ws/install/robotics_studio_1/lib/robotics_studio_1/sprint3part2
[15.964s] -- Set runtime path of "/home/martin/ros2_ws/install/robotics_studio_1/lib/robotics_studio_1/sprint3part2" to ""
[15.964s] -- Up-to-date: /home/martin/ros2_ws/install/robotics_studio_1/share/ament_index/resource_index/package_run_dependencies/robotics_studio_1
[15.964s] -- Up-to-date: /home/martin/ros2_ws/install/robotics_studio_1/share/ament_index/resource_index/parent_prefix_path/robotics_studio_1
[15.964s] -- Up-to-date: /home/martin/ros2_ws/install/robotics_studio_1/share/robotics_studio_1/environment/ament_prefix_path.sh
[15.964s] -- Up-to-date: /home/martin/ros2_ws/install/robotics_studio_1/share/robotics_studio_1/environment/ament_prefix_path.dsv
[15.964s] -- Up-to-date: /home/martin/ros2_ws/install/robotics_studio_1/share/robotics_studio_1/environment/path.sh
[15.964s] -- Up-to-date: /home/martin/ros2_ws/install/robotics_studio_1/share/robotics_studio_1/environment/path.dsv
[15.964s] -- Up-to-date: /home/martin/ros2_ws/install/robotics_studio_1/share/robotics_studio_1/local_setup.bash
[15.964s] -- Up-to-date: /home/martin/ros2_ws/install/robotics_studio_1/share/robotics_studio_1/local_setup.sh
[15.964s] -- Up-to-date: /home/martin/ros2_ws/install/robotics_studio_1/share/robotics_studio_1/local_setup.zsh
[15.964s] -- Up-to-date: /home/martin/ros2_ws/install/robotics_studio_1/share/robotics_studio_1/local_setup.dsv
[15.964s] -- Installing: /home/martin/ros2_ws/install/robotics_studio_1/share/robotics_studio_1/package.dsv
[15.965s] -- Up-to-date: /home/martin/ros2_ws/install/robotics_studio_1/share/ament_index/resource_index/packages/robotics_studio_1
[15.965s] -- Up-to-date: /home/martin/ros2_ws/install/robotics_studio_1/share/robotics_studio_1/cmake/robotics_studio_1Config.cmake
[15.965s] -- Up-to-date: /home/martin/ros2_ws/install/robotics_studio_1/share/robotics_studio_1/cmake/robotics_studio_1Config-version.cmake
[15.965s] -- Up-to-date: /home/martin/ros2_ws/install/robotics_studio_1/share/robotics_studio_1/package.xml
[15.966s] Invoked command in '/home/martin/ros2_ws/build/robotics_studio_1' returned '0': CMAKE_PREFIX_PATH=/home/martin/ros2_ws/install/turtlesim:/home/martin/ros2_ws/install/turtlebot3:/home/martin/ros2_ws/install/turtlebot3_simulations:/home/martin/ros2_ws/install/turtlebot3_bringup:/home/martin/ros2_ws/install/turtlebot3_node:/home/martin/ros2_ws/install/turtlebot3_navigation2:/home/martin/ros2_ws/install/turtlebot3_fake_node:/home/martin/ros2_ws/install/turtlebot3_msgs:/home/martin/ros2_ws/install/turtlebot3_gazebo:/home/martin/ros2_ws/install/turtlebot3_description:/home/martin/ros2_ws/install/turtlebot3_cartographer:/home/martin/ros2_ws/install/scan_sub_pub:/home/martin/ros2_ws/install/robotics_studio_1:/home/martin/ros2_ws/install/turtlebot3_teleop:/home/martin/ros2_ws/install/turtlebot3_example:/opt/ros/humble:/home/martin/ros2_ws/install/localization_error_calculator:/home/martin/ros2_ws/install/dynamixel_sdk_examples:/home/martin/ros2_ws/install/dynamixel_sdk_custom_interfaces:/home/martin/ros2_ws/install/dynamixel_sdk:/home/martin/ros2_ws/install/Sprint3:/home/martin/ros2_ws/install/SimpleLocalizer:/home/martin/install/turtlebot3_navigation2:/home/martin/install/turtlebot3_description:/home/martin/install/turtlebot3_cartographer:/home/martin/install/robotics_studio_1:/home/martin/install/localization_error_calculator:/home/martin/install/SimpleLocalizer /usr/bin/cmake --install /home/martin/ros2_ws/build/robotics_studio_1
