[0.050s] Invoking command in '/home/martin/ros2_ws/build/aws_robomaker_hospital_world': /usr/bin/cmake /home/martin/ros2_ws/src/aws-robomaker-hospital-world -DCATKIN_INSTALL_INTO_PREFIX_ROOT=0 -DCATKIN_SYMLINK_INSTALL=ON -DCMAKE_INSTALL_PREFIX=/home/martin/ros2_ws/install/aws_robomaker_hospital_world
[0.059s] [0mCMake Deprecation Warning at CMakeLists.txt:1 (cmake_minimum_required):
[0.059s]   Compatibility with CMake < 2.8.12 will be removed from a future version of
[0.060s]   CMake.
[0.060s] 
[0.060s]   Update the VERSION argument <min> value or use a ...<max> suffix to tell
[0.060s]   CMake that the project does not need compatibility with older versions.
[0.060s] 
[0.060s] [0m
[0.147s] -- The C compiler identification is GNU 11.4.0
[0.297s] -- The CXX compiler identification is GNU 11.4.0
[0.356s] -- Detecting C compiler ABI info
[0.450s] -- Detecting C compiler ABI info - done
[0.489s] -- Check for working C compiler: /usr/bin/cc - skipped
[0.489s] -- Detecting C compile features
[0.489s] -- Detecting C compile features - done
[0.498s] -- Detecting CXX compiler ABI info
[0.621s] -- Detecting CXX compiler ABI info - done
[0.644s] -- Check for working CXX compiler: /usr/bin/c++ - skipped
[0.648s] -- Detecting CXX compile features
[0.648s] -- Detecting CXX compile features - done
[0.665s] [31mCMake Error at CMakeLists.txt:4 (find_package):
[0.665s]   By not providing "Findcatkin.cmake" in CMAKE_MODULE_PATH this project has
[0.666s]   asked CMake to find a package configuration file provided by "catkin", but
[0.666s]   CMake did not find one.
[0.666s] 
[0.666s]   Could not find a package configuration file provided by "catkin" with any
[0.666s]   of the following names:
[0.666s] 
[0.666s]     catkinConfig.cmake
[0.666s]     catkin-config.cmake
[0.667s] 
[0.667s]   Add the installation prefix of "catkin" to CMAKE_PREFIX_PATH or set
[0.667s]   "catkin_DIR" to a directory containing one of the above files.  If "catkin"
[0.667s]   provides a separate development package or SDK, be sure it has been
[0.667s]   installed.
[0.667s] 
[0.667s] [0m
[0.668s] -- Configuring incomplete, errors occurred!
[0.668s] See also "/home/martin/ros2_ws/build/aws_robomaker_hospital_world/CMakeFiles/CMakeOutput.log".
