[0.042s] Invoking command in '/home/martin/ros2_ws/build/aws_robomaker_small_warehouse_world': /usr/bin/cmake /home/martin/ros2_ws/src/aws-robomaker-small-warehouse-world -DCATKIN_INSTALL_INTO_PREFIX_ROOT=0 -DCATKIN_SYMLINK_INSTALL=ON -DCMAKE_INSTALL_PREFIX=/home/martin/ros2_ws/install/aws_robomaker_small_warehouse_world
[0.054s] [0mCMake Deprecation Warning at CMakeLists.txt:1 (cmake_minimum_required):
[0.055s]   Compatibility with CMake < 2.8.12 will be removed from a future version of
[0.055s]   CMake.
[0.055s] 
[0.056s]   Update the VERSION argument <min> value or use a ...<max> suffix to tell
[0.056s]   CMake that the project does not need compatibility with older versions.
[0.056s] 
[0.056s] [0m
[0.140s] -- The C compiler identification is GNU 11.4.0
[0.270s] -- The CXX compiler identification is GNU 11.4.0
[0.336s] -- Detecting C compiler ABI info
[0.446s] -- Detecting C compiler ABI info - done
[0.468s] -- Check for working C compiler: /usr/bin/cc - skipped
[0.468s] -- Detecting C compile features
[0.474s] -- Detecting C compile features - done
[0.477s] -- Detecting CXX compiler ABI info
[0.619s] -- Detecting CXX compiler ABI info - done
[0.640s] -- Check for working CXX compiler: /usr/bin/c++ - skipped
[0.643s] -- Detecting CXX compile features
[0.643s] -- Detecting CXX compile features - done
[0.661s] [31mCMake Error at CMakeLists.txt:4 (find_package):
[0.661s]   By not providing "Findcatkin.cmake" in CMAKE_MODULE_PATH this project has
[0.662s]   asked CMake to find a package configuration file provided by "catkin", but
[0.662s]   CMake did not find one.
[0.662s] 
[0.662s]   Could not find a package configuration file provided by "catkin" with any
[0.662s]   of the following names:
[0.662s] 
[0.663s]     catkinConfig.cmake
[0.663s]     catkin-config.cmake
[0.663s] 
[0.663s]   Add the installation prefix of "catkin" to CMAKE_PREFIX_PATH or set
[0.663s]   "catkin_DIR" to a directory containing one of the above files.  If "catkin"
[0.663s]   provides a separate development package or SDK, be sure it has been
[0.663s]   installed.
[0.664s] 
[0.664s] [0m
[0.664s] -- Configuring incomplete, errors occurred!
[0.664s] See also "/home/martin/ros2_ws/build/aws_robomaker_small_warehouse_world/CMakeFiles/CMakeOutput.log".
