[0.021s] Invoking command in '/home/martin/ros2_ws/build/scan_sub_pub': CMAKE_PREFIX_PATH=${CMAKE_PREFIX_PATH}:/home/martin/ros2_ws/install/turtlebot3_teleop:/home/martin/ros2_ws/install/turtlebot3_example:/opt/ros/humble /usr/bin/cmake --build /home/martin/ros2_ws/build/scan_sub_pub -- -j8 -l8
[0.129s] [35m[1mConsolidate compiler generated dependencies of target scan_sub_pub_node[0m
[0.182s] [ 50%] [32mBuilding CXX object CMakeFiles/scan_sub_pub_node.dir/src/scanSubPub.cpp.o[0m
[8.428s] [100%] [32m[1mLinking CXX executable scan_sub_pub_node[0m
[9.010s] [100%] Built target scan_sub_pub_node
[9.021s] Invoked command in '/home/martin/ros2_ws/build/scan_sub_pub' returned '0': CMAKE_PREFIX_PATH=${CMAKE_PREFIX_PATH}:/home/martin/ros2_ws/install/turtlebot3_teleop:/home/martin/ros2_ws/install/turtlebot3_example:/opt/ros/humble /usr/bin/cmake --build /home/martin/ros2_ws/build/scan_sub_pub -- -j8 -l8
[9.050s] Invoking command in '/home/martin/ros2_ws/build/scan_sub_pub': CMAKE_PREFIX_PATH=${CMAKE_PREFIX_PATH}:/home/martin/ros2_ws/install/turtlebot3_teleop:/home/martin/ros2_ws/install/turtlebot3_example:/opt/ros/humble /usr/bin/cmake --install /home/martin/ros2_ws/build/scan_sub_pub
[9.057s] -- Install configuration: ""
[9.058s] -- Installing: /home/martin/ros2_ws/install/scan_sub_pub/lib/scan_sub_pub/scan_sub_pub_node
[9.060s] -- Set runtime path of "/home/martin/ros2_ws/install/scan_sub_pub/lib/scan_sub_pub/scan_sub_pub_node" to ""
[9.060s] -- Up-to-date: /home/martin/ros2_ws/install/scan_sub_pub/include
[9.061s] -- Up-to-date: /home/martin/ros2_ws/install/scan_sub_pub/include/scanSubPub.h
[9.061s] -- Up-to-date: /home/martin/ros2_ws/install/scan_sub_pub/share/ament_index/resource_index/package_run_dependencies/scan_sub_pub
[9.061s] -- Up-to-date: /home/martin/ros2_ws/install/scan_sub_pub/share/ament_index/resource_index/parent_prefix_path/scan_sub_pub
[9.061s] -- Up-to-date: /home/martin/ros2_ws/install/scan_sub_pub/share/scan_sub_pub/environment/ament_prefix_path.sh
[9.061s] -- Up-to-date: /home/martin/ros2_ws/install/scan_sub_pub/share/scan_sub_pub/environment/ament_prefix_path.dsv
[9.061s] -- Up-to-date: /home/martin/ros2_ws/install/scan_sub_pub/share/scan_sub_pub/environment/path.sh
[9.061s] -- Up-to-date: /home/martin/ros2_ws/install/scan_sub_pub/share/scan_sub_pub/environment/path.dsv
[9.061s] -- Up-to-date: /home/martin/ros2_ws/install/scan_sub_pub/share/scan_sub_pub/local_setup.bash
[9.061s] -- Up-to-date: /home/martin/ros2_ws/install/scan_sub_pub/share/scan_sub_pub/local_setup.sh
[9.062s] -- Up-to-date: /home/martin/ros2_ws/install/scan_sub_pub/share/scan_sub_pub/local_setup.zsh
[9.062s] -- Up-to-date: /home/martin/ros2_ws/install/scan_sub_pub/share/scan_sub_pub/local_setup.dsv
[9.062s] -- Installing: /home/martin/ros2_ws/install/scan_sub_pub/share/scan_sub_pub/package.dsv
[9.062s] -- Up-to-date: /home/martin/ros2_ws/install/scan_sub_pub/share/ament_index/resource_index/packages/scan_sub_pub
[9.062s] -- Up-to-date: /home/martin/ros2_ws/install/scan_sub_pub/share/scan_sub_pub/cmake/scan_sub_pubConfig.cmake
[9.062s] -- Up-to-date: /home/martin/ros2_ws/install/scan_sub_pub/share/scan_sub_pub/cmake/scan_sub_pubConfig-version.cmake
[9.062s] -- Up-to-date: /home/martin/ros2_ws/install/scan_sub_pub/share/scan_sub_pub/package.xml
[9.064s] Invoked command in '/home/martin/ros2_ws/build/scan_sub_pub' returned '0': CMAKE_PREFIX_PATH=${CMAKE_PREFIX_PATH}:/home/martin/ros2_ws/install/turtlebot3_teleop:/home/martin/ros2_ws/install/turtlebot3_example:/opt/ros/humble /usr/bin/cmake --install /home/martin/ros2_ws/build/scan_sub_pub
