[0.051s] Invoking command in '/home/martin/ros2_ws/build/turtlebot3_gazebo': CMAKE_PREFIX_PATH=${CMAKE_PREFIX_PATH}:/home/martin/ros2_ws/install/turtlebot3_teleop:/home/martin/ros2_ws/install/turtlebot3_example:/opt/ros/humble /usr/bin/cmake /home/martin/ros2_ws/src/turtlebot3_simulations/turtlebot3_gazebo -DAMENT_CMAKE_SYMLINK_INSTALL=1 -DCMAKE_INSTALL_PREFIX=/home/martin/ros2_ws/install/turtlebot3_gazebo
[0.758s] -- The C compiler identification is GNU 11.4.0
[0.758s] -- The CXX compiler identification is GNU 11.4.0
[0.758s] -- Detecting C compiler ABI info
[0.758s] -- Detecting C compiler ABI info - done
[0.758s] -- Check for working C compiler: /usr/bin/cc - skipped
[0.758s] -- Detecting C compile features
[0.758s] -- Detecting C compile features - done
[0.758s] -- Detecting CXX compiler ABI info
[0.758s] -- Detecting CXX compiler ABI info - done
[0.758s] -- Check for working CXX compiler: /usr/bin/c++ - skipped
[0.758s] -- Detecting CXX compile features
[0.758s] -- Detecting CXX compile features - done
[0.759s] -- Found ament_cmake: 1.3.10 (/opt/ros/humble/share/ament_cmake/cmake)
[0.948s] -- Found Python3: /usr/bin/python3 (found version "3.10.12") found components: Interpreter 
[1.120s] -- Override CMake install command with custom implementation using symlinks instead of copying resources
[1.242s] [33mCMake Warning (dev) at /usr/share/cmake-3.22/Modules/FindPackageHandleStandardArgs.cmake:438 (message):
[1.243s]   The package name passed to `find_package_handle_standard_args` (PkgConfig)
[1.245s]   does not match the name of the calling package (gazebo).  This can lead to
[1.246s]   problems in calling code that expects `find_package` result variables
[1.247s]   (e.g., `_FOUND`) to follow a certain pattern.
[1.247s] Call Stack (most recent call first):
[1.248s]   /usr/share/cmake-3.22/Modules/FindPkgConfig.cmake:99 (find_package_handle_standard_args)
[1.248s]   /usr/lib/x86_64-linux-gnu/cmake/gazebo/gazebo-config.cmake:72 (include)
[1.249s]   CMakeLists.txt:23 (find_package)
[1.249s] This warning is for project developers.  Use -Wno-dev to suppress it.
[1.249s] [0m
[1.250s] -- Found PkgConfig: /usr/bin/pkg-config (found version "0.29.2") 
[1.272s] -- Checking for module 'bullet>=2.82'
[1.307s] --   Found bullet, version 3.05
[1.537s] -- Found fcl: /usr/include (found suitable version "0.7.0", minimum required is "0.5.0") 
[1.627s] -- Found assimp: /usr/include (found version "5.2.0") 
[1.657s] -- Found DART: /usr/include (Required is at least version "6.6") found components: dart 
[1.889s] -- Found Boost: /usr/lib/x86_64-linux-gnu/cmake/Boost-1.74.0/BoostConfig.cmake (found suitable version "1.74.0", minimum required is "1.40.0") found components: thread system filesystem program_options regex iostreams date_time 
[1.903s] -- Found Protobuf: /usr/lib/x86_64-linux-gnu/libprotobuf.so (found version "3.12.4") 
[1.908s] -- Looking for ignition-math6 -- found version 6.15.1
[1.914s] -- Searching for dependencies of ignition-math6
[1.915s] -- Looking for OGRE...
[1.915s] -- OGRE_PREFIX_WATCH changed.
[1.920s] -- Checking for module 'OGRE'
[1.931s] --   Found OGRE, version 1.9.0
[1.957s] -- Found Ogre Ghadamon (1.9.0)
[1.967s] -- Found OGRE: optimized;/usr/lib/x86_64-linux-gnu/libOgreMain.so;debug;/usr/lib/x86_64-linux-gnu/libOgreMain.so
[1.976s] -- Looking for OGRE_Paging...
[1.982s] -- Found OGRE_Paging: optimized;/usr/lib/x86_64-linux-gnu/libOgrePaging.so;debug;/usr/lib/x86_64-linux-gnu/libOgrePaging.so
[1.982s] -- Looking for OGRE_Terrain...
[1.988s] -- Found OGRE_Terrain: optimized;/usr/lib/x86_64-linux-gnu/libOgreTerrain.so;debug;/usr/lib/x86_64-linux-gnu/libOgreTerrain.so
[1.988s] -- Looking for OGRE_Property...
[2.001s] -- Found OGRE_Property: optimized;/usr/lib/x86_64-linux-gnu/libOgreProperty.so;debug;/usr/lib/x86_64-linux-gnu/libOgreProperty.so
[2.002s] -- Looking for OGRE_RTShaderSystem...
[2.024s] -- Found OGRE_RTShaderSystem: optimized;/usr/lib/x86_64-linux-gnu/libOgreRTShaderSystem.so;debug;/usr/lib/x86_64-linux-gnu/libOgreRTShaderSystem.so
[2.024s] -- Looking for OGRE_Volume...
[2.043s] -- Found OGRE_Volume: optimized;/usr/lib/x86_64-linux-gnu/libOgreVolume.so;debug;/usr/lib/x86_64-linux-gnu/libOgreVolume.so
[2.043s] -- Looking for OGRE_Overlay...
[2.056s] -- Found OGRE_Overlay: optimized;/usr/lib/x86_64-linux-gnu/libOgreOverlay.so;debug;/usr/lib/x86_64-linux-gnu/libOgreOverlay.so
[2.419s] -- Looking for ignition-math6 -- found version 6.15.1
[2.426s] -- Looking for ignition-transport8 -- found version 8.2.1
[2.427s] -- Searching for dependencies of ignition-transport8
[2.454s] -- Found Protobuf: /usr/lib/x86_64-linux-gnu/libprotobuf.so (found suitable version "3.12.4", minimum required is "3") 
[2.488s] -- Config-file not installed for ZeroMQ -- checking for pkg-config
[2.501s] -- Checking for module 'libzmq >= 4'
[2.521s] --   Found libzmq , version 4.3.4
[2.591s] -- Found ZeroMQ: TRUE (Required is at least version "4") 
[2.600s] -- Checking for module 'uuid'
[2.619s] --   Found uuid, version 2.37.2
[2.660s] -- Found UUID: TRUE  
[2.667s] -- Looking for ignition-msgs5 -- found version 5.8.1
[2.673s] -- Searching for dependencies of ignition-msgs5
[2.721s] -- Looking for ignition-math6 -- found version 6.15.1
[2.728s] -- Checking for module 'tinyxml2'
[2.770s] --   Found tinyxml2, version 9.0.0
[2.820s] -- Looking for ignition-msgs5 -- found version 5.8.1
[2.825s] -- Looking for ignition-common3 -- found version 3.14.0
[2.826s] -- Searching for dependencies of ignition-common3
[2.826s] -- Looking for dlfcn.h - found
[2.829s] -- Looking for libdl - found
[2.829s] -- Found DL: TRUE  
[2.847s] -- Found tinyobjloader: /usr/lib/x86_64-linux-gnu/cmake/tinyobjloader/tinyobjloader-config.cmake (found version "2.0.0") 
[2.848s] -- Searching for <ignition-common3> component [graphics]
[2.853s] -- Looking for ignition-common3-graphics -- found version 3.14.0
[2.853s] -- Searching for dependencies of ignition-common3-graphics
[2.854s] -- Looking for ignition-math6 -- found version 6.15.1
[2.859s] -- Looking for ignition-fuel_tools4 -- found version 4.4.0
[2.860s] -- Searching for dependencies of ignition-fuel_tools4
[3.017s] -- Found CURL: /usr/lib/x86_64-linux-gnu/libcurl.so (found version "7.81.0")  
[3.027s] -- Checking for module 'jsoncpp'
[3.039s] --   Found jsoncpp, version 1.9.5
[3.067s] -- Found JSONCPP: TRUE  
[3.073s] -- Checking for module 'libzip'
[3.084s] --   Found libzip, version 1.7.3
[3.112s] -- Found ZIP: TRUE  
[3.113s] -- Looking for ignition-common3 -- found version 3.14.0
[3.113s] -- Looking for ignition-math6 -- found version 6.15.1
[3.114s] -- Looking for ignition-msgs5 -- found version 5.8.1
[3.123s] -- Found gazebo_ros_pkgs: 3.7.0 (/opt/ros/humble/share/gazebo_ros_pkgs/cmake)
[3.126s] -- Found geometry_msgs: 4.2.4 (/opt/ros/humble/share/geometry_msgs/cmake)
[3.166s] -- Found rosidl_generator_c: 3.1.5 (/opt/ros/humble/share/rosidl_generator_c/cmake)
[3.172s] -- Found rosidl_adapter: 3.1.5 (/opt/ros/humble/share/rosidl_adapter/cmake)
[3.181s] -- Found rosidl_generator_cpp: 3.1.5 (/opt/ros/humble/share/rosidl_generator_cpp/cmake)
[3.194s] -- Using all available rosidl_typesupport_c: rosidl_typesupport_fastrtps_c;rosidl_typesupport_introspection_c
[3.211s] -- Using all available rosidl_typesupport_cpp: rosidl_typesupport_fastrtps_cpp;rosidl_typesupport_introspection_cpp
[3.277s] -- Found nav_msgs: 4.2.4 (/opt/ros/humble/share/nav_msgs/cmake)
[3.297s] -- Found rclcpp: 16.0.10 (/opt/ros/humble/share/rclcpp/cmake)
[3.338s] -- Found rmw_implementation_cmake: 6.1.2 (/opt/ros/humble/share/rmw_implementation_cmake/cmake)
[3.342s] -- Found rmw_fastrtps_cpp: 6.2.7 (/opt/ros/humble/share/rmw_fastrtps_cpp/cmake)
[3.458s] -- Found OpenSSL: /usr/lib/x86_64-linux-gnu/libcrypto.so (found version "3.0.2")  
[3.488s] -- Found FastRTPS: /opt/ros/humble/include  
[3.535s] -- Using RMW implementation 'rmw_fastrtps_cpp' as default
[3.547s] -- Found Threads: TRUE  
[3.627s] -- Found sensor_msgs: 4.2.4 (/opt/ros/humble/share/sensor_msgs/cmake)
[3.650s] -- Found tf2: 0.25.7 (/opt/ros/humble/share/tf2/cmake)
[3.729s] -- Configuring done
[3.761s] -- Generating done
[3.764s] -- Build files have been written to: /home/martin/ros2_ws/build/turtlebot3_gazebo
[3.775s] Invoked command in '/home/martin/ros2_ws/build/turtlebot3_gazebo' returned '0': CMAKE_PREFIX_PATH=${CMAKE_PREFIX_PATH}:/home/martin/ros2_ws/install/turtlebot3_teleop:/home/martin/ros2_ws/install/turtlebot3_example:/opt/ros/humble /usr/bin/cmake /home/martin/ros2_ws/src/turtlebot3_simulations/turtlebot3_gazebo -DAMENT_CMAKE_SYMLINK_INSTALL=1 -DCMAKE_INSTALL_PREFIX=/home/martin/ros2_ws/install/turtlebot3_gazebo
[3.777s] Invoking command in '/home/martin/ros2_ws/build/turtlebot3_gazebo': CMAKE_PREFIX_PATH=${CMAKE_PREFIX_PATH}:/home/martin/ros2_ws/install/turtlebot3_teleop:/home/martin/ros2_ws/install/turtlebot3_example:/opt/ros/humble /usr/bin/cmake --build /home/martin/ros2_ws/build/turtlebot3_gazebo -- -j8 -l8
[3.850s] [ 12%] [32mBuilding CXX object CMakeFiles/obstacle1.dir/models/turtlebot3_dqn_world/obstacle_plugin/obstacle1.cc.o[0m
[3.851s] [ 25%] [32mBuilding CXX object CMakeFiles/turtlebot3_drive.dir/src/turtlebot3_drive.cpp.o[0m
[3.854s] [ 37%] [32mBuilding CXX object CMakeFiles/obstacle2.dir/models/turtlebot3_dqn_world/obstacle_plugin/obstacle2.cc.o[0m
[3.860s] [ 50%] [32mBuilding CXX object CMakeFiles/obstacles.dir/models/turtlebot3_dqn_world/obstacle_plugin/obstacles.cc.o[0m
[18.546s] [ 62%] [32m[1mLinking CXX shared library libobstacle2.so[0m
[18.848s] [ 62%] Built target obstacle2
[18.913s] [ 75%] [32m[1mLinking CXX executable turtlebot3_drive[0m
[19.668s] [ 75%] Built target turtlebot3_drive
[21.788s] [ 87%] [32m[1mLinking CXX shared library libobstacles.so[0m
[21.829s] [100%] [32m[1mLinking CXX shared library libobstacle1.so[0m
[22.049s] [100%] Built target obstacles
[22.098s] [100%] Built target obstacle1
[22.109s] Invoked command in '/home/martin/ros2_ws/build/turtlebot3_gazebo' returned '0': CMAKE_PREFIX_PATH=${CMAKE_PREFIX_PATH}:/home/martin/ros2_ws/install/turtlebot3_teleop:/home/martin/ros2_ws/install/turtlebot3_example:/opt/ros/humble /usr/bin/cmake --build /home/martin/ros2_ws/build/turtlebot3_gazebo -- -j8 -l8
[22.144s] Invoking command in '/home/martin/ros2_ws/build/turtlebot3_gazebo': CMAKE_PREFIX_PATH=${CMAKE_PREFIX_PATH}:/home/martin/ros2_ws/install/turtlebot3_teleop:/home/martin/ros2_ws/install/turtlebot3_example:/opt/ros/humble /usr/bin/cmake --install /home/martin/ros2_ws/build/turtlebot3_gazebo
[22.152s] -- Install configuration: ""
[22.152s] -- Execute custom install script
[22.152s] -- Symlinking: /home/martin/ros2_ws/install/turtlebot3_gazebo/lib/turtlebot3_gazebo/turtlebot3_drive
[22.161s] -- Symlinking: /home/martin/ros2_ws/install/turtlebot3_gazebo/share/turtlebot3_gazebo//launch/empty_world.launch.py
[22.170s] -- Symlinking: /home/martin/ros2_ws/install/turtlebot3_gazebo/share/turtlebot3_gazebo//launch/robot_state_publisher.launch.py
[22.178s] -- Symlinking: /home/martin/ros2_ws/install/turtlebot3_gazebo/share/turtlebot3_gazebo//launch/spawn_turtlebot3.launch.py
[22.187s] -- Symlinking: /home/martin/ros2_ws/install/turtlebot3_gazebo/share/turtlebot3_gazebo//launch/turtlebot3_dqn_stage1.launch.py
[22.195s] -- Symlinking: /home/martin/ros2_ws/install/turtlebot3_gazebo/share/turtlebot3_gazebo//launch/turtlebot3_dqn_stage2.launch.py
[22.204s] -- Symlinking: /home/martin/ros2_ws/install/turtlebot3_gazebo/share/turtlebot3_gazebo//launch/turtlebot3_dqn_stage3.launch.py
[22.211s] -- Symlinking: /home/martin/ros2_ws/install/turtlebot3_gazebo/share/turtlebot3_gazebo//launch/turtlebot3_dqn_stage4.launch.py
[22.219s] -- Symlinking: /home/martin/ros2_ws/install/turtlebot3_gazebo/share/turtlebot3_gazebo//launch/turtlebot3_house.launch.py
[22.226s] -- Symlinking: /home/martin/ros2_ws/install/turtlebot3_gazebo/share/turtlebot3_gazebo//launch/turtlebot3_world.launch.py
[22.233s] -- Symlinking: /home/martin/ros2_ws/install/turtlebot3_gazebo/share/turtlebot3_gazebo//models/turtlebot3_burger/model-1_4.sdf
[22.240s] -- Symlinking: /home/martin/ros2_ws/install/turtlebot3_gazebo/share/turtlebot3_gazebo//models/turtlebot3_burger/model.config
[22.248s] -- Symlinking: /home/martin/ros2_ws/install/turtlebot3_gazebo/share/turtlebot3_gazebo//models/turtlebot3_burger/model.sdf
[22.255s] -- Symlinking: /home/martin/ros2_ws/install/turtlebot3_gazebo/share/turtlebot3_gazebo//models/turtlebot3_common/meshes/burger_base.dae
[22.262s] -- Symlinking: /home/martin/ros2_ws/install/turtlebot3_gazebo/share/turtlebot3_gazebo//models/turtlebot3_common/meshes/lds.dae
[22.269s] -- Symlinking: /home/martin/ros2_ws/install/turtlebot3_gazebo/share/turtlebot3_gazebo//models/turtlebot3_common/meshes/r200.dae
[22.276s] -- Symlinking: /home/martin/ros2_ws/install/turtlebot3_gazebo/share/turtlebot3_gazebo//models/turtlebot3_common/meshes/tire.dae
[22.284s] -- Symlinking: /home/martin/ros2_ws/install/turtlebot3_gazebo/share/turtlebot3_gazebo//models/turtlebot3_common/meshes/waffle_base.dae
[22.291s] -- Symlinking: /home/martin/ros2_ws/install/turtlebot3_gazebo/share/turtlebot3_gazebo//models/turtlebot3_common/meshes/waffle_pi_base.dae
[22.299s] -- Symlinking: /home/martin/ros2_ws/install/turtlebot3_gazebo/share/turtlebot3_gazebo//models/turtlebot3_common/model.config
[22.306s] -- Symlinking: /home/martin/ros2_ws/install/turtlebot3_gazebo/share/turtlebot3_gazebo//models/turtlebot3_dqn_world/goal_box/model.config
[22.314s] -- Symlinking: /home/martin/ros2_ws/install/turtlebot3_gazebo/share/turtlebot3_gazebo//models/turtlebot3_dqn_world/goal_box/model.sdf
[22.321s] -- Symlinking: /home/martin/ros2_ws/install/turtlebot3_gazebo/share/turtlebot3_gazebo//models/turtlebot3_dqn_world/inner_walls/model.config
[22.329s] -- Symlinking: /home/martin/ros2_ws/install/turtlebot3_gazebo/share/turtlebot3_gazebo//models/turtlebot3_dqn_world/inner_walls/model.sdf
[22.336s] -- Symlinking: /home/martin/ros2_ws/install/turtlebot3_gazebo/share/turtlebot3_gazebo//models/turtlebot3_dqn_world/model.config
[22.343s] -- Symlinking: /home/martin/ros2_ws/install/turtlebot3_gazebo/share/turtlebot3_gazebo//models/turtlebot3_dqn_world/model.sdf
[22.351s] -- Symlinking: /home/martin/ros2_ws/install/turtlebot3_gazebo/share/turtlebot3_gazebo//models/turtlebot3_dqn_world/obstacle1/model.config
[22.358s] -- Symlinking: /home/martin/ros2_ws/install/turtlebot3_gazebo/share/turtlebot3_gazebo//models/turtlebot3_dqn_world/obstacle1/model.sdf
[22.366s] -- Symlinking: /home/martin/ros2_ws/install/turtlebot3_gazebo/share/turtlebot3_gazebo//models/turtlebot3_dqn_world/obstacle2/model.config
[22.374s] -- Symlinking: /home/martin/ros2_ws/install/turtlebot3_gazebo/share/turtlebot3_gazebo//models/turtlebot3_dqn_world/obstacle2/model.sdf
[22.381s] -- Symlinking: /home/martin/ros2_ws/install/turtlebot3_gazebo/share/turtlebot3_gazebo//models/turtlebot3_dqn_world/obstacle_plugin/CMakeLists.txt
[22.389s] -- Symlinking: /home/martin/ros2_ws/install/turtlebot3_gazebo/share/turtlebot3_gazebo//models/turtlebot3_dqn_world/obstacle_plugin/obstacle1.cc
[22.396s] -- Symlinking: /home/martin/ros2_ws/install/turtlebot3_gazebo/share/turtlebot3_gazebo//models/turtlebot3_dqn_world/obstacle_plugin/obstacle2.cc
[22.404s] -- Symlinking: /home/martin/ros2_ws/install/turtlebot3_gazebo/share/turtlebot3_gazebo//models/turtlebot3_dqn_world/obstacle_plugin/obstacles.cc
[22.412s] -- Symlinking: /home/martin/ros2_ws/install/turtlebot3_gazebo/share/turtlebot3_gazebo//models/turtlebot3_dqn_world/obstacles/model.config
[22.419s] -- Symlinking: /home/martin/ros2_ws/install/turtlebot3_gazebo/share/turtlebot3_gazebo//models/turtlebot3_dqn_world/obstacles/model.sdf
[22.426s] -- Symlinking: /home/martin/ros2_ws/install/turtlebot3_gazebo/share/turtlebot3_gazebo//models/turtlebot3_house/model.config
[22.433s] -- Symlinking: /home/martin/ros2_ws/install/turtlebot3_gazebo/share/turtlebot3_gazebo//models/turtlebot3_house/model.sdf
[22.440s] -- Symlinking: /home/martin/ros2_ws/install/turtlebot3_gazebo/share/turtlebot3_gazebo//models/turtlebot3_waffle/model-1_4.sdf
[22.448s] -- Symlinking: /home/martin/ros2_ws/install/turtlebot3_gazebo/share/turtlebot3_gazebo//models/turtlebot3_waffle/model.config
[22.455s] -- Symlinking: /home/martin/ros2_ws/install/turtlebot3_gazebo/share/turtlebot3_gazebo//models/turtlebot3_waffle/model.sdf
[22.462s] -- Symlinking: /home/martin/ros2_ws/install/turtlebot3_gazebo/share/turtlebot3_gazebo//models/turtlebot3_waffle_pi/model-1_4_.sdf
[22.470s] -- Symlinking: /home/martin/ros2_ws/install/turtlebot3_gazebo/share/turtlebot3_gazebo//models/turtlebot3_waffle_pi/model.config
[22.477s] -- Symlinking: /home/martin/ros2_ws/install/turtlebot3_gazebo/share/turtlebot3_gazebo//models/turtlebot3_waffle_pi/model.sdf
[22.485s] -- Symlinking: /home/martin/ros2_ws/install/turtlebot3_gazebo/share/turtlebot3_gazebo//models/turtlebot3_world/meshes/hexagon.dae
[22.492s] -- Symlinking: /home/martin/ros2_ws/install/turtlebot3_gazebo/share/turtlebot3_gazebo//models/turtlebot3_world/meshes/wall.dae
[22.500s] -- Symlinking: /home/martin/ros2_ws/install/turtlebot3_gazebo/share/turtlebot3_gazebo//models/turtlebot3_world/model-1_4.sdf
[22.508s] -- Symlinking: /home/martin/ros2_ws/install/turtlebot3_gazebo/share/turtlebot3_gazebo//models/turtlebot3_world/model.config
[22.515s] -- Symlinking: /home/martin/ros2_ws/install/turtlebot3_gazebo/share/turtlebot3_gazebo//models/turtlebot3_world/model.sdf
[22.523s] -- Symlinking: /home/martin/ros2_ws/install/turtlebot3_gazebo/share/turtlebot3_gazebo//rviz/tb3_gazebo.rviz
[22.530s] -- Symlinking: /home/martin/ros2_ws/install/turtlebot3_gazebo/share/turtlebot3_gazebo//urdf/common_properties.urdf
[22.538s] -- Symlinking: /home/martin/ros2_ws/install/turtlebot3_gazebo/share/turtlebot3_gazebo//urdf/turtlebot3_burger.urdf
[22.545s] -- Symlinking: /home/martin/ros2_ws/install/turtlebot3_gazebo/share/turtlebot3_gazebo//urdf/turtlebot3_waffle.urdf
[22.553s] -- Symlinking: /home/martin/ros2_ws/install/turtlebot3_gazebo/share/turtlebot3_gazebo//urdf/turtlebot3_waffle_pi.urdf
[22.560s] -- Symlinking: /home/martin/ros2_ws/install/turtlebot3_gazebo/share/turtlebot3_gazebo//worlds/empty_world.world
[22.568s] -- Symlinking: /home/martin/ros2_ws/install/turtlebot3_gazebo/share/turtlebot3_gazebo//worlds/turtlebot3_dqn_stage1.world
[22.575s] -- Symlinking: /home/martin/ros2_ws/install/turtlebot3_gazebo/share/turtlebot3_gazebo//worlds/turtlebot3_dqn_stage2.world
[22.583s] -- Symlinking: /home/martin/ros2_ws/install/turtlebot3_gazebo/share/turtlebot3_gazebo//worlds/turtlebot3_dqn_stage3.world
[22.590s] -- Symlinking: /home/martin/ros2_ws/install/turtlebot3_gazebo/share/turtlebot3_gazebo//worlds/turtlebot3_dqn_stage4.world
[22.598s] -- Symlinking: /home/martin/ros2_ws/install/turtlebot3_gazebo/share/turtlebot3_gazebo//worlds/turtlebot3_house.world
[22.606s] -- Symlinking: /home/martin/ros2_ws/install/turtlebot3_gazebo/share/turtlebot3_gazebo//worlds/turtlebot3_world.world
[22.614s] -- Symlinking: /home/martin/ros2_ws/install/turtlebot3_gazebo/include//turtlebot3_gazebo/turtlebot3_drive.hpp
[22.621s] -- Symlinking: /home/martin/ros2_ws/install/turtlebot3_gazebo/share/ament_index/resource_index/package_run_dependencies/turtlebot3_gazebo
[22.629s] -- Symlinking: /home/martin/ros2_ws/install/turtlebot3_gazebo/share/ament_index/resource_index/parent_prefix_path/turtlebot3_gazebo
[22.637s] -- Symlinking: /home/martin/ros2_ws/install/turtlebot3_gazebo/share/turtlebot3_gazebo/environment/ament_prefix_path.sh
[22.644s] -- Symlinking: /home/martin/ros2_ws/install/turtlebot3_gazebo/share/turtlebot3_gazebo/environment/ament_prefix_path.dsv
[22.652s] -- Symlinking: /home/martin/ros2_ws/install/turtlebot3_gazebo/share/turtlebot3_gazebo/environment/path.sh
[22.659s] -- Symlinking: /home/martin/ros2_ws/install/turtlebot3_gazebo/share/turtlebot3_gazebo/environment/path.dsv
[22.666s] -- Symlinking: /home/martin/ros2_ws/install/turtlebot3_gazebo/share/turtlebot3_gazebo/local_setup.bash
[22.673s] -- Symlinking: /home/martin/ros2_ws/install/turtlebot3_gazebo/share/turtlebot3_gazebo/local_setup.sh
[22.681s] -- Symlinking: /home/martin/ros2_ws/install/turtlebot3_gazebo/share/turtlebot3_gazebo/local_setup.zsh
[22.688s] -- Symlinking: /home/martin/ros2_ws/install/turtlebot3_gazebo/share/turtlebot3_gazebo/local_setup.dsv
[22.695s] -- Symlinking: /home/martin/ros2_ws/install/turtlebot3_gazebo/share/turtlebot3_gazebo/package.dsv
[22.703s] -- Symlinking: /home/martin/ros2_ws/install/turtlebot3_gazebo/share/ament_index/resource_index/packages/turtlebot3_gazebo
[22.711s] -- Symlinking: /home/martin/ros2_ws/install/turtlebot3_gazebo/share/turtlebot3_gazebo/cmake/ament_cmake_export_include_directories-extras.cmake
[22.718s] -- Symlinking: /home/martin/ros2_ws/install/turtlebot3_gazebo/share/turtlebot3_gazebo/cmake/ament_cmake_export_dependencies-extras.cmake
[22.726s] -- Symlinking: /home/martin/ros2_ws/install/turtlebot3_gazebo/share/turtlebot3_gazebo/cmake/turtlebot3_gazeboConfig.cmake
[22.733s] -- Symlinking: /home/martin/ros2_ws/install/turtlebot3_gazebo/share/turtlebot3_gazebo/cmake/turtlebot3_gazeboConfig-version.cmake
[22.741s] -- Symlinking: /home/martin/ros2_ws/install/turtlebot3_gazebo/share/turtlebot3_gazebo/package.xml
[22.750s] Invoked command in '/home/martin/ros2_ws/build/turtlebot3_gazebo' returned '0': CMAKE_PREFIX_PATH=${CMAKE_PREFIX_PATH}:/home/martin/ros2_ws/install/turtlebot3_teleop:/home/martin/ros2_ws/install/turtlebot3_example:/opt/ros/humble /usr/bin/cmake --install /home/martin/ros2_ws/build/turtlebot3_gazebo
