[0.008s] Invoking command in '/home/martin/ros2_ws/build/turtlesim': CMAKE_PREFIX_PATH=/opt/ros/humble /usr/bin/cmake /home/martin/ros2_ws/src/ros_tutorials/turtlesim -DAMENT_CMAKE_SYMLINK_INSTALL=1 -DCMAKE_INSTALL_PREFIX=/home/martin/ros2_ws/install/turtlesim
[0.051s] -- The C compiler identification is GNU 11.4.0
[0.094s] -- The CXX compiler identification is GNU 11.4.0
[0.100s] -- Detecting C compiler ABI info
[0.153s] -- Detecting C compiler ABI info - done
[0.159s] -- Check for working C compiler: /usr/bin/cc - skipped
[0.160s] -- Detecting C compile features
[0.160s] -- Detecting C compile features - done
[0.163s] -- Detecting CXX compiler ABI info
[0.225s] -- Detecting CXX compiler ABI info - done
[0.233s] -- Check for working CXX compiler: /usr/bin/c++ - skipped
[0.234s] -- Detecting CXX compile features
[0.234s] -- Detecting CXX compile features - done
[0.236s] -- Found ament_cmake: 1.3.10 (/opt/ros/humble/share/ament_cmake/cmake)
[0.362s] -- Found Python3: /usr/bin/python3 (found version "3.10.12") found components: Interpreter 
[0.412s] -- Override CMake install command with custom implementation using symlinks instead of copying resources
[0.430s] -- Found ament_index_cpp: 1.4.0 (/opt/ros/humble/share/ament_index_cpp/cmake)
[0.431s] -- Found geometry_msgs: 4.2.4 (/opt/ros/humble/share/geometry_msgs/cmake)
[0.467s] -- Found rosidl_generator_c: 3.1.5 (/opt/ros/humble/share/rosidl_generator_c/cmake)
[0.471s] -- Found rosidl_adapter: 3.1.5 (/opt/ros/humble/share/rosidl_adapter/cmake)
[0.477s] -- Found rosidl_generator_cpp: 3.1.5 (/opt/ros/humble/share/rosidl_generator_cpp/cmake)
[0.486s] -- Using all available rosidl_typesupport_c: rosidl_typesupport_fastrtps_c;rosidl_typesupport_introspection_c
[0.499s] -- Using all available rosidl_typesupport_cpp: rosidl_typesupport_fastrtps_cpp;rosidl_typesupport_introspection_cpp
[0.542s] -- Found rclcpp: 16.0.10 (/opt/ros/humble/share/rclcpp/cmake)
[0.569s] -- Found rmw_implementation_cmake: 6.1.2 (/opt/ros/humble/share/rmw_implementation_cmake/cmake)
[0.571s] -- Found rmw_fastrtps_cpp: 6.2.7 (/opt/ros/humble/share/rmw_fastrtps_cpp/cmake)
[0.633s] -- Found OpenSSL: /usr/lib/x86_64-linux-gnu/libcrypto.so (found version "3.0.2")  
[0.654s] -- Found FastRTPS: /opt/ros/humble/include  
[0.684s] -- Using RMW implementation 'rmw_fastrtps_cpp' as default
[0.690s] -- Looking for pthread.h
[0.747s] -- Looking for pthread.h - found
[0.748s] -- Performing Test CMAKE_HAVE_LIBC_PTHREAD
[0.808s] -- Performing Test CMAKE_HAVE_LIBC_PTHREAD - Success
[0.809s] -- Found Threads: TRUE  
[0.846s] -- Found rclcpp_action: 16.0.10 (/opt/ros/humble/share/rclcpp_action/cmake)
[0.874s] -- Found rosidl_default_generators: 1.2.0 (/opt/ros/humble/share/rosidl_default_generators/cmake)
[0.881s] -- Found std_srvs: 4.2.4 (/opt/ros/humble/share/std_srvs/cmake)
[1.145s] -- Found ament_cmake_ros: 0.10.0 (/opt/ros/humble/share/ament_cmake_ros/cmake)
[1.402s] -- Using all available rosidl_typesupport_c: rosidl_typesupport_fastrtps_c;rosidl_typesupport_introspection_c
[1.505s] -- Using all available rosidl_typesupport_cpp: rosidl_typesupport_fastrtps_cpp;rosidl_typesupport_introspection_cpp
[1.524s] -- Found PythonInterp: /usr/bin/python3 (found suitable version "3.10.12", minimum required is "3.6") 
[1.525s] -- Found python_cmake_module: 0.10.0 (/opt/ros/humble/share/python_cmake_module/cmake)
[1.547s] -- Found PythonLibs: /usr/lib/x86_64-linux-gnu/libpython3.10.so (found suitable version "3.10.12", minimum required is "3.5") 
[1.547s] -- Using PYTHON_EXECUTABLE: /usr/bin/python3
[1.547s] -- Using PYTHON_INCLUDE_DIRS: /usr/include/python3.10
[1.547s] -- Using PYTHON_LIBRARIES: /usr/lib/x86_64-linux-gnu/libpython3.10.so
[1.565s] -- Found PythonExtra: .so  
[1.614s] -- Configuring done
[1.666s] -- Generating done
[1.668s] -- Build files have been written to: /home/martin/ros2_ws/build/turtlesim
[1.679s] Invoked command in '/home/martin/ros2_ws/build/turtlesim' returned '0': CMAKE_PREFIX_PATH=/opt/ros/humble /usr/bin/cmake /home/martin/ros2_ws/src/ros_tutorials/turtlesim -DAMENT_CMAKE_SYMLINK_INSTALL=1 -DCMAKE_INSTALL_PREFIX=/home/martin/ros2_ws/install/turtlesim
[1.680s] Invoking command in '/home/martin/ros2_ws/build/turtlesim': CMAKE_PREFIX_PATH=/opt/ros/humble /usr/bin/cmake --build /home/martin/ros2_ws/build/turtlesim -- -j8 -l8
[1.715s] [  1%] [34m[1mGenerating C code for ROS interfaces[0m
[1.722s] [  2%] [34m[1mGenerating C++ code for ROS interfaces[0m
[1.728s] [  2%] Built target ament_cmake_python_symlink_turtlesim
[1.953s] running egg_info
[1.953s] creating turtlesim.egg-info
[1.953s] writing turtlesim.egg-info/PKG-INFO
[1.953s] writing dependency_links to turtlesim.egg-info/dependency_links.txt
[1.954s] writing top-level names to turtlesim.egg-info/top_level.txt
[1.954s] writing manifest file 'turtlesim.egg-info/SOURCES.txt'
[1.956s] reading manifest file 'turtlesim.egg-info/SOURCES.txt'
[1.956s] writing manifest file 'turtlesim.egg-info/SOURCES.txt'
[1.979s] [  2%] Built target ament_cmake_python_build_turtlesim_egg
[2.599s] [  2%] Built target turtlesim__cpp
[2.630s] [  3%] [34m[1mGenerating C++ type support for eProsima Fast-RTPS[0m
[2.630s] [  4%] [34m[1mGenerating C++ type support dispatch for ROS interfaces[0m
[2.635s] [  5%] [34m[1mGenerating C++ introspection for ROS interfaces[0m
[2.721s] [  6%] [32mBuilding C object CMakeFiles/turtlesim__rosidl_generator_c.dir/rosidl_generator_c/turtlesim/action/detail/rotate_absolute__functions.c.o[0m
[2.722s] [  7%] [32mBuilding C object CMakeFiles/turtlesim__rosidl_generator_c.dir/rosidl_generator_c/turtlesim/srv/detail/set_pen__functions.c.o[0m
[2.724s] [  8%] [32mBuilding C object CMakeFiles/turtlesim__rosidl_generator_c.dir/rosidl_generator_c/turtlesim/msg/detail/pose__functions.c.o[0m
[2.725s] [  9%] [32mBuilding C object CMakeFiles/turtlesim__rosidl_generator_c.dir/rosidl_generator_c/turtlesim/msg/detail/color__functions.c.o[0m
[2.728s] [ 10%] [32mBuilding C object CMakeFiles/turtlesim__rosidl_generator_c.dir/rosidl_generator_c/turtlesim/srv/detail/kill__functions.c.o[0m
[2.855s] [ 11%] [32mBuilding C object CMakeFiles/turtlesim__rosidl_generator_c.dir/rosidl_generator_c/turtlesim/srv/detail/spawn__functions.c.o[0m
[2.867s] [ 12%] [32mBuilding C object CMakeFiles/turtlesim__rosidl_generator_c.dir/rosidl_generator_c/turtlesim/srv/detail/teleport_absolute__functions.c.o[0m
[2.875s] [ 13%] [32mBuilding C object CMakeFiles/turtlesim__rosidl_generator_c.dir/rosidl_generator_c/turtlesim/srv/detail/teleport_relative__functions.c.o[0m
[3.043s] [ 14%] [32m[1mLinking C shared library libturtlesim__rosidl_generator_c.so[0m
[3.101s] [ 14%] Built target turtlesim__rosidl_generator_c
[3.115s] [ 15%] [34m[1mGenerating C type support dispatch for ROS interfaces[0m
[3.115s] [ 16%] [34m[1mGenerating C type support for eProsima Fast-RTPS[0m
[3.115s] [ 17%] [34m[1mGenerating C introspection for ROS interfaces[0m
[4.046s] [ 20%] [32mBuilding CXX object CMakeFiles/turtlesim__rosidl_typesupport_introspection_cpp.dir/rosidl_typesupport_introspection_cpp/turtlesim/action/detail/rotate_absolute__type_support.cpp.o[0m
[4.046s] [ 20%] [32mBuilding CXX object CMakeFiles/turtlesim__rosidl_typesupport_introspection_cpp.dir/rosidl_typesupport_introspection_cpp/turtlesim/msg/detail/color__type_support.cpp.o[0m
[4.046s] [ 20%] [32mBuilding CXX object CMakeFiles/turtlesim__rosidl_typesupport_introspection_cpp.dir/rosidl_typesupport_introspection_cpp/turtlesim/msg/detail/pose__type_support.cpp.o[0m
[4.222s] [ 21%] [32mBuilding CXX object CMakeFiles/turtlesim__rosidl_typesupport_cpp.dir/rosidl_typesupport_cpp/turtlesim/action/rotate_absolute__type_support.cpp.o[0m
[4.679s] [ 22%] [32mBuilding CXX object CMakeFiles/turtlesim__rosidl_typesupport_fastrtps_cpp.dir/rosidl_typesupport_fastrtps_cpp/turtlesim/action/detail/dds_fastrtps/rotate_absolute__type_support.cpp.o[0m
[4.797s] [ 23%] [32mBuilding CXX object CMakeFiles/turtlesim__rosidl_typesupport_c.dir/rosidl_typesupport_c/turtlesim/action/rotate_absolute__type_support.cpp.o[0m
[4.912s] [ 24%] [32mBuilding CXX object CMakeFiles/turtlesim__rosidl_typesupport_c.dir/rosidl_typesupport_c/turtlesim/msg/color__type_support.cpp.o[0m
[4.968s] [ 25%] [32mBuilding CXX object CMakeFiles/turtlesim__rosidl_typesupport_c.dir/rosidl_typesupport_c/turtlesim/msg/pose__type_support.cpp.o[0m
[4.985s] [ 26%] [32mBuilding CXX object CMakeFiles/turtlesim__rosidl_typesupport_c.dir/rosidl_typesupport_c/turtlesim/srv/kill__type_support.cpp.o[0m
[5.030s] [ 27%] [32mBuilding CXX object CMakeFiles/turtlesim__rosidl_typesupport_cpp.dir/rosidl_typesupport_cpp/turtlesim/msg/color__type_support.cpp.o[0m
[5.057s] [ 28%] [32mBuilding CXX object CMakeFiles/turtlesim__rosidl_typesupport_c.dir/rosidl_typesupport_c/turtlesim/srv/set_pen__type_support.cpp.o[0m
[5.078s] [ 29%] [32mBuilding CXX object CMakeFiles/turtlesim__rosidl_typesupport_cpp.dir/rosidl_typesupport_cpp/turtlesim/msg/pose__type_support.cpp.o[0m
[5.138s] [ 30%] [32mBuilding CXX object CMakeFiles/turtlesim__rosidl_typesupport_c.dir/rosidl_typesupport_c/turtlesim/srv/spawn__type_support.cpp.o[0m
[5.218s] [ 31%] [32mBuilding CXX object CMakeFiles/turtlesim__rosidl_typesupport_c.dir/rosidl_typesupport_c/turtlesim/srv/teleport_absolute__type_support.cpp.o[0m
[5.291s] [ 32%] [32mBuilding CXX object CMakeFiles/turtlesim__rosidl_typesupport_c.dir/rosidl_typesupport_c/turtlesim/srv/teleport_relative__type_support.cpp.o[0m
[5.360s] [ 33%] [32m[1mLinking CXX shared library libturtlesim__rosidl_typesupport_c.so[0m
[5.443s] [ 34%] [32mBuilding CXX object CMakeFiles/turtlesim__rosidl_typesupport_introspection_cpp.dir/rosidl_typesupport_introspection_cpp/turtlesim/srv/detail/kill__type_support.cpp.o[0m
[5.444s] [ 34%] Built target turtlesim__rosidl_typesupport_c
[5.461s] [ 35%] [32mBuilding CXX object CMakeFiles/turtlesim__rosidl_typesupport_fastrtps_cpp.dir/rosidl_typesupport_fastrtps_cpp/turtlesim/msg/detail/dds_fastrtps/color__type_support.cpp.o[0m
[5.515s] [ 36%] [32mBuilding CXX object CMakeFiles/turtlesim__rosidl_typesupport_cpp.dir/rosidl_typesupport_cpp/turtlesim/srv/kill__type_support.cpp.o[0m
[5.526s] [ 37%] [32mBuilding C object CMakeFiles/turtlesim__rosidl_typesupport_introspection_c.dir/rosidl_typesupport_introspection_c/turtlesim/action/detail/rotate_absolute__type_support.c.o[0m
[5.623s] [ 38%] [32mBuilding C object CMakeFiles/turtlesim__rosidl_typesupport_introspection_c.dir/rosidl_typesupport_introspection_c/turtlesim/msg/detail/color__type_support.c.o[0m
[5.698s] [ 39%] [32mBuilding C object CMakeFiles/turtlesim__rosidl_typesupport_introspection_c.dir/rosidl_typesupport_introspection_c/turtlesim/msg/detail/pose__type_support.c.o[0m
[5.737s] [ 40%] [32mBuilding CXX object CMakeFiles/turtlesim__rosidl_typesupport_introspection_cpp.dir/rosidl_typesupport_introspection_cpp/turtlesim/srv/detail/spawn__type_support.cpp.o[0m
[5.738s] [ 41%] [32mBuilding CXX object CMakeFiles/turtlesim__rosidl_typesupport_introspection_cpp.dir/rosidl_typesupport_introspection_cpp/turtlesim/srv/detail/set_pen__type_support.cpp.o[0m
[5.754s] [ 42%] [32mBuilding CXX object CMakeFiles/turtlesim__rosidl_typesupport_fastrtps_c.dir/rosidl_typesupport_fastrtps_c/turtlesim/action/detail/rotate_absolute__type_support_c.cpp.o[0m
[5.782s] [ 43%] [32mBuilding C object CMakeFiles/turtlesim__rosidl_typesupport_introspection_c.dir/rosidl_typesupport_introspection_c/turtlesim/srv/detail/kill__type_support.c.o[0m
[5.874s] [ 44%] [32mBuilding C object CMakeFiles/turtlesim__rosidl_typesupport_introspection_c.dir/rosidl_typesupport_introspection_c/turtlesim/srv/detail/set_pen__type_support.c.o[0m
[5.958s] [ 45%] [32mBuilding C object CMakeFiles/turtlesim__rosidl_typesupport_introspection_c.dir/rosidl_typesupport_introspection_c/turtlesim/srv/detail/spawn__type_support.c.o[0m
[6.044s] [ 46%] [32mBuilding C object CMakeFiles/turtlesim__rosidl_typesupport_introspection_c.dir/rosidl_typesupport_introspection_c/turtlesim/srv/detail/teleport_absolute__type_support.c.o[0m
[6.059s] [ 47%] [32mBuilding CXX object CMakeFiles/turtlesim__rosidl_typesupport_introspection_cpp.dir/rosidl_typesupport_introspection_cpp/turtlesim/srv/detail/teleport_absolute__type_support.cpp.o[0m
[6.120s] [ 48%] [32mBuilding C object CMakeFiles/turtlesim__rosidl_typesupport_introspection_c.dir/rosidl_typesupport_introspection_c/turtlesim/srv/detail/teleport_relative__type_support.c.o[0m
[6.200s] [ 49%] [32mBuilding CXX object CMakeFiles/turtlesim__rosidl_typesupport_cpp.dir/rosidl_typesupport_cpp/turtlesim/srv/set_pen__type_support.cpp.o[0m
[6.203s] [ 50%] [32m[1mLinking C shared library libturtlesim__rosidl_typesupport_introspection_c.so[0m
[6.278s] [ 50%] Built target turtlesim__rosidl_typesupport_introspection_c
[6.290s] [ 51%] [32mBuilding CXX object CMakeFiles/turtlesim__rosidl_typesupport_cpp.dir/rosidl_typesupport_cpp/turtlesim/srv/spawn__type_support.cpp.o[0m
[6.459s] [ 52%] [32mBuilding CXX object CMakeFiles/turtlesim__rosidl_typesupport_fastrtps_c.dir/rosidl_typesupport_fastrtps_c/turtlesim/msg/detail/color__type_support_c.cpp.o[0m
[6.488s] [ 53%] [32mBuilding CXX object CMakeFiles/turtlesim__rosidl_typesupport_fastrtps_cpp.dir/rosidl_typesupport_fastrtps_cpp/turtlesim/msg/detail/dds_fastrtps/pose__type_support.cpp.o[0m
[6.722s] [ 54%] [32mBuilding CXX object CMakeFiles/turtlesim__rosidl_typesupport_fastrtps_c.dir/rosidl_typesupport_fastrtps_c/turtlesim/msg/detail/pose__type_support_c.cpp.o[0m
[6.739s] [ 55%] [32mBuilding CXX object CMakeFiles/turtlesim__rosidl_typesupport_fastrtps_cpp.dir/rosidl_typesupport_fastrtps_cpp/turtlesim/srv/detail/dds_fastrtps/kill__type_support.cpp.o[0m
[6.810s] [ 56%] [32mBuilding CXX object CMakeFiles/turtlesim__rosidl_typesupport_introspection_cpp.dir/rosidl_typesupport_introspection_cpp/turtlesim/srv/detail/teleport_relative__type_support.cpp.o[0m
[6.901s] [ 57%] [32mBuilding CXX object CMakeFiles/turtlesim__rosidl_typesupport_fastrtps_cpp.dir/rosidl_typesupport_fastrtps_cpp/turtlesim/srv/detail/dds_fastrtps/set_pen__type_support.cpp.o[0m
[7.005s] [ 58%] [32mBuilding CXX object CMakeFiles/turtlesim__rosidl_typesupport_cpp.dir/rosidl_typesupport_cpp/turtlesim/srv/teleport_absolute__type_support.cpp.o[0m
[7.086s] [ 59%] [32mBuilding CXX object CMakeFiles/turtlesim__rosidl_typesupport_fastrtps_c.dir/rosidl_typesupport_fastrtps_c/turtlesim/srv/detail/kill__type_support_c.cpp.o[0m
[7.381s] [ 60%] [32mBuilding CXX object CMakeFiles/turtlesim__rosidl_typesupport_fastrtps_cpp.dir/rosidl_typesupport_fastrtps_cpp/turtlesim/srv/detail/dds_fastrtps/spawn__type_support.cpp.o[0m
[7.485s] [ 61%] [32mBuilding CXX object CMakeFiles/turtlesim__rosidl_typesupport_fastrtps_c.dir/rosidl_typesupport_fastrtps_c/turtlesim/srv/detail/set_pen__type_support_c.cpp.o[0m
[7.562s] [ 62%] [32mBuilding CXX object CMakeFiles/turtlesim__rosidl_typesupport_cpp.dir/rosidl_typesupport_cpp/turtlesim/srv/teleport_relative__type_support.cpp.o[0m
[7.683s] [ 63%] [32mBuilding CXX object CMakeFiles/turtlesim__rosidl_typesupport_fastrtps_cpp.dir/rosidl_typesupport_fastrtps_cpp/turtlesim/srv/detail/dds_fastrtps/teleport_absolute__type_support.cpp.o[0m
[7.792s] [ 64%] [32mBuilding CXX object CMakeFiles/turtlesim__rosidl_typesupport_fastrtps_c.dir/rosidl_typesupport_fastrtps_c/turtlesim/srv/detail/spawn__type_support_c.cpp.o[0m
[7.800s] [ 65%] [32m[1mLinking CXX shared library libturtlesim__rosidl_typesupport_introspection_cpp.so[0m
[7.955s] [ 66%] [32mBuilding CXX object CMakeFiles/turtlesim__rosidl_typesupport_fastrtps_c.dir/rosidl_typesupport_fastrtps_c/turtlesim/srv/detail/teleport_absolute__type_support_c.cpp.o[0m
[7.961s] [ 66%] Built target turtlesim__rosidl_typesupport_introspection_cpp
[7.987s] [ 67%] [32mBuilding CXX object CMakeFiles/turtlesim__rosidl_typesupport_fastrtps_cpp.dir/rosidl_typesupport_fastrtps_cpp/turtlesim/srv/detail/dds_fastrtps/teleport_relative__type_support.cpp.o[0m
[7.994s] [ 68%] [32mBuilding CXX object CMakeFiles/turtlesim__rosidl_typesupport_fastrtps_c.dir/rosidl_typesupport_fastrtps_c/turtlesim/srv/detail/teleport_relative__type_support_c.cpp.o[0m
[8.244s] [ 69%] [32m[1mLinking CXX shared library libturtlesim__rosidl_typesupport_cpp.so[0m
[8.354s] [ 69%] Built target turtlesim__rosidl_typesupport_cpp
[8.374s] [ 70%] [34m[1mGenerating include/turtlesim/moc_turtle_frame.cpp[0m
[8.391s] [ 71%] [32mBuilding CXX object CMakeFiles/turtle_teleop_key.dir/tutorials/teleop_turtle_key.cpp.o[0m
[8.510s] [ 72%] [32mBuilding CXX object CMakeFiles/draw_square.dir/tutorials/draw_square.cpp.o[0m
[8.537s] [ 73%] [32mBuilding CXX object CMakeFiles/turtlesim_node.dir/src/turtlesim.cpp.o[0m
[8.673s] [ 74%] [32mBuilding CXX object CMakeFiles/turtlesim_node.dir/src/turtle.cpp.o[0m
[8.736s] [ 75%] [32mBuilding CXX object CMakeFiles/mimic.dir/tutorials/mimic.cpp.o[0m
[8.867s] [ 76%] [32mBuilding CXX object CMakeFiles/turtlesim_node.dir/src/turtle_frame.cpp.o[0m
[8.886s] [ 77%] [32m[1mLinking CXX shared library libturtlesim__rosidl_typesupport_fastrtps_c.so[0m
[9.022s] [ 78%] [32m[1mLinking CXX shared library libturtlesim__rosidl_typesupport_fastrtps_cpp.so[0m
[9.069s] [ 78%] Built target turtlesim__rosidl_typesupport_fastrtps_c
[9.083s] [ 79%] [32mBuilding CXX object CMakeFiles/turtlesim_node.dir/include/turtlesim/moc_turtle_frame.cpp.o[0m
[9.209s] [ 79%] Built target turtlesim__rosidl_typesupport_fastrtps_cpp
[9.237s] [ 79%] Built target turtlesim
[9.293s] [ 80%] [34m[1mGenerating Python code for ROS interfaces[0m
[13.539s] [ 80%] Built target turtlesim__py
[13.568s] [ 81%] [32mBuilding C object CMakeFiles/turtlesim__rosidl_generator_py.dir/rosidl_generator_py/turtlesim/action/_rotate_absolute_s.c.o[0m
[13.849s] [ 82%] [32mBuilding C object CMakeFiles/turtlesim__rosidl_generator_py.dir/rosidl_generator_py/turtlesim/msg/_color_s.c.o[0m
[14.040s] [ 83%] [32mBuilding C object CMakeFiles/turtlesim__rosidl_generator_py.dir/rosidl_generator_py/turtlesim/msg/_pose_s.c.o[0m
[14.239s] [ 84%] [32mBuilding C object CMakeFiles/turtlesim__rosidl_generator_py.dir/rosidl_generator_py/turtlesim/srv/_kill_s.c.o[0m
[14.435s] [ 85%] [32mBuilding C object CMakeFiles/turtlesim__rosidl_generator_py.dir/rosidl_generator_py/turtlesim/srv/_set_pen_s.c.o[0m
[14.636s] [ 86%] [32mBuilding C object CMakeFiles/turtlesim__rosidl_generator_py.dir/rosidl_generator_py/turtlesim/srv/_spawn_s.c.o[0m
[14.840s] [ 87%] [32mBuilding C object CMakeFiles/turtlesim__rosidl_generator_py.dir/rosidl_generator_py/turtlesim/srv/_teleport_absolute_s.c.o[0m
[15.046s] [ 88%] [32mBuilding C object CMakeFiles/turtlesim__rosidl_generator_py.dir/rosidl_generator_py/turtlesim/srv/_teleport_relative_s.c.o[0m
[15.253s] [ 89%] [32m[1mLinking C shared library rosidl_generator_py/turtlesim/libturtlesim__rosidl_generator_py.so[0m
[15.338s] [ 89%] Built target turtlesim__rosidl_generator_py
[15.374s] [ 90%] [32mBuilding C object CMakeFiles/turtlesim__rosidl_typesupport_fastrtps_c__pyext.dir/rosidl_generator_py/turtlesim/_turtlesim_s.ep.rosidl_typesupport_fastrtps_c.c.o[0m
[15.673s] [ 91%] [32m[1mLinking C shared library rosidl_generator_py/turtlesim/turtlesim_s__rosidl_typesupport_fastrtps_c.cpython-310-x86_64-linux-gnu.so[0m
[15.735s] [ 91%] Built target turtlesim__rosidl_typesupport_fastrtps_c__pyext
[15.767s] [ 92%] [32mBuilding C object CMakeFiles/turtlesim__rosidl_typesupport_introspection_c__pyext.dir/rosidl_generator_py/turtlesim/_turtlesim_s.ep.rosidl_typesupport_introspection_c.c.o[0m
[16.092s] [ 93%] [32m[1mLinking C shared library rosidl_generator_py/turtlesim/turtlesim_s__rosidl_typesupport_introspection_c.cpython-310-x86_64-linux-gnu.so[0m
[16.157s] [ 93%] Built target turtlesim__rosidl_typesupport_introspection_c__pyext
[16.187s] [ 94%] [32mBuilding C object CMakeFiles/turtlesim__rosidl_typesupport_c__pyext.dir/rosidl_generator_py/turtlesim/_turtlesim_s.ep.rosidl_typesupport_c.c.o[0m
[16.510s] [ 95%] [32m[1mLinking C shared library rosidl_generator_py/turtlesim/turtlesim_s__rosidl_typesupport_c.cpython-310-x86_64-linux-gnu.so[0m
[16.584s] [ 95%] Built target turtlesim__rosidl_typesupport_c__pyext
[18.998s] [ 96%] [32m[1mLinking CXX executable turtle_teleop_key[0m
[19.309s] [ 96%] Built target turtle_teleop_key
[22.024s] [ 97%] [32m[1mLinking CXX executable mimic[0m
[22.573s] [ 97%] Built target mimic
[23.580s] [ 98%] [32m[1mLinking CXX executable draw_square[0m
[24.126s] [ 98%] Built target draw_square
[26.584s] [100%] [32m[1mLinking CXX executable turtlesim_node[0m
[29.089s] [100%] Built target turtlesim_node
[29.101s] Invoked command in '/home/martin/ros2_ws/build/turtlesim' returned '0': CMAKE_PREFIX_PATH=/opt/ros/humble /usr/bin/cmake --build /home/martin/ros2_ws/build/turtlesim -- -j8 -l8
[29.277s] Invoking command in '/home/martin/ros2_ws/build/turtlesim': CMAKE_PREFIX_PATH=/opt/ros/humble /usr/bin/cmake --install /home/martin/ros2_ws/build/turtlesim
[29.285s] -- Install configuration: ""
[29.286s] -- Execute custom install script
[29.286s] -- Symlinking: /home/martin/ros2_ws/install/turtlesim/share/ament_index/resource_index/rosidl_interfaces/turtlesim
[29.294s] -- Symlinking: /home/martin/ros2_ws/install/turtlesim/include/turtlesim/turtlesim/action/detail/rotate_absolute__functions.h
[29.303s] -- Symlinking: /home/martin/ros2_ws/install/turtlesim/include/turtlesim/turtlesim/action/detail/rotate_absolute__struct.h
[29.311s] -- Symlinking: /home/martin/ros2_ws/install/turtlesim/include/turtlesim/turtlesim/action/detail/rotate_absolute__type_support.h
[29.319s] -- Symlinking: /home/martin/ros2_ws/install/turtlesim/include/turtlesim/turtlesim/action/rotate_absolute.h
[29.326s] -- Symlinking: /home/martin/ros2_ws/install/turtlesim/include/turtlesim/turtlesim/msg/color.h
[29.334s] -- Symlinking: /home/martin/ros2_ws/install/turtlesim/include/turtlesim/turtlesim/msg/detail/color__functions.h
[29.341s] -- Symlinking: /home/martin/ros2_ws/install/turtlesim/include/turtlesim/turtlesim/msg/detail/color__struct.h
[29.349s] -- Symlinking: /home/martin/ros2_ws/install/turtlesim/include/turtlesim/turtlesim/msg/detail/color__type_support.h
[29.356s] -- Symlinking: /home/martin/ros2_ws/install/turtlesim/include/turtlesim/turtlesim/msg/detail/pose__functions.h
[29.363s] -- Symlinking: /home/martin/ros2_ws/install/turtlesim/include/turtlesim/turtlesim/msg/detail/pose__struct.h
[29.371s] -- Symlinking: /home/martin/ros2_ws/install/turtlesim/include/turtlesim/turtlesim/msg/detail/pose__type_support.h
[29.377s] -- Symlinking: /home/martin/ros2_ws/install/turtlesim/include/turtlesim/turtlesim/msg/pose.h
[29.385s] -- Symlinking: /home/martin/ros2_ws/install/turtlesim/include/turtlesim/turtlesim/msg/rosidl_generator_c__visibility_control.h
[29.392s] -- Symlinking: /home/martin/ros2_ws/install/turtlesim/include/turtlesim/turtlesim/srv/detail/kill__functions.h
[29.399s] -- Symlinking: /home/martin/ros2_ws/install/turtlesim/include/turtlesim/turtlesim/srv/detail/kill__struct.h
[29.406s] -- Symlinking: /home/martin/ros2_ws/install/turtlesim/include/turtlesim/turtlesim/srv/detail/kill__type_support.h
[29.413s] -- Symlinking: /home/martin/ros2_ws/install/turtlesim/include/turtlesim/turtlesim/srv/detail/set_pen__functions.h
[29.419s] -- Symlinking: /home/martin/ros2_ws/install/turtlesim/include/turtlesim/turtlesim/srv/detail/set_pen__struct.h
[29.427s] -- Symlinking: /home/martin/ros2_ws/install/turtlesim/include/turtlesim/turtlesim/srv/detail/set_pen__type_support.h
[29.434s] -- Symlinking: /home/martin/ros2_ws/install/turtlesim/include/turtlesim/turtlesim/srv/detail/spawn__functions.h
[29.441s] -- Symlinking: /home/martin/ros2_ws/install/turtlesim/include/turtlesim/turtlesim/srv/detail/spawn__struct.h
[29.448s] -- Symlinking: /home/martin/ros2_ws/install/turtlesim/include/turtlesim/turtlesim/srv/detail/spawn__type_support.h
[29.455s] -- Symlinking: /home/martin/ros2_ws/install/turtlesim/include/turtlesim/turtlesim/srv/detail/teleport_absolute__functions.h
[29.463s] -- Symlinking: /home/martin/ros2_ws/install/turtlesim/include/turtlesim/turtlesim/srv/detail/teleport_absolute__struct.h
[29.470s] -- Symlinking: /home/martin/ros2_ws/install/turtlesim/include/turtlesim/turtlesim/srv/detail/teleport_absolute__type_support.h
[29.477s] -- Symlinking: /home/martin/ros2_ws/install/turtlesim/include/turtlesim/turtlesim/srv/detail/teleport_relative__functions.h
[29.485s] -- Symlinking: /home/martin/ros2_ws/install/turtlesim/include/turtlesim/turtlesim/srv/detail/teleport_relative__struct.h
[29.492s] -- Symlinking: /home/martin/ros2_ws/install/turtlesim/include/turtlesim/turtlesim/srv/detail/teleport_relative__type_support.h
[29.499s] -- Symlinking: /home/martin/ros2_ws/install/turtlesim/include/turtlesim/turtlesim/srv/kill.h
[29.506s] -- Symlinking: /home/martin/ros2_ws/install/turtlesim/include/turtlesim/turtlesim/srv/set_pen.h
[29.512s] -- Symlinking: /home/martin/ros2_ws/install/turtlesim/include/turtlesim/turtlesim/srv/spawn.h
[29.519s] -- Symlinking: /home/martin/ros2_ws/install/turtlesim/include/turtlesim/turtlesim/srv/teleport_absolute.h
[29.525s] -- Symlinking: /home/martin/ros2_ws/install/turtlesim/include/turtlesim/turtlesim/srv/teleport_relative.h
[29.532s] -- Symlinking: /home/martin/ros2_ws/install/turtlesim/share/turtlesim/environment/library_path.sh
[29.539s] -- Symlinking: /home/martin/ros2_ws/install/turtlesim/share/turtlesim/environment/library_path.dsv
[29.547s] -- Symlinking: /home/martin/ros2_ws/install/turtlesim/include/turtlesim/turtlesim/action/detail/rotate_absolute__rosidl_typesupport_fastrtps_c.h
[29.554s] -- Symlinking: /home/martin/ros2_ws/install/turtlesim/include/turtlesim/turtlesim/msg/detail/color__rosidl_typesupport_fastrtps_c.h
[29.561s] -- Symlinking: /home/martin/ros2_ws/install/turtlesim/include/turtlesim/turtlesim/msg/detail/pose__rosidl_typesupport_fastrtps_c.h
[29.568s] -- Symlinking: /home/martin/ros2_ws/install/turtlesim/include/turtlesim/turtlesim/msg/rosidl_typesupport_fastrtps_c__visibility_control.h
[29.575s] -- Symlinking: /home/martin/ros2_ws/install/turtlesim/include/turtlesim/turtlesim/srv/detail/kill__rosidl_typesupport_fastrtps_c.h
[29.582s] -- Symlinking: /home/martin/ros2_ws/install/turtlesim/include/turtlesim/turtlesim/srv/detail/set_pen__rosidl_typesupport_fastrtps_c.h
[29.589s] -- Symlinking: /home/martin/ros2_ws/install/turtlesim/include/turtlesim/turtlesim/srv/detail/spawn__rosidl_typesupport_fastrtps_c.h
[29.595s] -- Symlinking: /home/martin/ros2_ws/install/turtlesim/include/turtlesim/turtlesim/srv/detail/teleport_absolute__rosidl_typesupport_fastrtps_c.h
[29.602s] -- Symlinking: /home/martin/ros2_ws/install/turtlesim/include/turtlesim/turtlesim/srv/detail/teleport_relative__rosidl_typesupport_fastrtps_c.h
[29.610s] -- Symlinking: /home/martin/ros2_ws/install/turtlesim/include/turtlesim/turtlesim/action/detail/rotate_absolute__builder.hpp
[29.617s] -- Symlinking: /home/martin/ros2_ws/install/turtlesim/include/turtlesim/turtlesim/action/detail/rotate_absolute__struct.hpp
[29.624s] -- Symlinking: /home/martin/ros2_ws/install/turtlesim/include/turtlesim/turtlesim/action/detail/rotate_absolute__traits.hpp
[29.631s] -- Symlinking: /home/martin/ros2_ws/install/turtlesim/include/turtlesim/turtlesim/action/rotate_absolute.hpp
[29.638s] -- Symlinking: /home/martin/ros2_ws/install/turtlesim/include/turtlesim/turtlesim/msg/color.hpp
[29.644s] -- Symlinking: /home/martin/ros2_ws/install/turtlesim/include/turtlesim/turtlesim/msg/detail/color__builder.hpp
[29.651s] -- Symlinking: /home/martin/ros2_ws/install/turtlesim/include/turtlesim/turtlesim/msg/detail/color__struct.hpp
[29.658s] -- Symlinking: /home/martin/ros2_ws/install/turtlesim/include/turtlesim/turtlesim/msg/detail/color__traits.hpp
[29.665s] -- Symlinking: /home/martin/ros2_ws/install/turtlesim/include/turtlesim/turtlesim/msg/detail/pose__builder.hpp
[29.672s] -- Symlinking: /home/martin/ros2_ws/install/turtlesim/include/turtlesim/turtlesim/msg/detail/pose__struct.hpp
[29.679s] -- Symlinking: /home/martin/ros2_ws/install/turtlesim/include/turtlesim/turtlesim/msg/detail/pose__traits.hpp
[29.686s] -- Symlinking: /home/martin/ros2_ws/install/turtlesim/include/turtlesim/turtlesim/msg/pose.hpp
[29.692s] -- Symlinking: /home/martin/ros2_ws/install/turtlesim/include/turtlesim/turtlesim/srv/detail/kill__builder.hpp
[29.699s] -- Symlinking: /home/martin/ros2_ws/install/turtlesim/include/turtlesim/turtlesim/srv/detail/kill__struct.hpp
[29.706s] -- Symlinking: /home/martin/ros2_ws/install/turtlesim/include/turtlesim/turtlesim/srv/detail/kill__traits.hpp
[29.712s] -- Symlinking: /home/martin/ros2_ws/install/turtlesim/include/turtlesim/turtlesim/srv/detail/set_pen__builder.hpp
[29.719s] -- Symlinking: /home/martin/ros2_ws/install/turtlesim/include/turtlesim/turtlesim/srv/detail/set_pen__struct.hpp
[29.725s] -- Symlinking: /home/martin/ros2_ws/install/turtlesim/include/turtlesim/turtlesim/srv/detail/set_pen__traits.hpp
[29.732s] -- Symlinking: /home/martin/ros2_ws/install/turtlesim/include/turtlesim/turtlesim/srv/detail/spawn__builder.hpp
[29.739s] -- Symlinking: /home/martin/ros2_ws/install/turtlesim/include/turtlesim/turtlesim/srv/detail/spawn__struct.hpp
[29.746s] -- Symlinking: /home/martin/ros2_ws/install/turtlesim/include/turtlesim/turtlesim/srv/detail/spawn__traits.hpp
[29.752s] -- Symlinking: /home/martin/ros2_ws/install/turtlesim/include/turtlesim/turtlesim/srv/detail/teleport_absolute__builder.hpp
[29.759s] -- Symlinking: /home/martin/ros2_ws/install/turtlesim/include/turtlesim/turtlesim/srv/detail/teleport_absolute__struct.hpp
[29.767s] -- Symlinking: /home/martin/ros2_ws/install/turtlesim/include/turtlesim/turtlesim/srv/detail/teleport_absolute__traits.hpp
[29.774s] -- Symlinking: /home/martin/ros2_ws/install/turtlesim/include/turtlesim/turtlesim/srv/detail/teleport_relative__builder.hpp
[29.781s] -- Symlinking: /home/martin/ros2_ws/install/turtlesim/include/turtlesim/turtlesim/srv/detail/teleport_relative__struct.hpp
[29.788s] -- Symlinking: /home/martin/ros2_ws/install/turtlesim/include/turtlesim/turtlesim/srv/detail/teleport_relative__traits.hpp
[29.794s] -- Symlinking: /home/martin/ros2_ws/install/turtlesim/include/turtlesim/turtlesim/srv/kill.hpp
[29.801s] -- Symlinking: /home/martin/ros2_ws/install/turtlesim/include/turtlesim/turtlesim/srv/set_pen.hpp
[29.807s] -- Symlinking: /home/martin/ros2_ws/install/turtlesim/include/turtlesim/turtlesim/srv/spawn.hpp
[29.814s] -- Symlinking: /home/martin/ros2_ws/install/turtlesim/include/turtlesim/turtlesim/srv/teleport_absolute.hpp
[29.820s] -- Symlinking: /home/martin/ros2_ws/install/turtlesim/include/turtlesim/turtlesim/srv/teleport_relative.hpp
[29.827s] -- Symlinking: /home/martin/ros2_ws/install/turtlesim/include/turtlesim/turtlesim/action/detail/rotate_absolute__rosidl_typesupport_fastrtps_cpp.hpp
[29.834s] -- Symlinking: /home/martin/ros2_ws/install/turtlesim/include/turtlesim/turtlesim/msg/detail/color__rosidl_typesupport_fastrtps_cpp.hpp
[29.841s] -- Symlinking: /home/martin/ros2_ws/install/turtlesim/include/turtlesim/turtlesim/msg/detail/pose__rosidl_typesupport_fastrtps_cpp.hpp
[29.847s] -- Symlinking: /home/martin/ros2_ws/install/turtlesim/include/turtlesim/turtlesim/msg/rosidl_typesupport_fastrtps_cpp__visibility_control.h
[29.854s] -- Symlinking: /home/martin/ros2_ws/install/turtlesim/include/turtlesim/turtlesim/srv/detail/kill__rosidl_typesupport_fastrtps_cpp.hpp
[29.861s] -- Symlinking: /home/martin/ros2_ws/install/turtlesim/include/turtlesim/turtlesim/srv/detail/set_pen__rosidl_typesupport_fastrtps_cpp.hpp
[29.869s] -- Symlinking: /home/martin/ros2_ws/install/turtlesim/include/turtlesim/turtlesim/srv/detail/spawn__rosidl_typesupport_fastrtps_cpp.hpp
[29.876s] -- Symlinking: /home/martin/ros2_ws/install/turtlesim/include/turtlesim/turtlesim/srv/detail/teleport_absolute__rosidl_typesupport_fastrtps_cpp.hpp
[29.883s] -- Symlinking: /home/martin/ros2_ws/install/turtlesim/include/turtlesim/turtlesim/srv/detail/teleport_relative__rosidl_typesupport_fastrtps_cpp.hpp
[29.891s] -- Symlinking: /home/martin/ros2_ws/install/turtlesim/include/turtlesim/turtlesim/action/detail/rotate_absolute__rosidl_typesupport_introspection_c.h
[29.898s] -- Symlinking: /home/martin/ros2_ws/install/turtlesim/include/turtlesim/turtlesim/msg/detail/color__rosidl_typesupport_introspection_c.h
[29.904s] -- Symlinking: /home/martin/ros2_ws/install/turtlesim/include/turtlesim/turtlesim/msg/detail/pose__rosidl_typesupport_introspection_c.h
[29.911s] -- Symlinking: /home/martin/ros2_ws/install/turtlesim/include/turtlesim/turtlesim/msg/rosidl_typesupport_introspection_c__visibility_control.h
[29.918s] -- Symlinking: /home/martin/ros2_ws/install/turtlesim/include/turtlesim/turtlesim/srv/detail/kill__rosidl_typesupport_introspection_c.h
[29.925s] -- Symlinking: /home/martin/ros2_ws/install/turtlesim/include/turtlesim/turtlesim/srv/detail/set_pen__rosidl_typesupport_introspection_c.h
[29.931s] -- Symlinking: /home/martin/ros2_ws/install/turtlesim/include/turtlesim/turtlesim/srv/detail/spawn__rosidl_typesupport_introspection_c.h
[29.938s] -- Symlinking: /home/martin/ros2_ws/install/turtlesim/include/turtlesim/turtlesim/srv/detail/teleport_absolute__rosidl_typesupport_introspection_c.h
[29.945s] -- Symlinking: /home/martin/ros2_ws/install/turtlesim/include/turtlesim/turtlesim/srv/detail/teleport_relative__rosidl_typesupport_introspection_c.h
[29.953s] -- Symlinking: /home/martin/ros2_ws/install/turtlesim/include/turtlesim/turtlesim/action/detail/rotate_absolute__rosidl_typesupport_introspection_cpp.hpp
[29.960s] -- Symlinking: /home/martin/ros2_ws/install/turtlesim/include/turtlesim/turtlesim/msg/detail/color__rosidl_typesupport_introspection_cpp.hpp
[29.968s] -- Symlinking: /home/martin/ros2_ws/install/turtlesim/include/turtlesim/turtlesim/msg/detail/pose__rosidl_typesupport_introspection_cpp.hpp
[29.975s] -- Symlinking: /home/martin/ros2_ws/install/turtlesim/include/turtlesim/turtlesim/srv/detail/kill__rosidl_typesupport_introspection_cpp.hpp
[29.982s] -- Symlinking: /home/martin/ros2_ws/install/turtlesim/include/turtlesim/turtlesim/srv/detail/set_pen__rosidl_typesupport_introspection_cpp.hpp
[29.989s] -- Symlinking: /home/martin/ros2_ws/install/turtlesim/include/turtlesim/turtlesim/srv/detail/spawn__rosidl_typesupport_introspection_cpp.hpp
[29.996s] -- Symlinking: /home/martin/ros2_ws/install/turtlesim/include/turtlesim/turtlesim/srv/detail/teleport_absolute__rosidl_typesupport_introspection_cpp.hpp
[30.002s] -- Symlinking: /home/martin/ros2_ws/install/turtlesim/include/turtlesim/turtlesim/srv/detail/teleport_relative__rosidl_typesupport_introspection_cpp.hpp
[30.009s] -- Symlinking: /home/martin/ros2_ws/install/turtlesim/share/turtlesim/environment/pythonpath.sh
[30.016s] -- Symlinking: /home/martin/ros2_ws/install/turtlesim/share/turtlesim/environment/pythonpath.dsv
[30.024s] -- Symlinking: /home/martin/ros2_ws/install/turtlesim/local/lib/python3.10/dist-packages/turtlesim-1.4.2-py3.10.egg-info/PKG-INFO
[30.032s] -- Symlinking: /home/martin/ros2_ws/install/turtlesim/local/lib/python3.10/dist-packages/turtlesim-1.4.2-py3.10.egg-info/SOURCES.txt
[30.039s] -- Symlinking: /home/martin/ros2_ws/install/turtlesim/local/lib/python3.10/dist-packages/turtlesim-1.4.2-py3.10.egg-info/dependency_links.txt
[30.046s] -- Symlinking: /home/martin/ros2_ws/install/turtlesim/local/lib/python3.10/dist-packages/turtlesim-1.4.2-py3.10.egg-info/top_level.txt
[30.054s] -- Symlinking: /home/martin/ros2_ws/install/turtlesim/local/lib/python3.10/dist-packages/turtlesim/__init__.py
[30.061s] -- Symlinking: /home/martin/ros2_ws/install/turtlesim/local/lib/python3.10/dist-packages/turtlesim/_turtlesim_s.ep.rosidl_typesupport_c.c
[30.068s] -- Symlinking: /home/martin/ros2_ws/install/turtlesim/local/lib/python3.10/dist-packages/turtlesim/_turtlesim_s.ep.rosidl_typesupport_fastrtps_c.c
[30.074s] -- Symlinking: /home/martin/ros2_ws/install/turtlesim/local/lib/python3.10/dist-packages/turtlesim/_turtlesim_s.ep.rosidl_typesupport_introspection_c.c
[30.081s] -- Symlinking: /home/martin/ros2_ws/install/turtlesim/local/lib/python3.10/dist-packages/turtlesim/action/__init__.py
[30.088s] -- Symlinking: /home/martin/ros2_ws/install/turtlesim/local/lib/python3.10/dist-packages/turtlesim/action/_rotate_absolute.py
[30.096s] -- Symlinking: /home/martin/ros2_ws/install/turtlesim/local/lib/python3.10/dist-packages/turtlesim/action/_rotate_absolute_s.c
[30.103s] -- Symlinking: /home/martin/ros2_ws/install/turtlesim/local/lib/python3.10/dist-packages/turtlesim/libturtlesim__rosidl_generator_py.so
[30.110s] -- Symlinking: /home/martin/ros2_ws/install/turtlesim/local/lib/python3.10/dist-packages/turtlesim/msg/__init__.py
[30.117s] -- Symlinking: /home/martin/ros2_ws/install/turtlesim/local/lib/python3.10/dist-packages/turtlesim/msg/_color.py
[30.124s] -- Symlinking: /home/martin/ros2_ws/install/turtlesim/local/lib/python3.10/dist-packages/turtlesim/msg/_color_s.c
[30.131s] -- Symlinking: /home/martin/ros2_ws/install/turtlesim/local/lib/python3.10/dist-packages/turtlesim/msg/_pose.py
[30.139s] -- Symlinking: /home/martin/ros2_ws/install/turtlesim/local/lib/python3.10/dist-packages/turtlesim/msg/_pose_s.c
[30.146s] -- Symlinking: /home/martin/ros2_ws/install/turtlesim/local/lib/python3.10/dist-packages/turtlesim/srv/__init__.py
[30.153s] -- Symlinking: /home/martin/ros2_ws/install/turtlesim/local/lib/python3.10/dist-packages/turtlesim/srv/_kill.py
[30.160s] -- Symlinking: /home/martin/ros2_ws/install/turtlesim/local/lib/python3.10/dist-packages/turtlesim/srv/_kill_s.c
[30.168s] -- Symlinking: /home/martin/ros2_ws/install/turtlesim/local/lib/python3.10/dist-packages/turtlesim/srv/_set_pen.py
[30.175s] -- Symlinking: /home/martin/ros2_ws/install/turtlesim/local/lib/python3.10/dist-packages/turtlesim/srv/_set_pen_s.c
[30.182s] -- Symlinking: /home/martin/ros2_ws/install/turtlesim/local/lib/python3.10/dist-packages/turtlesim/srv/_spawn.py
[30.189s] -- Symlinking: /home/martin/ros2_ws/install/turtlesim/local/lib/python3.10/dist-packages/turtlesim/srv/_spawn_s.c
[30.196s] -- Symlinking: /home/martin/ros2_ws/install/turtlesim/local/lib/python3.10/dist-packages/turtlesim/srv/_teleport_absolute.py
[30.204s] -- Symlinking: /home/martin/ros2_ws/install/turtlesim/local/lib/python3.10/dist-packages/turtlesim/srv/_teleport_absolute_s.c
[30.211s] -- Symlinking: /home/martin/ros2_ws/install/turtlesim/local/lib/python3.10/dist-packages/turtlesim/srv/_teleport_relative.py
[30.218s] -- Symlinking: /home/martin/ros2_ws/install/turtlesim/local/lib/python3.10/dist-packages/turtlesim/srv/_teleport_relative_s.c
[30.225s] -- Symlinking: /home/martin/ros2_ws/install/turtlesim/local/lib/python3.10/dist-packages/turtlesim/turtlesim_s__rosidl_typesupport_c.cpython-310-x86_64-linux-gnu.so
[30.233s] -- Symlinking: /home/martin/ros2_ws/install/turtlesim/local/lib/python3.10/dist-packages/turtlesim/turtlesim_s__rosidl_typesupport_fastrtps_c.cpython-310-x86_64-linux-gnu.so
[30.240s] -- Symlinking: /home/martin/ros2_ws/install/turtlesim/local/lib/python3.10/dist-packages/turtlesim/turtlesim_s__rosidl_typesupport_introspection_c.cpython-310-x86_64-linux-gnu.so
[30.247s] -- Up-to-date symlink: /home/martin/ros2_ws/install/turtlesim/local/lib/python3.10/dist-packages/turtlesim/turtlesim_s__rosidl_typesupport_fastrtps_c.cpython-310-x86_64-linux-gnu.so
[30.247s] -- Up-to-date symlink: /home/martin/ros2_ws/install/turtlesim/local/lib/python3.10/dist-packages/turtlesim/turtlesim_s__rosidl_typesupport_introspection_c.cpython-310-x86_64-linux-gnu.so
[30.248s] -- Up-to-date symlink: /home/martin/ros2_ws/install/turtlesim/local/lib/python3.10/dist-packages/turtlesim/turtlesim_s__rosidl_typesupport_c.cpython-310-x86_64-linux-gnu.so
[30.248s] -- Symlinking: /home/martin/ros2_ws/install/turtlesim/share/turtlesim/action/RotateAbsolute.idl
[30.255s] -- Symlinking: /home/martin/ros2_ws/install/turtlesim/share/turtlesim/msg/Color.idl
[30.262s] -- Symlinking: /home/martin/ros2_ws/install/turtlesim/share/turtlesim/msg/Pose.idl
[30.270s] -- Symlinking: /home/martin/ros2_ws/install/turtlesim/share/turtlesim/srv/Kill.idl
[30.277s] -- Symlinking: /home/martin/ros2_ws/install/turtlesim/share/turtlesim/srv/SetPen.idl
[30.284s] -- Symlinking: /home/martin/ros2_ws/install/turtlesim/share/turtlesim/srv/Spawn.idl
[30.291s] -- Symlinking: /home/martin/ros2_ws/install/turtlesim/share/turtlesim/srv/TeleportAbsolute.idl
[30.298s] -- Symlinking: /home/martin/ros2_ws/install/turtlesim/share/turtlesim/srv/TeleportRelative.idl
[30.305s] -- Symlinking: /home/martin/ros2_ws/install/turtlesim/share/turtlesim/action/RotateAbsolute.action
[30.312s] -- Symlinking: /home/martin/ros2_ws/install/turtlesim/share/turtlesim/msg/Color.msg
[30.319s] -- Symlinking: /home/martin/ros2_ws/install/turtlesim/share/turtlesim/msg/Pose.msg
[30.326s] -- Symlinking: /home/martin/ros2_ws/install/turtlesim/share/turtlesim/srv/Kill.srv
[30.332s] -- Symlinking: /home/martin/ros2_ws/install/turtlesim/share/turtlesim/srv/Kill_Request.msg
[30.339s] -- Symlinking: /home/martin/ros2_ws/install/turtlesim/share/turtlesim/srv/Kill_Response.msg
[30.346s] -- Symlinking: /home/martin/ros2_ws/install/turtlesim/share/turtlesim/srv/SetPen.srv
[30.353s] -- Symlinking: /home/martin/ros2_ws/install/turtlesim/share/turtlesim/srv/SetPen_Request.msg
[30.360s] -- Symlinking: /home/martin/ros2_ws/install/turtlesim/share/turtlesim/srv/SetPen_Response.msg
[30.368s] -- Symlinking: /home/martin/ros2_ws/install/turtlesim/share/turtlesim/srv/Spawn.srv
[30.375s] -- Symlinking: /home/martin/ros2_ws/install/turtlesim/share/turtlesim/srv/Spawn_Request.msg
[30.383s] -- Symlinking: /home/martin/ros2_ws/install/turtlesim/share/turtlesim/srv/Spawn_Response.msg
[30.390s] -- Symlinking: /home/martin/ros2_ws/install/turtlesim/share/turtlesim/srv/TeleportAbsolute.srv
[30.397s] -- Symlinking: /home/martin/ros2_ws/install/turtlesim/share/turtlesim/srv/TeleportAbsolute_Request.msg
[30.404s] -- Symlinking: /home/martin/ros2_ws/install/turtlesim/share/turtlesim/srv/TeleportAbsolute_Response.msg
[30.411s] -- Symlinking: /home/martin/ros2_ws/install/turtlesim/share/turtlesim/srv/TeleportRelative.srv
[30.418s] -- Symlinking: /home/martin/ros2_ws/install/turtlesim/share/turtlesim/srv/TeleportRelative_Request.msg
[30.424s] -- Symlinking: /home/martin/ros2_ws/install/turtlesim/share/turtlesim/srv/TeleportRelative_Response.msg
[30.432s] -- Symlinking: /home/martin/ros2_ws/install/turtlesim/lib/turtlesim/turtlesim_node
[30.439s] -- Symlinking: /home/martin/ros2_ws/install/turtlesim/lib/turtlesim/turtle_teleop_key
[30.446s] -- Symlinking: /home/martin/ros2_ws/install/turtlesim/lib/turtlesim/draw_square
[30.453s] -- Symlinking: /home/martin/ros2_ws/install/turtlesim/lib/turtlesim/mimic
[30.460s] -- Symlinking: /home/martin/ros2_ws/install/turtlesim/share/turtlesim/launch/multisim.launch.py
[30.467s] -- Symlinking: /home/martin/ros2_ws/install/turtlesim/share/ament_index/resource_index/package_run_dependencies/turtlesim
[30.475s] -- Symlinking: /home/martin/ros2_ws/install/turtlesim/share/ament_index/resource_index/parent_prefix_path/turtlesim
[30.482s] -- Symlinking: /home/martin/ros2_ws/install/turtlesim/share/turtlesim/environment/ament_prefix_path.sh
[30.489s] -- Symlinking: /home/martin/ros2_ws/install/turtlesim/share/turtlesim/environment/ament_prefix_path.dsv
[30.497s] -- Symlinking: /home/martin/ros2_ws/install/turtlesim/share/turtlesim/environment/path.sh
[30.504s] -- Symlinking: /home/martin/ros2_ws/install/turtlesim/share/turtlesim/environment/path.dsv
[30.511s] -- Symlinking: /home/martin/ros2_ws/install/turtlesim/share/turtlesim/local_setup.bash
[30.518s] -- Symlinking: /home/martin/ros2_ws/install/turtlesim/share/turtlesim/local_setup.sh
[30.526s] -- Symlinking: /home/martin/ros2_ws/install/turtlesim/share/turtlesim/local_setup.zsh
[30.533s] -- Symlinking: /home/martin/ros2_ws/install/turtlesim/share/turtlesim/local_setup.dsv
[30.540s] -- Symlinking: /home/martin/ros2_ws/install/turtlesim/share/turtlesim/package.dsv
[30.548s] -- Symlinking: /home/martin/ros2_ws/install/turtlesim/share/ament_index/resource_index/packages/turtlesim
[30.555s] -- Symlinking: /home/martin/ros2_ws/install/turtlesim/share/turtlesim/cmake/rosidl_cmake-extras.cmake
[30.562s] -- Symlinking: /home/martin/ros2_ws/install/turtlesim/share/turtlesim/cmake/ament_cmake_export_dependencies-extras.cmake
[30.570s] -- Symlinking: /home/martin/ros2_ws/install/turtlesim/share/turtlesim/cmake/ament_cmake_export_include_directories-extras.cmake
[30.576s] -- Symlinking: /home/martin/ros2_ws/install/turtlesim/share/turtlesim/cmake/ament_cmake_export_libraries-extras.cmake
[30.584s] -- Symlinking: /home/martin/ros2_ws/install/turtlesim/share/turtlesim/cmake/ament_cmake_export_targets-extras.cmake
[30.591s] -- Symlinking: /home/martin/ros2_ws/install/turtlesim/share/turtlesim/cmake/rosidl_cmake_export_typesupport_targets-extras.cmake
[30.597s] -- Symlinking: /home/martin/ros2_ws/install/turtlesim/share/turtlesim/cmake/rosidl_cmake_export_typesupport_libraries-extras.cmake
[30.604s] -- Symlinking: /home/martin/ros2_ws/install/turtlesim/share/turtlesim/cmake/turtlesimConfig.cmake
[30.612s] -- Symlinking: /home/martin/ros2_ws/install/turtlesim/share/turtlesim/cmake/turtlesimConfig-version.cmake
[30.619s] -- Symlinking: /home/martin/ros2_ws/install/turtlesim/share/turtlesim/package.xml
[30.626s] -- Installing: /home/martin/ros2_ws/install/turtlesim/lib/libturtlesim__rosidl_generator_c.so
[30.626s] -- Set runtime path of "/home/martin/ros2_ws/install/turtlesim/lib/libturtlesim__rosidl_generator_c.so" to ""
[30.626s] -- Installing: /home/martin/ros2_ws/install/turtlesim/lib/libturtlesim__rosidl_typesupport_fastrtps_c.so
[30.627s] -- Set runtime path of "/home/martin/ros2_ws/install/turtlesim/lib/libturtlesim__rosidl_typesupport_fastrtps_c.so" to ""
[30.627s] -- Installing: /home/martin/ros2_ws/install/turtlesim/lib/libturtlesim__rosidl_typesupport_fastrtps_cpp.so
[30.627s] -- Set runtime path of "/home/martin/ros2_ws/install/turtlesim/lib/libturtlesim__rosidl_typesupport_fastrtps_cpp.so" to ""
[30.627s] -- Installing: /home/martin/ros2_ws/install/turtlesim/lib/libturtlesim__rosidl_typesupport_introspection_c.so
[30.628s] -- Set runtime path of "/home/martin/ros2_ws/install/turtlesim/lib/libturtlesim__rosidl_typesupport_introspection_c.so" to ""
[30.628s] -- Installing: /home/martin/ros2_ws/install/turtlesim/lib/libturtlesim__rosidl_typesupport_c.so
[30.628s] -- Set runtime path of "/home/martin/ros2_ws/install/turtlesim/lib/libturtlesim__rosidl_typesupport_c.so" to ""
[30.628s] -- Installing: /home/martin/ros2_ws/install/turtlesim/lib/libturtlesim__rosidl_typesupport_introspection_cpp.so
[30.629s] -- Set runtime path of "/home/martin/ros2_ws/install/turtlesim/lib/libturtlesim__rosidl_typesupport_introspection_cpp.so" to ""
[30.629s] -- Installing: /home/martin/ros2_ws/install/turtlesim/lib/libturtlesim__rosidl_typesupport_cpp.so
[30.629s] -- Set runtime path of "/home/martin/ros2_ws/install/turtlesim/lib/libturtlesim__rosidl_typesupport_cpp.so" to ""
[30.671s] Listing '/home/martin/ros2_ws/install/turtlesim/local/lib/python3.10/dist-packages/turtlesim'...
[30.671s] Compiling '/home/martin/ros2_ws/install/turtlesim/local/lib/python3.10/dist-packages/turtlesim/__init__.py'...
[30.671s] Listing '/home/martin/ros2_ws/install/turtlesim/local/lib/python3.10/dist-packages/turtlesim/action'...
[30.671s] Compiling '/home/martin/ros2_ws/install/turtlesim/local/lib/python3.10/dist-packages/turtlesim/action/__init__.py'...
[30.671s] Compiling '/home/martin/ros2_ws/install/turtlesim/local/lib/python3.10/dist-packages/turtlesim/action/_rotate_absolute.py'...
[30.671s] Listing '/home/martin/ros2_ws/install/turtlesim/local/lib/python3.10/dist-packages/turtlesim/msg'...
[30.671s] Compiling '/home/martin/ros2_ws/install/turtlesim/local/lib/python3.10/dist-packages/turtlesim/msg/__init__.py'...
[30.671s] Compiling '/home/martin/ros2_ws/install/turtlesim/local/lib/python3.10/dist-packages/turtlesim/msg/_color.py'...
[30.671s] Compiling '/home/martin/ros2_ws/install/turtlesim/local/lib/python3.10/dist-packages/turtlesim/msg/_pose.py'...
[30.671s] Listing '/home/martin/ros2_ws/install/turtlesim/local/lib/python3.10/dist-packages/turtlesim/srv'...
[30.671s] Compiling '/home/martin/ros2_ws/install/turtlesim/local/lib/python3.10/dist-packages/turtlesim/srv/__init__.py'...
[30.671s] Compiling '/home/martin/ros2_ws/install/turtlesim/local/lib/python3.10/dist-packages/turtlesim/srv/_kill.py'...
[30.671s] Compiling '/home/martin/ros2_ws/install/turtlesim/local/lib/python3.10/dist-packages/turtlesim/srv/_set_pen.py'...
[30.671s] Compiling '/home/martin/ros2_ws/install/turtlesim/local/lib/python3.10/dist-packages/turtlesim/srv/_spawn.py'...
[30.671s] Compiling '/home/martin/ros2_ws/install/turtlesim/local/lib/python3.10/dist-packages/turtlesim/srv/_teleport_absolute.py'...
[30.671s] Compiling '/home/martin/ros2_ws/install/turtlesim/local/lib/python3.10/dist-packages/turtlesim/srv/_teleport_relative.py'...
[30.675s] -- Installing: /home/martin/ros2_ws/install/turtlesim/lib/libturtlesim__rosidl_generator_py.so
[30.675s] -- Set runtime path of "/home/martin/ros2_ws/install/turtlesim/lib/libturtlesim__rosidl_generator_py.so" to ""
[30.675s] -- Installing: /home/martin/ros2_ws/install/turtlesim/share/turtlesim/images
[30.675s] -- Installing: /home/martin/ros2_ws/install/turtlesim/share/turtlesim/images/ardent.png
[30.675s] -- Installing: /home/martin/ros2_ws/install/turtlesim/share/turtlesim/images/eloquent.png
[30.676s] -- Installing: /home/martin/ros2_ws/install/turtlesim/share/turtlesim/images/galactic.png
[30.676s] -- Installing: /home/martin/ros2_ws/install/turtlesim/share/turtlesim/images/crystal.png
[30.676s] -- Installing: /home/martin/ros2_ws/install/turtlesim/share/turtlesim/images/dashing.png
[30.676s] -- Installing: /home/martin/ros2_ws/install/turtlesim/share/turtlesim/images/rolling.png
[30.676s] -- Installing: /home/martin/ros2_ws/install/turtlesim/share/turtlesim/images/bouncy.png
[30.676s] -- Installing: /home/martin/ros2_ws/install/turtlesim/share/turtlesim/images/humble.png
[30.676s] -- Installing: /home/martin/ros2_ws/install/turtlesim/share/turtlesim/images/foxy.png
[30.676s] -- Installing: /home/martin/ros2_ws/install/turtlesim/share/turtlesim/cmake/export_turtlesim__rosidl_generator_cExport.cmake
[30.677s] -- Installing: /home/martin/ros2_ws/install/turtlesim/share/turtlesim/cmake/export_turtlesim__rosidl_generator_cExport-noconfig.cmake
[30.677s] -- Installing: /home/martin/ros2_ws/install/turtlesim/share/turtlesim/cmake/export_turtlesim__rosidl_typesupport_fastrtps_cExport.cmake
[30.677s] -- Installing: /home/martin/ros2_ws/install/turtlesim/share/turtlesim/cmake/export_turtlesim__rosidl_typesupport_fastrtps_cExport-noconfig.cmake
[30.677s] -- Installing: /home/martin/ros2_ws/install/turtlesim/share/turtlesim/cmake/export_turtlesim__rosidl_generator_cppExport.cmake
[30.677s] -- Installing: /home/martin/ros2_ws/install/turtlesim/share/turtlesim/cmake/export_turtlesim__rosidl_typesupport_fastrtps_cppExport.cmake
[30.677s] -- Installing: /home/martin/ros2_ws/install/turtlesim/share/turtlesim/cmake/export_turtlesim__rosidl_typesupport_fastrtps_cppExport-noconfig.cmake
[30.678s] -- Installing: /home/martin/ros2_ws/install/turtlesim/share/turtlesim/cmake/turtlesim__rosidl_typesupport_introspection_cExport.cmake
[30.678s] -- Installing: /home/martin/ros2_ws/install/turtlesim/share/turtlesim/cmake/turtlesim__rosidl_typesupport_introspection_cExport-noconfig.cmake
[30.678s] -- Installing: /home/martin/ros2_ws/install/turtlesim/share/turtlesim/cmake/turtlesim__rosidl_typesupport_cExport.cmake
[30.678s] -- Installing: /home/martin/ros2_ws/install/turtlesim/share/turtlesim/cmake/turtlesim__rosidl_typesupport_cExport-noconfig.cmake
[30.678s] -- Installing: /home/martin/ros2_ws/install/turtlesim/share/turtlesim/cmake/turtlesim__rosidl_typesupport_introspection_cppExport.cmake
[30.678s] -- Installing: /home/martin/ros2_ws/install/turtlesim/share/turtlesim/cmake/turtlesim__rosidl_typesupport_introspection_cppExport-noconfig.cmake
[30.679s] -- Installing: /home/martin/ros2_ws/install/turtlesim/share/turtlesim/cmake/turtlesim__rosidl_typesupport_cppExport.cmake
[30.679s] -- Installing: /home/martin/ros2_ws/install/turtlesim/share/turtlesim/cmake/turtlesim__rosidl_typesupport_cppExport-noconfig.cmake
[30.679s] -- Installing: /home/martin/ros2_ws/install/turtlesim/share/turtlesim/cmake/export_turtlesim__rosidl_generator_pyExport.cmake
[30.679s] -- Installing: /home/martin/ros2_ws/install/turtlesim/share/turtlesim/cmake/export_turtlesim__rosidl_generator_pyExport-noconfig.cmake
[30.681s] Invoked command in '/home/martin/ros2_ws/build/turtlesim' returned '0': CMAKE_PREFIX_PATH=/opt/ros/humble /usr/bin/cmake --install /home/martin/ros2_ws/build/turtlesim
