[35m[1mConsolidate compiler generated dependencies of target cylinder_spawner[0m
[ 25%] [32mBuilding CXX object CMakeFiles/cylinder_detector.dir/src/cylinder_detector.cpp.o[0m
[ 75%] Built target cylinder_spawner
[100%] [32m[1mLinking CXX executable cylinder_detector[0m
[100%] Built target cylinder_detector
-- Install configuration: ""
-- Installing: /home/martin/ros2_ws/install/cylinder_detector_spawner/lib/cylinder_detector_spawner/cylinder_detector
-- Set runtime path of "/home/martin/ros2_ws/install/cylinder_detector_spawner/lib/cylinder_detector_spawner/cylinder_detector" to ""
-- Up-to-date: /home/martin/ros2_ws/install/cylinder_detector_spawner/lib/cylinder_detector_spawner/cylinder_spawner
-- Up-to-date: /home/martin/ros2_ws/install/cylinder_detector_spawner/share/ament_index/resource_index/package_run_dependencies/cylinder_detector_spawner
-- Up-to-date: /home/martin/ros2_ws/install/cylinder_detector_spawner/share/ament_index/resource_index/parent_prefix_path/cylinder_detector_spawner
-- Up-to-date: /home/martin/ros2_ws/install/cylinder_detector_spawner/share/cylinder_detector_spawner/environment/ament_prefix_path.sh
-- Up-to-date: /home/martin/ros2_ws/install/cylinder_detector_spawner/share/cylinder_detector_spawner/environment/ament_prefix_path.dsv
-- Up-to-date: /home/martin/ros2_ws/install/cylinder_detector_spawner/share/cylinder_detector_spawner/environment/path.sh
-- Up-to-date: /home/martin/ros2_ws/install/cylinder_detector_spawner/share/cylinder_detector_spawner/environment/path.dsv
-- Up-to-date: /home/martin/ros2_ws/install/cylinder_detector_spawner/share/cylinder_detector_spawner/local_setup.bash
-- Up-to-date: /home/martin/ros2_ws/install/cylinder_detector_spawner/share/cylinder_detector_spawner/local_setup.sh
-- Up-to-date: /home/martin/ros2_ws/install/cylinder_detector_spawner/share/cylinder_detector_spawner/local_setup.zsh
-- Up-to-date: /home/martin/ros2_ws/install/cylinder_detector_spawner/share/cylinder_detector_spawner/local_setup.dsv
-- Installing: /home/martin/ros2_ws/install/cylinder_detector_spawner/share/cylinder_detector_spawner/package.dsv
-- Up-to-date: /home/martin/ros2_ws/install/cylinder_detector_spawner/share/ament_index/resource_index/packages/cylinder_detector_spawner
-- Up-to-date: /home/martin/ros2_ws/install/cylinder_detector_spawner/share/cylinder_detector_spawner/cmake/cylinder_detector_spawnerConfig.cmake
-- Up-to-date: /home/martin/ros2_ws/install/cylinder_detector_spawner/share/cylinder_detector_spawner/cmake/cylinder_detector_spawnerConfig-version.cmake
-- Up-to-date: /home/martin/ros2_ws/install/cylinder_detector_spawner/share/cylinder_detector_spawner/package.xml
